#
# There is insufficient memory for the Java Runtime Environment to continue.
# Native memory allocation (malloc) failed to allocate 1134528 bytes for Chunk::new
# Possible reasons:
#   The system is out of physical RAM or swap space
#   The process is running with CompressedOops enabled, and the Java Heap may be blocking the growth of the native heap
# Possible solutions:
#   Reduce memory load on the system
#   Increase physical memory or swap space
#   Check if swap backing store is full
#   Decrease Java heap size (-Xmx/-Xms)
#   Decrease number of Java threads
#   Decrease Java thread stack sizes (-Xss)
#   Set larger code cache with -XX:ReservedCodeCacheSize=
#   JVM is running with Unscaled Compressed Oops mode in which the Java heap is
#     placed in the first 4GB address space. The Java Heap base address is the
#     maximum limit for the native heap growth. Please use -XX:HeapBaseMinAddress
#     to set the Java Heap base and to place the Java Heap above 4GB virtual address.
# This output file may be truncated or incomplete.
#
#  Out of Memory Error (./open/src/hotspot/share/memory/arena.cpp:195), pid=14280, tid=1440
#
# JRE version: Java(TM) SE Runtime Environment (15.0.2+7) (build 15.0.2+7-27)
# Java VM: Java HotSpot(TM) 64-Bit Server VM (15.0.2+7-27, mixed mode, sharing, tiered, compressed oops, g1 gc, windows-amd64)
# No core dump will be written. Minidumps are not enabled by default on client versions of Windows
#

---------------  S U M M A R Y ------------

Command Line: -Dclassworlds.conf=C:\Program Files (x86)\NetBeans-12.4\netbeans\java\maven\bin\..\bin\m2.conf -Dmaven.home=C:\Program Files (x86)\NetBeans-12.4\netbeans\java\maven\bin\.. -Dlibrary.jansi.path=C:\Program Files (x86)\NetBeans-12.4\netbeans\java\maven\bin\..\lib\jansi-native -Dmaven.multiModuleProjectDirectory=C:\Users\hp\Documents\NetBeansProjects\mavenproject5 org.codehaus.plexus.classworlds.launcher.Launcher -Dexec.vmArgs= -Dexec.args=${exec.vmArgs} -classpath %classpath ${exec.mainClass} ${exec.appArgs} -Dexec.appArgs= -Dexec.mainClass=project5.mavenproject5.login -Dexec.executable=C:\Program Files\Java\jdk-15.0.2\bin\java.exe -Dmaven.ext.class.path=C:\Program Files (x86)\NetBeans-12.4\netbeans\java\maven-nblib\netbeans-eventspy.jar -Dfile.encoding=UTF-8 org.codehaus.mojo:exec-maven-plugin:3.0.0:exec

Host: Intel(R) Core(TM) i7-8565U CPU @ 1.80GHz, 8 cores, 7G,  Windows 10 , 64 bit Build 19041 (10.0.19041.1348)
Time: Mon Nov 29 22:38:19 2021 Jerusalem Standard Time elapsed time: 1.430363 seconds (0d 0h 0m 1s)

---------------  T H R E A D  ---------------

Current thread (0x000001653aabf720):  JavaThread "C2 CompilerThread1" daemon [_thread_in_native, id=1440, stack(0x0000002ef4900000,0x0000002ef4a00000)]


Current CompileTask:
C2:   1430 1791   !   4       java.net.URL::<init> (543 bytes)

Stack: [0x0000002ef4900000,0x0000002ef4a00000]
Native frames: (J=compiled Java code, j=interpreted, Vv=VM code, C=native code)
V  [jvm.dll+0x62ae9a]
V  [jvm.dll+0x7817a9]
V  [jvm.dll+0x782f03]
V  [jvm.dll+0x783563]
V  [jvm.dll+0x216325]
V  [jvm.dll+0x97f3a]
V  [jvm.dll+0x9861c]
V  [jvm.dll+0x32e305]
V  [jvm.dll+0x18e3b1]
V  [jvm.dll+0x1ea822]
V  [jvm.dll+0x1e996e]
V  [jvm.dll+0x178567]
V  [jvm.dll+0x1f9225]
V  [jvm.dll+0x1f72cc]
V  [jvm.dll+0x74495d]
V  [jvm.dll+0x73d75a]
V  [jvm.dll+0x629c56]
C  [ucrtbase.dll+0x21bb2]
C  [KERNEL32.DLL+0x17034]
C  [ntdll.dll+0x52651]


---------------  P R O C E S S  ---------------

Threads class SMR info:
_java_thread_list=0x000001653be3bf20, length=13, elements={
0x0000016519616c20, 0x000001653a048220, 0x000001653a048df0, 0x000001653a0679d0,
0x000001653a06a3a0, 0x000001653a06be60, 0x000001653a06e050, 0x000001653a0720f0,
0x000001653a0853b0, 0x000001653aa47df0, 0x000001653aabce50, 0x000001653aabf720,
0x000001653bf65610
}

Java Threads: ( => current thread )
  0x0000016519616c20 JavaThread "main" [_thread_in_native, id=13660, stack(0x0000002ef3700000,0x0000002ef3800000)]
  0x000001653a048220 JavaThread "Reference Handler" daemon [_thread_blocked, id=492, stack(0x0000002ef3e00000,0x0000002ef3f00000)]
  0x000001653a048df0 JavaThread "Finalizer" daemon [_thread_blocked, id=1652, stack(0x0000002ef3f00000,0x0000002ef4000000)]
  0x000001653a0679d0 JavaThread "Signal Dispatcher" daemon [_thread_blocked, id=13728, stack(0x0000002ef4000000,0x0000002ef4100000)]
  0x000001653a06a3a0 JavaThread "Attach Listener" daemon [_thread_blocked, id=7300, stack(0x0000002ef4100000,0x0000002ef4200000)]
  0x000001653a06be60 JavaThread "Service Thread" daemon [_thread_blocked, id=14216, stack(0x0000002ef4200000,0x0000002ef4300000)]
  0x000001653a06e050 JavaThread "C2 CompilerThread0" daemon [_thread_in_native, id=11352, stack(0x0000002ef4300000,0x0000002ef4400000)]
  0x000001653a0720f0 JavaThread "C1 CompilerThread0" daemon [_thread_blocked, id=4544, stack(0x0000002ef4400000,0x0000002ef4500000)]
  0x000001653a0853b0 JavaThread "Sweeper thread" daemon [_thread_blocked, id=14332, stack(0x0000002ef4500000,0x0000002ef4600000)]
  0x000001653aa47df0 JavaThread "Notification Thread" daemon [_thread_blocked, id=13048, stack(0x0000002ef4600000,0x0000002ef4700000)]
  0x000001653aabce50 JavaThread "Common-Cleaner" daemon [_thread_blocked, id=14128, stack(0x0000002ef4800000,0x0000002ef4900000)]
=>0x000001653aabf720 JavaThread "C2 CompilerThread1" daemon [_thread_in_native, id=1440, stack(0x0000002ef4900000,0x0000002ef4a00000)]
  0x000001653bf65610 JavaThread "C2 CompilerThread2" daemon [_thread_in_native, id=14060, stack(0x0000002ef4a00000,0x0000002ef4b00000)]

Other Threads:
  0x000001653a0451f0 VMThread "VM Thread" [stack: 0x0000002ef3d00000,0x0000002ef3e00000] [id=12452]
  0x000001653aac7d20 WatcherThread [stack: 0x0000002ef4700000,0x0000002ef4800000] [id=12512]
  0x00000165196588f0 GCTaskThread "GC Thread#0" [stack: 0x0000002ef3800000,0x0000002ef3900000] [id=12784]
  0x000001653b2b4090 GCTaskThread "GC Thread#1" [stack: 0x0000002ef4b00000,0x0000002ef4c00000] [id=13916]
  0x000001653b2b46f0 GCTaskThread "GC Thread#2" [stack: 0x0000002ef4c00000,0x0000002ef4d00000] [id=10316]
  0x0000016519669640 ConcurrentGCThread "G1 Main Marker" [stack: 0x0000002ef3900000,0x0000002ef3a00000] [id=12660]
  0x000001651966a9d0 ConcurrentGCThread "G1 Conc#0" [stack: 0x0000002ef3a00000,0x0000002ef3b00000] [id=14144]
  0x00000165196e6760 ConcurrentGCThread "G1 Refine#0" [stack: 0x0000002ef3b00000,0x0000002ef3c00000] [id=4128]
  0x0000016539ec3490 ConcurrentGCThread "G1 Young RemSet Sampling" [stack: 0x0000002ef3c00000,0x0000002ef3d00000] [id=8964]

Threads with active compile tasks:
C2 CompilerThread0     1721 2132       4       org.codehaus.plexus.util.xml.pull.MXParser::parseStartTag (1195 bytes)
C2 CompilerThread1     1721 1791   !   4       java.net.URL::<init> (543 bytes)
C2 CompilerThread2     1722 2144       4       org.codehaus.plexus.util.xml.pull.MXParser::nextImpl (1202 bytes)

VM state: not at safepoint (normal execution)

VM Mutex/Monitor currently owned by a thread: None

Heap address: 0x0000000082000000, size: 2016 MB, Compressed Oops mode: 32-bit
CDS archive(s) mapped at: [0x0000000800000000-0x0000000800b50000-0x0000000800b50000), size 11862016, SharedBaseAddress: 0x0000000800000000, ArchiveRelocationMode: 0.
Compressed class space mapped at: 0x0000000800b50000-0x0000000840b50000, size: 1073741824
Narrow klass base: 0x0000000800000000, Narrow klass shift: 3, Narrow klass range: 0x100000000

GC Precious Log:
 CPUs: 8 total, 8 available
 Memory: 8062M
 Large Page Support: Disabled
 NUMA Support: Disabled
 Compressed Oops: Enabled (32-bit)
 Heap Region Size: 1M
 Heap Min Capacity: 8M
 Heap Initial Capacity: 126M
 Heap Max Capacity: 2016M
 Pre-touch: Disabled
 Parallel Workers: 8
 Concurrent Workers: 2
 Concurrent Refinement Workers: 8
 Periodic GC: Disabled

Heap:
 garbage-first heap   total 129024K, used 53579K [0x0000000082000000, 0x0000000100000000)
  region size 1024K, 50 young (51200K), 2 survivors (2048K)
 Metaspace       used 14088K, capacity 15527K, committed 15744K, reserved 1067008K
  class space    used 1580K, capacity 1797K, committed 1920K, reserved 1048576K

Heap Regions: E=young(eden), S=young(survivor), O=old, HS=humongous(starts), HC=humongous(continues), CS=collection set, F=free, OA=open archive, CA=closed archive, TAMS=top-at-mark-start (previous, next)
|   0|0x0000000082000000, 0x0000000082100000, 0x0000000082100000|100%| O|  |TAMS 0x0000000082000000, 0x0000000082000000| Untracked 
|   1|0x0000000082100000, 0x0000000082200000, 0x0000000082200000|100%| O|  |TAMS 0x0000000082100000, 0x0000000082100000| Untracked 
|   2|0x0000000082200000, 0x0000000082300000, 0x0000000082300000|100%| O|  |TAMS 0x0000000082200000, 0x0000000082200000| Untracked 
|   3|0x0000000082300000, 0x0000000082383200, 0x0000000082400000| 51%| O|  |TAMS 0x0000000082300000, 0x0000000082300000| Untracked 
|   4|0x0000000082400000, 0x0000000082400000, 0x0000000082500000|  0%| F|  |TAMS 0x0000000082400000, 0x0000000082400000| Untracked 
|   5|0x0000000082500000, 0x0000000082500000, 0x0000000082600000|  0%| F|  |TAMS 0x0000000082500000, 0x0000000082500000| Untracked 
|   6|0x0000000082600000, 0x0000000082600000, 0x0000000082700000|  0%| F|  |TAMS 0x0000000082600000, 0x0000000082600000| Untracked 
|   7|0x0000000082700000, 0x0000000082700000, 0x0000000082800000|  0%| F|  |TAMS 0x0000000082700000, 0x0000000082700000| Untracked 
|   8|0x0000000082800000, 0x0000000082800000, 0x0000000082900000|  0%| F|  |TAMS 0x0000000082800000, 0x0000000082800000| Untracked 
|   9|0x0000000082900000, 0x0000000082900000, 0x0000000082a00000|  0%| F|  |TAMS 0x0000000082900000, 0x0000000082900000| Untracked 
|  10|0x0000000082a00000, 0x0000000082a00000, 0x0000000082b00000|  0%| F|  |TAMS 0x0000000082a00000, 0x0000000082a00000| Untracked 
|  11|0x0000000082b00000, 0x0000000082b00000, 0x0000000082c00000|  0%| F|  |TAMS 0x0000000082b00000, 0x0000000082b00000| Untracked 
|  12|0x0000000082c00000, 0x0000000082c00000, 0x0000000082d00000|  0%| F|  |TAMS 0x0000000082c00000, 0x0000000082c00000| Untracked 
|  13|0x0000000082d00000, 0x0000000082d00000, 0x0000000082e00000|  0%| F|  |TAMS 0x0000000082d00000, 0x0000000082d00000| Untracked 
|  14|0x0000000082e00000, 0x0000000082e00000, 0x0000000082f00000|  0%| F|  |TAMS 0x0000000082e00000, 0x0000000082e00000| Untracked 
|  15|0x0000000082f00000, 0x0000000082f00000, 0x0000000083000000|  0%| F|  |TAMS 0x0000000082f00000, 0x0000000082f00000| Untracked 
|  16|0x0000000083000000, 0x0000000083000000, 0x0000000083100000|  0%| F|  |TAMS 0x0000000083000000, 0x0000000083000000| Untracked 
|  17|0x0000000083100000, 0x0000000083100000, 0x0000000083200000|  0%| F|  |TAMS 0x0000000083100000, 0x0000000083100000| Untracked 
|  18|0x0000000083200000, 0x0000000083200000, 0x0000000083300000|  0%| F|  |TAMS 0x0000000083200000, 0x0000000083200000| Untracked 
|  19|0x0000000083300000, 0x0000000083300000, 0x0000000083400000|  0%| F|  |TAMS 0x0000000083300000, 0x0000000083300000| Untracked 
|  20|0x0000000083400000, 0x0000000083400000, 0x0000000083500000|  0%| F|  |TAMS 0x0000000083400000, 0x0000000083400000| Untracked 
|  21|0x0000000083500000, 0x0000000083500000, 0x0000000083600000|  0%| F|  |TAMS 0x0000000083500000, 0x0000000083500000| Untracked 
|  22|0x0000000083600000, 0x0000000083600000, 0x0000000083700000|  0%| F|  |TAMS 0x0000000083600000, 0x0000000083600000| Untracked 
|  23|0x0000000083700000, 0x0000000083700000, 0x0000000083800000|  0%| F|  |TAMS 0x0000000083700000, 0x0000000083700000| Untracked 
|  24|0x0000000083800000, 0x0000000083800000, 0x0000000083900000|  0%| F|  |TAMS 0x0000000083800000, 0x0000000083800000| Untracked 
|  25|0x0000000083900000, 0x0000000083900000, 0x0000000083a00000|  0%| F|  |TAMS 0x0000000083900000, 0x0000000083900000| Untracked 
|  26|0x0000000083a00000, 0x0000000083a00000, 0x0000000083b00000|  0%| F|  |TAMS 0x0000000083a00000, 0x0000000083a00000| Untracked 
|  27|0x0000000083b00000, 0x0000000083b00000, 0x0000000083c00000|  0%| F|  |TAMS 0x0000000083b00000, 0x0000000083b00000| Untracked 
|  28|0x0000000083c00000, 0x0000000083c00000, 0x0000000083d00000|  0%| F|  |TAMS 0x0000000083c00000, 0x0000000083c00000| Untracked 
|  29|0x0000000083d00000, 0x0000000083d00000, 0x0000000083e00000|  0%| F|  |TAMS 0x0000000083d00000, 0x0000000083d00000| Untracked 
|  30|0x0000000083e00000, 0x0000000083e00000, 0x0000000083f00000|  0%| F|  |TAMS 0x0000000083e00000, 0x0000000083e00000| Untracked 
|  31|0x0000000083f00000, 0x0000000083f00000, 0x0000000084000000|  0%| F|  |TAMS 0x0000000083f00000, 0x0000000083f00000| Untracked 
|  32|0x0000000084000000, 0x0000000084000000, 0x0000000084100000|  0%| F|  |TAMS 0x0000000084000000, 0x0000000084000000| Untracked 
|  33|0x0000000084100000, 0x0000000084100000, 0x0000000084200000|  0%| F|  |TAMS 0x0000000084100000, 0x0000000084100000| Untracked 
|  34|0x0000000084200000, 0x0000000084200000, 0x0000000084300000|  0%| F|  |TAMS 0x0000000084200000, 0x0000000084200000| Untracked 
|  35|0x0000000084300000, 0x0000000084300000, 0x0000000084400000|  0%| F|  |TAMS 0x0000000084300000, 0x0000000084300000| Untracked 
|  36|0x0000000084400000, 0x0000000084400000, 0x0000000084500000|  0%| F|  |TAMS 0x0000000084400000, 0x0000000084400000| Untracked 
|  37|0x0000000084500000, 0x0000000084500000, 0x0000000084600000|  0%| F|  |TAMS 0x0000000084500000, 0x0000000084500000| Untracked 
|  38|0x0000000084600000, 0x0000000084600000, 0x0000000084700000|  0%| F|  |TAMS 0x0000000084600000, 0x0000000084600000| Untracked 
|  39|0x0000000084700000, 0x0000000084700000, 0x0000000084800000|  0%| F|  |TAMS 0x0000000084700000, 0x0000000084700000| Untracked 
|  40|0x0000000084800000, 0x0000000084800000, 0x0000000084900000|  0%| F|  |TAMS 0x0000000084800000, 0x0000000084800000| Untracked 
|  41|0x0000000084900000, 0x0000000084900000, 0x0000000084a00000|  0%| F|  |TAMS 0x0000000084900000, 0x0000000084900000| Untracked 
|  42|0x0000000084a00000, 0x0000000084a00000, 0x0000000084b00000|  0%| F|  |TAMS 0x0000000084a00000, 0x0000000084a00000| Untracked 
|  43|0x0000000084b00000, 0x0000000084b00000, 0x0000000084c00000|  0%| F|  |TAMS 0x0000000084b00000, 0x0000000084b00000| Untracked 
|  44|0x0000000084c00000, 0x0000000084c00000, 0x0000000084d00000|  0%| F|  |TAMS 0x0000000084c00000, 0x0000000084c00000| Untracked 
|  45|0x0000000084d00000, 0x0000000084d00000, 0x0000000084e00000|  0%| F|  |TAMS 0x0000000084d00000, 0x0000000084d00000| Untracked 
|  46|0x0000000084e00000, 0x0000000084e00000, 0x0000000084f00000|  0%| F|  |TAMS 0x0000000084e00000, 0x0000000084e00000| Untracked 
|  47|0x0000000084f00000, 0x0000000084f00000, 0x0000000085000000|  0%| F|  |TAMS 0x0000000084f00000, 0x0000000084f00000| Untracked 
|  48|0x0000000085000000, 0x0000000085000000, 0x0000000085100000|  0%| F|  |TAMS 0x0000000085000000, 0x0000000085000000| Untracked 
|  49|0x0000000085100000, 0x0000000085100000, 0x0000000085200000|  0%| F|  |TAMS 0x0000000085100000, 0x0000000085100000| Untracked 
|  50|0x0000000085200000, 0x0000000085200000, 0x0000000085300000|  0%| F|  |TAMS 0x0000000085200000, 0x0000000085200000| Untracked 
|  51|0x0000000085300000, 0x0000000085300000, 0x0000000085400000|  0%| F|  |TAMS 0x0000000085300000, 0x0000000085300000| Untracked 
|  52|0x0000000085400000, 0x0000000085400000, 0x0000000085500000|  0%| F|  |TAMS 0x0000000085400000, 0x0000000085400000| Untracked 
|  53|0x0000000085500000, 0x0000000085500000, 0x0000000085600000|  0%| F|  |TAMS 0x0000000085500000, 0x0000000085500000| Untracked 
|  54|0x0000000085600000, 0x0000000085600000, 0x0000000085700000|  0%| F|  |TAMS 0x0000000085600000, 0x0000000085600000| Untracked 
|  55|0x0000000085700000, 0x0000000085700000, 0x0000000085800000|  0%| F|  |TAMS 0x0000000085700000, 0x0000000085700000| Untracked 
|  56|0x0000000085800000, 0x0000000085800000, 0x0000000085900000|  0%| F|  |TAMS 0x0000000085800000, 0x0000000085800000| Untracked 
|  57|0x0000000085900000, 0x0000000085900000, 0x0000000085a00000|  0%| F|  |TAMS 0x0000000085900000, 0x0000000085900000| Untracked 
|  58|0x0000000085a00000, 0x0000000085a00000, 0x0000000085b00000|  0%| F|  |TAMS 0x0000000085a00000, 0x0000000085a00000| Untracked 
|  59|0x0000000085b00000, 0x0000000085b00000, 0x0000000085c00000|  0%| F|  |TAMS 0x0000000085b00000, 0x0000000085b00000| Untracked 
|  60|0x0000000085c00000, 0x0000000085c00000, 0x0000000085d00000|  0%| F|  |TAMS 0x0000000085c00000, 0x0000000085c00000| Untracked 
|  61|0x0000000085d00000, 0x0000000085d00000, 0x0000000085e00000|  0%| F|  |TAMS 0x0000000085d00000, 0x0000000085d00000| Untracked 
|  62|0x0000000085e00000, 0x0000000085e00000, 0x0000000085f00000|  0%| F|  |TAMS 0x0000000085e00000, 0x0000000085e00000| Untracked 
|  63|0x0000000085f00000, 0x0000000085f00000, 0x0000000086000000|  0%| F|  |TAMS 0x0000000085f00000, 0x0000000085f00000| Untracked 
|  64|0x0000000086000000, 0x0000000086000000, 0x0000000086100000|  0%| F|  |TAMS 0x0000000086000000, 0x0000000086000000| Untracked 
|  65|0x0000000086100000, 0x0000000086100000, 0x0000000086200000|  0%| F|  |TAMS 0x0000000086100000, 0x0000000086100000| Untracked 
|  66|0x0000000086200000, 0x0000000086200000, 0x0000000086300000|  0%| F|  |TAMS 0x0000000086200000, 0x0000000086200000| Untracked 
|  67|0x0000000086300000, 0x0000000086300000, 0x0000000086400000|  0%| F|  |TAMS 0x0000000086300000, 0x0000000086300000| Untracked 
|  68|0x0000000086400000, 0x0000000086400000, 0x0000000086500000|  0%| F|  |TAMS 0x0000000086400000, 0x0000000086400000| Untracked 
|  69|0x0000000086500000, 0x0000000086500000, 0x0000000086600000|  0%| F|  |TAMS 0x0000000086500000, 0x0000000086500000| Untracked 
|  70|0x0000000086600000, 0x0000000086600000, 0x0000000086700000|  0%| F|  |TAMS 0x0000000086600000, 0x0000000086600000| Untracked 
|  71|0x0000000086700000, 0x0000000086700000, 0x0000000086800000|  0%| F|  |TAMS 0x0000000086700000, 0x0000000086700000| Untracked 
|  72|0x0000000086800000, 0x0000000086800000, 0x0000000086900000|  0%| F|  |TAMS 0x0000000086800000, 0x0000000086800000| Untracked 
|  73|0x0000000086900000, 0x0000000086900000, 0x0000000086a00000|  0%| F|  |TAMS 0x0000000086900000, 0x0000000086900000| Untracked 
|  74|0x0000000086a00000, 0x0000000086a00000, 0x0000000086b00000|  0%| F|  |TAMS 0x0000000086a00000, 0x0000000086a00000| Untracked 
|  75|0x0000000086b00000, 0x0000000086b00000, 0x0000000086c00000|  0%| F|  |TAMS 0x0000000086b00000, 0x0000000086b00000| Untracked 
|  76|0x0000000086c00000, 0x0000000086d00000, 0x0000000086d00000|100%| E|  |TAMS 0x0000000086c00000, 0x0000000086c00000| Complete 
|  77|0x0000000086d00000, 0x0000000086e00000, 0x0000000086e00000|100%| E|CS|TAMS 0x0000000086d00000, 0x0000000086d00000| Complete 
|  78|0x0000000086e00000, 0x0000000086f00000, 0x0000000086f00000|100%| E|CS|TAMS 0x0000000086e00000, 0x0000000086e00000| Complete 
|  79|0x0000000086f00000, 0x0000000087000000, 0x0000000087000000|100%| E|CS|TAMS 0x0000000086f00000, 0x0000000086f00000| Complete 
|  80|0x0000000087000000, 0x0000000087100000, 0x0000000087100000|100%| E|CS|TAMS 0x0000000087000000, 0x0000000087000000| Complete 
|  81|0x0000000087100000, 0x0000000087200000, 0x0000000087200000|100%| E|CS|TAMS 0x0000000087100000, 0x0000000087100000| Complete 
|  82|0x0000000087200000, 0x0000000087300000, 0x0000000087300000|100%| E|CS|TAMS 0x0000000087200000, 0x0000000087200000| Complete 
|  83|0x0000000087300000, 0x0000000087400000, 0x0000000087400000|100%| E|CS|TAMS 0x0000000087300000, 0x0000000087300000| Complete 
|  84|0x0000000087400000, 0x0000000087500000, 0x0000000087500000|100%| E|CS|TAMS 0x0000000087400000, 0x0000000087400000| Complete 
|  85|0x0000000087500000, 0x0000000087600000, 0x0000000087600000|100%| E|CS|TAMS 0x0000000087500000, 0x0000000087500000| Complete 
|  86|0x0000000087600000, 0x0000000087700000, 0x0000000087700000|100%| E|CS|TAMS 0x0000000087600000, 0x0000000087600000| Complete 
|  87|0x0000000087700000, 0x0000000087800000, 0x0000000087800000|100%| E|CS|TAMS 0x0000000087700000, 0x0000000087700000| Complete 
|  88|0x0000000087800000, 0x0000000087900000, 0x0000000087900000|100%| E|CS|TAMS 0x0000000087800000, 0x0000000087800000| Complete 
|  89|0x0000000087900000, 0x0000000087a00000, 0x0000000087a00000|100%| E|CS|TAMS 0x0000000087900000, 0x0000000087900000| Complete 
|  90|0x0000000087a00000, 0x0000000087b00000, 0x0000000087b00000|100%| E|CS|TAMS 0x0000000087a00000, 0x0000000087a00000| Complete 
|  91|0x0000000087b00000, 0x0000000087bcfb40, 0x0000000087c00000| 81%| S|CS|TAMS 0x0000000087b00000, 0x0000000087b00000| Complete 
|  92|0x0000000087c00000, 0x0000000087d00000, 0x0000000087d00000|100%| S|CS|TAMS 0x0000000087c00000, 0x0000000087c00000| Complete 
|  93|0x0000000087d00000, 0x0000000087e00000, 0x0000000087e00000|100%| E|CS|TAMS 0x0000000087d00000, 0x0000000087d00000| Complete 
|  94|0x0000000087e00000, 0x0000000087f00000, 0x0000000087f00000|100%| E|CS|TAMS 0x0000000087e00000, 0x0000000087e00000| Complete 
|  95|0x0000000087f00000, 0x0000000088000000, 0x0000000088000000|100%| E|CS|TAMS 0x0000000087f00000, 0x0000000087f00000| Complete 
|  96|0x0000000088000000, 0x0000000088100000, 0x0000000088100000|100%| E|CS|TAMS 0x0000000088000000, 0x0000000088000000| Complete 
|  97|0x0000000088100000, 0x0000000088200000, 0x0000000088200000|100%| E|CS|TAMS 0x0000000088100000, 0x0000000088100000| Complete 
|  98|0x0000000088200000, 0x0000000088300000, 0x0000000088300000|100%| E|CS|TAMS 0x0000000088200000, 0x0000000088200000| Complete 
|  99|0x0000000088300000, 0x0000000088400000, 0x0000000088400000|100%| E|CS|TAMS 0x0000000088300000, 0x0000000088300000| Complete 
| 100|0x0000000088400000, 0x0000000088500000, 0x0000000088500000|100%| E|CS|TAMS 0x0000000088400000, 0x0000000088400000| Complete 
| 101|0x0000000088500000, 0x0000000088600000, 0x0000000088600000|100%| E|CS|TAMS 0x0000000088500000, 0x0000000088500000| Complete 
| 102|0x0000000088600000, 0x0000000088700000, 0x0000000088700000|100%| E|CS|TAMS 0x0000000088600000, 0x0000000088600000| Complete 
| 103|0x0000000088700000, 0x0000000088800000, 0x0000000088800000|100%| E|CS|TAMS 0x0000000088700000, 0x0000000088700000| Complete 
| 104|0x0000000088800000, 0x0000000088900000, 0x0000000088900000|100%| E|CS|TAMS 0x0000000088800000, 0x0000000088800000| Complete 
| 105|0x0000000088900000, 0x0000000088a00000, 0x0000000088a00000|100%| E|CS|TAMS 0x0000000088900000, 0x0000000088900000| Complete 
| 106|0x0000000088a00000, 0x0000000088b00000, 0x0000000088b00000|100%| E|CS|TAMS 0x0000000088a00000, 0x0000000088a00000| Complete 
| 107|0x0000000088b00000, 0x0000000088c00000, 0x0000000088c00000|100%| E|CS|TAMS 0x0000000088b00000, 0x0000000088b00000| Complete 
| 108|0x0000000088c00000, 0x0000000088d00000, 0x0000000088d00000|100%| E|CS|TAMS 0x0000000088c00000, 0x0000000088c00000| Complete 
| 109|0x0000000088d00000, 0x0000000088e00000, 0x0000000088e00000|100%| E|CS|TAMS 0x0000000088d00000, 0x0000000088d00000| Complete 
| 110|0x0000000088e00000, 0x0000000088f00000, 0x0000000088f00000|100%| E|CS|TAMS 0x0000000088e00000, 0x0000000088e00000| Complete 
| 111|0x0000000088f00000, 0x0000000089000000, 0x0000000089000000|100%| E|CS|TAMS 0x0000000088f00000, 0x0000000088f00000| Complete 
| 112|0x0000000089000000, 0x0000000089100000, 0x0000000089100000|100%| E|CS|TAMS 0x0000000089000000, 0x0000000089000000| Complete 
| 113|0x0000000089100000, 0x0000000089200000, 0x0000000089200000|100%| E|CS|TAMS 0x0000000089100000, 0x0000000089100000| Complete 
| 114|0x0000000089200000, 0x0000000089300000, 0x0000000089300000|100%| E|CS|TAMS 0x0000000089200000, 0x0000000089200000| Complete 
| 115|0x0000000089300000, 0x0000000089400000, 0x0000000089400000|100%| E|CS|TAMS 0x0000000089300000, 0x0000000089300000| Complete 
| 116|0x0000000089400000, 0x0000000089500000, 0x0000000089500000|100%| E|CS|TAMS 0x0000000089400000, 0x0000000089400000| Complete 
| 117|0x0000000089500000, 0x0000000089600000, 0x0000000089600000|100%| E|CS|TAMS 0x0000000089500000, 0x0000000089500000| Complete 
| 118|0x0000000089600000, 0x0000000089700000, 0x0000000089700000|100%| E|CS|TAMS 0x0000000089600000, 0x0000000089600000| Complete 
| 119|0x0000000089700000, 0x0000000089800000, 0x0000000089800000|100%| E|CS|TAMS 0x0000000089700000, 0x0000000089700000| Complete 
| 120|0x0000000089800000, 0x0000000089900000, 0x0000000089900000|100%| E|CS|TAMS 0x0000000089800000, 0x0000000089800000| Complete 
| 121|0x0000000089900000, 0x0000000089a00000, 0x0000000089a00000|100%| E|CS|TAMS 0x0000000089900000, 0x0000000089900000| Complete 
| 122|0x0000000089a00000, 0x0000000089b00000, 0x0000000089b00000|100%| E|CS|TAMS 0x0000000089a00000, 0x0000000089a00000| Complete 
| 123|0x0000000089b00000, 0x0000000089c00000, 0x0000000089c00000|100%| E|CS|TAMS 0x0000000089b00000, 0x0000000089b00000| Complete 
| 124|0x0000000089c00000, 0x0000000089d00000, 0x0000000089d00000|100%| E|CS|TAMS 0x0000000089c00000, 0x0000000089c00000| Complete 
| 125|0x0000000089d00000, 0x0000000089e00000, 0x0000000089e00000|100%| E|CS|TAMS 0x0000000089d00000, 0x0000000089d00000| Complete 

Card table byte_map: [0x0000016532ea0000,0x0000016533290000] _byte_map_base: 0x0000016532a90000

Marking Bits (Prev, Next): (CMBitMap*) 0x00000165196590e0, (CMBitMap*) 0x0000016519659120
 Prev Bits: [0x0000016533680000, 0x0000016535600000)
 Next Bits: [0x0000016535600000, 0x0000016537580000)

Polling page: 0x00000165194b0000

Metaspace:

Usage:
  Non-class:     13.41 MB capacity,    12.24 MB ( 91%) used,     1.16 MB (  9%) free+waste,    13.81 KB ( <1%) overhead. 
      Class:      1.75 MB capacity,     1.55 MB ( 88%) used,   204.72 KB ( 11%) free+waste,     5.75 KB ( <1%) overhead. 
       Both:     15.16 MB capacity,    13.79 MB ( 91%) used,     1.36 MB (  9%) free+waste,    19.56 KB ( <1%) overhead. 

Virtual space:
  Non-class space:       18.00 MB reserved,      13.50 MB ( 75%) committed 
      Class space:        1.00 GB reserved,       1.88 MB ( <1%) committed 
             Both:        1.02 GB reserved,      15.38 MB (  1%) committed 

Chunk freelists:
   Non-Class:  30.00 KB
       Class:  27.00 KB
        Both:  57.00 KB

MaxMetaspaceSize: 17179869184.00 GB
CompressedClassSpaceSize: 1.00 GB

CodeHeap 'non-profiled nmethods': size=120000Kb used=1120Kb max_used=1120Kb free=118879Kb
 bounds [0x000001652ab10000, 0x000001652ad80000, 0x0000016532040000]
CodeHeap 'profiled nmethods': size=120000Kb used=5173Kb max_used=5173Kb free=114826Kb
 bounds [0x00000165235e0000, 0x0000016523af0000, 0x000001652ab10000]
CodeHeap 'non-nmethods': size=5760Kb used=1205Kb max_used=1222Kb free=4554Kb
 bounds [0x0000016523040000, 0x00000165232b0000, 0x00000165235e0000]
 total_blobs=3402 nmethods=2937 adapters=376
 compilation: enabled
              stopped_count=0, restarted_count=0
 full_count=0

Compilation events (20 events):
Event: 0.972 Thread 0x000001653a0720f0 2096   !   3       sun.nio.cs.StreamEncoder::write (78 bytes)
Event: 0.972 Thread 0x000001653a0720f0 nmethod 2096 0x00000165239b5710 code [0x00000165239b5920, 0x00000165239b5ff8]
Event: 0.972 Thread 0x000001653a0720f0 2103       3       sun.nio.cs.SingleByte$Encoder::encodeLoop (28 bytes)
Event: 0.973 Thread 0x000001653a0720f0 nmethod 2103 0x00000165239b6410 code [0x00000165239b65e0, 0x00000165239b69b8]
Event: 0.973 Thread 0x000001653a0720f0 2105       3       sun.nio.cs.SingleByte$Encoder::encode (32 bytes)
Event: 0.973 Thread 0x000001653a0720f0 nmethod 2105 0x00000165239b6b10 code [0x00000165239b6cc0, 0x00000165239b6e78]
Event: 0.973 Thread 0x000001653a0720f0 2106       3       sun.nio.cs.SingleByte::withResult (25 bytes)
Event: 0.973 Thread 0x000001653a0720f0 nmethod 2106 0x00000165239b6f90 code [0x00000165239b7160, 0x00000165239b7598]
Event: 0.973 Thread 0x000001653a0720f0 2107       3       java.io.OutputStreamWriter::flushBuffer (8 bytes)
Event: 0.973 Thread 0x000001653a0720f0 nmethod 2107 0x00000165239b7710 code [0x00000165239b78c0, 0x00000165239b79e8]
Event: 0.973 Thread 0x000001653a0720f0 2108   !   3       sun.nio.cs.StreamEncoder::flushBuffer (42 bytes)
Event: 0.973 Thread 0x000001653a0720f0 nmethod 2108 0x00000165239b7a90 code [0x00000165239b7c80, 0x00000165239b8138]
Event: 0.973 Thread 0x000001653a0720f0 2109       3       sun.nio.cs.StreamEncoder::isOpen (13 bytes)
Event: 0.973 Thread 0x000001653a0720f0 nmethod 2109 0x00000165239b8390 code [0x00000165239b8520, 0x00000165239b8678]
Event: 0.973 Thread 0x000001653a0720f0 2110       3       sun.nio.cs.StreamEncoder::implFlushBuffer (15 bytes)
Event: 0.973 Thread 0x000001653a0720f0 nmethod 2110 0x00000165239b8710 code [0x00000165239b88c0, 0x00000165239b8a48]
Event: 0.973 Thread 0x000001653a0720f0 2111       3       sun.nio.cs.StreamEncoder::writeBytes (132 bytes)
Event: 0.973 Thread 0x000001653a0720f0 nmethod 2111 0x00000165239b8b10 code [0x00000165239b8d80, 0x00000165239b97b8]
Event: 0.973 Thread 0x000001653a0720f0 2112   !   3       java.io.PrintStream::write (69 bytes)
Event: 0.974 Thread 0x000001653a0720f0 nmethod 2112 0x00000165239b9b10 code [0x00000165239b9d20, 0x00000165239ba3d8]

GC Heap History (4 events):
Event: 0.453 GC heap before
{Heap before GC invocations=0 (full 0):
 garbage-first heap   total 129024K, used 22528K [0x0000000082000000, 0x0000000100000000)
  region size 1024K, 23 young (23552K), 0 survivors (0K)
 Metaspace       used 5141K, capacity 7734K, committed 7808K, reserved 1056768K
  class space    used 589K, capacity 854K, committed 896K, reserved 1048576K
}
Event: 0.457 GC heap after
{Heap after GC invocations=1 (full 0):
 garbage-first heap   total 129024K, used 3669K [0x0000000082000000, 0x0000000100000000)
  region size 1024K, 3 young (3072K), 3 survivors (3072K)
 Metaspace       used 5141K, capacity 7734K, committed 7808K, reserved 1056768K
  class space    used 589K, capacity 854K, committed 896K, reserved 1048576K
}
Event: 0.782 GC heap before
{Heap before GC invocations=1 (full 0):
 garbage-first heap   total 129024K, used 34389K [0x0000000082000000, 0x0000000100000000)
  region size 1024K, 33 young (33792K), 3 survivors (3072K)
 Metaspace       used 9758K, capacity 11932K, committed 12288K, reserved 1060864K
  class space    used 1164K, capacity 1414K, committed 1536K, reserved 1048576K
}
Event: 0.787 GC heap after
{Heap after GC invocations=2 (full 0):
 garbage-first heap   total 129024K, used 5451K [0x0000000082000000, 0x0000000100000000)
  region size 1024K, 2 young (2048K), 2 survivors (2048K)
 Metaspace       used 9758K, capacity 11932K, committed 12288K, reserved 1060864K
  class space    used 1164K, capacity 1414K, committed 1536K, reserved 1048576K
}

Deoptimization events (20 events):
Event: 0.889 Thread 0x0000016519616c20 Uncommon trap: trap_request=0xffffff45 fr.pc=0x000001652abc665c relative=0x000000000000035c
Event: 0.889 Thread 0x0000016519616c20 Uncommon trap: reason=unstable_if action=reinterpret pc=0x000001652abc665c method=org.eclipse.sisu.inject.InjectorBindings.isAssignableFrom(Lcom/google/inject/TypeLiteral;Lcom/google/inject/Binding;)Z @ 14 c2
Event: 0.889 Thread 0x0000016519616c20 DEOPT PACKING pc=0x000001652abc665c sp=0x0000002ef37fcf90
Event: 0.889 Thread 0x0000016519616c20 DEOPT UNPACKING pc=0x000001652308e42f sp=0x0000002ef37fcf50 mode 2
Event: 0.947 Thread 0x0000016519616c20 Uncommon trap: trap_request=0xffffff45 fr.pc=0x000001652ab75a00 relative=0x00000000000005e0
Event: 0.947 Thread 0x0000016519616c20 Uncommon trap: reason=unstable_if action=reinterpret pc=0x000001652ab75a00 method=java.lang.String.replace(CC)Ljava/lang/String; @ 2 c2
Event: 0.947 Thread 0x0000016519616c20 DEOPT PACKING pc=0x000001652ab75a00 sp=0x0000002ef37fd4e0
Event: 0.947 Thread 0x0000016519616c20 DEOPT UNPACKING pc=0x000001652308e42f sp=0x0000002ef37fd490 mode 2
Event: 0.947 Thread 0x0000016519616c20 Uncommon trap: trap_request=0xffffff45 fr.pc=0x000001652ab85d70 relative=0x00000000000002d0
Event: 0.947 Thread 0x0000016519616c20 Uncommon trap: reason=unstable_if action=reinterpret pc=0x000001652ab85d70 method=java.lang.String.indexOf([BBILjava/lang/String;I)I @ 21 c2
Event: 0.947 Thread 0x0000016519616c20 DEOPT PACKING pc=0x000001652ab85d70 sp=0x0000002ef37fd5d0
Event: 0.947 Thread 0x0000016519616c20 DEOPT UNPACKING pc=0x000001652308e42f sp=0x0000002ef37fd4e0 mode 2
Event: 0.956 Thread 0x0000016519616c20 Uncommon trap: trap_request=0xffffff45 fr.pc=0x000001652ab621ec relative=0x0000000000000a6c
Event: 0.956 Thread 0x0000016519616c20 Uncommon trap: reason=unstable_if action=reinterpret pc=0x000001652ab621ec method=org.codehaus.plexus.util.xml.pull.MXParser.nextImpl()I @ 241 c2
Event: 0.956 Thread 0x0000016519616c20 DEOPT PACKING pc=0x000001652ab621ec sp=0x0000002ef37fc640
Event: 0.956 Thread 0x0000016519616c20 DEOPT UNPACKING pc=0x000001652308e42f sp=0x0000002ef37fc5b8 mode 2
Event: 0.960 Thread 0x0000016519616c20 Uncommon trap: trap_request=0xffffffc6 fr.pc=0x000001652ab9f7ac relative=0x0000000000000aac
Event: 0.960 Thread 0x0000016519616c20 Uncommon trap: reason=bimorphic_or_optimized_type_check action=maybe_recompile pc=0x000001652ab9f7ac method=java.util.HashMap.putVal(ILjava/lang/Object;Ljava/lang/Object;ZZ)Ljava/lang/Object; @ 203 c2
Event: 0.960 Thread 0x0000016519616c20 DEOPT PACKING pc=0x000001652ab9f7ac sp=0x0000002ef37fb7f0
Event: 0.960 Thread 0x0000016519616c20 DEOPT UNPACKING pc=0x000001652308e42f sp=0x0000002ef37fb710 mode 2

Classes unloaded (0 events):
No events

Classes redefined (0 events):
No events

Internal exceptions (8 events):
Event: 0.278 Thread 0x0000016519616c20 Exception <a 'java/lang/NoSuchMethodError'{0x00000000894e1460}: 'void java.lang.invoke.DirectMethodHandle$Holder.invokeSpecial(java.lang.Object, java.lang.Object, java.lang.Object)'> (0x00000000894e1460) 
thrown [./open/src/hotspot/share/interpreter/linkResolver.cpp, line 782]
Event: 0.375 Thread 0x0000016519616c20 Exception <a 'java/lang/NoSuchMethodError'{0x0000000088e39f00}: 'java.lang.Object java.lang.invoke.DirectMethodHandle$Holder.newInvokeSpecial(java.lang.Object, java.lang.Object, java.lang.Object, java.lang.Object, java.lang.Object)'> (0x0000000088e39f00) 
thrown [./open/src/hotspot/share/interpreter/linkResolver.cpp, line 782]
Event: 0.822 Thread 0x0000016519616c20 Exception <a 'java/lang/NoClassDefFoundError'{0x0000000089b89d98}: com/google/inject/servlet/ServletModuleTargetVisitor> (0x0000000089b89d98) 
thrown [./open/src/hotspot/share/classfile/systemDictionary.cpp, line 284]
Event: 0.822 Thread 0x0000016519616c20 Exception <a 'java/lang/NoClassDefFoundError'{0x0000000089b8bcd0}: javax/annotation/Priority> (0x0000000089b8bcd0) 
thrown [./open/src/hotspot/share/classfile/systemDictionary.cpp, line 284]
Event: 0.859 Thread 0x0000016519616c20 Exception <a 'java/lang/NoSuchMethodError'{0x00000000899c6368}: 'void java.lang.invoke.DirectMethodHandle$Holder.invokeStatic(java.lang.Object, java.lang.Object)'> (0x00000000899c6368) 
thrown [./open/src/hotspot/share/interpreter/linkResolver.cpp, line 782]
Event: 0.860 Thread 0x0000016519616c20 Exception <a 'java/lang/NoSuchMethodError'{0x00000000899cad60}: 'void java.lang.invoke.DirectMethodHandle$Holder.invokeStaticInit(java.lang.Object, java.lang.Object)'> (0x00000000899cad60) 
thrown [./open/src/hotspot/share/interpreter/linkResolver.cpp, line 782]
Event: 0.864 Thread 0x0000016519616c20 Exception <a 'java/lang/NoSuchMethodError'{0x00000000899f31f8}: 'java.lang.Object java.lang.invoke.DirectMethodHandle$Holder.invokeStatic(java.lang.Object)'> (0x00000000899f31f8) 
thrown [./open/src/hotspot/share/interpreter/linkResolver.cpp, line 782]
Event: 0.865 Thread 0x0000016519616c20 Exception <a 'java/lang/NoSuchMethodError'{0x00000000899fe298}: 'java.lang.Object java.lang.invoke.DirectMethodHandle$Holder.invokeStaticInit(java.lang.Object, int, int, int, int)'> (0x00000000899fe298) 
thrown [./open/src/hotspot/share/interpreter/linkResolver.cpp, line 782]

Events (20 events):
Event: 0.875 Executing VM operation: HandshakeAllThreads
Event: 0.875 Executing VM operation: HandshakeAllThreads done
Event: 0.900 loading class java/lang/ProcessEnvironment$CheckedKeySet
Event: 0.900 loading class java/lang/ProcessEnvironment$CheckedKeySet done
Event: 0.900 loading class java/util/Stack
Event: 0.900 loading class java/util/Stack done
Event: 0.916 loading class java/util/ArrayList$SubList$1
Event: 0.916 loading class java/util/ArrayList$SubList$1 done
Event: 0.917 loading class java/nio/channels/OverlappingFileLockException
Event: 0.917 loading class java/nio/channels/OverlappingFileLockException done
Event: 0.920 loading class java/util/regex/Pattern$Pos
Event: 0.920 loading class java/util/regex/Pattern$Pos done
Event: 0.920 Executing VM operation: ICBufferFull
Event: 0.920 Executing VM operation: ICBufferFull done
Event: 0.951 loading class java/lang/Short$ShortCache
Event: 0.951 loading class java/lang/Short$ShortCache done
Event: 0.951 loading class java/lang/Byte$ByteCache
Event: 0.951 loading class java/lang/Byte$ByteCache done
Event: 0.963 loading class java/util/LinkedList$ListItr
Event: 0.963 loading class java/util/LinkedList$ListItr done


Dynamic libraries:
0x00007ff6b7a50000 - 0x00007ff6b7a5f000 	C:\Program Files\Java\jdk-15.0.2\bin\java.exe
0x00007fff8a750000 - 0x00007fff8a945000 	C:\WINDOWS\SYSTEM32\ntdll.dll
0x00007fff8a650000 - 0x00007fff8a70e000 	C:\WINDOWS\System32\KERNEL32.DLL
0x00007fff88120000 - 0x00007fff883e8000 	C:\WINDOWS\System32\KERNELBASE.dll
0x00007fff87f80000 - 0x00007fff88080000 	C:\WINDOWS\System32\ucrtbase.dll
0x00007fff73970000 - 0x00007fff73988000 	C:\Program Files\Java\jdk-15.0.2\bin\jli.dll
0x00007fff837e0000 - 0x00007fff837f9000 	C:\Program Files\Java\jdk-15.0.2\bin\VCRUNTIME140.dll
0x00007fff8a040000 - 0x00007fff8a0ec000 	C:\WINDOWS\System32\ADVAPI32.dll
0x00007fff89c20000 - 0x00007fff89cbe000 	C:\WINDOWS\System32\msvcrt.dll
0x00007fff8a3e0000 - 0x00007fff8a47b000 	C:\WINDOWS\System32\sechost.dll
0x00007fff88a30000 - 0x00007fff88b5a000 	C:\WINDOWS\System32\RPCRT4.dll
0x00007fff8a480000 - 0x00007fff8a621000 	C:\WINDOWS\System32\USER32.dll
0x00007fff6a890000 - 0x00007fff6ab2a000 	C:\WINDOWS\WinSxS\amd64_microsoft.windows.common-controls_6595b64144ccf1df_6.0.19041.1110_none_60b5254171f9507e\COMCTL32.dll
0x00007fff88770000 - 0x00007fff88792000 	C:\WINDOWS\System32\win32u.dll
0x00007fff88b60000 - 0x00007fff88b8b000 	C:\WINDOWS\System32\GDI32.dll
0x00007fff88440000 - 0x00007fff8854b000 	C:\WINDOWS\System32\gdi32full.dll
0x00007fff88080000 - 0x00007fff8811d000 	C:\WINDOWS\System32\msvcp_win.dll
0x00007fff83570000 - 0x00007fff8357a000 	C:\WINDOWS\SYSTEM32\VERSION.dll
0x00007fff89380000 - 0x00007fff893b0000 	C:\WINDOWS\System32\IMM32.DLL
0x00007fff78df0000 - 0x00007fff78dfc000 	C:\Program Files\Java\jdk-15.0.2\bin\vcruntime140_1.dll
0x00007fff45a80000 - 0x00007fff45b11000 	C:\Program Files\Java\jdk-15.0.2\bin\msvcp140.dll
0x00007fff361e0000 - 0x00007fff36d3e000 	C:\Program Files\Java\jdk-15.0.2\bin\server\jvm.dll
0x00007fff89cc0000 - 0x00007fff89cc8000 	C:\WINDOWS\System32\PSAPI.DLL
0x00007fff613a0000 - 0x00007fff613a9000 	C:\WINDOWS\SYSTEM32\WSOCK32.dll
0x00007fff6a860000 - 0x00007fff6a887000 	C:\WINDOWS\SYSTEM32\WINMM.dll
0x00007fff89af0000 - 0x00007fff89b5b000 	C:\WINDOWS\System32\WS2_32.dll
0x00007fff85f50000 - 0x00007fff85f62000 	C:\WINDOWS\SYSTEM32\kernel.appcore.dll
0x00007fff78d70000 - 0x00007fff78d7a000 	C:\Program Files\Java\jdk-15.0.2\bin\jimage.dll
0x00007fff85c70000 - 0x00007fff85e54000 	C:\WINDOWS\SYSTEM32\DBGHELP.DLL
0x00007fff716e0000 - 0x00007fff7170c000 	C:\WINDOWS\SYSTEM32\dbgcore.DLL
0x00007fff886e0000 - 0x00007fff88763000 	C:\WINDOWS\System32\bcryptPrimitives.dll
0x00007fff78d80000 - 0x00007fff78da5000 	C:\Program Files\Java\jdk-15.0.2\bin\java.dll
0x00007fff893b0000 - 0x00007fff89aef000 	C:\WINDOWS\System32\SHELL32.dll
0x00007fff85f70000 - 0x00007fff86700000 	C:\WINDOWS\SYSTEM32\windows.storage.dll
0x00007fff89ce0000 - 0x00007fff8a035000 	C:\WINDOWS\System32\combase.dll
0x00007fff878c0000 - 0x00007fff878ee000 	C:\WINDOWS\SYSTEM32\Wldp.dll
0x00007fff8a210000 - 0x00007fff8a2bd000 	C:\WINDOWS\System32\SHCORE.dll
0x00007fff89bc0000 - 0x00007fff89c15000 	C:\WINDOWS\System32\shlwapi.dll
0x00007fff87db0000 - 0x00007fff87dcf000 	C:\WINDOWS\SYSTEM32\profapi.dll
0x00007fff78d50000 - 0x00007fff78d69000 	C:\Program Files\Java\jdk-15.0.2\bin\net.dll
0x00007fff7e6d0000 - 0x00007fff7e7dc000 	C:\WINDOWS\SYSTEM32\WINHTTP.dll
0x00007fff87620000 - 0x00007fff8768a000 	C:\WINDOWS\system32\mswsock.dll
0x00007fff738b0000 - 0x00007fff738c2000 	C:\Program Files\Java\jdk-15.0.2\bin\nio.dll
0x00007fff73890000 - 0x00007fff738a8000 	C:\Program Files\Java\jdk-15.0.2\bin\zip.dll
0x00007fff73880000 - 0x00007fff73890000 	C:\Program Files\Java\jdk-15.0.2\bin\verify.dll
0x00007fff73960000 - 0x00007fff7396a000 	C:\Program Files (x86)\NetBeans-12.4\netbeans\java\maven\lib\jansi-native\windows64\jansi.dll

dbghelp: loaded successfully - version: 4.0.5 - missing functions: none
symbol engine: initialized successfully - sym options: 0x614 - pdb path: .;C:\Program Files\Java\jdk-15.0.2\bin;C:\WINDOWS\SYSTEM32;C:\WINDOWS\WinSxS\amd64_microsoft.windows.common-controls_6595b64144ccf1df_6.0.19041.1110_none_60b5254171f9507e;C:\Program Files\Java\jdk-15.0.2\bin\server;C:\Program Files (x86)\NetBeans-12.4\netbeans\java\maven\lib\jansi-native\windows64

VM Arguments:
jvm_args: -Dclassworlds.conf=C:\Program Files (x86)\NetBeans-12.4\netbeans\java\maven\bin\..\bin\m2.conf -Dmaven.home=C:\Program Files (x86)\NetBeans-12.4\netbeans\java\maven\bin\.. -Dlibrary.jansi.path=C:\Program Files (x86)\NetBeans-12.4\netbeans\java\maven\bin\..\lib\jansi-native -Dmaven.multiModuleProjectDirectory=C:\Users\hp\Documents\NetBeansProjects\mavenproject5 
java_command: org.codehaus.plexus.classworlds.launcher.Launcher -Dexec.vmArgs= -Dexec.args=${exec.vmArgs} -classpath %classpath ${exec.mainClass} ${exec.appArgs} -Dexec.appArgs= -Dexec.mainClass=project5.mavenproject5.login -Dexec.executable=C:\Program Files\Java\jdk-15.0.2\bin\java.exe -Dmaven.ext.class.path=C:\Program Files (x86)\NetBeans-12.4\netbeans\java\maven-nblib\netbeans-eventspy.jar -Dfile.encoding=UTF-8 org.codehaus.mojo:exec-maven-plugin:3.0.0:exec
java_class_path (initial): C:\Program Files (x86)\NetBeans-12.4\netbeans\java\maven\bin\..\boot\plexus-classworlds-2.6.0.jar
Launcher Type: SUN_STANDARD

[Global flags]
     intx CICompilerCount                          = 4                                         {product} {ergonomic}
     uint ConcGCThreads                            = 2                                         {product} {ergonomic}
     uint G1ConcRefinementThreads                  = 8                                         {product} {ergonomic}
   size_t G1HeapRegionSize                         = 1048576                                   {product} {ergonomic}
    uintx GCDrainStackTargetSize                   = 64                                        {product} {ergonomic}
   size_t InitialHeapSize                          = 132120576                                 {product} {ergonomic}
   size_t MarkStackSize                            = 4194304                                   {product} {ergonomic}
   size_t MaxHeapSize                              = 2113929216                                {product} {ergonomic}
   size_t MaxNewSize                               = 1267728384                                {product} {ergonomic}
   size_t MinHeapDeltaBytes                        = 1048576                                   {product} {ergonomic}
   size_t MinHeapSize                              = 8388608                                   {product} {ergonomic}
    uintx NonNMethodCodeHeapSize                   = 5839372                                {pd product} {ergonomic}
    uintx NonProfiledCodeHeapSize                  = 122909434                              {pd product} {ergonomic}
    uintx ProfiledCodeHeapSize                     = 122909434                              {pd product} {ergonomic}
    uintx ReservedCodeCacheSize                    = 251658240                              {pd product} {ergonomic}
     bool SegmentedCodeCache                       = true                                      {product} {ergonomic}
   size_t SoftMaxHeapSize                          = 2113929216                             {manageable} {ergonomic}
     bool UseCompressedClassPointers               = true                                 {lp64_product} {ergonomic}
     bool UseCompressedOops                        = true                                 {lp64_product} {ergonomic}
     bool UseG1GC                                  = true                                      {product} {ergonomic}
     bool UseLargePagesIndividualAllocation        = false                                  {pd product} {ergonomic}

Logging:
Log output configuration:
 #0: stdout all=warning uptime,level,tags
 #1: stderr all=off uptime,level,tags

Environment Variables:
JAVA_HOME=C:\Program Files\Java\jdk-15.0.2
PATH=C:\app\hp\product\21c\dbhomeXE\bin;C:\Program Files\National Instruments\Shared\OpenVINO\;C:\Program Files\Common Files\Oracle\Java\javapath;C:\Program Files (x86)\Common Files\Oracle\Java\javapath;C:\Windows\system32;C:\Windows;C:\Windows\System32\Wbem;C:\Windows\System32\WindowsPowerShell\v1.0\;C:\Windows\System32\OpenSSH\;C:\Program Files (x86)\NVIDIA Corporation\PhysX\Common;c:\Program Files (x86)\Microsoft SQL Server\100\Tools\Binn\;c:\Program Files\Microsoft SQL Server\100\Tools\Binn\;c:\Program Files\Microsoft SQL Server\100\DTS\Binn\;C:\Program Files\dotnet\;C:\Program Files\Microsoft SQL Server\130\Tools\Binn\;C:\Program Files\Microsoft SQL Server\Client SDK\ODBC\170\Tools\Binn\;C:\WINDOWS\system32;C:\WINDOWS;C:\WINDOWS\System32\Wbem;C:\WINDOWS\System32\WindowsPowerShell\v1.0\;C:\WINDOWS\System32\OpenSSH\;C:\Program Files\Java\jdk-15.0.2\bin;C:\f\flutter\bin;C:\Program Files\Dart\dart-sdk\bin;C:\Program Files (x86)\Microsoft SQL Server\110\Tools\Binn\;C:\Program Files (x86)\Microsoft SQL Server\110\DTS\Binn\;C:\Program Files (x86)\National Instruments\Shared\LabVIEW CLI;C:\Program Files\Java\java-se-8u41-ri\bin;C:\Program Files\Git\cmd;C:\Users\hp\AppData\Local\Microsoft\WindowsApps;C:\f\flutter\bin;
USERNAME=hp
OS=Windows_NT
PROCESSOR_IDENTIFIER=Intel64 Family 6 Model 142 Stepping 12, GenuineIntel



---------------  S Y S T E M  ---------------

OS:
 Windows 10 , 64 bit Build 19041 (10.0.19041.1348)
OS uptime: 0 days 3:37 hours

CPU: total 8 (initial active 8) (4 cores per cpu, 2 threads per core) family 6 model 142 stepping 12 microcode 0xb8, cmov, cx8, fxsr, mmx, sse, sse2, sse3, ssse3, sse4.1, sse4.2, popcnt, vzeroupper, avx, avx2, aes, clmul, erms, 3dnowpref, lzcnt, ht, tsc, tscinvbit, bmi1, bmi2, adx, fma, clflush, clflushopt

Memory: 4k page, system-wide physical 8062M (1322M free)
TotalPageFile size 9951M (AvailPageFile size 2M)
current process WorkingSet (physical memory assigned to process): 131M, peak: 131M
current process commit charge ("private bytes"): 253M, peak: 253M

vm_info: Java HotSpot(TM) 64-Bit Server VM (15.0.2+7-27) for windows-amd64 JRE (15.0.2+7-27), built on Dec  7 2020 20:07:01 by "mach5one" with unknown MS VC++:1925

END.
