#
# There is insufficient memory for the Java Runtime Environment to continue.
# Native memory allocation (malloc) failed to allocate 37216 bytes for Chunk::new
# Possible reasons:
#   The system is out of physical RAM or swap space
#   The process is running with CompressedOops enabled, and the Java Heap may be blocking the growth of the native heap
# Possible solutions:
#   Reduce memory load on the system
#   Increase physical memory or swap space
#   Check if swap backing store is full
#   Decrease Java heap size (-Xmx/-Xms)
#   Decrease number of Java threads
#   Decrease Java thread stack sizes (-Xss)
#   Set larger code cache with -XX:ReservedCodeCacheSize=
#   JVM is running with Unscaled Compressed Oops mode in which the Java heap is
#     placed in the first 4GB address space. The Java Heap base address is the
#     maximum limit for the native heap growth. Please use -XX:HeapBaseMinAddress
#     to set the Java Heap base and to place the Java Heap above 4GB virtual address.
# This output file may be truncated or incomplete.
#
#  Out of Memory Error (./open/src/hotspot/share/memory/arena.cpp:195), pid=12740, tid=12000
#
# JRE version: Java(TM) SE Runtime Environment (15.0.2+7) (build 15.0.2+7-27)
# Java VM: Java HotSpot(TM) 64-Bit Server VM (15.0.2+7-27, mixed mode, sharing, tiered, compressed oops, g1 gc, windows-amd64)
# No core dump will be written. Minidumps are not enabled by default on client versions of Windows
#

---------------  S U M M A R Y ------------

Command Line: project5.mavenproject5.login

Host: Intel(R) Core(TM) i7-8565U CPU @ 1.80GHz, 8 cores, 7G,  Windows 10 , 64 bit Build 19041 (10.0.19041.1348)
Time: Thu Nov 25 19:46:57 2021 Jerusalem Standard Time elapsed time: 0.265238 seconds (0d 0h 0m 0s)

---------------  T H R E A D  ---------------

Current thread (0x000001af7562e350):  JavaThread "main" [_thread_in_vm, id=12000, stack(0x0000000eccb00000,0x0000000eccc00000)]

Stack: [0x0000000eccb00000,0x0000000eccc00000]
Native frames: (J=compiled Java code, j=interpreted, Vv=VM code, C=native code)
V  [jvm.dll+0x62ae9a]
V  [jvm.dll+0x7817a9]
V  [jvm.dll+0x782f03]
V  [jvm.dll+0x783563]
V  [jvm.dll+0x216325]
V  [jvm.dll+0x97f3a]
V  [jvm.dll+0x9861c]
V  [jvm.dll+0x1c684f]
V  [jvm.dll+0x1c5650]
V  [jvm.dll+0x706243]
V  [jvm.dll+0x707c08]
V  [jvm.dll+0x707f03]
V  [jvm.dll+0x20f104]
V  [jvm.dll+0x20f392]
V  [jvm.dll+0x51f588]
V  [jvm.dll+0x522380]
V  [jvm.dll+0x34d540]
V  [jvm.dll+0x34cb7f]
C  0x000001af0001db2e

Java frames: (J=compiled Java code, j=interpreted, Vv=VM code)
j  javax.swing.UIManager.initialize()V+36 java.desktop@15.0.2
j  javax.swing.UIManager.maybeInitialize()V+22 java.desktop@15.0.2
j  javax.swing.UIManager.getInstalledLookAndFeels()[Ljavax/swing/UIManager$LookAndFeelInfo;+0 java.desktop@15.0.2
j  project5.mavenproject5.login.main([Ljava/lang/String;)V+0
v  ~StubRoutines::call_stub

---------------  P R O C E S S  ---------------

Threads class SMR info:
_java_thread_list=0x000001af16f1a020, length=14, elements={
0x000001af7562e350, 0x000001af162bf9e0, 0x000001af162c0d50, 0x000001af162da900,
0x000001af162dd2d0, 0x000001af162df530, 0x000001af162e0b60, 0x000001af162e67b0,
0x000001af162e8960, 0x000001af16d0e9a0, 0x000001af16d2e050, 0x000001af16f45360,
0x000001af16f45830, 0x000001af16f47d10
}

Java Threads: ( => current thread )
=>0x000001af7562e350 JavaThread "main" [_thread_in_vm, id=12000, stack(0x0000000eccb00000,0x0000000eccc00000)]
  0x000001af162bf9e0 JavaThread "Reference Handler" daemon [_thread_blocked, id=12984, stack(0x0000000ecd200000,0x0000000ecd300000)]
  0x000001af162c0d50 JavaThread "Finalizer" daemon [_thread_blocked, id=10536, stack(0x0000000ecd300000,0x0000000ecd400000)]
  0x000001af162da900 JavaThread "Signal Dispatcher" daemon [_thread_blocked, id=10908, stack(0x0000000ecd400000,0x0000000ecd500000)]
  0x000001af162dd2d0 JavaThread "Attach Listener" daemon [_thread_blocked, id=13412, stack(0x0000000ecd500000,0x0000000ecd600000)]
  0x000001af162df530 JavaThread "Service Thread" daemon [_thread_blocked, id=1556, stack(0x0000000ecd600000,0x0000000ecd700000)]
  0x000001af162e0b60 JavaThread "C2 CompilerThread0" daemon [_thread_blocked, id=14212, stack(0x0000000ecd700000,0x0000000ecd800000)]
  0x000001af162e67b0 JavaThread "C1 CompilerThread0" daemon [_thread_blocked, id=2356, stack(0x0000000ecd800000,0x0000000ecd900000)]
  0x000001af162e8960 JavaThread "Sweeper thread" daemon [_thread_blocked, id=2492, stack(0x0000000ecd900000,0x0000000ecda00000)]
  0x000001af16d0e9a0 JavaThread "Notification Thread" daemon [_thread_blocked, id=15104, stack(0x0000000ecda00000,0x0000000ecdb00000)]
  0x000001af16d2e050 JavaThread "Common-Cleaner" daemon [_thread_blocked, id=12604, stack(0x0000000ecdc00000,0x0000000ecdd00000)]
  0x000001af16f45360 JavaThread "Java2D Disposer" daemon [_thread_blocked, id=2584, stack(0x0000000ecdd00000,0x0000000ecde00000)]
  0x000001af16f45830 JavaThread "AWT-Shutdown" [_thread_blocked, id=9096, stack(0x0000000ecde00000,0x0000000ecdf00000)]
  0x000001af16f47d10 JavaThread "AWT-Windows" daemon [_thread_in_native, id=14460, stack(0x0000000ecdf00000,0x0000000ece000000)]

Other Threads:
  0x000001af162bc9b0 VMThread "VM Thread" [stack: 0x0000000ecd100000,0x0000000ecd200000] [id=12540]
  0x000001af16d15630 WatcherThread [stack: 0x0000000ecdb00000,0x0000000ecdc00000] [id=8920]
  0x000001af777f23a0 GCTaskThread "GC Thread#0" [stack: 0x0000000eccc00000,0x0000000eccd00000] [id=5848]
  0x000001af77804180 ConcurrentGCThread "G1 Main Marker" [stack: 0x0000000eccd00000,0x0000000ecce00000] [id=13468]
  0x000001af77805510 ConcurrentGCThread "G1 Conc#0" [stack: 0x0000000ecce00000,0x0000000eccf00000] [id=15340]
  0x000001af7787ec10 ConcurrentGCThread "G1 Refine#0" [stack: 0x0000000eccf00000,0x0000000ecd000000] [id=9980]
  0x000001af16141940 ConcurrentGCThread "G1 Young RemSet Sampling" [stack: 0x0000000ecd000000,0x0000000ecd100000] [id=15148]

Threads with active compile tasks:

VM state: not at safepoint (normal execution)

VM Mutex/Monitor currently owned by a thread: None

Heap address: 0x0000000082000000, size: 2016 MB, Compressed Oops mode: 32-bit
CDS archive(s) mapped at: [0x0000000800000000-0x0000000800b50000-0x0000000800b50000), size 11862016, SharedBaseAddress: 0x0000000800000000, ArchiveRelocationMode: 0.
Compressed class space mapped at: 0x0000000800b50000-0x0000000840b50000, size: 1073741824
Narrow klass base: 0x0000000800000000, Narrow klass shift: 3, Narrow klass range: 0x100000000

GC Precious Log:
 CPUs: 8 total, 8 available
 Memory: 8062M
 Large Page Support: Disabled
 NUMA Support: Disabled
 Compressed Oops: Enabled (32-bit)
 Heap Region Size: 1M
 Heap Min Capacity: 8M
 Heap Initial Capacity: 126M
 Heap Max Capacity: 2016M
 Pre-touch: Disabled
 Parallel Workers: 8
 Concurrent Workers: 2
 Concurrent Refinement Workers: 8
 Periodic GC: Disabled

Heap:
 garbage-first heap   total 129024K, used 3072K [0x0000000082000000, 0x0000000100000000)
  region size 1024K, 4 young (4096K), 0 survivors (0K)
 Metaspace       used 3592K, capacity 4715K, committed 4864K, reserved 1056768K
  class space    used 391K, capacity 460K, committed 512K, reserved 1048576K

Heap Regions: E=young(eden), S=young(survivor), O=old, HS=humongous(starts), HC=humongous(continues), CS=collection set, F=free, OA=open archive, CA=closed archive, TAMS=top-at-mark-start (previous, next)
|   0|0x0000000082000000, 0x0000000082000000, 0x0000000082100000|  0%| F|  |TAMS 0x0000000082000000, 0x0000000082000000| Untracked 
|   1|0x0000000082100000, 0x0000000082100000, 0x0000000082200000|  0%| F|  |TAMS 0x0000000082100000, 0x0000000082100000| Untracked 
|   2|0x0000000082200000, 0x0000000082200000, 0x0000000082300000|  0%| F|  |TAMS 0x0000000082200000, 0x0000000082200000| Untracked 
|   3|0x0000000082300000, 0x0000000082300000, 0x0000000082400000|  0%| F|  |TAMS 0x0000000082300000, 0x0000000082300000| Untracked 
|   4|0x0000000082400000, 0x0000000082400000, 0x0000000082500000|  0%| F|  |TAMS 0x0000000082400000, 0x0000000082400000| Untracked 
|   5|0x0000000082500000, 0x0000000082500000, 0x0000000082600000|  0%| F|  |TAMS 0x0000000082500000, 0x0000000082500000| Untracked 
|   6|0x0000000082600000, 0x0000000082600000, 0x0000000082700000|  0%| F|  |TAMS 0x0000000082600000, 0x0000000082600000| Untracked 
|   7|0x0000000082700000, 0x0000000082700000, 0x0000000082800000|  0%| F|  |TAMS 0x0000000082700000, 0x0000000082700000| Untracked 
|   8|0x0000000082800000, 0x0000000082800000, 0x0000000082900000|  0%| F|  |TAMS 0x0000000082800000, 0x0000000082800000| Untracked 
|   9|0x0000000082900000, 0x0000000082900000, 0x0000000082a00000|  0%| F|  |TAMS 0x0000000082900000, 0x0000000082900000| Untracked 
|  10|0x0000000082a00000, 0x0000000082a00000, 0x0000000082b00000|  0%| F|  |TAMS 0x0000000082a00000, 0x0000000082a00000| Untracked 
|  11|0x0000000082b00000, 0x0000000082b00000, 0x0000000082c00000|  0%| F|  |TAMS 0x0000000082b00000, 0x0000000082b00000| Untracked 
|  12|0x0000000082c00000, 0x0000000082c00000, 0x0000000082d00000|  0%| F|  |TAMS 0x0000000082c00000, 0x0000000082c00000| Untracked 
|  13|0x0000000082d00000, 0x0000000082d00000, 0x0000000082e00000|  0%| F|  |TAMS 0x0000000082d00000, 0x0000000082d00000| Untracked 
|  14|0x0000000082e00000, 0x0000000082e00000, 0x0000000082f00000|  0%| F|  |TAMS 0x0000000082e00000, 0x0000000082e00000| Untracked 
|  15|0x0000000082f00000, 0x0000000082f00000, 0x0000000083000000|  0%| F|  |TAMS 0x0000000082f00000, 0x0000000082f00000| Untracked 
|  16|0x0000000083000000, 0x0000000083000000, 0x0000000083100000|  0%| F|  |TAMS 0x0000000083000000, 0x0000000083000000| Untracked 
|  17|0x0000000083100000, 0x0000000083100000, 0x0000000083200000|  0%| F|  |TAMS 0x0000000083100000, 0x0000000083100000| Untracked 
|  18|0x0000000083200000, 0x0000000083200000, 0x0000000083300000|  0%| F|  |TAMS 0x0000000083200000, 0x0000000083200000| Untracked 
|  19|0x0000000083300000, 0x0000000083300000, 0x0000000083400000|  0%| F|  |TAMS 0x0000000083300000, 0x0000000083300000| Untracked 
|  20|0x0000000083400000, 0x0000000083400000, 0x0000000083500000|  0%| F|  |TAMS 0x0000000083400000, 0x0000000083400000| Untracked 
|  21|0x0000000083500000, 0x0000000083500000, 0x0000000083600000|  0%| F|  |TAMS 0x0000000083500000, 0x0000000083500000| Untracked 
|  22|0x0000000083600000, 0x0000000083600000, 0x0000000083700000|  0%| F|  |TAMS 0x0000000083600000, 0x0000000083600000| Untracked 
|  23|0x0000000083700000, 0x0000000083700000, 0x0000000083800000|  0%| F|  |TAMS 0x0000000083700000, 0x0000000083700000| Untracked 
|  24|0x0000000083800000, 0x0000000083800000, 0x0000000083900000|  0%| F|  |TAMS 0x0000000083800000, 0x0000000083800000| Untracked 
|  25|0x0000000083900000, 0x0000000083900000, 0x0000000083a00000|  0%| F|  |TAMS 0x0000000083900000, 0x0000000083900000| Untracked 
|  26|0x0000000083a00000, 0x0000000083a00000, 0x0000000083b00000|  0%| F|  |TAMS 0x0000000083a00000, 0x0000000083a00000| Untracked 
|  27|0x0000000083b00000, 0x0000000083b00000, 0x0000000083c00000|  0%| F|  |TAMS 0x0000000083b00000, 0x0000000083b00000| Untracked 
|  28|0x0000000083c00000, 0x0000000083c00000, 0x0000000083d00000|  0%| F|  |TAMS 0x0000000083c00000, 0x0000000083c00000| Untracked 
|  29|0x0000000083d00000, 0x0000000083d00000, 0x0000000083e00000|  0%| F|  |TAMS 0x0000000083d00000, 0x0000000083d00000| Untracked 
|  30|0x0000000083e00000, 0x0000000083e00000, 0x0000000083f00000|  0%| F|  |TAMS 0x0000000083e00000, 0x0000000083e00000| Untracked 
|  31|0x0000000083f00000, 0x0000000083f00000, 0x0000000084000000|  0%| F|  |TAMS 0x0000000083f00000, 0x0000000083f00000| Untracked 
|  32|0x0000000084000000, 0x0000000084000000, 0x0000000084100000|  0%| F|  |TAMS 0x0000000084000000, 0x0000000084000000| Untracked 
|  33|0x0000000084100000, 0x0000000084100000, 0x0000000084200000|  0%| F|  |TAMS 0x0000000084100000, 0x0000000084100000| Untracked 
|  34|0x0000000084200000, 0x0000000084200000, 0x0000000084300000|  0%| F|  |TAMS 0x0000000084200000, 0x0000000084200000| Untracked 
|  35|0x0000000084300000, 0x0000000084300000, 0x0000000084400000|  0%| F|  |TAMS 0x0000000084300000, 0x0000000084300000| Untracked 
|  36|0x0000000084400000, 0x0000000084400000, 0x0000000084500000|  0%| F|  |TAMS 0x0000000084400000, 0x0000000084400000| Untracked 
|  37|0x0000000084500000, 0x0000000084500000, 0x0000000084600000|  0%| F|  |TAMS 0x0000000084500000, 0x0000000084500000| Untracked 
|  38|0x0000000084600000, 0x0000000084600000, 0x0000000084700000|  0%| F|  |TAMS 0x0000000084600000, 0x0000000084600000| Untracked 
|  39|0x0000000084700000, 0x0000000084700000, 0x0000000084800000|  0%| F|  |TAMS 0x0000000084700000, 0x0000000084700000| Untracked 
|  40|0x0000000084800000, 0x0000000084800000, 0x0000000084900000|  0%| F|  |TAMS 0x0000000084800000, 0x0000000084800000| Untracked 
|  41|0x0000000084900000, 0x0000000084900000, 0x0000000084a00000|  0%| F|  |TAMS 0x0000000084900000, 0x0000000084900000| Untracked 
|  42|0x0000000084a00000, 0x0000000084a00000, 0x0000000084b00000|  0%| F|  |TAMS 0x0000000084a00000, 0x0000000084a00000| Untracked 
|  43|0x0000000084b00000, 0x0000000084b00000, 0x0000000084c00000|  0%| F|  |TAMS 0x0000000084b00000, 0x0000000084b00000| Untracked 
|  44|0x0000000084c00000, 0x0000000084c00000, 0x0000000084d00000|  0%| F|  |TAMS 0x0000000084c00000, 0x0000000084c00000| Untracked 
|  45|0x0000000084d00000, 0x0000000084d00000, 0x0000000084e00000|  0%| F|  |TAMS 0x0000000084d00000, 0x0000000084d00000| Untracked 
|  46|0x0000000084e00000, 0x0000000084e00000, 0x0000000084f00000|  0%| F|  |TAMS 0x0000000084e00000, 0x0000000084e00000| Untracked 
|  47|0x0000000084f00000, 0x0000000084f00000, 0x0000000085000000|  0%| F|  |TAMS 0x0000000084f00000, 0x0000000084f00000| Untracked 
|  48|0x0000000085000000, 0x0000000085000000, 0x0000000085100000|  0%| F|  |TAMS 0x0000000085000000, 0x0000000085000000| Untracked 
|  49|0x0000000085100000, 0x0000000085100000, 0x0000000085200000|  0%| F|  |TAMS 0x0000000085100000, 0x0000000085100000| Untracked 
|  50|0x0000000085200000, 0x0000000085200000, 0x0000000085300000|  0%| F|  |TAMS 0x0000000085200000, 0x0000000085200000| Untracked 
|  51|0x0000000085300000, 0x0000000085300000, 0x0000000085400000|  0%| F|  |TAMS 0x0000000085300000, 0x0000000085300000| Untracked 
|  52|0x0000000085400000, 0x0000000085400000, 0x0000000085500000|  0%| F|  |TAMS 0x0000000085400000, 0x0000000085400000| Untracked 
|  53|0x0000000085500000, 0x0000000085500000, 0x0000000085600000|  0%| F|  |TAMS 0x0000000085500000, 0x0000000085500000| Untracked 
|  54|0x0000000085600000, 0x0000000085600000, 0x0000000085700000|  0%| F|  |TAMS 0x0000000085600000, 0x0000000085600000| Untracked 
|  55|0x0000000085700000, 0x0000000085700000, 0x0000000085800000|  0%| F|  |TAMS 0x0000000085700000, 0x0000000085700000| Untracked 
|  56|0x0000000085800000, 0x0000000085800000, 0x0000000085900000|  0%| F|  |TAMS 0x0000000085800000, 0x0000000085800000| Untracked 
|  57|0x0000000085900000, 0x0000000085900000, 0x0000000085a00000|  0%| F|  |TAMS 0x0000000085900000, 0x0000000085900000| Untracked 
|  58|0x0000000085a00000, 0x0000000085a00000, 0x0000000085b00000|  0%| F|  |TAMS 0x0000000085a00000, 0x0000000085a00000| Untracked 
|  59|0x0000000085b00000, 0x0000000085b00000, 0x0000000085c00000|  0%| F|  |TAMS 0x0000000085b00000, 0x0000000085b00000| Untracked 
|  60|0x0000000085c00000, 0x0000000085c00000, 0x0000000085d00000|  0%| F|  |TAMS 0x0000000085c00000, 0x0000000085c00000| Untracked 
|  61|0x0000000085d00000, 0x0000000085d00000, 0x0000000085e00000|  0%| F|  |TAMS 0x0000000085d00000, 0x0000000085d00000| Untracked 
|  62|0x0000000085e00000, 0x0000000085e00000, 0x0000000085f00000|  0%| F|  |TAMS 0x0000000085e00000, 0x0000000085e00000| Untracked 
|  63|0x0000000085f00000, 0x0000000085f00000, 0x0000000086000000|  0%| F|  |TAMS 0x0000000085f00000, 0x0000000085f00000| Untracked 
|  64|0x0000000086000000, 0x0000000086000000, 0x0000000086100000|  0%| F|  |TAMS 0x0000000086000000, 0x0000000086000000| Untracked 
|  65|0x0000000086100000, 0x0000000086100000, 0x0000000086200000|  0%| F|  |TAMS 0x0000000086100000, 0x0000000086100000| Untracked 
|  66|0x0000000086200000, 0x0000000086200000, 0x0000000086300000|  0%| F|  |TAMS 0x0000000086200000, 0x0000000086200000| Untracked 
|  67|0x0000000086300000, 0x0000000086300000, 0x0000000086400000|  0%| F|  |TAMS 0x0000000086300000, 0x0000000086300000| Untracked 
|  68|0x0000000086400000, 0x0000000086400000, 0x0000000086500000|  0%| F|  |TAMS 0x0000000086400000, 0x0000000086400000| Untracked 
|  69|0x0000000086500000, 0x0000000086500000, 0x0000000086600000|  0%| F|  |TAMS 0x0000000086500000, 0x0000000086500000| Untracked 
|  70|0x0000000086600000, 0x0000000086600000, 0x0000000086700000|  0%| F|  |TAMS 0x0000000086600000, 0x0000000086600000| Untracked 
|  71|0x0000000086700000, 0x0000000086700000, 0x0000000086800000|  0%| F|  |TAMS 0x0000000086700000, 0x0000000086700000| Untracked 
|  72|0x0000000086800000, 0x0000000086800000, 0x0000000086900000|  0%| F|  |TAMS 0x0000000086800000, 0x0000000086800000| Untracked 
|  73|0x0000000086900000, 0x0000000086900000, 0x0000000086a00000|  0%| F|  |TAMS 0x0000000086900000, 0x0000000086900000| Untracked 
|  74|0x0000000086a00000, 0x0000000086a00000, 0x0000000086b00000|  0%| F|  |TAMS 0x0000000086a00000, 0x0000000086a00000| Untracked 
|  75|0x0000000086b00000, 0x0000000086b00000, 0x0000000086c00000|  0%| F|  |TAMS 0x0000000086b00000, 0x0000000086b00000| Untracked 
|  76|0x0000000086c00000, 0x0000000086c00000, 0x0000000086d00000|  0%| F|  |TAMS 0x0000000086c00000, 0x0000000086c00000| Untracked 
|  77|0x0000000086d00000, 0x0000000086d00000, 0x0000000086e00000|  0%| F|  |TAMS 0x0000000086d00000, 0x0000000086d00000| Untracked 
|  78|0x0000000086e00000, 0x0000000086e00000, 0x0000000086f00000|  0%| F|  |TAMS 0x0000000086e00000, 0x0000000086e00000| Untracked 
|  79|0x0000000086f00000, 0x0000000086f00000, 0x0000000087000000|  0%| F|  |TAMS 0x0000000086f00000, 0x0000000086f00000| Untracked 
|  80|0x0000000087000000, 0x0000000087000000, 0x0000000087100000|  0%| F|  |TAMS 0x0000000087000000, 0x0000000087000000| Untracked 
|  81|0x0000000087100000, 0x0000000087100000, 0x0000000087200000|  0%| F|  |TAMS 0x0000000087100000, 0x0000000087100000| Untracked 
|  82|0x0000000087200000, 0x0000000087200000, 0x0000000087300000|  0%| F|  |TAMS 0x0000000087200000, 0x0000000087200000| Untracked 
|  83|0x0000000087300000, 0x0000000087300000, 0x0000000087400000|  0%| F|  |TAMS 0x0000000087300000, 0x0000000087300000| Untracked 
|  84|0x0000000087400000, 0x0000000087400000, 0x0000000087500000|  0%| F|  |TAMS 0x0000000087400000, 0x0000000087400000| Untracked 
|  85|0x0000000087500000, 0x0000000087500000, 0x0000000087600000|  0%| F|  |TAMS 0x0000000087500000, 0x0000000087500000| Untracked 
|  86|0x0000000087600000, 0x0000000087600000, 0x0000000087700000|  0%| F|  |TAMS 0x0000000087600000, 0x0000000087600000| Untracked 
|  87|0x0000000087700000, 0x0000000087700000, 0x0000000087800000|  0%| F|  |TAMS 0x0000000087700000, 0x0000000087700000| Untracked 
|  88|0x0000000087800000, 0x0000000087800000, 0x0000000087900000|  0%| F|  |TAMS 0x0000000087800000, 0x0000000087800000| Untracked 
|  89|0x0000000087900000, 0x0000000087900000, 0x0000000087a00000|  0%| F|  |TAMS 0x0000000087900000, 0x0000000087900000| Untracked 
|  90|0x0000000087a00000, 0x0000000087a00000, 0x0000000087b00000|  0%| F|  |TAMS 0x0000000087a00000, 0x0000000087a00000| Untracked 
|  91|0x0000000087b00000, 0x0000000087b00000, 0x0000000087c00000|  0%| F|  |TAMS 0x0000000087b00000, 0x0000000087b00000| Untracked 
|  92|0x0000000087c00000, 0x0000000087c00000, 0x0000000087d00000|  0%| F|  |TAMS 0x0000000087c00000, 0x0000000087c00000| Untracked 
|  93|0x0000000087d00000, 0x0000000087d00000, 0x0000000087e00000|  0%| F|  |TAMS 0x0000000087d00000, 0x0000000087d00000| Untracked 
|  94|0x0000000087e00000, 0x0000000087e00000, 0x0000000087f00000|  0%| F|  |TAMS 0x0000000087e00000, 0x0000000087e00000| Untracked 
|  95|0x0000000087f00000, 0x0000000087f00000, 0x0000000088000000|  0%| F|  |TAMS 0x0000000087f00000, 0x0000000087f00000| Untracked 
|  96|0x0000000088000000, 0x0000000088000000, 0x0000000088100000|  0%| F|  |TAMS 0x0000000088000000, 0x0000000088000000| Untracked 
|  97|0x0000000088100000, 0x0000000088100000, 0x0000000088200000|  0%| F|  |TAMS 0x0000000088100000, 0x0000000088100000| Untracked 
|  98|0x0000000088200000, 0x0000000088200000, 0x0000000088300000|  0%| F|  |TAMS 0x0000000088200000, 0x0000000088200000| Untracked 
|  99|0x0000000088300000, 0x0000000088300000, 0x0000000088400000|  0%| F|  |TAMS 0x0000000088300000, 0x0000000088300000| Untracked 
| 100|0x0000000088400000, 0x0000000088400000, 0x0000000088500000|  0%| F|  |TAMS 0x0000000088400000, 0x0000000088400000| Untracked 
| 101|0x0000000088500000, 0x0000000088500000, 0x0000000088600000|  0%| F|  |TAMS 0x0000000088500000, 0x0000000088500000| Untracked 
| 102|0x0000000088600000, 0x0000000088600000, 0x0000000088700000|  0%| F|  |TAMS 0x0000000088600000, 0x0000000088600000| Untracked 
| 103|0x0000000088700000, 0x0000000088700000, 0x0000000088800000|  0%| F|  |TAMS 0x0000000088700000, 0x0000000088700000| Untracked 
| 104|0x0000000088800000, 0x0000000088800000, 0x0000000088900000|  0%| F|  |TAMS 0x0000000088800000, 0x0000000088800000| Untracked 
| 105|0x0000000088900000, 0x0000000088900000, 0x0000000088a00000|  0%| F|  |TAMS 0x0000000088900000, 0x0000000088900000| Untracked 
| 106|0x0000000088a00000, 0x0000000088a00000, 0x0000000088b00000|  0%| F|  |TAMS 0x0000000088a00000, 0x0000000088a00000| Untracked 
| 107|0x0000000088b00000, 0x0000000088b00000, 0x0000000088c00000|  0%| F|  |TAMS 0x0000000088b00000, 0x0000000088b00000| Untracked 
| 108|0x0000000088c00000, 0x0000000088c00000, 0x0000000088d00000|  0%| F|  |TAMS 0x0000000088c00000, 0x0000000088c00000| Untracked 
| 109|0x0000000088d00000, 0x0000000088d00000, 0x0000000088e00000|  0%| F|  |TAMS 0x0000000088d00000, 0x0000000088d00000| Untracked 
| 110|0x0000000088e00000, 0x0000000088e00000, 0x0000000088f00000|  0%| F|  |TAMS 0x0000000088e00000, 0x0000000088e00000| Untracked 
| 111|0x0000000088f00000, 0x0000000088f00000, 0x0000000089000000|  0%| F|  |TAMS 0x0000000088f00000, 0x0000000088f00000| Untracked 
| 112|0x0000000089000000, 0x0000000089000000, 0x0000000089100000|  0%| F|  |TAMS 0x0000000089000000, 0x0000000089000000| Untracked 
| 113|0x0000000089100000, 0x0000000089100000, 0x0000000089200000|  0%| F|  |TAMS 0x0000000089100000, 0x0000000089100000| Untracked 
| 114|0x0000000089200000, 0x0000000089200000, 0x0000000089300000|  0%| F|  |TAMS 0x0000000089200000, 0x0000000089200000| Untracked 
| 115|0x0000000089300000, 0x0000000089300000, 0x0000000089400000|  0%| F|  |TAMS 0x0000000089300000, 0x0000000089300000| Untracked 
| 116|0x0000000089400000, 0x0000000089400000, 0x0000000089500000|  0%| F|  |TAMS 0x0000000089400000, 0x0000000089400000| Untracked 
| 117|0x0000000089500000, 0x0000000089500000, 0x0000000089600000|  0%| F|  |TAMS 0x0000000089500000, 0x0000000089500000| Untracked 
| 118|0x0000000089600000, 0x0000000089600000, 0x0000000089700000|  0%| F|  |TAMS 0x0000000089600000, 0x0000000089600000| Untracked 
| 119|0x0000000089700000, 0x0000000089700000, 0x0000000089800000|  0%| F|  |TAMS 0x0000000089700000, 0x0000000089700000| Untracked 
| 120|0x0000000089800000, 0x0000000089800000, 0x0000000089900000|  0%| F|  |TAMS 0x0000000089800000, 0x0000000089800000| Untracked 
| 121|0x0000000089900000, 0x0000000089900000, 0x0000000089a00000|  0%| F|  |TAMS 0x0000000089900000, 0x0000000089900000| Untracked 
| 122|0x0000000089a00000, 0x0000000089aec238, 0x0000000089b00000| 92%| E|  |TAMS 0x0000000089a00000, 0x0000000089a00000| Complete 
| 123|0x0000000089b00000, 0x0000000089c00000, 0x0000000089c00000|100%| E|CS|TAMS 0x0000000089b00000, 0x0000000089b00000| Complete 
| 124|0x0000000089c00000, 0x0000000089d00000, 0x0000000089d00000|100%| E|CS|TAMS 0x0000000089c00000, 0x0000000089c00000| Complete 
| 125|0x0000000089d00000, 0x0000000089e00000, 0x0000000089e00000|100%| E|CS|TAMS 0x0000000089d00000, 0x0000000089d00000| Complete 

Card table byte_map: [0x000001af0f3f0000,0x000001af0f7e0000] _byte_map_base: 0x000001af0efe0000

Marking Bits (Prev, Next): (CMBitMap*) 0x000001af777f2c10, (CMBitMap*) 0x000001af777f2c50
 Prev Bits: [0x000001af0fbd0000, 0x000001af11b50000)
 Next Bits: [0x000001af11b50000, 0x000001af13ad0000)

Polling page: 0x000001af757d0000

Metaspace:

Usage:
  Non-class:      4.16 MB capacity,     3.13 MB ( 75%) used,     1.02 MB ( 25%) free+waste,     5.88 KB ( <1%) overhead. 
      Class:    460.00 KB capacity,   391.52 KB ( 85%) used,    65.66 KB ( 14%) free+waste,     2.81 KB ( <1%) overhead. 
       Both:      4.60 MB capacity,     3.51 MB ( 76%) used,     1.09 MB ( 24%) free+waste,     8.69 KB ( <1%) overhead. 

Virtual space:
  Non-class space:        8.00 MB reserved,       4.25 MB ( 53%) committed 
      Class space:        1.00 GB reserved,     512.00 KB ( <1%) committed 
             Both:        1.01 GB reserved,       4.75 MB ( <1%) committed 

Chunk freelists:
   Non-Class:  0 bytes
       Class:  0 bytes
        Both:  0 bytes

MaxMetaspaceSize: 17179869184.00 GB
CompressedClassSpaceSize: 1.00 GB

CodeHeap 'non-profiled nmethods': size=120000Kb used=121Kb max_used=121Kb free=119879Kb
 bounds [0x000001af07ad0000, 0x000001af07d40000, 0x000001af0f000000]
CodeHeap 'profiled nmethods': size=120000Kb used=588Kb max_used=588Kb free=119411Kb
 bounds [0x000001af005a0000, 0x000001af00810000, 0x000001af07ad0000]
CodeHeap 'non-nmethods': size=5760Kb used=1171Kb max_used=1184Kb free=4588Kb
 bounds [0x000001af00000000, 0x000001af00270000, 0x000001af005a0000]
 total_blobs=845 nmethods=414 adapters=344
 compilation: enabled
              stopped_count=0, restarted_count=0
 full_count=0

Compilation events (20 events):
Event: 0.150 Thread 0x000001af162e67b0 nmethod 404 0x000001af0062a210 code [0x000001af0062a3e0, 0x000001af0062a7b8]
Event: 0.150 Thread 0x000001af162e67b0  405       3       java.lang.StringUTF16::compress (20 bytes)
Event: 0.150 Thread 0x000001af162e67b0 nmethod 405 0x000001af0062a910 code [0x000001af0062aac0, 0x000001af0062ace8]
Event: 0.150 Thread 0x000001af162e67b0  406       3       jdk.internal.org.objectweb.asm.MethodWriter::visitCode (1 bytes)
Event: 0.150 Thread 0x000001af162e67b0 nmethod 406 0x000001af0062ad90 code [0x000001af0062af20, 0x000001af0062b018]
Event: 0.150 Thread 0x000001af162e67b0  407       3       java.lang.invoke.DirectMethodHandle::<init> (147 bytes)
Event: 0.150 Thread 0x000001af162e67b0 nmethod 407 0x000001af0062b090 code [0x000001af0062b340, 0x000001af0062c228]
Event: 0.151 Thread 0x000001af162e67b0  408       3       java.lang.Integer::stringSize (47 bytes)
Event: 0.151 Thread 0x000001af162e67b0 nmethod 408 0x000001af0062c710 code [0x000001af0062c8c0, 0x000001af0062caf8]
Event: 0.151 Thread 0x000001af162e67b0  409       3       java.lang.Integer::getChars (131 bytes)
Event: 0.151 Thread 0x000001af162e67b0 nmethod 409 0x000001af0062cb90 code [0x000001af0062cd60, 0x000001af0062d198]
Event: 0.151 Thread 0x000001af162e67b0  412       3       jdk.internal.org.objectweb.asm.Attribute::computeAttributesSize (62 bytes)
Event: 0.151 Thread 0x000001af162e67b0 nmethod 412 0x000001af0062d410 code [0x000001af0062d5e0, 0x000001af0062d908]
Event: 0.151 Thread 0x000001af162e67b0  413       3       jdk.internal.org.objectweb.asm.AnnotationWriter::computeAnnotationsSize (66 bytes)
Event: 0.151 Thread 0x000001af162e67b0 nmethod 413 0x000001af0062da90 code [0x000001af0062dc80, 0x000001af0062df98]
Event: 0.151 Thread 0x000001af162e67b0  410       3       jdk.internal.org.objectweb.asm.MethodWriter::visitLabel (328 bytes)
Event: 0.151 Thread 0x000001af162e67b0 nmethod 410 0x000001af0062e190 code [0x000001af0062e3e0, 0x000001af0062f0a8]
Event: 0.151 Thread 0x000001af162e67b0  411       3       jdk.internal.org.objectweb.asm.MethodWriter::endCurrentBasicBlockWithNoSuccessor (94 bytes)
Event: 0.152 Thread 0x000001af162e67b0 nmethod 411 0x000001af0062f310 code [0x000001af0062f500, 0x000001af0062fb68]
Event: 0.263 Thread 0x000001af162e67b0  414       3       java.lang.invoke.MethodHandles$Lookup::in (280 bytes)

GC Heap History (0 events):
No events

Deoptimization events (4 events):
Event: 0.056 Thread 0x000001af7562e350 Uncommon trap: trap_request=0xffffff45 fr.pc=0x000001af07ad403c relative=0x000000000000021c
Event: 0.056 Thread 0x000001af7562e350 Uncommon trap: reason=unstable_if action=reinterpret pc=0x000001af07ad403c method=java.lang.String.hashCode()I @ 13 c2
Event: 0.056 Thread 0x000001af7562e350 DEOPT PACKING pc=0x000001af07ad403c sp=0x0000000eccbfcec0
Event: 0.056 Thread 0x000001af7562e350 DEOPT UNPACKING pc=0x000001af0004e42f sp=0x0000000eccbfce58 mode 2

Classes unloaded (0 events):
No events

Classes redefined (0 events):
No events

Internal exceptions (9 events):
Event: 0.047 Thread 0x000001af7562e350 Exception <a 'java/lang/NoSuchMethodError'{0x0000000089c272a8}: 'void java.lang.invoke.DirectMethodHandle$Holder.invokeSpecial(java.lang.Object, java.lang.Object, java.lang.Object)'> (0x0000000089c272a8) 
thrown [./open/src/hotspot/share/interpreter/linkResolver.cpp, line 782]
Event: 0.056 Thread 0x000001af7562e350 Exception <a 'java/lang/ClassNotFoundException'{0x0000000089c47410}: sun/awt/resources/spi/awtProvider> (0x0000000089c47410) 
thrown [./open/src/hotspot/share/classfile/systemDictionary.cpp, line 295]
Event: 0.074 Thread 0x000001af7562e350 Exception <a 'java/io/FileNotFoundException'{0x0000000089ca3058}> (0x0000000089ca3058) 
thrown [./open/src/hotspot/share/prims/jni.cpp, line 578]
Event: 0.082 Thread 0x000001af7562e350 Exception <a 'java/io/FileNotFoundException'{0x0000000089cd18e8}> (0x0000000089cd18e8) 
thrown [./open/src/hotspot/share/prims/jni.cpp, line 578]
Event: 0.083 Thread 0x000001af7562e350 Exception <a 'java/lang/NoSuchMethodError'{0x0000000089cd2ae0}: 'java.lang.Object java.lang.invoke.DirectMethodHandle$Holder.invokeStatic(java.lang.Object)'> (0x0000000089cd2ae0) 
thrown [./open/src/hotspot/share/interpreter/linkResolver.cpp, line 782]
Event: 0.105 Thread 0x000001af7562e350 Exception <a 'java/lang/NoSuchMethodError'{0x0000000089b2bb20}: 'java.lang.Object java.lang.invoke.DirectMethodHandle$Holder.invokeStaticInit(java.lang.Object)'> (0x0000000089b2bb20) 
thrown [./open/src/hotspot/share/interpreter/linkResolver.cpp, line 782]
Event: 0.129 Thread 0x000001af7562e350 Exception <a 'java/lang/NoSuchMethodError'{0x0000000089bf6278}: 'java.lang.Object java.lang.invoke.DirectMethodHandle$Holder.newInvokeSpecial(java.lang.Object, java.lang.Object, java.lang.Object, java.lang.Object, java.lang.Object)'> (0x0000000089bf6278) 
thrown [./open/src/hotspot/share/interpreter/linkResolver.cpp, line 782]
Event: 0.130 Thread 0x000001af7562e350 Exception <a 'java/lang/NoSuchMethodError'{0x0000000089a02270}: 'java.lang.Object java.lang.invoke.DirectMethodHandle$Holder.invokeStatic(java.lang.Object, int, java.lang.Object, java.lang.Object, java.lang.Object, java.lang.Object)'> (0x0000000089a02270) 
thrown [./open/src/hotspot/share/interpreter/linkResolver.cpp, line 782]
Event: 0.134 Thread 0x000001af7562e350 Exception <a 'java/lang/NoSuchMethodError'{0x0000000089a28270}: 'java.lang.Object java.lang.invoke.DirectMethodHandle$Holder.invokeStatic(java.lang.Object, int, java.lang.Object)'> (0x0000000089a28270) 
thrown [./open/src/hotspot/share/interpreter/linkResolver.cpp, line 782]

Events (20 events):
Event: 0.263 loading class javax/swing/plaf/metal/OceanTheme$3 done
Event: 0.263 loading class javax/swing/plaf/metal/OceanTheme$4
Event: 0.263 loading class javax/swing/plaf/metal/OceanTheme$4 done
Event: 0.263 loading class javax/swing/plaf/metal/OceanTheme$5
Event: 0.264 loading class javax/swing/plaf/metal/OceanTheme$5 done
Event: 0.264 loading class javax/swing/plaf/metal/OceanTheme$6
Event: 0.264 loading class javax/swing/plaf/metal/OceanTheme$6 done
Event: 0.264 loading class javax/swing/RepaintManager
Event: 0.264 loading class javax/swing/RepaintManager done
Event: 0.264 loading class javax/swing/RepaintManager$DisplayChangedHandler
Event: 0.264 loading class javax/swing/RepaintManager$DisplayChangedHandler done
Event: 0.264 loading class javax/swing/RepaintManager$1
Event: 0.264 loading class sun/swing/SwingAccessor$RepaintManagerAccessor
Event: 0.264 loading class sun/swing/SwingAccessor$RepaintManagerAccessor done
Event: 0.264 loading class javax/swing/RepaintManager$1 done
Event: 0.264 loading class javax/swing/SwingPaintEventDispatcher
Event: 0.264 loading class sun/awt/PaintEventDispatcher
Event: 0.264 loading class sun/awt/PaintEventDispatcher done
Event: 0.264 loading class javax/swing/SwingPaintEventDispatcher done
Event: 0.264 loading class java/awt/KeyboardFocusManager


Dynamic libraries:
0x00007ff665530000 - 0x00007ff66553f000 	C:\Program Files\Java\jdk-15.0.2\bin\java.exe
0x00007fff5f150000 - 0x00007fff5f345000 	C:\WINDOWS\SYSTEM32\ntdll.dll
0x00007fff5d9c0000 - 0x00007fff5da7e000 	C:\WINDOWS\System32\KERNEL32.DLL
0x00007fff5ce10000 - 0x00007fff5d0d8000 	C:\WINDOWS\System32\KERNELBASE.dll
0x00007fff5ccc0000 - 0x00007fff5cdc0000 	C:\WINDOWS\System32\ucrtbase.dll
0x00007fff55ae0000 - 0x00007fff55af8000 	C:\Program Files\Java\jdk-15.0.2\bin\jli.dll
0x00007fff55d00000 - 0x00007fff55d19000 	C:\Program Files\Java\jdk-15.0.2\bin\VCRUNTIME140.dll
0x00007fff5d540000 - 0x00007fff5d5ec000 	C:\WINDOWS\System32\ADVAPI32.dll
0x00007fff5da80000 - 0x00007fff5db1e000 	C:\WINDOWS\System32\msvcrt.dll
0x00007fff5f070000 - 0x00007fff5f10b000 	C:\WINDOWS\System32\sechost.dll
0x00007fff5d890000 - 0x00007fff5d9ba000 	C:\WINDOWS\System32\RPCRT4.dll
0x00007fff5d390000 - 0x00007fff5d531000 	C:\WINDOWS\System32\USER32.dll
0x00007fff5d0e0000 - 0x00007fff5d102000 	C:\WINDOWS\System32\win32u.dll
0x00007fff45cc0000 - 0x00007fff45f5a000 	C:\WINDOWS\WinSxS\amd64_microsoft.windows.common-controls_6595b64144ccf1df_6.0.19041.1110_none_60b5254171f9507e\COMCTL32.dll
0x00007fff5d1a0000 - 0x00007fff5d1cb000 	C:\WINDOWS\System32\GDI32.dll
0x00007fff5c9d0000 - 0x00007fff5cadb000 	C:\WINDOWS\System32\gdi32full.dll
0x00007fff5cb70000 - 0x00007fff5cc0d000 	C:\WINDOWS\System32\msvcp_win.dll
0x00007fff590d0000 - 0x00007fff590da000 	C:\WINDOWS\SYSTEM32\VERSION.dll
0x00007fff5d5f0000 - 0x00007fff5d620000 	C:\WINDOWS\System32\IMM32.DLL
0x00007fff56470000 - 0x00007fff5647c000 	C:\Program Files\Java\jdk-15.0.2\bin\vcruntime140_1.dll
0x00007fff10470000 - 0x00007fff10501000 	C:\Program Files\Java\jdk-15.0.2\bin\msvcp140.dll
0x00007fff03be0000 - 0x00007fff0473e000 	C:\Program Files\Java\jdk-15.0.2\bin\server\jvm.dll
0x00007fff5e260000 - 0x00007fff5e268000 	C:\WINDOWS\System32\PSAPI.DLL
0x00007fff394c0000 - 0x00007fff394c9000 	C:\WINDOWS\SYSTEM32\WSOCK32.dll
0x00007fff5e930000 - 0x00007fff5e99b000 	C:\WINDOWS\System32\WS2_32.dll
0x00007fff42ec0000 - 0x00007fff42ee7000 	C:\WINDOWS\SYSTEM32\WINMM.dll
0x00007fff5a950000 - 0x00007fff5a962000 	C:\WINDOWS\SYSTEM32\kernel.appcore.dll
0x00007fff55cf0000 - 0x00007fff55cfa000 	C:\Program Files\Java\jdk-15.0.2\bin\jimage.dll
0x00007fff5a670000 - 0x00007fff5a854000 	C:\WINDOWS\SYSTEM32\DBGHELP.DLL
0x00007fff3a520000 - 0x00007fff3a54c000 	C:\WINDOWS\SYSTEM32\dbgcore.DLL
0x00007fff5d110000 - 0x00007fff5d193000 	C:\WINDOWS\System32\bcryptPrimitives.dll
0x00007fff2a5f0000 - 0x00007fff2a615000 	C:\Program Files\Java\jdk-15.0.2\bin\java.dll
0x00007fff5db20000 - 0x00007fff5e25f000 	C:\WINDOWS\System32\SHELL32.dll
0x00007fff5a970000 - 0x00007fff5b100000 	C:\WINDOWS\SYSTEM32\windows.storage.dll
0x00007fff5e440000 - 0x00007fff5e795000 	C:\WINDOWS\System32\combase.dll
0x00007fff5c2c0000 - 0x00007fff5c2ee000 	C:\WINDOWS\SYSTEM32\Wldp.dll
0x00007fff5d280000 - 0x00007fff5d32d000 	C:\WINDOWS\System32\SHCORE.dll
0x00007fff5e7a0000 - 0x00007fff5e7f5000 	C:\WINDOWS\System32\shlwapi.dll
0x00007fff5c7b0000 - 0x00007fff5c7cf000 	C:\WINDOWS\SYSTEM32\profapi.dll
0x00007fff0c9f0000 - 0x00007fff0cb70000 	C:\Program Files\Java\jdk-15.0.2\bin\awt.dll
0x00007fff5e860000 - 0x00007fff5e92d000 	C:\WINDOWS\System32\OLEAUT32.dll
0x00007fff59180000 - 0x00007fff59210000 	C:\WINDOWS\SYSTEM32\apphelp.dll
0x00007fff59350000 - 0x00007fff593ee000 	C:\WINDOWS\system32\uxtheme.dll
0x00007fff5d690000 - 0x00007fff5d7a5000 	C:\WINDOWS\System32\MSCTF.dll
0x00007fff5e9b0000 - 0x00007fff5eada000 	C:\WINDOWS\System32\ole32.dll

dbghelp: loaded successfully - version: 4.0.5 - missing functions: none
symbol engine: initialized successfully - sym options: 0x614 - pdb path: .;C:\Program Files\Java\jdk-15.0.2\bin;C:\WINDOWS\SYSTEM32;C:\WINDOWS\WinSxS\amd64_microsoft.windows.common-controls_6595b64144ccf1df_6.0.19041.1110_none_60b5254171f9507e;C:\Program Files\Java\jdk-15.0.2\bin\server

VM Arguments:
java_command: project5.mavenproject5.login
java_class_path (initial): C:\Users\hp\Documents\NetBeansProjects\mavenproject5\target\classes
Launcher Type: SUN_STANDARD

[Global flags]
     intx CICompilerCount                          = 4                                         {product} {ergonomic}
     uint ConcGCThreads                            = 2                                         {product} {ergonomic}
     uint G1ConcRefinementThreads                  = 8                                         {product} {ergonomic}
   size_t G1HeapRegionSize                         = 1048576                                   {product} {ergonomic}
    uintx GCDrainStackTargetSize                   = 64                                        {product} {ergonomic}
   size_t InitialHeapSize                          = 132120576                                 {product} {ergonomic}
   size_t MarkStackSize                            = 4194304                                   {product} {ergonomic}
   size_t MaxHeapSize                              = 2113929216                                {product} {ergonomic}
   size_t MaxNewSize                               = 1267728384                                {product} {ergonomic}
   size_t MinHeapDeltaBytes                        = 1048576                                   {product} {ergonomic}
   size_t MinHeapSize                              = 8388608                                   {product} {ergonomic}
    uintx NonNMethodCodeHeapSize                   = 5839372                                {pd product} {ergonomic}
    uintx NonProfiledCodeHeapSize                  = 122909434                              {pd product} {ergonomic}
    uintx ProfiledCodeHeapSize                     = 122909434                              {pd product} {ergonomic}
    uintx ReservedCodeCacheSize                    = 251658240                              {pd product} {ergonomic}
     bool SegmentedCodeCache                       = true                                      {product} {ergonomic}
   size_t SoftMaxHeapSize                          = 2113929216                             {manageable} {ergonomic}
     bool UseCompressedClassPointers               = true                                 {lp64_product} {ergonomic}
     bool UseCompressedOops                        = true                                 {lp64_product} {ergonomic}
     bool UseG1GC                                  = true                                      {product} {ergonomic}
     bool UseLargePagesIndividualAllocation        = false                                  {pd product} {ergonomic}

Logging:
Log output configuration:
 #0: stdout all=warning uptime,level,tags
 #1: stderr all=off uptime,level,tags

Environment Variables:
JAVA_HOME=C:\Program Files\Java\jdk-15.0.2
PATH=C:\app\hp\product\21c\dbhomeXE\bin;C:\Program Files\National Instruments\Shared\OpenVINO\;C:\Program Files\Common Files\Oracle\Java\javapath;C:\Program Files (x86)\Common Files\Oracle\Java\javapath;C:\Windows\system32;C:\Windows;C:\Windows\System32\Wbem;C:\Windows\System32\WindowsPowerShell\v1.0\;C:\Windows\System32\OpenSSH\;C:\Program Files (x86)\NVIDIA Corporation\PhysX\Common;c:\Program Files (x86)\Microsoft SQL Server\100\Tools\Binn\;c:\Program Files\Microsoft SQL Server\100\Tools\Binn\;c:\Program Files\Microsoft SQL Server\100\DTS\Binn\;C:\Program Files\dotnet\;C:\Program Files\Microsoft SQL Server\130\Tools\Binn\;C:\Program Files\Microsoft SQL Server\Client SDK\ODBC\170\Tools\Binn\;C:\WINDOWS\system32;C:\WINDOWS;C:\WINDOWS\System32\Wbem;C:\WINDOWS\System32\WindowsPowerShell\v1.0\;C:\WINDOWS\System32\OpenSSH\;C:\Program Files\Java\jdk-15.0.2\bin;C:\f\flutter\bin;C:\Program Files\Dart\dart-sdk\bin;C:\Program Files (x86)\Microsoft SQL Server\110\Tools\Binn\;C:\Program Files (x86)\Microsoft SQL Server\110\DTS\Binn\;C:\Program Files (x86)\National Instruments\Shared\LabVIEW CLI;C:\Program Files\Java\java-se-8u41-ri\bin;C:\Program Files\Git\cmd;C:\Users\hp\AppData\Local\Microsoft\WindowsApps;C:\f\flutter\bin;
USERNAME=hp
OS=Windows_NT
PROCESSOR_IDENTIFIER=Intel64 Family 6 Model 142 Stepping 12, GenuineIntel



---------------  S Y S T E M  ---------------

OS:
 Windows 10 , 64 bit Build 19041 (10.0.19041.1348)
OS uptime: 0 days 22:34 hours

CPU: total 8 (initial active 8) (4 cores per cpu, 2 threads per core) family 6 model 142 stepping 12 microcode 0xb8, cmov, cx8, fxsr, mmx, sse, sse2, sse3, ssse3, sse4.1, sse4.2, popcnt, vzeroupper, avx, avx2, aes, clmul, erms, 3dnowpref, lzcnt, ht, tsc, tscinvbit, bmi1, bmi2, adx, fma, clflush, clflushopt

Memory: 4k page, system-wide physical 8062M (2354M free)
TotalPageFile size 9951M (AvailPageFile size 0M)
current process WorkingSet (physical memory assigned to process): 41M, peak: 41M
current process commit charge ("private bytes"): 214M, peak: 214M

vm_info: Java HotSpot(TM) 64-Bit Server VM (15.0.2+7-27) for windows-amd64 JRE (15.0.2+7-27), built on Dec  7 2020 20:07:01 by "mach5one" with unknown MS VC++:1925

END.
