#
# There is insufficient memory for the Java Runtime Environment to continue.
# Native memory allocation (malloc) failed to allocate 334656 bytes for Chunk::new
# Possible reasons:
#   The system is out of physical RAM or swap space
#   The process is running with CompressedOops enabled, and the Java Heap may be blocking the growth of the native heap
# Possible solutions:
#   Reduce memory load on the system
#   Increase physical memory or swap space
#   Check if swap backing store is full
#   Decrease Java heap size (-Xmx/-Xms)
#   Decrease number of Java threads
#   Decrease Java thread stack sizes (-Xss)
#   Set larger code cache with -XX:ReservedCodeCacheSize=
#   JVM is running with Unscaled Compressed Oops mode in which the Java heap is
#     placed in the first 4GB address space. The Java Heap base address is the
#     maximum limit for the native heap growth. Please use -XX:HeapBaseMinAddress
#     to set the Java Heap base and to place the Java Heap above 4GB virtual address.
# This output file may be truncated or incomplete.
#
#  Out of Memory Error (./open/src/hotspot/share/memory/arena.cpp:195), pid=13376, tid=1408
#
# JRE version: Java(TM) SE Runtime Environment (15.0.2+7) (build 15.0.2+7-27)
# Java VM: Java HotSpot(TM) 64-Bit Server VM (15.0.2+7-27, mixed mode, sharing, tiered, compressed oops, g1 gc, windows-amd64)
# No core dump will be written. Minidumps are not enabled by default on client versions of Windows
#

---------------  S U M M A R Y ------------

Command Line: project5.mavenproject5.Add_Patient

Host: Intel(R) Core(TM) i7-8565U CPU @ 1.80GHz, 8 cores, 7G,  Windows 10 , 64 bit Build 19041 (10.0.19041.1348)
Time: Tue Nov 30 16:04:39 2021 Jerusalem Standard Time elapsed time: 0.942731 seconds (0d 0h 0m 0s)

---------------  T H R E A D  ---------------

Current thread (0x000001eefc4b36e0):  JavaThread "C2 CompilerThread0" daemon [_thread_in_native, id=1408, stack(0x000000358a300000,0x000000358a400000)]


Current CompileTask:
C2:    942 2054 % !   4       com.sun.crypto.provider.PBKDF2KeyImpl::deriveKey @ 191 (295 bytes)

Stack: [0x000000358a300000,0x000000358a400000]
Native frames: (J=compiled Java code, j=interpreted, Vv=VM code, C=native code)
V  [jvm.dll+0x62ae9a]
V  [jvm.dll+0x7817a9]
V  [jvm.dll+0x782f03]
V  [jvm.dll+0x783563]
V  [jvm.dll+0x216325]
V  [jvm.dll+0x97f3a]
V  [jvm.dll+0x9861c]
V  [jvm.dll+0x279f9f]
V  [jvm.dll+0x540794]
V  [jvm.dll+0x1f3124]
V  [jvm.dll+0x1ecaf1]
V  [jvm.dll+0x1e9867]
V  [jvm.dll+0x178567]
V  [jvm.dll+0x1f9225]
V  [jvm.dll+0x1f72cc]
V  [jvm.dll+0x74495d]
V  [jvm.dll+0x73d75a]
V  [jvm.dll+0x629c56]
C  [ucrtbase.dll+0x21bb2]
C  [KERNEL32.DLL+0x17034]
C  [ntdll.dll+0x52651]


---------------  P R O C E S S  ---------------

Threads class SMR info:
_java_thread_list=0x000001eefe24d020, length=21, elements={
0x000001eefc495a40, 0x000001eefc496520, 0x000001eefc4ae5a0, 0x000001eefc4b0f70,
0x000001eefc4b1930, 0x000001eefc4b36e0, 0x000001eefc4b55a0, 0x000001eefc4bb8a0,
0x000001eefceeeb90, 0x000001eefcef89e0, 0x000001eefd1ab8b0, 0x000001eefd15b160,
0x000001eefd15b630, 0x000001eefd1f5770, 0x000001eedda360f0, 0x000001eefdf4b030,
0x000001eefe133d50, 0x000001eefe42e6d0, 0x000001eefe230640, 0x000001eefe27b310,
0x000001eefe270a10
}

Java Threads: ( => current thread )
  0x000001eefc495a40 JavaThread "Reference Handler" daemon [_thread_blocked, id=3544, stack(0x0000003589e00000,0x0000003589f00000)]
  0x000001eefc496520 JavaThread "Finalizer" daemon [_thread_blocked, id=4152, stack(0x0000003589f00000,0x000000358a000000)]
  0x000001eefc4ae5a0 JavaThread "Signal Dispatcher" daemon [_thread_blocked, id=13720, stack(0x000000358a000000,0x000000358a100000)]
  0x000001eefc4b0f70 JavaThread "Attach Listener" daemon [_thread_blocked, id=10904, stack(0x000000358a100000,0x000000358a200000)]
  0x000001eefc4b1930 JavaThread "Service Thread" daemon [_thread_blocked, id=12448, stack(0x000000358a200000,0x000000358a300000)]
=>0x000001eefc4b36e0 JavaThread "C2 CompilerThread0" daemon [_thread_in_native, id=1408, stack(0x000000358a300000,0x000000358a400000)]
  0x000001eefc4b55a0 JavaThread "C1 CompilerThread0" daemon [_thread_blocked, id=12928, stack(0x000000358a400000,0x000000358a500000)]
  0x000001eefc4bb8a0 JavaThread "Sweeper thread" daemon [_thread_blocked, id=10512, stack(0x000000358a500000,0x000000358a600000)]
  0x000001eefceeeb90 JavaThread "Notification Thread" daemon [_thread_blocked, id=13184, stack(0x000000358a600000,0x000000358a700000)]
  0x000001eefcef89e0 JavaThread "Common-Cleaner" daemon [_thread_blocked, id=12172, stack(0x000000358a800000,0x000000358a900000)]
  0x000001eefd1ab8b0 JavaThread "Java2D Disposer" daemon [_thread_blocked, id=12116, stack(0x000000358a900000,0x000000358aa00000)]
  0x000001eefd15b160 JavaThread "AWT-Shutdown" [_thread_blocked, id=5472, stack(0x000000358aa00000,0x000000358ab00000)]
  0x000001eefd15b630 JavaThread "AWT-Windows" daemon [_thread_in_native, id=12524, stack(0x000000358ab00000,0x000000358ac00000)]
  0x000001eefd1f5770 JavaThread "AWT-EventQueue-0" [_thread_blocked, id=12944, stack(0x000000358ac00000,0x000000358ad00000)]
  0x000001eedda360f0 JavaThread "DestroyJavaVM" [_thread_blocked, id=10012, stack(0x0000003589700000,0x0000003589800000)]
  0x000001eefdf4b030 JavaThread "C2 CompilerThread1" daemon [_thread_blocked, id=12560, stack(0x000000358ad00000,0x000000358ae00000)]
  0x000001eefe133d50 JavaThread "TimerQueue" daemon [_thread_blocked, id=5740, stack(0x000000358ae00000,0x000000358af00000)]
  0x000001eefe42e6d0 JavaThread "Image Fetcher 0" daemon [_thread_blocked, id=12544, stack(0x000000358af00000,0x000000358b000000)]
  0x000001eefe230640 JavaThread "Timer-0" daemon [_thread_blocked, id=8200, stack(0x000000358b000000,0x000000358b100000)]
  0x000001eefe27b310 JavaThread "oracle.jdbc.driver.BlockSource.ThreadedCachingBlockSource.BlockReleaser" daemon [_thread_blocked, id=5736, stack(0x000000358b100000,0x000000358b200000)]
  0x000001eefe270a10 JavaThread "InterruptTimer" daemon [_thread_blocked, id=4700, stack(0x000000358b900000,0x000000358ba00000)]

Other Threads:
  0x000001eefc4942b0 VMThread "VM Thread" [stack: 0x0000003589d00000,0x0000003589e00000] [id=13768]
  0x000001eefcef7eb0 WatcherThread [stack: 0x000000358a700000,0x000000358a800000] [id=5208]
  0x000001eedda750f0 GCTaskThread "GC Thread#0" [stack: 0x0000003589800000,0x0000003589900000] [id=13628]
  0x000001eefe300ca0 GCTaskThread "GC Thread#1" [stack: 0x000000358b200000,0x000000358b300000] [id=13912]
  0x000001eefe2fe660 GCTaskThread "GC Thread#2" [stack: 0x000000358b300000,0x000000358b400000] [id=3900]
  0x000001eefe301c90 GCTaskThread "GC Thread#3" [stack: 0x000000358b400000,0x000000358b500000] [id=8720]
  0x000001eefe301fc0 GCTaskThread "GC Thread#4" [stack: 0x000000358b500000,0x000000358b600000] [id=12156]
  0x000001eefe2fe990 GCTaskThread "GC Thread#5" [stack: 0x000000358b600000,0x000000358b700000] [id=8300]
  0x000001eedda86d60 ConcurrentGCThread "G1 Main Marker" [stack: 0x0000003589900000,0x0000003589a00000] [id=14048]
  0x000001eedda88000 ConcurrentGCThread "G1 Conc#0" [stack: 0x0000003589a00000,0x0000003589b00000] [id=5400]
  0x000001eefe301300 ConcurrentGCThread "G1 Conc#1" [stack: 0x000000358ba00000,0x000000358bb00000] [id=11680]
  0x000001eeddb00260 ConcurrentGCThread "G1 Refine#0" [stack: 0x0000003589b00000,0x0000003589c00000] [id=10580]
  0x000001eefe0d7e90 ConcurrentGCThread "G1 Refine#1" [stack: 0x000000358b700000,0x000000358b800000] [id=13204]
  0x000001eefd156140 ConcurrentGCThread "G1 Refine#2" [stack: 0x000000358b800000,0x000000358b900000] [id=9588]
  0x000001eeddb00d70 ConcurrentGCThread "G1 Young RemSet Sampling" [stack: 0x0000003589c00000,0x0000003589d00000] [id=12212]

Threads with active compile tasks:
C2 CompilerThread0     1109 2054 % !   4       com.sun.crypto.provider.PBKDF2KeyImpl::deriveKey @ 191 (295 bytes)

VM state: not at safepoint (normal execution)

VM Mutex/Monitor currently owned by a thread: None

Heap address: 0x0000000082000000, size: 2016 MB, Compressed Oops mode: 32-bit
CDS archive(s) mapped at: [0x0000000800000000-0x0000000800b50000-0x0000000800b50000), size 11862016, SharedBaseAddress: 0x0000000800000000, ArchiveRelocationMode: 0.
Compressed class space mapped at: 0x0000000800b50000-0x0000000840b50000, size: 1073741824
Narrow klass base: 0x0000000800000000, Narrow klass shift: 3, Narrow klass range: 0x100000000

GC Precious Log:
 CPUs: 8 total, 8 available
 Memory: 8062M
 Large Page Support: Disabled
 NUMA Support: Disabled
 Compressed Oops: Enabled (32-bit)
 Heap Region Size: 1M
 Heap Min Capacity: 8M
 Heap Initial Capacity: 126M
 Heap Max Capacity: 2016M
 Pre-touch: Disabled
 Parallel Workers: 8
 Concurrent Workers: 2
 Concurrent Refinement Workers: 8
 Periodic GC: Disabled

Heap:
 garbage-first heap   total 40960K, used 20020K [0x0000000082000000, 0x0000000100000000)
  region size 1024K, 11 young (11264K), 2 survivors (2048K)
 Metaspace       used 22866K, capacity 23125K, committed 23296K, reserved 1077248K
  class space    used 2706K, capacity 2791K, committed 2816K, reserved 1048576K

Heap Regions: E=young(eden), S=young(survivor), O=old, HS=humongous(starts), HC=humongous(continues), CS=collection set, F=free, OA=open archive, CA=closed archive, TAMS=top-at-mark-start (previous, next)
|   0|0x0000000082000000, 0x0000000082100000, 0x0000000082100000|100%|HS|  |TAMS 0x0000000082100000, 0x0000000082000000| Complete 
|   1|0x0000000082100000, 0x0000000082200000, 0x0000000082200000|100%|HC|  |TAMS 0x0000000082200000, 0x0000000082100000| Complete 
|   2|0x0000000082200000, 0x0000000082300000, 0x0000000082300000|100%|HC|  |TAMS 0x0000000082300000, 0x0000000082200000| Complete 
|   3|0x0000000082300000, 0x0000000082400000, 0x0000000082400000|100%| O|  |TAMS 0x0000000082400000, 0x0000000082300000| Untracked 
|   4|0x0000000082400000, 0x0000000082500000, 0x0000000082500000|100%| O|  |TAMS 0x00000000824ecc00, 0x0000000082400000| Untracked 
|   5|0x0000000082500000, 0x0000000082600000, 0x0000000082600000|100%| O|  |TAMS 0x0000000082500000, 0x0000000082500000| Untracked 
|   6|0x0000000082600000, 0x0000000082700000, 0x0000000082700000|100%| O|  |TAMS 0x0000000082600000, 0x0000000082600000| Untracked 
|   7|0x0000000082700000, 0x0000000082800000, 0x0000000082800000|100%| O|  |TAMS 0x0000000082700000, 0x0000000082700000| Untracked 
|   8|0x0000000082800000, 0x000000008281de00, 0x0000000082900000| 11%| O|  |TAMS 0x0000000082800000, 0x0000000082800000| Untracked 
|   9|0x0000000082900000, 0x0000000082a00000, 0x0000000082a00000|100%|HS|  |TAMS 0x0000000082900000, 0x0000000082900000| Complete 
|  10|0x0000000082a00000, 0x0000000082b00000, 0x0000000082b00000|100%|HC|  |TAMS 0x0000000082a00000, 0x0000000082a00000| Complete 
|  11|0x0000000082b00000, 0x0000000082c00000, 0x0000000082c00000|100%|HC|  |TAMS 0x0000000082b00000, 0x0000000082b00000| Complete 
|  12|0x0000000082c00000, 0x0000000082c00000, 0x0000000082d00000|  0%| F|  |TAMS 0x0000000082c00000, 0x0000000082c00000| Untracked 
|  13|0x0000000082d00000, 0x0000000082d00000, 0x0000000082e00000|  0%| F|  |TAMS 0x0000000082d00000, 0x0000000082d00000| Untracked 
|  14|0x0000000082e00000, 0x0000000082e00000, 0x0000000082f00000|  0%| F|  |TAMS 0x0000000082e00000, 0x0000000082e00000| Untracked 
|  15|0x0000000082f00000, 0x0000000082f00000, 0x0000000083000000|  0%| F|  |TAMS 0x0000000082f00000, 0x0000000082f00000| Untracked 
|  16|0x0000000083000000, 0x0000000083000000, 0x0000000083100000|  0%| F|  |TAMS 0x0000000083000000, 0x0000000083000000| Untracked 
|  17|0x0000000083100000, 0x0000000083100000, 0x0000000083200000|  0%| F|  |TAMS 0x0000000083100000, 0x0000000083100000| Untracked 
|  18|0x0000000083200000, 0x0000000083200000, 0x0000000083300000|  0%| F|  |TAMS 0x0000000083200000, 0x0000000083200000| Untracked 
|  19|0x0000000083300000, 0x0000000083300000, 0x0000000083400000|  0%| F|  |TAMS 0x0000000083300000, 0x0000000083300000| Untracked 
|  20|0x0000000083400000, 0x0000000083400000, 0x0000000083500000|  0%| F|  |TAMS 0x0000000083400000, 0x0000000083400000| Untracked 
|  21|0x0000000083500000, 0x0000000083500000, 0x0000000083600000|  0%| F|  |TAMS 0x0000000083500000, 0x0000000083500000| Untracked 
|  22|0x0000000083600000, 0x0000000083600000, 0x0000000083700000|  0%| F|  |TAMS 0x0000000083600000, 0x0000000083600000| Untracked 
|  23|0x0000000083700000, 0x0000000083700000, 0x0000000083800000|  0%| F|  |TAMS 0x0000000083700000, 0x0000000083700000| Untracked 
|  24|0x0000000083800000, 0x0000000083800000, 0x0000000083900000|  0%| F|  |TAMS 0x0000000083800000, 0x0000000083800000| Untracked 
|  25|0x0000000083900000, 0x0000000083900000, 0x0000000083a00000|  0%| F|  |TAMS 0x0000000083900000, 0x0000000083900000| Untracked 
|  26|0x0000000083a00000, 0x0000000083a00000, 0x0000000083b00000|  0%| F|  |TAMS 0x0000000083a00000, 0x0000000083a00000| Untracked 
|  27|0x0000000083b00000, 0x0000000083b00000, 0x0000000083c00000|  0%| F|  |TAMS 0x0000000083b00000, 0x0000000083b00000| Untracked 
|  28|0x0000000083c00000, 0x0000000083c00000, 0x0000000083d00000|  0%| F|  |TAMS 0x0000000083c00000, 0x0000000083c00000| Untracked 
|  29|0x0000000083d00000, 0x0000000083d81000, 0x0000000083e00000| 50%| E|  |TAMS 0x0000000083d00000, 0x0000000083d00000| Complete 
|  30|0x0000000083e00000, 0x0000000083f00000, 0x0000000083f00000|100%| E|CS|TAMS 0x0000000083e00000, 0x0000000083e00000| Complete 
|  31|0x0000000083f00000, 0x0000000084000000, 0x0000000084000000|100%| E|CS|TAMS 0x0000000083f00000, 0x0000000083f00000| Complete 
|  32|0x0000000084000000, 0x0000000084100000, 0x0000000084100000|100%| E|CS|TAMS 0x0000000084000000, 0x0000000084000000| Complete 
|  33|0x0000000084100000, 0x0000000084200000, 0x0000000084200000|100%| E|CS|TAMS 0x0000000084100000, 0x0000000084100000| Complete 
|  34|0x0000000084200000, 0x0000000084300000, 0x0000000084300000|100%| E|CS|TAMS 0x0000000084200000, 0x0000000084200000| Complete 
|  35|0x0000000084300000, 0x0000000084400000, 0x0000000084400000|100%| E|CS|TAMS 0x0000000084300000, 0x0000000084300000| Complete 
|  36|0x0000000084400000, 0x0000000084500000, 0x0000000084500000|100%| E|CS|TAMS 0x0000000084400000, 0x0000000084400000| Complete 
| 113|0x0000000089100000, 0x000000008916f5d0, 0x0000000089200000| 43%| S|CS|TAMS 0x0000000089100000, 0x0000000089100000| Complete 
| 114|0x0000000089200000, 0x0000000089300000, 0x0000000089300000|100%| S|CS|TAMS 0x0000000089200000, 0x0000000089200000| Complete 
| 125|0x0000000089d00000, 0x0000000089e00000, 0x0000000089e00000|100%| E|  |TAMS 0x0000000089d00000, 0x0000000089d00000| Complete 

Card table byte_map: [0x000001eef5390000,0x000001eef5780000] _byte_map_base: 0x000001eef4f80000

Marking Bits (Prev, Next): (CMBitMap*) 0x000001eedda76840, (CMBitMap*) 0x000001eedda76800
 Prev Bits: [0x000001eef7af0000, 0x000001eef9a70000)
 Next Bits: [0x000001eef5b70000, 0x000001eef7af0000)

Polling page: 0x000001eedb980000

Metaspace:

Usage:
  Non-class:     19.86 MB capacity,    19.69 MB (>99%) used,   145.99 KB ( <1%) free+waste,    27.94 KB ( <1%) overhead. 
      Class:      2.73 MB capacity,     2.64 MB ( 97%) used,    74.23 KB (  3%) free+waste,    10.44 KB ( <1%) overhead. 
       Both:     22.58 MB capacity,    22.33 MB ( 99%) used,   220.23 KB ( <1%) free+waste,    38.38 KB ( <1%) overhead. 

Virtual space:
  Non-class space:       28.00 MB reserved,      20.00 MB ( 71%) committed 
      Class space:        1.00 GB reserved,       2.75 MB ( <1%) committed 
             Both:        1.03 GB reserved,      22.75 MB (  2%) committed 

Chunk freelists:
   Non-Class:  18.00 KB
       Class:  25.00 KB
        Both:  43.00 KB

MaxMetaspaceSize: 17179869184.00 GB
CompressedClassSpaceSize: 1.00 GB

CodeHeap 'non-profiled nmethods': size=120000Kb used=759Kb max_used=759Kb free=119240Kb
 bounds [0x000001eeed740000, 0x000001eeed9b0000, 0x000001eef4c70000]
CodeHeap 'profiled nmethods': size=120000Kb used=4584Kb max_used=4584Kb free=115415Kb
 bounds [0x000001eee6210000, 0x000001eee6690000, 0x000001eeed740000]
CodeHeap 'non-nmethods': size=5760Kb used=1415Kb max_used=1436Kb free=4344Kb
 bounds [0x000001eee5c70000, 0x000001eee5ee0000, 0x000001eee6210000]
 total_blobs=3257 nmethods=2515 adapters=653
 compilation: enabled
              stopped_count=0, restarted_count=0
 full_count=0

Compilation events (20 events):
Event: 0.818 Thread 0x000001eefc4b55a0 2095   !   3       jdk.internal.loader.Resource::getBytes (244 bytes)
Event: 0.818 Thread 0x000001eefdf4b030 2096       4       java.nio.Buffer::position (52 bytes)
Event: 0.818 Thread 0x000001eefdf4b030 nmethod 2096 0x000001eeed7daa10 code [0x000001eeed7dab80, 0x000001eeed7dac38]
Event: 0.819 Thread 0x000001eefc4b55a0 nmethod 2095 0x000001eee65cf290 code [0x000001eee65cf580, 0x000001eee65d09a8]
Event: 0.819 Thread 0x000001eefc4b55a0 2097       3       java.security.SecureClassLoader::defineClass (16 bytes)
Event: 0.819 Thread 0x000001eefc4b55a0 nmethod 2097 0x000001eee65d1210 code [0x000001eee65d13c0, 0x000001eee65d1558]
Event: 0.819 Thread 0x000001eefc4b55a0 2098       3       java.net.URLStreamHandler::sameFile (136 bytes)
Event: 0.820 Thread 0x000001eefc4b55a0 nmethod 2098 0x000001eee65d1610 code [0x000001eee65d1840, 0x000001eee65d2068]
Event: 0.820 Thread 0x000001eefc4b55a0 2099       3       sun.net.www.protocol.file.Handler::hostsEqual (65 bytes)
Event: 0.820 Thread 0x000001eefc4b55a0 nmethod 2099 0x000001eee65d2290 code [0x000001eee65d2480, 0x000001eee65d29c8]
Event: 0.820 Thread 0x000001eefc4b55a0 2100       3       java.net.URLStreamHandler::hostsEqual (75 bytes)
Event: 0.820 Thread 0x000001eefc4b55a0 nmethod 2100 0x000001eee65d2c10 code [0x000001eee65d2e00, 0x000001eee65d33f8]
Event: 0.820 Thread 0x000001eefc4b55a0 2101       3       java.lang.ClassLoader::compareCerts (197 bytes)
Event: 0.821 Thread 0x000001eefc4b55a0 nmethod 2101 0x000001eee65d3590 code [0x000001eee65d37a0, 0x000001eee65d3ff8]
Event: 0.826 Thread 0x000001eefc4b55a0 2102       3       java.lang.invoke.DirectMethodHandle::preparedLambdaForm (248 bytes)
Event: 0.826 Thread 0x000001eefc4b55a0 nmethod 2102 0x000001eee65d4310 code [0x000001eee65d4600, 0x000001eee65d5558]
Event: 0.828 Thread 0x000001eefdf4b030 2103       4       java.io.WinNTFileSystem::normalize (143 bytes)
Event: 0.829 Thread 0x000001eefc4b55a0 2105       3       sun.invoke.util.BytecodeDescriptor::unparseMethod (66 bytes)
Event: 0.829 Thread 0x000001eefc4b55a0 nmethod 2105 0x000001eee65d5b10 code [0x000001eee65d5d40, 0x000001eee65d63a8]
Event: 0.830 Thread 0x000001eefdf4b030 nmethod 2103 0x000001eeed7db010 code [0x000001eeed7db1e0, 0x000001eeed7db490]

GC Heap History (3 events):
Event: 0.570 GC heap before
{Heap before GC invocations=0 (full 0):
 garbage-first heap   total 129024K, used 26624K [0x0000000082000000, 0x0000000100000000)
  region size 1024K, 23 young (23552K), 0 survivors (0K)
 Metaspace       used 16164K, capacity 16383K, committed 16640K, reserved 1064960K
  class space    used 1887K, capacity 1977K, committed 2048K, reserved 1048576K
}
Event: 0.576 GC heap after
{Heap after GC invocations=1 (full 0):
 garbage-first heap   total 129024K, used 8115K [0x0000000082000000, 0x0000000100000000)
  region size 1024K, 3 young (3072K), 3 survivors (3072K)
 Metaspace       used 16164K, capacity 16383K, committed 16640K, reserved 1064960K
  class space    used 1887K, capacity 1977K, committed 2048K, reserved 1048576K
}
Event: 0.831 GC heap before
{Heap before GC invocations=1 (full 0):
 garbage-first heap   total 129024K, used 17331K [0x0000000082000000, 0x0000000100000000)
  region size 1024K, 14 young (14336K), 3 survivors (3072K)
 Metaspace       used 20113K, capacity 20337K, committed 20480K, reserved 1073152K
  class space    used 2373K, capacity 2462K, committed 2560K, reserved 1048576K
}

Deoptimization events (20 events):
Event: 0.761 Thread 0x000001eefd1f5770 DEOPT PACKING pc=0x000001eee65b844e sp=0x000000358acfdf30
Event: 0.761 Thread 0x000001eefd1f5770 DEOPT UNPACKING pc=0x000001eee5cbe23f sp=0x000000358acfd488 mode 0
Event: 0.762 Thread 0x000001eefd1f5770 DEOPT PACKING pc=0x000001eee65b844e sp=0x000000358acfdf30
Event: 0.762 Thread 0x000001eefd1f5770 DEOPT UNPACKING pc=0x000001eee5cbe23f sp=0x000000358acfd488 mode 0
Event: 0.762 Thread 0x000001eefd1f5770 DEOPT PACKING pc=0x000001eee65b844e sp=0x000000358acfdf30
Event: 0.762 Thread 0x000001eefd1f5770 DEOPT UNPACKING pc=0x000001eee5cbe23f sp=0x000000358acfd488 mode 0
Event: 0.762 Thread 0x000001eefd1f5770 DEOPT PACKING pc=0x000001eee65b844e sp=0x000000358acfdf30
Event: 0.762 Thread 0x000001eefd1f5770 DEOPT UNPACKING pc=0x000001eee5cbe23f sp=0x000000358acfd488 mode 0
Event: 0.763 Thread 0x000001eefd1f5770 DEOPT PACKING pc=0x000001eee65b844e sp=0x000000358acfdf30
Event: 0.763 Thread 0x000001eefd1f5770 DEOPT UNPACKING pc=0x000001eee5cbe23f sp=0x000000358acfd488 mode 0
Event: 0.763 Thread 0x000001eefd1f5770 DEOPT PACKING pc=0x000001eee65b844e sp=0x000000358acfdf30
Event: 0.763 Thread 0x000001eefd1f5770 DEOPT UNPACKING pc=0x000001eee5cbe23f sp=0x000000358acfd488 mode 0
Event: 0.764 Thread 0x000001eefd1f5770 DEOPT PACKING pc=0x000001eee65b844e sp=0x000000358acfdf30
Event: 0.764 Thread 0x000001eefd1f5770 DEOPT UNPACKING pc=0x000001eee5cbe23f sp=0x000000358acfd488 mode 0
Event: 0.764 Thread 0x000001eefd1f5770 DEOPT PACKING pc=0x000001eee65b844e sp=0x000000358acfdf30
Event: 0.764 Thread 0x000001eefd1f5770 DEOPT UNPACKING pc=0x000001eee5cbe23f sp=0x000000358acfd488 mode 0
Event: 0.821 Thread 0x000001eefd1f5770 Uncommon trap: trap_request=0xffffff45 fr.pc=0x000001eeed7d022c relative=0x000000000000034c
Event: 0.821 Thread 0x000001eefd1f5770 Uncommon trap: reason=unstable_if action=reinterpret pc=0x000001eeed7d022c method=java.lang.Integer.parseInt(Ljava/lang/String;I)I @ 119 c2
Event: 0.821 Thread 0x000001eefd1f5770 DEOPT PACKING pc=0x000001eeed7d022c sp=0x000000358acfe6d0
Event: 0.821 Thread 0x000001eefd1f5770 DEOPT UNPACKING pc=0x000001eee5cbe42f sp=0x000000358acfe638 mode 2

Classes unloaded (0 events):
No events

Classes redefined (0 events):
No events

Internal exceptions (20 events):
Event: 0.404 Thread 0x000001eefd1f5770 Exception <a 'java/lang/NoSuchMethodError'{0x00000000892a5a40}: 'void java.lang.invoke.DirectMethodHandle$Holder.invokeStaticInit(java.lang.Object)'> (0x00000000892a5a40) 
thrown [./open/src/hotspot/share/interpreter/linkResolver.cpp, line 782]
Event: 0.413 Thread 0x000001eefd1f5770 Exception <a 'java/lang/NoSuchMethodError'{0x00000000892cf7a0}: 'java.lang.Object java.lang.invoke.DirectMethodHandle$Holder.invokeInterface(java.lang.Object, java.lang.Object)'> (0x00000000892cf7a0) 
thrown [./open/src/hotspot/share/interpreter/linkResolver.cpp, line 782]
Event: 0.414 Thread 0x000001eefd1f5770 Exception <a 'java/lang/NoSuchMethodError'{0x00000000892d8100}: 'java.lang.Object java.lang.invoke.DirectMethodHandle$Holder.invokeStaticInit(java.lang.Object, java.lang.Object, java.lang.Object)'> (0x00000000892d8100) 
thrown [./open/src/hotspot/share/interpreter/linkResolver.cpp, line 782]
Event: 0.416 Thread 0x000001eefd1f5770 Exception <a 'java/lang/NoSuchMethodError'{0x0000000088f7fbe0}: 'int java.lang.invoke.DirectMethodHandle$Holder.invokeInterface(java.lang.Object, java.lang.Object)'> (0x0000000088f7fbe0) 
thrown [./open/src/hotspot/share/interpreter/linkResolver.cpp, line 782]
Event: 0.416 Thread 0x000001eefd1f5770 Exception <a 'java/lang/IncompatibleClassChangeError'{0x0000000088f83680}: Found class java.lang.Object, but interface was expected> (0x0000000088f83680) 
thrown [./open/src/hotspot/share/interpreter/linkResolver.cpp, line 848]
Event: 0.416 Thread 0x000001eefd1f5770 Exception <a 'java/lang/NoSuchMethodError'{0x0000000088f89938}: 'void java.lang.invoke.DirectMethodHandle$Holder.invokeStatic(java.lang.Object, java.lang.Object)'> (0x0000000088f89938) 
thrown [./open/src/hotspot/share/interpreter/linkResolver.cpp, line 782]
Event: 0.434 Thread 0x000001eefd1f5770 Exception <a 'java/lang/NoSuchMethodError'{0x0000000088e104a0}: 'int java.lang.invoke.DirectMethodHandle$Holder.invokeSpecial(java.lang.Object, java.lang.Object, java.lang.Object)'> (0x0000000088e104a0) 
thrown [./open/src/hotspot/share/interpreter/linkResolver.cpp, line 782]
Event: 0.453 Thread 0x000001eefd1f5770 Exception <a 'java/lang/NoSuchMethodError'{0x0000000088ec3838}: 'void java.lang.invoke.DirectMethodHandle$Holder.invokeStatic(java.lang.Object, java.lang.Object, java.lang.Object)'> (0x0000000088ec3838) 
thrown [./open/src/hotspot/share/interpreter/linkResolver.cpp, line 782]
Event: 0.543 Thread 0x000001eefd1f5770 Exception <a 'java/lang/NoSuchMethodError'{0x00000000888300f0}: 'int java.lang.invoke.DirectMethodHandle$Holder.invokeStaticInit(java.lang.Object, java.lang.Object, java.lang.Object, java.lang.Object)'> (0x00000000888300f0) 
thrown [./open/src/hotspot/share/interpreter/linkResolver.cpp, line 782]
Event: 0.543 Thread 0x000001eefd1f5770 Exception <a 'java/lang/IncompatibleClassChangeError'{0x0000000088839c28}: Found class java.lang.Object, but interface was expected> (0x0000000088839c28) 
thrown [./open/src/hotspot/share/interpreter/linkResolver.cpp, line 848]
Event: 0.544 Thread 0x000001eefd1f5770 Exception <a 'java/lang/NoSuchMethodError'{0x000000008883cd50}: 'void java.lang.invoke.DirectMethodHandle$Holder.invokeStaticInit(java.lang.Object, java.lang.Object)'> (0x000000008883cd50) 
thrown [./open/src/hotspot/share/interpreter/linkResolver.cpp, line 782]
Event: 0.544 Thread 0x000001eefd1f5770 Exception <a 'java/lang/NoSuchMethodError'{0x0000000088843008}: 'int java.lang.invoke.DirectMethodHandle$Holder.invokeStaticInit(java.lang.Object, java.lang.Object)'> (0x0000000088843008) 
thrown [./open/src/hotspot/share/interpreter/linkResolver.cpp, line 782]
Event: 0.554 Thread 0x000001eefd1f5770 Exception <a 'java/lang/NoSuchMethodError'{0x00000000888a75b8}: 'java.lang.Object java.lang.invoke.DirectMethodHandle$Holder.invokeStaticInit(java.lang.Object, int, int, int, int)'> (0x00000000888a75b8) 
thrown [./open/src/hotspot/share/interpreter/linkResolver.cpp, line 782]
Event: 0.555 Thread 0x000001eefd1f5770 Exception <a 'sun/nio/fs/WindowsException'{0x00000000888ade08}> (0x00000000888ade08) 
thrown [./open/src/hotspot/share/prims/jni.cpp, line 578]
Event: 0.561 Thread 0x000001eefd1f5770 Exception <a 'java/lang/NoSuchMethodError'{0x00000000888e16a8}: 'java.lang.Object java.lang.invoke.DirectMethodHandle$Holder.newInvokeSpecial(java.lang.Object, int, java.lang.Object)'> (0x00000000888e16a8) 
thrown [./open/src/hotspot/share/interpreter/linkResolver.cpp, line 782]
Event: 0.561 Thread 0x000001eefd1f5770 Exception <a 'sun/nio/fs/WindowsException'{0x00000000888e5bc8}> (0x00000000888e5bc8) 
thrown [./open/src/hotspot/share/prims/jni.cpp, line 578]
Event: 0.562 Thread 0x000001eefd1f5770 Exception <a 'sun/nio/fs/WindowsException'{0x00000000888e62e0}> (0x00000000888e62e0) 
thrown [./open/src/hotspot/share/prims/jni.cpp, line 578]
Event: 0.562 Thread 0x000001eefd1f5770 Exception <a 'sun/nio/fs/WindowsException'{0x00000000888e65b0}> (0x00000000888e65b0) 
thrown [./open/src/hotspot/share/prims/jni.cpp, line 578]
Event: 0.662 Thread 0x000001eefd1f5770 Exception <a 'java/lang/NoSuchMethodError'{0x0000000089abc9e0}: 'java.lang.Object java.lang.invoke.DirectMethodHandle$Holder.invokeVirtual(java.lang.Object, java.lang.Object, int)'> (0x0000000089abc9e0) 
thrown [./open/src/hotspot/share/interpreter/linkResolver.cpp, line 782]
Event: 0.700 Thread 0x000001eefd1f5770 Exception <a 'java/lang/NoSuchMethodError'{0x00000000899c1340}: 'java.lang.Object java.lang.invoke.DirectMethodHandle$Holder.invokeStaticInit(java.lang.Object, java.lang.Object, int, int, int, int)'> (0x00000000899c1340) 
thrown [./open/src/hotspot/share/interpreter/linkResolver.cpp, line 782]

Events (20 events):
Event: 0.829 loading class java/io/ObjectInputStream$BlockDataInputStream
Event: 0.829 loading class java/io/ObjectInputStream$BlockDataInputStream done
Event: 0.829 loading class java/io/ObjectInputStream$PeekInputStream
Event: 0.829 loading class java/io/ObjectInputStream$PeekInputStream done
Event: 0.829 loading class java/io/ObjectInputStream$HandleTable
Event: 0.829 loading class java/io/ObjectInputStream$HandleTable done
Event: 0.829 loading class java/io/ObjectInputStream$HandleTable$HandleList
Event: 0.829 loading class java/io/ObjectInputStream$HandleTable$HandleList done
Event: 0.829 loading class java/io/ObjectInputStream$ValidationList
Event: 0.829 loading class java/io/ObjectInputStream$ValidationList done
Event: 0.829 loading class java/io/ObjectInputFilter$Config
Event: 0.829 loading class java/io/ObjectInputFilter$Config done
Event: 0.829 loading class java/io/ObjectInputFilter
Event: 0.829 loading class java/io/ObjectInputFilter done
Event: 0.830 loading class jdk/internal/access/JavaObjectInputFilterAccess
Event: 0.830 loading class jdk/internal/access/JavaObjectInputFilterAccess done
Event: 0.830 loading class java/io/Bits
Event: 0.830 loading class java/io/Bits done
Event: 0.830 loading class java/io/ObjectStreamClass
Event: 0.830 Executing VM operation: CollectForMetadataAllocation


Dynamic libraries:
0x00007ff7b8a10000 - 0x00007ff7b8a1f000 	C:\Program Files\Java\jdk-15.0.2\bin\java.exe
0x00007ffda0b90000 - 0x00007ffda0d85000 	C:\WINDOWS\SYSTEM32\ntdll.dll
0x00007ffd9f550000 - 0x00007ffd9f60e000 	C:\WINDOWS\System32\KERNEL32.DLL
0x00007ffd9e910000 - 0x00007ffd9ebd8000 	C:\WINDOWS\System32\KERNELBASE.dll
0x00007ffd9e3f0000 - 0x00007ffd9e4f0000 	C:\WINDOWS\System32\ucrtbase.dll
0x00007ffd88c80000 - 0x00007ffd88c98000 	C:\Program Files\Java\jdk-15.0.2\bin\jli.dll
0x00007ffd6a3a0000 - 0x00007ffd6a3b9000 	C:\Program Files\Java\jdk-15.0.2\bin\VCRUNTIME140.dll
0x00007ffd9faf0000 - 0x00007ffd9fb9c000 	C:\WINDOWS\System32\ADVAPI32.dll
0x00007ffd9f100000 - 0x00007ffd9f19e000 	C:\WINDOWS\System32\msvcrt.dll
0x00007ffd9edf0000 - 0x00007ffd9ee8b000 	C:\WINDOWS\System32\sechost.dll
0x00007ffd9eef0000 - 0x00007ffd9f01a000 	C:\WINDOWS\System32\RPCRT4.dll
0x00007ffd9ec00000 - 0x00007ffd9eda1000 	C:\WINDOWS\System32\USER32.dll
0x00007ffd9e4f0000 - 0x00007ffd9e512000 	C:\WINDOWS\System32\win32u.dll
0x00007ffd9edb0000 - 0x00007ffd9eddb000 	C:\WINDOWS\System32\GDI32.dll
0x00007ffd961e0000 - 0x00007ffd9647a000 	C:\WINDOWS\WinSxS\amd64_microsoft.windows.common-controls_6595b64144ccf1df_6.0.19041.1110_none_60b5254171f9507e\COMCTL32.dll
0x00007ffd9e520000 - 0x00007ffd9e62b000 	C:\WINDOWS\System32\gdi32full.dll
0x00007ffd9e6e0000 - 0x00007ffd9e77d000 	C:\WINDOWS\System32\msvcp_win.dll
0x00007ffd96ba0000 - 0x00007ffd96baa000 	C:\WINDOWS\SYSTEM32\VERSION.dll
0x00007ffd9fc50000 - 0x00007ffd9fc80000 	C:\WINDOWS\System32\IMM32.DLL
0x00007ffd8c4a0000 - 0x00007ffd8c4ac000 	C:\Program Files\Java\jdk-15.0.2\bin\vcruntime140_1.dll
0x00007ffd65060000 - 0x00007ffd650f1000 	C:\Program Files\Java\jdk-15.0.2\bin\msvcp140.dll
0x00007ffd5e570000 - 0x00007ffd5f0ce000 	C:\Program Files\Java\jdk-15.0.2\bin\server\jvm.dll
0x00007ffda0960000 - 0x00007ffda0968000 	C:\WINDOWS\System32\PSAPI.DLL
0x00007ffd7bff0000 - 0x00007ffd7bff9000 	C:\WINDOWS\SYSTEM32\WSOCK32.dll
0x00007ffd9f330000 - 0x00007ffd9f39b000 	C:\WINDOWS\System32\WS2_32.dll
0x00007ffd97a00000 - 0x00007ffd97a27000 	C:\WINDOWS\SYSTEM32\WINMM.dll
0x00007ffd9cb80000 - 0x00007ffd9cb92000 	C:\WINDOWS\SYSTEM32\kernel.appcore.dll
0x00007ffd88f30000 - 0x00007ffd88f3a000 	C:\Program Files\Java\jdk-15.0.2\bin\jimage.dll
0x00007ffd9c850000 - 0x00007ffd9ca34000 	C:\WINDOWS\SYSTEM32\DBGHELP.DLL
0x00007ffd88ac0000 - 0x00007ffd88aec000 	C:\WINDOWS\SYSTEM32\dbgcore.DLL
0x00007ffd9e360000 - 0x00007ffd9e3e3000 	C:\WINDOWS\System32\bcryptPrimitives.dll
0x00007ffd66000000 - 0x00007ffd66025000 	C:\Program Files\Java\jdk-15.0.2\bin\java.dll
0x00007ffda0190000 - 0x00007ffda08cf000 	C:\WINDOWS\System32\SHELL32.dll
0x00007ffd9bff0000 - 0x00007ffd9c780000 	C:\WINDOWS\SYSTEM32\windows.storage.dll
0x00007ffd9f790000 - 0x00007ffd9fae5000 	C:\WINDOWS\System32\combase.dll
0x00007ffd9dd00000 - 0x00007ffd9dd2e000 	C:\WINDOWS\SYSTEM32\Wldp.dll
0x00007ffd9fba0000 - 0x00007ffd9fc4d000 	C:\WINDOWS\System32\SHCORE.dll
0x00007ffd9f200000 - 0x00007ffd9f255000 	C:\WINDOWS\System32\shlwapi.dll
0x00007ffd9e1f0000 - 0x00007ffd9e20f000 	C:\WINDOWS\SYSTEM32\profapi.dll
0x00007ffd6a110000 - 0x00007ffd6a129000 	C:\Program Files\Java\jdk-15.0.2\bin\net.dll
0x00007ffd88cc0000 - 0x00007ffd88dcc000 	C:\WINDOWS\SYSTEM32\WINHTTP.dll
0x00007ffd9da60000 - 0x00007ffd9daca000 	C:\WINDOWS\system32\mswsock.dll
0x00007ffd6a0f0000 - 0x00007ffd6a102000 	C:\Program Files\Java\jdk-15.0.2\bin\nio.dll
0x00007ffd65650000 - 0x00007ffd65668000 	C:\Program Files\Java\jdk-15.0.2\bin\zip.dll
0x00007ffd65100000 - 0x00007ffd65280000 	C:\Program Files\Java\jdk-15.0.2\bin\awt.dll
0x00007ffd9f260000 - 0x00007ffd9f32d000 	C:\WINDOWS\System32\OLEAUT32.dll
0x00007ffd9ac30000 - 0x00007ffd9acc0000 	C:\WINDOWS\SYSTEM32\apphelp.dll
0x00007ffd9af70000 - 0x00007ffd9b00e000 	C:\WINDOWS\system32\uxtheme.dll
0x00007ffd9f610000 - 0x00007ffd9f725000 	C:\WINDOWS\System32\MSCTF.dll
0x00007ffda0a20000 - 0x00007ffda0b4a000 	C:\WINDOWS\System32\ole32.dll
0x00007ffd9b460000 - 0x00007ffd9b48f000 	C:\WINDOWS\system32\DWMAPI.DLL
0x00007ffd64fd0000 - 0x00007ffd65055000 	C:\Program Files\Java\jdk-15.0.2\bin\freetype.dll
0x00007ffd64f20000 - 0x00007ffd64fc9000 	C:\Program Files\Java\jdk-15.0.2\bin\fontmanager.dll
0x00007ffd51e90000 - 0x00007ffd51fb5000 	C:\WINDOWS\system32\opengl32.dll
0x00007ffd51e20000 - 0x00007ffd51e4c000 	C:\WINDOWS\SYSTEM32\GLU32.dll
0x00007ffd88dd0000 - 0x00007ffd88de0000 	C:\Program Files\Java\jdk-15.0.2\bin\verify.dll
0x00007ffd98f90000 - 0x00007ffd98fbd000 	C:\Program Files\Java\jdk-15.0.2\bin\javajpeg.dll
0x00007ffd7f310000 - 0x00007ffd7f319000 	C:\Program Files\Java\jdk-15.0.2\bin\management.dll
0x00007ffd7c000000 - 0x00007ffd7c00b000 	C:\Program Files\Java\jdk-15.0.2\bin\management_ext.dll
0x00007ffd9d7a0000 - 0x00007ffd9d86b000 	C:\WINDOWS\SYSTEM32\DNSAPI.dll
0x00007ffd9d700000 - 0x00007ffd9d73b000 	C:\WINDOWS\SYSTEM32\IPHLPAPI.DLL
0x00007ffd9fd00000 - 0x00007ffd9fd08000 	C:\WINDOWS\System32\NSI.dll
0x000000005e500000 - 0x000000005e50a000 	C:\Program Files\National Instruments\Shared\mDNS Responder\nimdnsNSP.dll
0x000000005e4f0000 - 0x000000005e500000 	C:\WINDOWS\SYSTEM32\nimdnsResponder.dll
0x00007ffd88af0000 - 0x00007ffd88afa000 	C:\Windows\System32\rasadhlp.dll
0x00007ffd889c0000 - 0x00007ffd88a3f000 	C:\WINDOWS\System32\fwpuclnt.dll
0x00007ffd9e8e0000 - 0x00007ffd9e907000 	C:\WINDOWS\System32\bcrypt.dll
0x00007ffd9dc50000 - 0x00007ffd9dc68000 	C:\WINDOWS\SYSTEM32\CRYPTSP.dll
0x00007ffd9d370000 - 0x00007ffd9d3a4000 	C:\WINDOWS\system32\rsaenh.dll
0x00007ffd9e1b0000 - 0x00007ffd9e1de000 	C:\WINDOWS\SYSTEM32\USERENV.dll
0x00007ffd9dc70000 - 0x00007ffd9dc7c000 	C:\WINDOWS\SYSTEM32\CRYPTBASE.dll
0x00007ffd9bfb0000 - 0x00007ffd9bfc7000 	C:\WINDOWS\SYSTEM32\dhcpcsvc6.DLL
0x00007ffd9bf90000 - 0x00007ffd9bfad000 	C:\WINDOWS\SYSTEM32\dhcpcsvc.DLL
0x00007ffd800d0000 - 0x00007ffd800e7000 	C:\WINDOWS\system32\napinsp.dll
0x00007ffd800b0000 - 0x00007ffd800cb000 	C:\WINDOWS\system32\pnrpnsp.dll
0x00007ffd80090000 - 0x00007ffd800a5000 	C:\WINDOWS\system32\wshbth.dll
0x00007ffd98d30000 - 0x00007ffd98d4d000 	C:\WINDOWS\system32\NLAapi.dll
0x00007ffd7f6e0000 - 0x00007ffd7f6f2000 	C:\WINDOWS\System32\winrnr.dll
0x00007ffda0970000 - 0x00007ffda0a19000 	C:\WINDOWS\System32\clbcatq.dll
0x00007ffd982f0000 - 0x00007ffd984a4000 	C:\WINDOWS\SYSTEM32\WindowsCodecs.dll
0x00007ffd51740000 - 0x00007ffd5177e000 	C:\WINDOWS\system32\dataexchange.dll
0x00007ffd99f50000 - 0x00007ffd9a135000 	C:\WINDOWS\system32\dcomp.dll
0x00007ffd992c0000 - 0x00007ffd99524000 	C:\WINDOWS\system32\d3d11.dll
0x00007ffd9cba0000 - 0x00007ffd9cc94000 	C:\WINDOWS\system32\dxgi.dll
0x00007ffd984e0000 - 0x00007ffd986e1000 	C:\WINDOWS\system32\twinapi.appcore.dll
0x00007ffd8c4c0000 - 0x00007ffd8c5b9000 	C:\WINDOWS\SYSTEM32\textinputframework.dll
0x00007ffd9a820000 - 0x00007ffd9a912000 	C:\WINDOWS\System32\CoreMessaging.dll
0x00007ffd9a4c0000 - 0x00007ffd9a81e000 	C:\WINDOWS\System32\CoreUIComponents.dll
0x00007ffd99160000 - 0x00007ffd992b4000 	C:\WINDOWS\SYSTEM32\wintypes.dll
0x00007ffd9cfa0000 - 0x00007ffd9cfd3000 	C:\WINDOWS\SYSTEM32\ntmarta.dll

dbghelp: loaded successfully - version: 4.0.5 - missing functions: none
symbol engine: initialized successfully - sym options: 0x614 - pdb path: .;C:\Program Files\Java\jdk-15.0.2\bin;C:\WINDOWS\SYSTEM32;C:\WINDOWS\WinSxS\amd64_microsoft.windows.common-controls_6595b64144ccf1df_6.0.19041.1110_none_60b5254171f9507e;C:\Program Files\Java\jdk-15.0.2\bin\server;C:\Program Files\National Instruments\Shared\mDNS Responder

VM Arguments:
java_command: project5.mavenproject5.Add_Patient
java_class_path (initial): C:\Users\hp\Documents\NetBeansProjects\mavenproject5\target\classes;C:\Users\hp\.m2\repository\com\toedter\jcalendar\1.4\jcalendar-1.4.jar;C:\Users\hp\.m2\repository\org\netbeans\external\AbsoluteLayout\RELEASE124\AbsoluteLayout-RELEASE124.jar;C:\Users\hp\.m2\repository\com\oracle\ojdbc\ojdbc8\19.3.0.0\ojdbc8-19.3.0.0.jar;C:\Users\hp\.m2\repository\com\oracle\ojdbc\ucp\19.3.0.0\ucp-19.3.0.0.jar;C:\Users\hp\.m2\repository\com\oracle\ojdbc\oraclepki\19.3.0.0\oraclepki-19.3.0.0.jar;C:\Users\hp\.m2\repository\com\oracle\ojdbc\osdt_cert\19.3.0.0\osdt_cert-19.3.0.0.jar;C:\Users\hp\.m2\repository\com\oracle\ojdbc\osdt_core\19.3.0.0\osdt_core-19.3.0.0.jar;C:\Users\hp\.m2\repository\com\oracle\ojdbc\simplefan\19.3.0.0\simplefan-19.3.0.0.jar;C:\Users\hp\.m2\repository\com\oracle\ojdbc\ons\19.3.0.0\ons-19.3.0.0.jar;C:\Users\hp\.m2\repository\com\sun\mail\javax.mail\1.5.0\javax.mail-1.5.0.jar;C:\Users\hp\.m2\repository\javax\activation\activation\1.1.1\activation-1.1.1.jar
Launcher Type: SUN_STANDARD

[Global flags]
     intx CICompilerCount                          = 4                                         {product} {ergonomic}
     uint ConcGCThreads                            = 2                                         {product} {ergonomic}
     uint G1ConcRefinementThreads                  = 8                                         {product} {ergonomic}
   size_t G1HeapRegionSize                         = 1048576                                   {product} {ergonomic}
    uintx GCDrainStackTargetSize                   = 64                                        {product} {ergonomic}
   size_t InitialHeapSize                          = 132120576                                 {product} {ergonomic}
   size_t MarkStackSize                            = 4194304                                   {product} {ergonomic}
   size_t MaxHeapSize                              = 2113929216                                {product} {ergonomic}
   size_t MaxNewSize                               = 1267728384                                {product} {ergonomic}
   size_t MinHeapDeltaBytes                        = 1048576                                   {product} {ergonomic}
   size_t MinHeapSize                              = 8388608                                   {product} {ergonomic}
    uintx NonNMethodCodeHeapSize                   = 5839372                                {pd product} {ergonomic}
    uintx NonProfiledCodeHeapSize                  = 122909434                              {pd product} {ergonomic}
    uintx ProfiledCodeHeapSize                     = 122909434                              {pd product} {ergonomic}
    uintx ReservedCodeCacheSize                    = 251658240                              {pd product} {ergonomic}
     bool SegmentedCodeCache                       = true                                      {product} {ergonomic}
   size_t SoftMaxHeapSize                          = 2113929216                             {manageable} {ergonomic}
     bool UseCompressedClassPointers               = true                                 {lp64_product} {ergonomic}
     bool UseCompressedOops                        = true                                 {lp64_product} {ergonomic}
     bool UseG1GC                                  = true                                      {product} {ergonomic}
     bool UseLargePagesIndividualAllocation        = false                                  {pd product} {ergonomic}

Logging:
Log output configuration:
 #0: stdout all=warning uptime,level,tags
 #1: stderr all=off uptime,level,tags

Environment Variables:
JAVA_HOME=C:\Program Files\Java\jdk-15.0.2
PATH=C:\app\hp\product\21c\dbhomeXE\bin;C:\Program Files\National Instruments\Shared\OpenVINO\;C:\Program Files\Common Files\Oracle\Java\javapath;C:\Program Files (x86)\Common Files\Oracle\Java\javapath;C:\Windows\system32;C:\Windows;C:\Windows\System32\Wbem;C:\Windows\System32\WindowsPowerShell\v1.0\;C:\Windows\System32\OpenSSH\;C:\Program Files (x86)\NVIDIA Corporation\PhysX\Common;c:\Program Files (x86)\Microsoft SQL Server\100\Tools\Binn\;c:\Program Files\Microsoft SQL Server\100\Tools\Binn\;c:\Program Files\Microsoft SQL Server\100\DTS\Binn\;C:\Program Files\dotnet\;C:\Program Files\Microsoft SQL Server\130\Tools\Binn\;C:\Program Files\Microsoft SQL Server\Client SDK\ODBC\170\Tools\Binn\;C:\WINDOWS\system32;C:\WINDOWS;C:\WINDOWS\System32\Wbem;C:\WINDOWS\System32\WindowsPowerShell\v1.0\;C:\WINDOWS\System32\OpenSSH\;C:\Program Files\Java\jdk-15.0.2\bin;C:\f\flutter\bin;C:\Program Files\Dart\dart-sdk\bin;C:\Program Files (x86)\Microsoft SQL Server\110\Tools\Binn\;C:\Program Files (x86)\Microsoft SQL Server\110\DTS\Binn\;C:\Program Files (x86)\National Instruments\Shared\LabVIEW CLI;C:\Program Files\Java\java-se-8u41-ri\bin;C:\Program Files\Git\cmd;C:\Users\hp\AppData\Local\Microsoft\WindowsApps;C:\f\flutter\bin;
USERNAME=hp
OS=Windows_NT
PROCESSOR_IDENTIFIER=Intel64 Family 6 Model 142 Stepping 12, GenuineIntel



---------------  S Y S T E M  ---------------

OS:
 Windows 10 , 64 bit Build 19041 (10.0.19041.1348)
OS uptime: 0 days 8:46 hours

CPU: total 8 (initial active 8) (4 cores per cpu, 2 threads per core) family 6 model 142 stepping 12 microcode 0xb8, cmov, cx8, fxsr, mmx, sse, sse2, sse3, ssse3, sse4.1, sse4.2, popcnt, vzeroupper, avx, avx2, aes, clmul, erms, 3dnowpref, lzcnt, ht, tsc, tscinvbit, bmi1, bmi2, adx, fma, clflush, clflushopt

Memory: 4k page, system-wide physical 8062M (2299M free)
TotalPageFile size 9951M (AvailPageFile size 77M)
current process WorkingSet (physical memory assigned to process): 109M, peak: 110M
current process commit charge ("private bytes"): 164M, peak: 244M

vm_info: Java HotSpot(TM) 64-Bit Server VM (15.0.2+7-27) for windows-amd64 JRE (15.0.2+7-27), built on Dec  7 2020 20:07:01 by "mach5one" with unknown MS VC++:1925

END.
