#
# There is insufficient memory for the Java Runtime Environment to continue.
# Native memory allocation (malloc) failed to allocate 1048576 bytes for AllocateHeap
# Possible reasons:
#   The system is out of physical RAM or swap space
#   The process is running with CompressedOops enabled, and the Java Heap may be blocking the growth of the native heap
# Possible solutions:
#   Reduce memory load on the system
#   Increase physical memory or swap space
#   Check if swap backing store is full
#   Decrease Java heap size (-Xmx/-Xms)
#   Decrease number of Java threads
#   Decrease Java thread stack sizes (-Xss)
#   Set larger code cache with -XX:ReservedCodeCacheSize=
#   JVM is running with Unscaled Compressed Oops mode in which the Java heap is
#     placed in the first 4GB address space. The Java Heap base address is the
#     maximum limit for the native heap growth. Please use -XX:HeapBaseMinAddress
#     to set the Java Heap base and to place the Java Heap above 4GB virtual address.
# This output file may be truncated or incomplete.
#
#  Out of Memory Error (./open/src/hotspot/share/memory/allocation.cpp:44), pid=12244, tid=14040
#
# JRE version: Java(TM) SE Runtime Environment (15.0.2+7) (build 15.0.2+7-27)
# Java VM: Java HotSpot(TM) 64-Bit Server VM (15.0.2+7-27, mixed mode, sharing, tiered, compressed oops, g1 gc, windows-amd64)
# No core dump will be written. Minidumps are not enabled by default on client versions of Windows
#

---------------  S U M M A R Y ------------

Command Line: project5.rep

Host: Intel(R) Core(TM) i7-8565U CPU @ 1.80GHz, 8 cores, 7G,  Windows 10 , 64 bit Build 19041 (10.0.19041.1348)
Time: Sun Dec  5 21:42:30 2021 Jerusalem Standard Time elapsed time: 0.262490 seconds (0d 0h 0m 0s)

---------------  T H R E A D  ---------------

Current thread (0x00000188bb5edb80):  VMThread "VM Thread" [stack: 0x00000046c1400000,0x00000046c1500000] [id=14040]

Stack: [0x00000046c1400000,0x00000046c1500000]
[error occurred during error reporting (printing stack bounds), id 0xc0000005, EXCEPTION_ACCESS_VIOLATION (0xc0000005) at pc=0x00000188a4da10ad]

Native frames: (J=compiled Java code, j=interpreted, Vv=VM code, C=native code)
V  [jvm.dll+0x62ae9a]
V  [jvm.dll+0x7817a9]
V  [jvm.dll+0x782f03]
V  [jvm.dll+0x7834c5]
V  [jvm.dll+0x78347b]
V  [jvm.dll+0x62a2b9]
V  [jvm.dll+0x62aa88]
C  [ntdll.dll+0xa20cf]
C  [ntdll.dll+0x51454]
C  [ntdll.dll+0xa0bfe]
C  0x00000188a4da10ad

VM_Operation (0x00000046c24fdc60): CollectForMetadataAllocation, mode: safepoint, requested by thread 0x00000188bc594020


---------------  P R O C E S S  ---------------

Threads class SMR info:
_java_thread_list=0x00000188bc5ab400, length=16, elements={
0x00000188bb5ef400, 0x00000188bb5effd0, 0x00000188bb6083c0, 0x00000188bb60ae80,
0x00000188bb60bf40, 0x00000188bb60dd30, 0x00000188bb60e8d0, 0x00000188bb6173d0,
0x00000188bc0453d0, 0x00000188bc04d8c0, 0x000001889cb68f40, 0x00000188bc530890,
0x00000188bc530d60, 0x00000188bc533240, 0x00000188bc594020, 0x000001889cb67d90
}

Java Threads: ( => current thread )
  0x00000188bb5ef400 JavaThread "Reference Handler" daemon [_thread_blocked, id=13604, stack(0x00000046c1500000,0x00000046c1600000)]
  0x00000188bb5effd0 JavaThread "Finalizer" daemon [_thread_blocked, id=13944, stack(0x00000046c1600000,0x00000046c1700000)]
  0x00000188bb6083c0 JavaThread "Signal Dispatcher" daemon [_thread_blocked, id=10704, stack(0x00000046c1700000,0x00000046c1800000)]
  0x00000188bb60ae80 JavaThread "Attach Listener" daemon [_thread_blocked, id=2968, stack(0x00000046c1800000,0x00000046c1900000)]
  0x00000188bb60bf40 JavaThread "Service Thread" daemon [_thread_blocked, id=14124, stack(0x00000046c1900000,0x00000046c1a00000)]
  0x00000188bb60dd30 JavaThread "C2 CompilerThread0" daemon [_thread_blocked, id=14132, stack(0x00000046c1a00000,0x00000046c1b00000)]
  0x00000188bb60e8d0 JavaThread "C1 CompilerThread0" daemon [_thread_blocked, id=14104, stack(0x00000046c1b00000,0x00000046c1c00000)]
  0x00000188bb6173d0 JavaThread "Sweeper thread" daemon [_thread_blocked, id=14140, stack(0x00000046c1c00000,0x00000046c1d00000)]
  0x00000188bc0453d0 JavaThread "Notification Thread" daemon [_thread_blocked, id=14108, stack(0x00000046c1d00000,0x00000046c1e00000)]
  0x00000188bc04d8c0 JavaThread "Common-Cleaner" daemon [_thread_blocked, id=10652, stack(0x00000046c1f00000,0x00000046c2000000)]
  0x000001889cb68f40 JavaThread "C2 CompilerThread1" daemon [_thread_blocked, id=13908, stack(0x00000046c2000000,0x00000046c2100000)]
  0x00000188bc530890 JavaThread "Java2D Disposer" daemon [_thread_blocked, id=11396, stack(0x00000046c2100000,0x00000046c2200000)]
  0x00000188bc530d60 JavaThread "AWT-Shutdown" [_thread_blocked, id=12572, stack(0x00000046c2200000,0x00000046c2300000)]
  0x00000188bc533240 JavaThread "AWT-Windows" daemon [_thread_in_native, id=13780, stack(0x00000046c2300000,0x00000046c2400000)]
  0x00000188bc594020 JavaThread "AWT-EventQueue-0" [_thread_blocked, id=10272, stack(0x00000046c2400000,0x00000046c2500000)]
  0x000001889cb67d90 JavaThread "DestroyJavaVM" [_thread_blocked, id=2200, stack(0x00000046c0e00000,0x00000046c0f00000)]

Other Threads:
=>0x00000188bb5edb80 VMThread "VM Thread" [stack: 0x00000046c1400000,0x00000046c1500000] [id=14040]
  0x00000188bc057250 WatcherThread [stack: 0x00000046c1e00000,0x00000046c1f00000] [id=12444]
  0x000001889cba6f40 GCTaskThread "GC Thread#0" [stack: 0x00000046c0f00000,0x00000046c1000000] [id=6100]
  0x00000188bc5ffec0 GCTaskThread "GC Thread#1" [stack: 0x00000046c2500000,0x00000046c2600000] [id=13336]
  0x00000188bc6021d0 GCTaskThread "GC Thread#2" [stack: 0x00000046c2600000,0x00000046c2700000] [id=12452]
  0x00000188bc600eb0 GCTaskThread "GC Thread#3" [stack: 0x00000046c2700000,0x00000046c2800000] [id=9944]
  0x00000188bc6011e0 GCTaskThread "GC Thread#4" [stack: 0x00000046c2800000,0x00000046c2900000] [id=12260]
  0x000001889cbb8ca0 ConcurrentGCThread "G1 Main Marker" [stack: 0x00000046c1000000,0x00000046c1100000] [id=13144]
  0x000001889cbb9890 ConcurrentGCThread "G1 Conc#0" [stack: 0x00000046c1100000,0x00000046c1200000] [id=13592]
  0x00000188bc6001f0 ConcurrentGCThread "G1 Conc#1" [stack: 0x00000046c2900000,0x00000046c2a00000] [id=13408]
  0x00000188bb4620c0 ConcurrentGCThread "G1 Refine#0" [stack: 0x00000046c1200000,0x00000046c1300000] [id=13524]
  0x00000188bb462cc0 ConcurrentGCThread "G1 Young RemSet Sampling" [stack: 0x00000046c1300000,0x00000046c1400000] [id=10196]

Threads with active compile tasks:

VM state: at safepoint (normal execution)

VM Mutex/Monitor currently owned by a thread:  ([mutex/lock_event])
[0x000001889cb63350] Threads_lock - owner thread: 0x00000188bb5edb80
[0x000001889cb63a10] Heap_lock - owner thread: 0x00000188bc594020

Heap address: 0x0000000082000000, size: 2016 MB, Compressed Oops mode: 32-bit
CDS archive(s) mapped at: [0x0000000800000000-0x0000000800b50000-0x0000000800b50000), size 11862016, SharedBaseAddress: 0x0000000800000000, ArchiveRelocationMode: 0.
Compressed class space mapped at: 0x0000000800b50000-0x0000000840b50000, size: 1073741824
Narrow klass base: 0x0000000800000000, Narrow klass shift: 3, Narrow klass range: 0x100000000

GC Precious Log:
 CPUs: 8 total, 8 available
 Memory: 8062M
 Large Page Support: Disabled
 NUMA Support: Disabled
 Compressed Oops: Enabled (32-bit)
 Heap Region Size: 1M
 Heap Min Capacity: 8M
 Heap Initial Capacity: 126M
 Heap Max Capacity: 2016M
 Pre-touch: Disabled
 Parallel Workers: 8
 Concurrent Workers: 2
 Concurrent Refinement Workers: 8
 Periodic GC: Disabled

Heap:
 garbage-first heap   total 129024K, used 4002K [0x0000000082000000, 0x0000000100000000)
  region size 1024K, 3 young (3072K), 3 survivors (3072K)
 Metaspace       used 6853K, capacity 6995K, committed 7040K, reserved 1069056K
  class space    used 804K, capacity 853K, committed 896K, reserved 1048576K

Heap Regions: E=young(eden), S=young(survivor), O=old, HS=humongous(starts), HC=humongous(continues), CS=collection set, F=free, OA=open archive, CA=closed archive, TAMS=top-at-mark-start (previous, next)
|   0|0x0000000082000000, 0x0000000082000000, 0x0000000082100000|  0%| F|  |TAMS 0x0000000082000000, 0x0000000082000000| Untracked 
|   1|0x0000000082100000, 0x00000000821e8800, 0x0000000082200000| 90%| O|  |TAMS 0x0000000082100000, 0x0000000082100000| Untracked 
|   2|0x0000000082200000, 0x0000000082200000, 0x0000000082300000|  0%| F|  |TAMS 0x0000000082200000, 0x0000000082200000| Untracked 
|   3|0x0000000082300000, 0x0000000082300000, 0x0000000082400000|  0%| F|  |TAMS 0x0000000082300000, 0x0000000082300000| Untracked 
|   4|0x0000000082400000, 0x0000000082400000, 0x0000000082500000|  0%| F|  |TAMS 0x0000000082400000, 0x0000000082400000| Untracked 
|   5|0x0000000082500000, 0x0000000082500000, 0x0000000082600000|  0%| F|  |TAMS 0x0000000082500000, 0x0000000082500000| Untracked 
|   6|0x0000000082600000, 0x0000000082600000, 0x0000000082700000|  0%| F|  |TAMS 0x0000000082600000, 0x0000000082600000| Untracked 
|   7|0x0000000082700000, 0x0000000082700000, 0x0000000082800000|  0%| F|  |TAMS 0x0000000082700000, 0x0000000082700000| Untracked 
|   8|0x0000000082800000, 0x0000000082800000, 0x0000000082900000|  0%| F|  |TAMS 0x0000000082800000, 0x0000000082800000| Untracked 
|   9|0x0000000082900000, 0x0000000082900000, 0x0000000082a00000|  0%| F|  |TAMS 0x0000000082900000, 0x0000000082900000| Untracked 
|  10|0x0000000082a00000, 0x0000000082a00000, 0x0000000082b00000|  0%| F|  |TAMS 0x0000000082a00000, 0x0000000082a00000| Untracked 
|  11|0x0000000082b00000, 0x0000000082b00000, 0x0000000082c00000|  0%| F|  |TAMS 0x0000000082b00000, 0x0000000082b00000| Untracked 
|  12|0x0000000082c00000, 0x0000000082c00000, 0x0000000082d00000|  0%| F|  |TAMS 0x0000000082c00000, 0x0000000082c00000| Untracked 
|  13|0x0000000082d00000, 0x0000000082d00000, 0x0000000082e00000|  0%| F|  |TAMS 0x0000000082d00000, 0x0000000082d00000| Untracked 
|  14|0x0000000082e00000, 0x0000000082e00000, 0x0000000082f00000|  0%| F|  |TAMS 0x0000000082e00000, 0x0000000082e00000| Untracked 
|  15|0x0000000082f00000, 0x0000000082f00000, 0x0000000083000000|  0%| F|  |TAMS 0x0000000082f00000, 0x0000000082f00000| Untracked 
|  16|0x0000000083000000, 0x0000000083000000, 0x0000000083100000|  0%| F|  |TAMS 0x0000000083000000, 0x0000000083000000| Untracked 
|  17|0x0000000083100000, 0x0000000083100000, 0x0000000083200000|  0%| F|  |TAMS 0x0000000083100000, 0x0000000083100000| Untracked 
|  18|0x0000000083200000, 0x0000000083200000, 0x0000000083300000|  0%| F|  |TAMS 0x0000000083200000, 0x0000000083200000| Untracked 
|  19|0x0000000083300000, 0x0000000083300000, 0x0000000083400000|  0%| F|  |TAMS 0x0000000083300000, 0x0000000083300000| Untracked 
|  20|0x0000000083400000, 0x0000000083400000, 0x0000000083500000|  0%| F|  |TAMS 0x0000000083400000, 0x0000000083400000| Untracked 
|  21|0x0000000083500000, 0x0000000083500000, 0x0000000083600000|  0%| F|  |TAMS 0x0000000083500000, 0x0000000083500000| Untracked 
|  22|0x0000000083600000, 0x0000000083600000, 0x0000000083700000|  0%| F|  |TAMS 0x0000000083600000, 0x0000000083600000| Untracked 
|  23|0x0000000083700000, 0x0000000083700000, 0x0000000083800000|  0%| F|  |TAMS 0x0000000083700000, 0x0000000083700000| Untracked 
|  24|0x0000000083800000, 0x0000000083800000, 0x0000000083900000|  0%| F|  |TAMS 0x0000000083800000, 0x0000000083800000| Untracked 
|  25|0x0000000083900000, 0x0000000083900000, 0x0000000083a00000|  0%| F|  |TAMS 0x0000000083900000, 0x0000000083900000| Untracked 
|  26|0x0000000083a00000, 0x0000000083a00000, 0x0000000083b00000|  0%| F|  |TAMS 0x0000000083a00000, 0x0000000083a00000| Untracked 
|  27|0x0000000083b00000, 0x0000000083b00000, 0x0000000083c00000|  0%| F|  |TAMS 0x0000000083b00000, 0x0000000083b00000| Untracked 
|  28|0x0000000083c00000, 0x0000000083c00000, 0x0000000083d00000|  0%| F|  |TAMS 0x0000000083c00000, 0x0000000083c00000| Untracked 
|  29|0x0000000083d00000, 0x0000000083d00000, 0x0000000083e00000|  0%| F|  |TAMS 0x0000000083d00000, 0x0000000083d00000| Untracked 
|  30|0x0000000083e00000, 0x0000000083e00000, 0x0000000083f00000|  0%| F|  |TAMS 0x0000000083e00000, 0x0000000083e00000| Untracked 
|  31|0x0000000083f00000, 0x0000000083f00000, 0x0000000084000000|  0%| F|  |TAMS 0x0000000083f00000, 0x0000000083f00000| Untracked 
|  32|0x0000000084000000, 0x0000000084000000, 0x0000000084100000|  0%| F|  |TAMS 0x0000000084000000, 0x0000000084000000| Untracked 
|  33|0x0000000084100000, 0x0000000084100000, 0x0000000084200000|  0%| F|  |TAMS 0x0000000084100000, 0x0000000084100000| Untracked 
|  34|0x0000000084200000, 0x0000000084200000, 0x0000000084300000|  0%| F|  |TAMS 0x0000000084200000, 0x0000000084200000| Untracked 
|  35|0x0000000084300000, 0x0000000084300000, 0x0000000084400000|  0%| F|  |TAMS 0x0000000084300000, 0x0000000084300000| Untracked 
|  36|0x0000000084400000, 0x0000000084400000, 0x0000000084500000|  0%| F|  |TAMS 0x0000000084400000, 0x0000000084400000| Untracked 
|  37|0x0000000084500000, 0x0000000084500000, 0x0000000084600000|  0%| F|  |TAMS 0x0000000084500000, 0x0000000084500000| Untracked 
|  38|0x0000000084600000, 0x0000000084600000, 0x0000000084700000|  0%| F|  |TAMS 0x0000000084600000, 0x0000000084600000| Untracked 
|  39|0x0000000084700000, 0x0000000084700000, 0x0000000084800000|  0%| F|  |TAMS 0x0000000084700000, 0x0000000084700000| Untracked 
|  40|0x0000000084800000, 0x0000000084800000, 0x0000000084900000|  0%| F|  |TAMS 0x0000000084800000, 0x0000000084800000| Untracked 
|  41|0x0000000084900000, 0x0000000084900000, 0x0000000084a00000|  0%| F|  |TAMS 0x0000000084900000, 0x0000000084900000| Untracked 
|  42|0x0000000084a00000, 0x0000000084a00000, 0x0000000084b00000|  0%| F|  |TAMS 0x0000000084a00000, 0x0000000084a00000| Untracked 
|  43|0x0000000084b00000, 0x0000000084b00000, 0x0000000084c00000|  0%| F|  |TAMS 0x0000000084b00000, 0x0000000084b00000| Untracked 
|  44|0x0000000084c00000, 0x0000000084c00000, 0x0000000084d00000|  0%| F|  |TAMS 0x0000000084c00000, 0x0000000084c00000| Untracked 
|  45|0x0000000084d00000, 0x0000000084d00000, 0x0000000084e00000|  0%| F|  |TAMS 0x0000000084d00000, 0x0000000084d00000| Untracked 
|  46|0x0000000084e00000, 0x0000000084e00000, 0x0000000084f00000|  0%| F|  |TAMS 0x0000000084e00000, 0x0000000084e00000| Untracked 
|  47|0x0000000084f00000, 0x0000000084f00000, 0x0000000085000000|  0%| F|  |TAMS 0x0000000084f00000, 0x0000000084f00000| Untracked 
|  48|0x0000000085000000, 0x0000000085000000, 0x0000000085100000|  0%| F|  |TAMS 0x0000000085000000, 0x0000000085000000| Untracked 
|  49|0x0000000085100000, 0x0000000085100000, 0x0000000085200000|  0%| F|  |TAMS 0x0000000085100000, 0x0000000085100000| Untracked 
|  50|0x0000000085200000, 0x0000000085200000, 0x0000000085300000|  0%| F|  |TAMS 0x0000000085200000, 0x0000000085200000| Untracked 
|  51|0x0000000085300000, 0x0000000085300000, 0x0000000085400000|  0%| F|  |TAMS 0x0000000085300000, 0x0000000085300000| Untracked 
|  52|0x0000000085400000, 0x0000000085400000, 0x0000000085500000|  0%| F|  |TAMS 0x0000000085400000, 0x0000000085400000| Untracked 
|  53|0x0000000085500000, 0x0000000085500000, 0x0000000085600000|  0%| F|  |TAMS 0x0000000085500000, 0x0000000085500000| Untracked 
|  54|0x0000000085600000, 0x0000000085600000, 0x0000000085700000|  0%| F|  |TAMS 0x0000000085600000, 0x0000000085600000| Untracked 
|  55|0x0000000085700000, 0x0000000085700000, 0x0000000085800000|  0%| F|  |TAMS 0x0000000085700000, 0x0000000085700000| Untracked 
|  56|0x0000000085800000, 0x0000000085800000, 0x0000000085900000|  0%| F|  |TAMS 0x0000000085800000, 0x0000000085800000| Untracked 
|  57|0x0000000085900000, 0x0000000085900000, 0x0000000085a00000|  0%| F|  |TAMS 0x0000000085900000, 0x0000000085900000| Untracked 
|  58|0x0000000085a00000, 0x0000000085a00000, 0x0000000085b00000|  0%| F|  |TAMS 0x0000000085a00000, 0x0000000085a00000| Untracked 
|  59|0x0000000085b00000, 0x0000000085b00000, 0x0000000085c00000|  0%| F|  |TAMS 0x0000000085b00000, 0x0000000085b00000| Untracked 
|  60|0x0000000085c00000, 0x0000000085c00000, 0x0000000085d00000|  0%| F|  |TAMS 0x0000000085c00000, 0x0000000085c00000| Untracked 
|  61|0x0000000085d00000, 0x0000000085d00000, 0x0000000085e00000|  0%| F|  |TAMS 0x0000000085d00000, 0x0000000085d00000| Untracked 
|  62|0x0000000085e00000, 0x0000000085e00000, 0x0000000085f00000|  0%| F|  |TAMS 0x0000000085e00000, 0x0000000085e00000| Untracked 
|  63|0x0000000085f00000, 0x0000000085f00000, 0x0000000086000000|  0%| F|  |TAMS 0x0000000085f00000, 0x0000000085f00000| Untracked 
|  64|0x0000000086000000, 0x0000000086000000, 0x0000000086100000|  0%| F|  |TAMS 0x0000000086000000, 0x0000000086000000| Untracked 
|  65|0x0000000086100000, 0x0000000086100000, 0x0000000086200000|  0%| F|  |TAMS 0x0000000086100000, 0x0000000086100000| Untracked 
|  66|0x0000000086200000, 0x0000000086200000, 0x0000000086300000|  0%| F|  |TAMS 0x0000000086200000, 0x0000000086200000| Untracked 
|  67|0x0000000086300000, 0x0000000086300000, 0x0000000086400000|  0%| F|  |TAMS 0x0000000086300000, 0x0000000086300000| Untracked 
|  68|0x0000000086400000, 0x0000000086400000, 0x0000000086500000|  0%| F|  |TAMS 0x0000000086400000, 0x0000000086400000| Untracked 
|  69|0x0000000086500000, 0x0000000086500000, 0x0000000086600000|  0%| F|  |TAMS 0x0000000086500000, 0x0000000086500000| Untracked 
|  70|0x0000000086600000, 0x0000000086600000, 0x0000000086700000|  0%| F|  |TAMS 0x0000000086600000, 0x0000000086600000| Untracked 
|  71|0x0000000086700000, 0x0000000086700000, 0x0000000086800000|  0%| F|  |TAMS 0x0000000086700000, 0x0000000086700000| Untracked 
|  72|0x0000000086800000, 0x0000000086800000, 0x0000000086900000|  0%| F|  |TAMS 0x0000000086800000, 0x0000000086800000| Untracked 
|  73|0x0000000086900000, 0x0000000086900000, 0x0000000086a00000|  0%| F|  |TAMS 0x0000000086900000, 0x0000000086900000| Untracked 
|  74|0x0000000086a00000, 0x0000000086a00000, 0x0000000086b00000|  0%| F|  |TAMS 0x0000000086a00000, 0x0000000086a00000| Untracked 
|  75|0x0000000086b00000, 0x0000000086b00000, 0x0000000086c00000|  0%| F|  |TAMS 0x0000000086b00000, 0x0000000086b00000| Untracked 
|  76|0x0000000086c00000, 0x0000000086c00000, 0x0000000086d00000|  0%| F|  |TAMS 0x0000000086c00000, 0x0000000086c00000| Untracked 
|  77|0x0000000086d00000, 0x0000000086d00000, 0x0000000086e00000|  0%| F|  |TAMS 0x0000000086d00000, 0x0000000086d00000| Untracked 
|  78|0x0000000086e00000, 0x0000000086e00000, 0x0000000086f00000|  0%| F|  |TAMS 0x0000000086e00000, 0x0000000086e00000| Untracked 
|  79|0x0000000086f00000, 0x0000000086f00000, 0x0000000087000000|  0%| F|  |TAMS 0x0000000086f00000, 0x0000000086f00000| Untracked 
|  80|0x0000000087000000, 0x0000000087000000, 0x0000000087100000|  0%| F|  |TAMS 0x0000000087000000, 0x0000000087000000| Untracked 
|  81|0x0000000087100000, 0x0000000087100000, 0x0000000087200000|  0%| F|  |TAMS 0x0000000087100000, 0x0000000087100000| Untracked 
|  82|0x0000000087200000, 0x0000000087200000, 0x0000000087300000|  0%| F|  |TAMS 0x0000000087200000, 0x0000000087200000| Untracked 
|  83|0x0000000087300000, 0x0000000087300000, 0x0000000087400000|  0%| F|  |TAMS 0x0000000087300000, 0x0000000087300000| Untracked 
|  84|0x0000000087400000, 0x0000000087400000, 0x0000000087500000|  0%| F|  |TAMS 0x0000000087400000, 0x0000000087400000| Untracked 
|  85|0x0000000087500000, 0x0000000087500000, 0x0000000087600000|  0%| F|  |TAMS 0x0000000087500000, 0x0000000087500000| Untracked 
|  86|0x0000000087600000, 0x0000000087600000, 0x0000000087700000|  0%| F|  |TAMS 0x0000000087600000, 0x0000000087600000| Untracked 
|  87|0x0000000087700000, 0x0000000087700000, 0x0000000087800000|  0%| F|  |TAMS 0x0000000087700000, 0x0000000087700000| Untracked 
|  88|0x0000000087800000, 0x0000000087800000, 0x0000000087900000|  0%| F|  |TAMS 0x0000000087800000, 0x0000000087800000| Untracked 
|  89|0x0000000087900000, 0x0000000087900000, 0x0000000087a00000|  0%| F|  |TAMS 0x0000000087900000, 0x0000000087900000| Untracked 
|  90|0x0000000087a00000, 0x0000000087a00000, 0x0000000087b00000|  0%| F|  |TAMS 0x0000000087a00000, 0x0000000087a00000| Untracked 
|  91|0x0000000087b00000, 0x0000000087b00000, 0x0000000087c00000|  0%| F|  |TAMS 0x0000000087b00000, 0x0000000087b00000| Untracked 
|  92|0x0000000087c00000, 0x0000000087c00000, 0x0000000087d00000|  0%| F|  |TAMS 0x0000000087c00000, 0x0000000087c00000| Untracked 
|  93|0x0000000087d00000, 0x0000000087d00000, 0x0000000087e00000|  0%| F|  |TAMS 0x0000000087d00000, 0x0000000087d00000| Untracked 
|  94|0x0000000087e00000, 0x0000000087e00000, 0x0000000087f00000|  0%| F|  |TAMS 0x0000000087e00000, 0x0000000087e00000| Untracked 
|  95|0x0000000087f00000, 0x0000000087f00000, 0x0000000088000000|  0%| F|  |TAMS 0x0000000087f00000, 0x0000000087f00000| Untracked 
|  96|0x0000000088000000, 0x0000000088000000, 0x0000000088100000|  0%| F|  |TAMS 0x0000000088000000, 0x0000000088000000| Untracked 
|  97|0x0000000088100000, 0x0000000088100000, 0x0000000088200000|  0%| F|  |TAMS 0x0000000088100000, 0x0000000088100000| Untracked 
|  98|0x0000000088200000, 0x0000000088200000, 0x0000000088300000|  0%| F|  |TAMS 0x0000000088200000, 0x0000000088200000| Untracked 
|  99|0x0000000088300000, 0x0000000088300000, 0x0000000088400000|  0%| F|  |TAMS 0x0000000088300000, 0x0000000088300000| Untracked 
| 100|0x0000000088400000, 0x0000000088400000, 0x0000000088500000|  0%| F|  |TAMS 0x0000000088400000, 0x0000000088400000| Untracked 
| 101|0x0000000088500000, 0x0000000088500000, 0x0000000088600000|  0%| F|  |TAMS 0x0000000088500000, 0x0000000088500000| Untracked 
| 102|0x0000000088600000, 0x0000000088600000, 0x0000000088700000|  0%| F|  |TAMS 0x0000000088600000, 0x0000000088600000| Untracked 
| 103|0x0000000088700000, 0x0000000088700000, 0x0000000088800000|  0%| F|  |TAMS 0x0000000088700000, 0x0000000088700000| Untracked 
| 104|0x0000000088800000, 0x0000000088800000, 0x0000000088900000|  0%| F|  |TAMS 0x0000000088800000, 0x0000000088800000| Untracked 
| 105|0x0000000088900000, 0x0000000088900000, 0x0000000088a00000|  0%| F|  |TAMS 0x0000000088900000, 0x0000000088900000| Untracked 
| 106|0x0000000088a00000, 0x0000000088a00000, 0x0000000088b00000|  0%| F|  |TAMS 0x0000000088a00000, 0x0000000088a00000| Untracked 
| 107|0x0000000088b00000, 0x0000000088b00000, 0x0000000088c00000|  0%| F|  |TAMS 0x0000000088b00000, 0x0000000088b00000| Untracked 
| 108|0x0000000088c00000, 0x0000000088c00000, 0x0000000088d00000|  0%| F|  |TAMS 0x0000000088c00000, 0x0000000088c00000| Untracked 
| 109|0x0000000088d00000, 0x0000000088d00000, 0x0000000088e00000|  0%| F|  |TAMS 0x0000000088d00000, 0x0000000088d00000| Untracked 
| 110|0x0000000088e00000, 0x0000000088f00000, 0x0000000088f00000|100%| S|CS|TAMS 0x0000000088e00000, 0x0000000088e00000| Complete 
| 111|0x0000000088f00000, 0x0000000089000000, 0x0000000089000000|100%| S|CS|TAMS 0x0000000088f00000, 0x0000000088f00000| Complete 
| 112|0x0000000089000000, 0x0000000089100000, 0x0000000089100000|100%| S|CS|TAMS 0x0000000089000000, 0x0000000089000000| Complete 
| 113|0x0000000089100000, 0x0000000089100000, 0x0000000089200000|  0%| F|  |TAMS 0x0000000089100000, 0x0000000089100000| Untracked 
| 114|0x0000000089200000, 0x0000000089200000, 0x0000000089300000|  0%| F|  |TAMS 0x0000000089200000, 0x0000000089200000| Untracked 
| 115|0x0000000089300000, 0x0000000089300000, 0x0000000089400000|  0%| F|  |TAMS 0x0000000089300000, 0x0000000089300000| Untracked 
| 116|0x0000000089400000, 0x0000000089400000, 0x0000000089500000|  0%| F|  |TAMS 0x0000000089400000, 0x0000000089400000| Untracked 
| 117|0x0000000089500000, 0x0000000089500000, 0x0000000089600000|  0%| F|  |TAMS 0x0000000089500000, 0x0000000089500000| Untracked 
| 118|0x0000000089600000, 0x0000000089600000, 0x0000000089700000|  0%| F|  |TAMS 0x0000000089600000, 0x0000000089600000| Untracked 
| 119|0x0000000089700000, 0x0000000089700000, 0x0000000089800000|  0%| F|  |TAMS 0x0000000089700000, 0x0000000089700000| Untracked 
| 120|0x0000000089800000, 0x0000000089800000, 0x0000000089900000|  0%| F|  |TAMS 0x0000000089800000, 0x0000000089800000| Untracked 
| 121|0x0000000089900000, 0x0000000089900000, 0x0000000089a00000|  0%| F|  |TAMS 0x0000000089900000, 0x0000000089900000| Untracked 
| 122|0x0000000089a00000, 0x0000000089a00000, 0x0000000089b00000|  0%| F|  |TAMS 0x0000000089a00000, 0x0000000089a00000| Untracked 
| 123|0x0000000089b00000, 0x0000000089b00000, 0x0000000089c00000|  0%| F|  |TAMS 0x0000000089b00000, 0x0000000089b00000| Untracked 
| 124|0x0000000089c00000, 0x0000000089c00000, 0x0000000089d00000|  0%| F|  |TAMS 0x0000000089c00000, 0x0000000089c00000| Untracked 
| 125|0x0000000089d00000, 0x0000000089d00000, 0x0000000089e00000|  0%| F|  |TAMS 0x0000000089d00000, 0x0000000089d00000| Untracked 

Card table byte_map: [0x00000188b44c0000,0x00000188b48b0000] _byte_map_base: 0x00000188b40b0000

Marking Bits (Prev, Next): (CMBitMap*) 0x000001889cba8740, (CMBitMap*) 0x000001889cba8780
 Prev Bits: [0x00000188b4ca0000, 0x00000188b6c20000)
 Next Bits: [0x00000188b6c20000, 0x00000188b8ba0000)

Polling page: 0x000001889ab60000

Metaspace:

Usage:
  Non-class:      6.00 MB capacity,     5.91 MB ( 98%) used,    84.23 KB (  1%) free+waste,     8.31 KB ( <1%) overhead. 
      Class:    853.00 KB capacity,   804.43 KB ( 94%) used,    44.70 KB (  5%) free+waste,     3.88 KB ( <1%) overhead. 
       Both:      6.83 MB capacity,     6.69 MB ( 98%) used,   128.93 KB (  2%) free+waste,    12.19 KB ( <1%) overhead. 

Virtual space:
  Non-class space:       20.00 MB reserved,       6.00 MB ( 30%) committed 
      Class space:        1.00 GB reserved,     896.00 KB ( <1%) committed 
             Both:        1.02 GB reserved,       6.88 MB ( <1%) committed 

Chunk freelists:
   Non-Class:  2.00 KB
       Class:  11.00 KB
        Both:  13.00 KB

MaxMetaspaceSize: 17179869184.00 GB
CompressedClassSpaceSize: 1.00 GB

CodeHeap 'non-profiled nmethods': size=120000Kb used=184Kb max_used=184Kb free=119815Kb
 bounds [0x00000188ac870000, 0x00000188acae0000, 0x00000188b3da0000]
CodeHeap 'profiled nmethods': size=120000Kb used=954Kb max_used=954Kb free=119045Kb
 bounds [0x00000188a5340000, 0x00000188a55b0000, 0x00000188ac870000]
CodeHeap 'non-nmethods': size=5760Kb used=1226Kb max_used=1245Kb free=4533Kb
 bounds [0x00000188a4da0000, 0x00000188a5010000, 0x00000188a5340000]
 total_blobs=1147 nmethods=646 adapters=414
 compilation: enabled
              stopped_count=0, restarted_count=0
 full_count=0

Compilation events (20 events):
Event: 0.223 Thread 0x000001889cb68f40 nmethod 622 0x00000188ac89bf10 code [0x00000188ac89c120, 0x00000188ac89ce10]
Event: 0.223 Thread 0x00000188bb60e8d0 nmethod 629 0x00000188a542b190 code [0x00000188a542b480, 0x00000188a542c948]
Event: 0.223 Thread 0x00000188bb60e8d0  643       3       javax.swing.plaf.nimbus.DerivedColor::<init> (33 bytes)
Event: 0.224 Thread 0x00000188bb60e8d0 nmethod 643 0x00000188a542ce90 code [0x00000188a542d040, 0x00000188a542d318]
Event: 0.224 Thread 0x00000188bb60e8d0  639       3       javax.swing.plaf.nimbus.NimbusLookAndFeel::getDerivedColor (17 bytes)
Event: 0.224 Thread 0x00000188bb60e8d0 nmethod 639 0x00000188a542d410 code [0x00000188a542d5c0, 0x00000188a542d6e8]
Event: 0.224 Thread 0x00000188bb60e8d0  640       3       javax.swing.plaf.nimbus.NimbusDefaults::getDerivedColor (15 bytes)
Event: 0.224 Thread 0x00000188bb60e8d0 nmethod 640 0x00000188a542d810 code [0x00000188a542d9c0, 0x00000188a542db08]
Event: 0.224 Thread 0x00000188bb60e8d0  642       3       javax.swing.plaf.nimbus.DerivedColor$UIResource::<init> (12 bytes)
Event: 0.224 Thread 0x00000188bb60e8d0 nmethod 642 0x00000188a542dc10 code [0x00000188a542ddc0, 0x00000188a542e008]
Event: 0.224 Thread 0x00000188bb60e8d0  644       3       javax.swing.plaf.nimbus.AbstractRegionPainter::decodeColor (39 bytes)
Event: 0.224 Thread 0x00000188bb60e8d0 nmethod 644 0x00000188a542e110 code [0x00000188a542e320, 0x00000188a542e898]
Event: 0.224 Thread 0x00000188bb60e8d0  631       1       javax.swing.plaf.nimbus.DerivedColor::getRGB (5 bytes)
Event: 0.224 Thread 0x00000188bb60e8d0 nmethod 631 0x00000188ac89d490 code [0x00000188ac89d620, 0x00000188ac89d6d8]
Event: 0.224 Thread 0x00000188bb60e8d0  645       1       java.beans.PropertyChangeEvent::getOldValue (5 bytes)
Event: 0.224 Thread 0x00000188bb60e8d0 nmethod 645 0x00000188ac89d790 code [0x00000188ac89d920, 0x00000188ac89d9d8]
Event: 0.225 Thread 0x00000188bb60e8d0  646       1       java.beans.PropertyChangeEvent::getNewValue (5 bytes)
Event: 0.225 Thread 0x00000188bb60e8d0 nmethod 646 0x00000188ac89da90 code [0x00000188ac89dc20, 0x00000188ac89dcd8]
Event: 0.225 Thread 0x00000188bb60e8d0  647       1       java.net.URL::getFile (5 bytes)
Event: 0.225 Thread 0x00000188bb60e8d0 nmethod 647 0x00000188ac89dd90 code [0x00000188ac89df20, 0x00000188ac89dfd8]

GC Heap History (2 events):
Event: 0.227 GC heap before
{Heap before GC invocations=0 (full 0):
 garbage-first heap   total 129024K, used 12288K [0x0000000082000000, 0x0000000100000000)
  region size 1024K, 13 young (13312K), 0 survivors (0K)
 Metaspace       used 6853K, capacity 6995K, committed 7040K, reserved 1067008K
  class space    used 804K, capacity 853K, committed 896K, reserved 1048576K
}
Event: 0.242 GC heap after
{Heap after GC invocations=1 (full 0):
 garbage-first heap   total 129024K, used 4002K [0x0000000082000000, 0x0000000100000000)
  region size 1024K, 3 young (3072K), 3 survivors (3072K)
 Metaspace       used 6853K, capacity 6995K, committed 7040K, reserved 1067008K
  class space    used 804K, capacity 853K, committed 896K, reserved 1048576K
}

Deoptimization events (14 events):
Event: 0.080 Thread 0x000001889cb67d90 DEOPT PACKING pc=0x00000188a537238e sp=0x00000046c0efc6c0
Event: 0.080 Thread 0x000001889cb67d90 DEOPT UNPACKING pc=0x00000188a4dee23f sp=0x00000046c0efbb58 mode 0
Event: 0.080 Thread 0x000001889cb67d90 DEOPT PACKING pc=0x00000188a53718ec sp=0x00000046c0efc690
Event: 0.080 Thread 0x000001889cb67d90 DEOPT UNPACKING pc=0x00000188a4dee23f sp=0x00000046c0efbb58 mode 0
Event: 0.080 Thread 0x000001889cb67d90 DEOPT PACKING pc=0x00000188a537238e sp=0x00000046c0efc6c0
Event: 0.080 Thread 0x000001889cb67d90 DEOPT UNPACKING pc=0x00000188a4dee23f sp=0x00000046c0efbb58 mode 0
Event: 0.082 Thread 0x000001889cb67d90 Uncommon trap: trap_request=0xffffff45 fr.pc=0x00000188ac87bba4 relative=0x0000000000000184
Event: 0.082 Thread 0x000001889cb67d90 Uncommon trap: reason=unstable_if action=reinterpret pc=0x00000188ac87bba4 method=java.util.zip.ZipFile$Source.isMetaName([BII)Z @ 43 c2
Event: 0.082 Thread 0x000001889cb67d90 DEOPT PACKING pc=0x00000188ac87bba4 sp=0x00000046c0efc470
Event: 0.082 Thread 0x000001889cb67d90 DEOPT UNPACKING pc=0x00000188a4dee42f sp=0x00000046c0efc418 mode 2
Event: 0.086 Thread 0x000001889cb67d90 Uncommon trap: trap_request=0xffffff45 fr.pc=0x00000188ac87403c relative=0x000000000000021c
Event: 0.086 Thread 0x000001889cb67d90 Uncommon trap: reason=unstable_if action=reinterpret pc=0x00000188ac87403c method=java.lang.String.hashCode()I @ 13 c2
Event: 0.086 Thread 0x000001889cb67d90 DEOPT PACKING pc=0x00000188ac87403c sp=0x00000046c0efced0
Event: 0.086 Thread 0x000001889cb67d90 DEOPT UNPACKING pc=0x00000188a4dee42f sp=0x00000046c0efce68 mode 2

Classes unloaded (0 events):
No events

Classes redefined (0 events):
No events

Internal exceptions (20 events):
Event: 0.194 Thread 0x000001889cb67d90 Exception <a 'java/lang/ClassNotFoundException'{0x0000000089208420}: PasswordField> (0x0000000089208420) 
thrown [./open/src/hotspot/share/classfile/systemDictionary.cpp, line 295]
Event: 0.194 Thread 0x000001889cb67d90 Exception <a 'java/lang/ClassNotFoundException'{0x0000000089208978}: TextArea> (0x0000000089208978) 
thrown [./open/src/hotspot/share/classfile/systemDictionary.cpp, line 295]
Event: 0.194 Thread 0x000001889cb67d90 Exception <a 'java/lang/ClassNotFoundException'{0x00000000892092b8}: TextPane> (0x00000000892092b8) 
thrown [./open/src/hotspot/share/classfile/systemDictionary.cpp, line 295]
Event: 0.194 Thread 0x000001889cb67d90 Exception <a 'java/lang/ClassNotFoundException'{0x0000000089209720}: EditorPane> (0x0000000089209720) 
thrown [./open/src/hotspot/share/classfile/systemDictionary.cpp, line 295]
Event: 0.195 Thread 0x000001889cb67d90 Exception <a 'java/lang/ClassNotFoundException'{0x000000008920a080}: ToolBar> (0x000000008920a080) 
thrown [./open/src/hotspot/share/classfile/systemDictionary.cpp, line 295]
Event: 0.195 Thread 0x000001889cb67d90 Exception <a 'java/lang/ClassNotFoundException'{0x000000008920a578}: ToolBar> (0x000000008920a578) 
thrown [./open/src/hotspot/share/classfile/systemDictionary.cpp, line 295]
Event: 0.195 Thread 0x000001889cb67d90 Exception <a 'java/lang/ClassNotFoundException'{0x000000008920a8d8}: Button> (0x000000008920a8d8) 
thrown [./open/src/hotspot/share/classfile/systemDictionary.cpp, line 295]
Event: 0.195 Thread 0x000001889cb67d90 Exception <a 'java/lang/ClassNotFoundException'{0x000000008920ada0}: ToolBar> (0x000000008920ada0) 
thrown [./open/src/hotspot/share/classfile/systemDictionary.cpp, line 295]
Event: 0.195 Thread 0x000001889cb67d90 Exception <a 'java/lang/ClassNotFoundException'{0x000000008920b110}: ToggleButton> (0x000000008920b110) 
thrown [./open/src/hotspot/share/classfile/systemDictionary.cpp, line 295]
Event: 0.195 Thread 0x000001889cb67d90 Exception <a 'java/lang/ClassNotFoundException'{0x000000008920b550}: javax/swing/JToolBarSeparator> (0x000000008920b550) 
thrown [./open/src/hotspot/share/classfile/systemDictionary.cpp, line 295]
Event: 0.195 Thread 0x000001889cb67d90 Exception <a 'java/lang/ClassNotFoundException'{0x000000008920b858}: ToolBarSeparator> (0x000000008920b858) 
thrown [./open/src/hotspot/share/classfile/systemDictionary.cpp, line 295]
Event: 0.195 Thread 0x000001889cb67d90 Exception <a 'java/lang/ClassNotFoundException'{0x000000008920bd70}: ToolTip> (0x000000008920bd70) 
thrown [./open/src/hotspot/share/classfile/systemDictionary.cpp, line 295]
Event: 0.195 Thread 0x000001889cb67d90 Exception <a 'java/lang/ClassNotFoundException'{0x000000008920c6c0}: Tree> (0x000000008920c6c0) 
thrown [./open/src/hotspot/share/classfile/systemDictionary.cpp, line 295]
Event: 0.195 Thread 0x000001889cb67d90 Exception <a 'java/lang/ClassNotFoundException'{0x000000008920cbb8}: Tree> (0x000000008920cbb8) 
thrown [./open/src/hotspot/share/classfile/systemDictionary.cpp, line 295]
Event: 0.195 Thread 0x000001889cb67d90 Exception <a 'java/lang/ClassNotFoundException'{0x000000008920cf28}: javax/swing/JTreeCell> (0x000000008920cf28) 
thrown [./open/src/hotspot/share/classfile/systemDictionary.cpp, line 295]
Event: 0.195 Thread 0x000001889cb67d90 Exception <a 'java/lang/ClassNotFoundException'{0x000000008920d228}: TreeCell> (0x000000008920d228) 
thrown [./open/src/hotspot/share/classfile/systemDictionary.cpp, line 295]
Event: 0.196 Thread 0x000001889cb67d90 Exception <a 'java/lang/ClassNotFoundException'{0x000000008920d9e8}: RootPane> (0x000000008920d9e8) 
thrown [./open/src/hotspot/share/classfile/systemDictionary.cpp, line 295]
Event: 0.197 Thread 0x000001889cb67d90 Exception <a 'java/lang/ClassNotFoundException'{0x0000000089210838}: com/sun/swing/internal/plaf/metal/resources/spi/metalProvider> (0x0000000089210838) 
thrown [./open/src/hotspot/share/classfile/systemDictionary.cpp, line 295]
Event: 0.197 Thread 0x000001889cb67d90 Exception <a 'java/lang/ClassNotFoundException'{0x0000000089214850}: com/sun/swing/internal/plaf/basic/resources/spi/basicProvider> (0x0000000089214850) 
thrown [./open/src/hotspot/share/classfile/systemDictionary.cpp, line 295]
Event: 0.210 Thread 0x00000188bc594020 Exception <a 'java/lang/ClassNotFoundException'{0x000000008910a678}: com/sun/swing/internal/plaf/synth/resources/spi/synthProvider> (0x000000008910a678) 
thrown [./open/src/hotspot/share/classfile/systemDictionary.cpp, line 295]

Events (20 events):
Event: 0.226 loading class javax/swing/GroupLayout$ContainerAutoPreferredGapSpring done
Event: 0.226 loading class sun/awt/windows/WFramePeer
Event: 0.226 loading class java/awt/peer/FramePeer
Event: 0.226 loading class java/awt/peer/WindowPeer
Event: 0.226 loading class java/awt/peer/ContainerPeer
Event: 0.226 loading class java/awt/peer/ContainerPeer done
Event: 0.226 loading class java/awt/peer/WindowPeer done
Event: 0.226 loading class java/awt/peer/FramePeer done
Event: 0.226 loading class sun/awt/windows/WWindowPeer
Event: 0.226 loading class sun/awt/windows/WPanelPeer
Event: 0.226 loading class java/awt/peer/PanelPeer
Event: 0.226 loading class java/awt/peer/PanelPeer done
Event: 0.226 loading class sun/awt/windows/WCanvasPeer
Event: 0.226 loading class java/awt/peer/CanvasPeer
Event: 0.226 loading class java/awt/peer/CanvasPeer done
Event: 0.226 loading class sun/awt/windows/WCanvasPeer done
Event: 0.226 loading class sun/awt/windows/WPanelPeer done
Event: 0.226 loading class sun/awt/windows/WWindowPeer done
Event: 0.226 loading class sun/awt/windows/WFramePeer done
Event: 0.227 Executing VM operation: CollectForMetadataAllocation


Dynamic libraries:
0x00007ff6aa590000 - 0x00007ff6aa59f000 	C:\Program Files\Java\jdk-15.0.2\bin\java.exe
0x00007ffe04010000 - 0x00007ffe04205000 	C:\WINDOWS\SYSTEM32\ntdll.dll
0x00007ffe03e60000 - 0x00007ffe03f1e000 	C:\WINDOWS\System32\KERNEL32.DLL
0x00007ffe018d0000 - 0x00007ffe01b98000 	C:\WINDOWS\System32\KERNELBASE.dll
0x00007ffe01ce0000 - 0x00007ffe01de0000 	C:\WINDOWS\System32\ucrtbase.dll
0x00007ffdf2750000 - 0x00007ffdf2769000 	C:\Program Files\Java\jdk-15.0.2\bin\VCRUNTIME140.dll
0x00007ffdc87d0000 - 0x00007ffdc87e8000 	C:\Program Files\Java\jdk-15.0.2\bin\jli.dll
0x00007ffe028e0000 - 0x00007ffe0298c000 	C:\WINDOWS\System32\ADVAPI32.dll
0x00007ffe02c20000 - 0x00007ffe02cbe000 	C:\WINDOWS\System32\msvcrt.dll
0x00007ffe02df0000 - 0x00007ffe02e8b000 	C:\WINDOWS\System32\sechost.dll
0x00007ffe02060000 - 0x00007ffe0218a000 	C:\WINDOWS\System32\RPCRT4.dll
0x00007ffe02a60000 - 0x00007ffe02c01000 	C:\WINDOWS\System32\USER32.dll
0x00007ffe01cb0000 - 0x00007ffe01cd2000 	C:\WINDOWS\System32\win32u.dll
0x00007ffe00620000 - 0x00007ffe008ba000 	C:\WINDOWS\WinSxS\amd64_microsoft.windows.common-controls_6595b64144ccf1df_6.0.19041.1110_none_60b5254171f9507e\COMCTL32.dll
0x00007ffe02240000 - 0x00007ffe0226b000 	C:\WINDOWS\System32\GDI32.dll
0x00007ffe01ba0000 - 0x00007ffe01cab000 	C:\WINDOWS\System32\gdi32full.dll
0x00007ffe017e0000 - 0x00007ffe0187d000 	C:\WINDOWS\System32\msvcp_win.dll
0x00007ffdf7a40000 - 0x00007ffdf7a4a000 	C:\WINDOWS\SYSTEM32\VERSION.dll
0x00007ffe03160000 - 0x00007ffe03190000 	C:\WINDOWS\System32\IMM32.DLL
0x00007ffdfc150000 - 0x00007ffdfc15c000 	C:\Program Files\Java\jdk-15.0.2\bin\vcruntime140_1.dll
0x00007ffdc6c80000 - 0x00007ffdc6d11000 	C:\Program Files\Java\jdk-15.0.2\bin\msvcp140.dll
0x00007ffdade40000 - 0x00007ffdae99e000 	C:\Program Files\Java\jdk-15.0.2\bin\server\jvm.dll
0x00007ffe03630000 - 0x00007ffe03638000 	C:\WINDOWS\System32\PSAPI.DLL
0x00007ffde33c0000 - 0x00007ffde33e7000 	C:\WINDOWS\SYSTEM32\WINMM.dll
0x00007ffddcdf0000 - 0x00007ffddcdf9000 	C:\WINDOWS\SYSTEM32\WSOCK32.dll
0x00007ffe02990000 - 0x00007ffe029fb000 	C:\WINDOWS\System32\WS2_32.dll
0x00007ffdff070000 - 0x00007ffdff082000 	C:\WINDOWS\SYSTEM32\kernel.appcore.dll
0x00007ffdfbce0000 - 0x00007ffdfbcea000 	C:\Program Files\Java\jdk-15.0.2\bin\jimage.dll
0x00007ffe010d0000 - 0x00007ffe012b4000 	C:\WINDOWS\SYSTEM32\DBGHELP.DLL
0x00007ffe00b20000 - 0x00007ffe00b4c000 	C:\WINDOWS\SYSTEM32\dbgcore.DLL
0x00007ffe01de0000 - 0x00007ffe01e63000 	C:\WINDOWS\System32\bcryptPrimitives.dll
0x00007ffdea4a0000 - 0x00007ffdea4c5000 	C:\Program Files\Java\jdk-15.0.2\bin\java.dll
0x00007ffe036a0000 - 0x00007ffe03ddf000 	C:\WINDOWS\System32\SHELL32.dll
0x00007ffdff1e0000 - 0x00007ffdff970000 	C:\WINDOWS\SYSTEM32\windows.storage.dll
0x00007ffe02570000 - 0x00007ffe028c5000 	C:\WINDOWS\System32\combase.dll
0x00007ffe00d80000 - 0x00007ffe00dae000 	C:\WINDOWS\SYSTEM32\Wldp.dll
0x00007ffe02190000 - 0x00007ffe0223d000 	C:\WINDOWS\System32\SHCORE.dll
0x00007ffe02a00000 - 0x00007ffe02a55000 	C:\WINDOWS\System32\shlwapi.dll
0x00007ffe01670000 - 0x00007ffe0168f000 	C:\WINDOWS\SYSTEM32\profapi.dll
0x00007ffdea400000 - 0x00007ffdea419000 	C:\Program Files\Java\jdk-15.0.2\bin\net.dll
0x00007ffde74e0000 - 0x00007ffde75ec000 	C:\WINDOWS\SYSTEM32\WINHTTP.dll
0x00007ffe00a50000 - 0x00007ffe00aba000 	C:\WINDOWS\system32\mswsock.dll
0x00007ffde4f00000 - 0x00007ffde4f12000 	C:\Program Files\Java\jdk-15.0.2\bin\nio.dll
0x00007ffde2900000 - 0x00007ffde2918000 	C:\Program Files\Java\jdk-15.0.2\bin\zip.dll
0x00007ffdc56d0000 - 0x00007ffdc5850000 	C:\Program Files\Java\jdk-15.0.2\bin\awt.dll
0x00007ffe03090000 - 0x00007ffe0315d000 	C:\WINDOWS\System32\OLEAUT32.dll
0x00007ffdfe1d0000 - 0x00007ffdfe260000 	C:\WINDOWS\SYSTEM32\apphelp.dll
0x00007ffdfe380000 - 0x00007ffdfe41e000 	C:\WINDOWS\system32\uxtheme.dll
0x00007ffe02e90000 - 0x00007ffe02fa5000 	C:\WINDOWS\System32\MSCTF.dll
0x00007ffe02cc0000 - 0x00007ffe02dea000 	C:\WINDOWS\System32\ole32.dll
0x00007ffdfec20000 - 0x00007ffdfec4f000 	C:\WINDOWS\system32\DWMAPI.DLL
0x00007ffdd4530000 - 0x00007ffdd45b5000 	C:\Program Files\Java\jdk-15.0.2\bin\freetype.dll
0x00007ffdc69b0000 - 0x00007ffdc6a59000 	C:\Program Files\Java\jdk-15.0.2\bin\fontmanager.dll
0x00007ffdb4d50000 - 0x00007ffdb4e75000 	C:\WINDOWS\system32\opengl32.dll
0x00007ffdb4ce0000 - 0x00007ffdb4d0c000 	C:\WINDOWS\SYSTEM32\GLU32.dll

dbghelp: loaded successfully - version: 4.0.5 - missing functions: none
symbol engine: initialized successfully - sym options: 0x614 - pdb path: .;C:\Program Files\Java\jdk-15.0.2\bin;C:\WINDOWS\SYSTEM32;C:\WINDOWS\WinSxS\amd64_microsoft.windows.common-controls_6595b64144ccf1df_6.0.19041.1110_none_60b5254171f9507e;C:\Program Files\Java\jdk-15.0.2\bin\server

VM Arguments:
java_command: project5.rep
java_class_path (initial): C:\Users\hp\Documents\NetBeansProjects\mavenproject5\target\classes;C:\Users\hp\.m2\repository\com\toedter\jcalendar\1.4\jcalendar-1.4.jar;C:\Users\hp\.m2\repository\org\netbeans\external\AbsoluteLayout\RELEASE124\AbsoluteLayout-RELEASE124.jar;C:\Users\hp\.m2\repository\com\oracle\ojdbc\ojdbc8\19.3.0.0\ojdbc8-19.3.0.0.jar;C:\Users\hp\.m2\repository\com\oracle\ojdbc\ucp\19.3.0.0\ucp-19.3.0.0.jar;C:\Users\hp\.m2\repository\com\oracle\ojdbc\oraclepki\19.3.0.0\oraclepki-19.3.0.0.jar;C:\Users\hp\.m2\repository\com\oracle\ojdbc\osdt_cert\19.3.0.0\osdt_cert-19.3.0.0.jar;C:\Users\hp\.m2\repository\com\oracle\ojdbc\osdt_core\19.3.0.0\osdt_core-19.3.0.0.jar;C:\Users\hp\.m2\repository\com\oracle\ojdbc\simplefan\19.3.0.0\simplefan-19.3.0.0.jar;C:\Users\hp\.m2\repository\com\oracle\ojdbc\ons\19.3.0.0\ons-19.3.0.0.jar;C:\Users\hp\.m2\repository\com\sun\mail\javax.mail\1.6.2\javax.mail-1.6.2.jar;C:\Users\hp\.m2\repository\javax\activation\activation\1.1\activation-1.1.jar;C:\Users\hp\.m2\repository\com\sun\mail\smtp\1.6.3\smtp-1.6.3.jar;C:\Users\hp\.m2\repository\com\sun\mail\mailapi\1.6.3\mailapi-1.6.3.jar;C:\Users\hp\.m2\repository\net\sf\jasperreports\jasperreports\6.18.1\jasperreports-6.18.1.jar;C:\Users\hp\.m2\repository\commons-beanutils\commons-beanutils\1.9.4\commons-beanutils-1.9.4.jar;C:\Users\hp\.m2\repository\commons-collections\commons-collections\3.2.2\commons-collections-3.2.2.jar;C:\Users\hp\.m2\repository\commons-logging\commons-logging\1.1.1\commons-logging-1.1.1.jar;C:\Users\hp\.m2\repository\org\apache\commons\commons-collections4\4.2\commons-collections4-4.2.jar;C:\Users\hp\.m2\repository\com\lowagie\itext\2.1.7.js9\itext-2.1.7.js9.jar;C:\Users\hp\.m2\repository\org\bouncycastle\bcprov-jdk15on\1.68\bcprov-jdk15on-1.68.jar;C:\Users\hp\.m2\repository\org\jfree\jcommon\1.0.23\jcommon-1.0.23.jar;C:\Users\hp\.m2\repository\org\jfree\jfreechart\1.0.19\jfreechart-1.0.19.jar;C:\Users\hp\.m2\repository\org\eclipse\jdt\ecj\3.21.0\ecj-3.21.0.
Launcher Type: SUN_STANDARD

[Global flags]
     intx CICompilerCount                          = 4                                         {product} {ergonomic}
     uint ConcGCThreads                            = 2                                         {product} {ergonomic}
     uint G1ConcRefinementThreads                  = 8                                         {product} {ergonomic}
   size_t G1HeapRegionSize                         = 1048576                                   {product} {ergonomic}
    uintx GCDrainStackTargetSize                   = 64                                        {product} {ergonomic}
   size_t InitialHeapSize                          = 132120576                                 {product} {ergonomic}
   size_t MarkStackSize                            = 4194304                                   {product} {ergonomic}
   size_t MaxHeapSize                              = 2113929216                                {product} {ergonomic}
   size_t MaxNewSize                               = 1267728384                                {product} {ergonomic}
   size_t MinHeapDeltaBytes                        = 1048576                                   {product} {ergonomic}
   size_t MinHeapSize                              = 8388608                                   {product} {ergonomic}
    uintx NonNMethodCodeHeapSize                   = 5839372                                {pd product} {ergonomic}
    uintx NonProfiledCodeHeapSize                  = 122909434                              {pd product} {ergonomic}
    uintx ProfiledCodeHeapSize                     = 122909434                              {pd product} {ergonomic}
    uintx ReservedCodeCacheSize                    = 251658240                              {pd product} {ergonomic}
     bool SegmentedCodeCache                       = true                                      {product} {ergonomic}
   size_t SoftMaxHeapSize                          = 2113929216                             {manageable} {ergonomic}
     bool UseCompressedClassPointers               = true                                 {lp64_product} {ergonomic}
     bool UseCompressedOops                        = true                                 {lp64_product} {ergonomic}
     bool UseG1GC                                  = true                                      {product} {ergonomic}
     bool UseLargePagesIndividualAllocation        = false                                  {pd product} {ergonomic}

Logging:
Log output configuration:
 #0: stdout all=warning uptime,level,tags
 #1: stderr all=off uptime,level,tags

Environment Variables:
JAVA_HOME=C:\Program Files\Java\jdk-15.0.2
PATH=C:\app\hp\product\21c\dbhomeXE\bin;C:\Program Files\National Instruments\Shared\OpenVINO\;C:\Program Files\Common Files\Oracle\Java\javapath;C:\Program Files (x86)\Common Files\Oracle\Java\javapath;C:\Windows\system32;C:\Windows;C:\Windows\System32\Wbem;C:\Windows\System32\WindowsPowerShell\v1.0\;C:\Windows\System32\OpenSSH\;C:\Program Files (x86)\NVIDIA Corporation\PhysX\Common;c:\Program Files (x86)\Microsoft SQL Server\100\Tools\Binn\;c:\Program Files\Microsoft SQL Server\100\Tools\Binn\;c:\Program Files\Microsoft SQL Server\100\DTS\Binn\;C:\Program Files\dotnet\;C:\Program Files\Microsoft SQL Server\130\Tools\Binn\;C:\Program Files\Microsoft SQL Server\Client SDK\ODBC\170\Tools\Binn\;C:\WINDOWS\system32;C:\WINDOWS;C:\WINDOWS\System32\Wbem;C:\WINDOWS\System32\WindowsPowerShell\v1.0\;C:\WINDOWS\System32\OpenSSH\;C:\Program Files\Java\jdk-15.0.2\bin;C:\f\flutter\bin;C:\Program Files\Dart\dart-sdk\bin;C:\Program Files (x86)\Microsoft SQL Server\110\Tools\Binn\;C:\Program Files (x86)\Microsoft SQL Server\110\DTS\Binn\;C:\Program Files (x86)\National Instruments\Shared\LabVIEW CLI;C:\Program Files\Java\java-se-8u41-ri\bin;C:\Program Files\Git\cmd;C:\Users\hp\AppData\Local\Microsoft\WindowsApps;C:\f\flutter\bin;
USERNAME=hp
OS=Windows_NT
PROCESSOR_IDENTIFIER=Intel64 Family 6 Model 142 Stepping 12, GenuineIntel



---------------  S Y S T E M  ---------------

OS:
 Windows 10 , 64 bit Build 19041 (10.0.19041.1348)
OS uptime: 0 days 12:31 hours

CPU: total 8 (initial active 8) (4 cores per cpu, 2 threads per core) family 6 model 142 stepping 12 microcode 0xb8, cmov, cx8, fxsr, mmx, sse, sse2, sse3, ssse3, sse4.1, sse4.2, popcnt, vzeroupper, avx, avx2, aes, clmul, erms, 3dnowpref, lzcnt, ht, tsc, tscinvbit, bmi1, bmi2, adx, fma, clflush, clflushopt

Memory: 4k page, system-wide physical 8062M (1470M free)
TotalPageFile size 9951M (AvailPageFile size 0M)
current process WorkingSet (physical memory assigned to process): 65M, peak: 65M
current process commit charge ("private bytes"): 223M, peak: 224M

vm_info: Java HotSpot(TM) 64-Bit Server VM (15.0.2+7-27) for windows-amd64 JRE (15.0.2+7-27), built on Dec  7 2020 20:07:01 by "mach5one" with unknown MS VC++:1925

END.
