#
# There is insufficient memory for the Java Runtime Environment to continue.
# Native memory allocation (malloc) failed to allocate 1674144 bytes for Chunk::new
# Possible reasons:
#   The system is out of physical RAM or swap space
#   The process is running with CompressedOops enabled, and the Java Heap may be blocking the growth of the native heap
# Possible solutions:
#   Reduce memory load on the system
#   Increase physical memory or swap space
#   Check if swap backing store is full
#   Decrease Java heap size (-Xmx/-Xms)
#   Decrease number of Java threads
#   Decrease Java thread stack sizes (-Xss)
#   Set larger code cache with -XX:ReservedCodeCacheSize=
#   JVM is running with Unscaled Compressed Oops mode in which the Java heap is
#     placed in the first 4GB address space. The Java Heap base address is the
#     maximum limit for the native heap growth. Please use -XX:HeapBaseMinAddress
#     to set the Java Heap base and to place the Java Heap above 4GB virtual address.
# This output file may be truncated or incomplete.
#
#  Out of Memory Error (./open/src/hotspot/share/memory/arena.cpp:195), pid=4488, tid=12596
#
# JRE version: Java(TM) SE Runtime Environment (15.0.2+7) (build 15.0.2+7-27)
# Java VM: Java HotSpot(TM) 64-Bit Server VM (15.0.2+7-27, mixed mode, sharing, tiered, compressed oops, g1 gc, windows-amd64)
# No core dump will be written. Minidumps are not enabled by default on client versions of Windows
#

---------------  S U M M A R Y ------------

Command Line: -Dclassworlds.conf=C:\Program Files (x86)\NetBeans-12.4\netbeans\java\maven\bin\..\bin\m2.conf -Dmaven.home=C:\Program Files (x86)\NetBeans-12.4\netbeans\java\maven\bin\.. -Dlibrary.jansi.path=C:\Program Files (x86)\NetBeans-12.4\netbeans\java\maven\bin\..\lib\jansi-native -Dmaven.multiModuleProjectDirectory=C:\Users\hp\Documents\NetBeansProjects\mavenproject5 org.codehaus.plexus.classworlds.launcher.Launcher -Dmaven.ext.class.path=C:\Program Files (x86)\NetBeans-12.4\netbeans\java\maven-nblib\netbeans-eventspy.jar -Dfile.encoding=UTF-8 install

Host: Intel(R) Core(TM) i7-8565U CPU @ 1.80GHz, 8 cores, 7G,  Windows 10 , 64 bit Build 19041 (10.0.19041.1348)
Time: Sat Dec  4 21:34:00 2021 Jerusalem Standard Time elapsed time: 1.817554 seconds (0d 0h 0m 1s)

---------------  T H R E A D  ---------------

Current thread (0x00000190629d56d0):  JavaThread "C2 CompilerThread0" daemon [_thread_in_native, id=12596, stack(0x00000014aba00000,0x00000014abb00000)]


Current CompileTask:
C2:   1817 1972   !   4       java.net.URL::<init> (543 bytes)

Stack: [0x00000014aba00000,0x00000014abb00000]
Native frames: (J=compiled Java code, j=interpreted, Vv=VM code, C=native code)
V  [jvm.dll+0x62ae9a]
V  [jvm.dll+0x7817a9]
V  [jvm.dll+0x782f03]
V  [jvm.dll+0x783563]
V  [jvm.dll+0x216325]
V  [jvm.dll+0x97f3a]
V  [jvm.dll+0x9861c]
V  [jvm.dll+0x32e305]
V  [jvm.dll+0x2f768a]
V  [jvm.dll+0x2f6a4a]
V  [jvm.dll+0x1ea705]
V  [jvm.dll+0x1e996e]
V  [jvm.dll+0x178567]
V  [jvm.dll+0x1f9225]
V  [jvm.dll+0x1f72cc]
V  [jvm.dll+0x74495d]
V  [jvm.dll+0x73d75a]
V  [jvm.dll+0x629c56]
C  [ucrtbase.dll+0x21bb2]
C  [KERNEL32.DLL+0x17034]
C  [ntdll.dll+0x52651]


---------------  P R O C E S S  ---------------

Threads class SMR info:
_java_thread_list=0x0000019063d05f80, length=13, elements={
0x0000019041fb7500, 0x00000190629b80b0, 0x00000190629b8c80, 0x00000190629d0060,
0x00000190629d2a30, 0x00000190629d34e0, 0x00000190629d56d0, 0x00000190629d9290,
0x00000190629daca0, 0x0000019063418880, 0x0000019063421d90, 0x00000190634bcf40,
0x0000019063c85be0
}

Java Threads: ( => current thread )
  0x0000019041fb7500 JavaThread "main" [_thread_in_native, id=12352, stack(0x00000014aae00000,0x00000014aaf00000)]
  0x00000190629b80b0 JavaThread "Reference Handler" daemon [_thread_blocked, id=11228, stack(0x00000014ab500000,0x00000014ab600000)]
  0x00000190629b8c80 JavaThread "Finalizer" daemon [_thread_blocked, id=9352, stack(0x00000014ab600000,0x00000014ab700000)]
  0x00000190629d0060 JavaThread "Signal Dispatcher" daemon [_thread_blocked, id=11640, stack(0x00000014ab700000,0x00000014ab800000)]
  0x00000190629d2a30 JavaThread "Attach Listener" daemon [_thread_blocked, id=5876, stack(0x00000014ab800000,0x00000014ab900000)]
  0x00000190629d34e0 JavaThread "Service Thread" daemon [_thread_blocked, id=6908, stack(0x00000014ab900000,0x00000014aba00000)]
=>0x00000190629d56d0 JavaThread "C2 CompilerThread0" daemon [_thread_in_native, id=12596, stack(0x00000014aba00000,0x00000014abb00000)]
  0x00000190629d9290 JavaThread "C1 CompilerThread0" daemon [_thread_blocked, id=10856, stack(0x00000014abb00000,0x00000014abc00000)]
  0x00000190629daca0 JavaThread "Sweeper thread" daemon [_thread_blocked, id=12224, stack(0x00000014abc00000,0x00000014abd00000)]
  0x0000019063418880 JavaThread "Notification Thread" daemon [_thread_blocked, id=11360, stack(0x00000014abd00000,0x00000014abe00000)]
  0x0000019063421d90 JavaThread "Common-Cleaner" daemon [_thread_blocked, id=6180, stack(0x00000014abf00000,0x00000014ac000000)]
  0x00000190634bcf40 JavaThread "C2 CompilerThread1" daemon [_thread_blocked, id=1936, stack(0x00000014ac000000,0x00000014ac100000)]
  0x0000019063c85be0 JavaThread "C2 CompilerThread2" daemon [_thread_blocked, id=8232, stack(0x00000014ac100000,0x00000014ac200000)]

Other Threads:
  0x00000190629b5820 VMThread "VM Thread" [stack: 0x00000014ab400000,0x00000014ab500000] [id=10956]
  0x000001906342b070 WatcherThread [stack: 0x00000014abe00000,0x00000014abf00000] [id=440]
  0x0000019041ff6fd0 GCTaskThread "GC Thread#0" [stack: 0x00000014aaf00000,0x00000014ab000000] [id=5824]
  0x00000190637a60d0 GCTaskThread "GC Thread#1" [stack: 0x00000014ac200000,0x00000014ac300000] [id=11824]
  0x00000190637a5740 GCTaskThread "GC Thread#2" [stack: 0x00000014ac300000,0x00000014ac400000] [id=13104]
  0x0000019042007d20 ConcurrentGCThread "G1 Main Marker" [stack: 0x00000014ab000000,0x00000014ab100000] [id=12760]
  0x0000019042008910 ConcurrentGCThread "G1 Conc#0" [stack: 0x00000014ab100000,0x00000014ab200000] [id=148]
  0x00000190420866d0 ConcurrentGCThread "G1 Refine#0" [stack: 0x00000014ab200000,0x00000014ab300000] [id=7360]
  0x00000190420882e0 ConcurrentGCThread "G1 Young RemSet Sampling" [stack: 0x00000014ab300000,0x00000014ab400000] [id=11336]

Threads with active compile tasks:
C2 CompilerThread0     1937 1972   !   4       java.net.URL::<init> (543 bytes)

VM state: not at safepoint (normal execution)

VM Mutex/Monitor currently owned by a thread: None

Heap address: 0x0000000082000000, size: 2016 MB, Compressed Oops mode: 32-bit
CDS archive(s) mapped at: [0x0000000800000000-0x0000000800b50000-0x0000000800b50000), size 11862016, SharedBaseAddress: 0x0000000800000000, ArchiveRelocationMode: 0.
Compressed class space mapped at: 0x0000000800b50000-0x0000000840b50000, size: 1073741824
Narrow klass base: 0x0000000800000000, Narrow klass shift: 3, Narrow klass range: 0x100000000

GC Precious Log:
 CPUs: 8 total, 8 available
 Memory: 8062M
 Large Page Support: Disabled
 NUMA Support: Disabled
 Compressed Oops: Enabled (32-bit)
 Heap Region Size: 1M
 Heap Min Capacity: 8M
 Heap Initial Capacity: 126M
 Heap Max Capacity: 2016M
 Pre-touch: Disabled
 Parallel Workers: 8
 Concurrent Workers: 2
 Concurrent Refinement Workers: 8
 Periodic GC: Disabled

Heap:
 garbage-first heap   total 129024K, used 17564K [0x0000000082000000, 0x0000000100000000)
  region size 1024K, 15 young (15360K), 2 survivors (2048K)
 Metaspace       used 12300K, capacity 14031K, committed 14208K, reserved 1062912K
  class space    used 1428K, capacity 1657K, committed 1664K, reserved 1048576K

Heap Regions: E=young(eden), S=young(survivor), O=old, HS=humongous(starts), HC=humongous(continues), CS=collection set, F=free, OA=open archive, CA=closed archive, TAMS=top-at-mark-start (previous, next)
|   0|0x0000000082000000, 0x0000000082100000, 0x0000000082100000|100%| O|  |TAMS 0x0000000082000000, 0x0000000082000000| Untracked 
|   1|0x0000000082100000, 0x0000000082200000, 0x0000000082200000|100%| O|  |TAMS 0x0000000082100000, 0x0000000082100000| Untracked 
|   2|0x0000000082200000, 0x0000000082300000, 0x0000000082300000|100%| O|  |TAMS 0x0000000082200000, 0x0000000082200000| Untracked 
|   3|0x0000000082300000, 0x0000000082360800, 0x0000000082400000| 37%| O|  |TAMS 0x0000000082300000, 0x0000000082300000| Untracked 
|   4|0x0000000082400000, 0x0000000082400000, 0x0000000082500000|  0%| F|  |TAMS 0x0000000082400000, 0x0000000082400000| Untracked 
|   5|0x0000000082500000, 0x0000000082500000, 0x0000000082600000|  0%| F|  |TAMS 0x0000000082500000, 0x0000000082500000| Untracked 
|   6|0x0000000082600000, 0x0000000082600000, 0x0000000082700000|  0%| F|  |TAMS 0x0000000082600000, 0x0000000082600000| Untracked 
|   7|0x0000000082700000, 0x0000000082700000, 0x0000000082800000|  0%| F|  |TAMS 0x0000000082700000, 0x0000000082700000| Untracked 
|   8|0x0000000082800000, 0x0000000082800000, 0x0000000082900000|  0%| F|  |TAMS 0x0000000082800000, 0x0000000082800000| Untracked 
|   9|0x0000000082900000, 0x0000000082900000, 0x0000000082a00000|  0%| F|  |TAMS 0x0000000082900000, 0x0000000082900000| Untracked 
|  10|0x0000000082a00000, 0x0000000082a00000, 0x0000000082b00000|  0%| F|  |TAMS 0x0000000082a00000, 0x0000000082a00000| Untracked 
|  11|0x0000000082b00000, 0x0000000082b00000, 0x0000000082c00000|  0%| F|  |TAMS 0x0000000082b00000, 0x0000000082b00000| Untracked 
|  12|0x0000000082c00000, 0x0000000082c00000, 0x0000000082d00000|  0%| F|  |TAMS 0x0000000082c00000, 0x0000000082c00000| Untracked 
|  13|0x0000000082d00000, 0x0000000082d00000, 0x0000000082e00000|  0%| F|  |TAMS 0x0000000082d00000, 0x0000000082d00000| Untracked 
|  14|0x0000000082e00000, 0x0000000082e00000, 0x0000000082f00000|  0%| F|  |TAMS 0x0000000082e00000, 0x0000000082e00000| Untracked 
|  15|0x0000000082f00000, 0x0000000082f00000, 0x0000000083000000|  0%| F|  |TAMS 0x0000000082f00000, 0x0000000082f00000| Untracked 
|  16|0x0000000083000000, 0x0000000083000000, 0x0000000083100000|  0%| F|  |TAMS 0x0000000083000000, 0x0000000083000000| Untracked 
|  17|0x0000000083100000, 0x0000000083100000, 0x0000000083200000|  0%| F|  |TAMS 0x0000000083100000, 0x0000000083100000| Untracked 
|  18|0x0000000083200000, 0x0000000083200000, 0x0000000083300000|  0%| F|  |TAMS 0x0000000083200000, 0x0000000083200000| Untracked 
|  19|0x0000000083300000, 0x0000000083300000, 0x0000000083400000|  0%| F|  |TAMS 0x0000000083300000, 0x0000000083300000| Untracked 
|  20|0x0000000083400000, 0x0000000083400000, 0x0000000083500000|  0%| F|  |TAMS 0x0000000083400000, 0x0000000083400000| Untracked 
|  21|0x0000000083500000, 0x0000000083500000, 0x0000000083600000|  0%| F|  |TAMS 0x0000000083500000, 0x0000000083500000| Untracked 
|  22|0x0000000083600000, 0x0000000083600000, 0x0000000083700000|  0%| F|  |TAMS 0x0000000083600000, 0x0000000083600000| Untracked 
|  23|0x0000000083700000, 0x0000000083700000, 0x0000000083800000|  0%| F|  |TAMS 0x0000000083700000, 0x0000000083700000| Untracked 
|  24|0x0000000083800000, 0x0000000083800000, 0x0000000083900000|  0%| F|  |TAMS 0x0000000083800000, 0x0000000083800000| Untracked 
|  25|0x0000000083900000, 0x0000000083900000, 0x0000000083a00000|  0%| F|  |TAMS 0x0000000083900000, 0x0000000083900000| Untracked 
|  26|0x0000000083a00000, 0x0000000083a00000, 0x0000000083b00000|  0%| F|  |TAMS 0x0000000083a00000, 0x0000000083a00000| Untracked 
|  27|0x0000000083b00000, 0x0000000083b00000, 0x0000000083c00000|  0%| F|  |TAMS 0x0000000083b00000, 0x0000000083b00000| Untracked 
|  28|0x0000000083c00000, 0x0000000083c00000, 0x0000000083d00000|  0%| F|  |TAMS 0x0000000083c00000, 0x0000000083c00000| Untracked 
|  29|0x0000000083d00000, 0x0000000083d00000, 0x0000000083e00000|  0%| F|  |TAMS 0x0000000083d00000, 0x0000000083d00000| Untracked 
|  30|0x0000000083e00000, 0x0000000083e00000, 0x0000000083f00000|  0%| F|  |TAMS 0x0000000083e00000, 0x0000000083e00000| Untracked 
|  31|0x0000000083f00000, 0x0000000083f00000, 0x0000000084000000|  0%| F|  |TAMS 0x0000000083f00000, 0x0000000083f00000| Untracked 
|  32|0x0000000084000000, 0x0000000084000000, 0x0000000084100000|  0%| F|  |TAMS 0x0000000084000000, 0x0000000084000000| Untracked 
|  33|0x0000000084100000, 0x0000000084100000, 0x0000000084200000|  0%| F|  |TAMS 0x0000000084100000, 0x0000000084100000| Untracked 
|  34|0x0000000084200000, 0x0000000084200000, 0x0000000084300000|  0%| F|  |TAMS 0x0000000084200000, 0x0000000084200000| Untracked 
|  35|0x0000000084300000, 0x0000000084300000, 0x0000000084400000|  0%| F|  |TAMS 0x0000000084300000, 0x0000000084300000| Untracked 
|  36|0x0000000084400000, 0x0000000084400000, 0x0000000084500000|  0%| F|  |TAMS 0x0000000084400000, 0x0000000084400000| Untracked 
|  37|0x0000000084500000, 0x0000000084500000, 0x0000000084600000|  0%| F|  |TAMS 0x0000000084500000, 0x0000000084500000| Untracked 
|  38|0x0000000084600000, 0x0000000084600000, 0x0000000084700000|  0%| F|  |TAMS 0x0000000084600000, 0x0000000084600000| Untracked 
|  39|0x0000000084700000, 0x0000000084700000, 0x0000000084800000|  0%| F|  |TAMS 0x0000000084700000, 0x0000000084700000| Untracked 
|  40|0x0000000084800000, 0x0000000084800000, 0x0000000084900000|  0%| F|  |TAMS 0x0000000084800000, 0x0000000084800000| Untracked 
|  41|0x0000000084900000, 0x0000000084900000, 0x0000000084a00000|  0%| F|  |TAMS 0x0000000084900000, 0x0000000084900000| Untracked 
|  42|0x0000000084a00000, 0x0000000084a00000, 0x0000000084b00000|  0%| F|  |TAMS 0x0000000084a00000, 0x0000000084a00000| Untracked 
|  43|0x0000000084b00000, 0x0000000084b00000, 0x0000000084c00000|  0%| F|  |TAMS 0x0000000084b00000, 0x0000000084b00000| Untracked 
|  44|0x0000000084c00000, 0x0000000084c00000, 0x0000000084d00000|  0%| F|  |TAMS 0x0000000084c00000, 0x0000000084c00000| Untracked 
|  45|0x0000000084d00000, 0x0000000084d00000, 0x0000000084e00000|  0%| F|  |TAMS 0x0000000084d00000, 0x0000000084d00000| Untracked 
|  46|0x0000000084e00000, 0x0000000084e00000, 0x0000000084f00000|  0%| F|  |TAMS 0x0000000084e00000, 0x0000000084e00000| Untracked 
|  47|0x0000000084f00000, 0x0000000084f00000, 0x0000000085000000|  0%| F|  |TAMS 0x0000000084f00000, 0x0000000084f00000| Untracked 
|  48|0x0000000085000000, 0x0000000085000000, 0x0000000085100000|  0%| F|  |TAMS 0x0000000085000000, 0x0000000085000000| Untracked 
|  49|0x0000000085100000, 0x0000000085100000, 0x0000000085200000|  0%| F|  |TAMS 0x0000000085100000, 0x0000000085100000| Untracked 
|  50|0x0000000085200000, 0x0000000085200000, 0x0000000085300000|  0%| F|  |TAMS 0x0000000085200000, 0x0000000085200000| Untracked 
|  51|0x0000000085300000, 0x0000000085300000, 0x0000000085400000|  0%| F|  |TAMS 0x0000000085300000, 0x0000000085300000| Untracked 
|  52|0x0000000085400000, 0x0000000085400000, 0x0000000085500000|  0%| F|  |TAMS 0x0000000085400000, 0x0000000085400000| Untracked 
|  53|0x0000000085500000, 0x0000000085500000, 0x0000000085600000|  0%| F|  |TAMS 0x0000000085500000, 0x0000000085500000| Untracked 
|  54|0x0000000085600000, 0x0000000085600000, 0x0000000085700000|  0%| F|  |TAMS 0x0000000085600000, 0x0000000085600000| Untracked 
|  55|0x0000000085700000, 0x0000000085700000, 0x0000000085800000|  0%| F|  |TAMS 0x0000000085700000, 0x0000000085700000| Untracked 
|  56|0x0000000085800000, 0x0000000085800000, 0x0000000085900000|  0%| F|  |TAMS 0x0000000085800000, 0x0000000085800000| Untracked 
|  57|0x0000000085900000, 0x0000000085900000, 0x0000000085a00000|  0%| F|  |TAMS 0x0000000085900000, 0x0000000085900000| Untracked 
|  58|0x0000000085a00000, 0x0000000085a00000, 0x0000000085b00000|  0%| F|  |TAMS 0x0000000085a00000, 0x0000000085a00000| Untracked 
|  59|0x0000000085b00000, 0x0000000085b00000, 0x0000000085c00000|  0%| F|  |TAMS 0x0000000085b00000, 0x0000000085b00000| Untracked 
|  60|0x0000000085c00000, 0x0000000085c00000, 0x0000000085d00000|  0%| F|  |TAMS 0x0000000085c00000, 0x0000000085c00000| Untracked 
|  61|0x0000000085d00000, 0x0000000085d00000, 0x0000000085e00000|  0%| F|  |TAMS 0x0000000085d00000, 0x0000000085d00000| Untracked 
|  62|0x0000000085e00000, 0x0000000085e00000, 0x0000000085f00000|  0%| F|  |TAMS 0x0000000085e00000, 0x0000000085e00000| Untracked 
|  63|0x0000000085f00000, 0x0000000085f00000, 0x0000000086000000|  0%| F|  |TAMS 0x0000000085f00000, 0x0000000085f00000| Untracked 
|  64|0x0000000086000000, 0x0000000086000000, 0x0000000086100000|  0%| F|  |TAMS 0x0000000086000000, 0x0000000086000000| Untracked 
|  65|0x0000000086100000, 0x0000000086100000, 0x0000000086200000|  0%| F|  |TAMS 0x0000000086100000, 0x0000000086100000| Untracked 
|  66|0x0000000086200000, 0x0000000086200000, 0x0000000086300000|  0%| F|  |TAMS 0x0000000086200000, 0x0000000086200000| Untracked 
|  67|0x0000000086300000, 0x0000000086300000, 0x0000000086400000|  0%| F|  |TAMS 0x0000000086300000, 0x0000000086300000| Untracked 
|  68|0x0000000086400000, 0x0000000086400000, 0x0000000086500000|  0%| F|  |TAMS 0x0000000086400000, 0x0000000086400000| Untracked 
|  69|0x0000000086500000, 0x0000000086500000, 0x0000000086600000|  0%| F|  |TAMS 0x0000000086500000, 0x0000000086500000| Untracked 
|  70|0x0000000086600000, 0x0000000086600000, 0x0000000086700000|  0%| F|  |TAMS 0x0000000086600000, 0x0000000086600000| Untracked 
|  71|0x0000000086700000, 0x0000000086700000, 0x0000000086800000|  0%| F|  |TAMS 0x0000000086700000, 0x0000000086700000| Untracked 
|  72|0x0000000086800000, 0x0000000086800000, 0x0000000086900000|  0%| F|  |TAMS 0x0000000086800000, 0x0000000086800000| Untracked 
|  73|0x0000000086900000, 0x0000000086900000, 0x0000000086a00000|  0%| F|  |TAMS 0x0000000086900000, 0x0000000086900000| Untracked 
|  74|0x0000000086a00000, 0x0000000086a00000, 0x0000000086b00000|  0%| F|  |TAMS 0x0000000086a00000, 0x0000000086a00000| Untracked 
|  75|0x0000000086b00000, 0x0000000086b00000, 0x0000000086c00000|  0%| F|  |TAMS 0x0000000086b00000, 0x0000000086b00000| Untracked 
|  76|0x0000000086c00000, 0x0000000086c00000, 0x0000000086d00000|  0%| F|  |TAMS 0x0000000086c00000, 0x0000000086c00000| Untracked 
|  77|0x0000000086d00000, 0x0000000086d00000, 0x0000000086e00000|  0%| F|  |TAMS 0x0000000086d00000, 0x0000000086d00000| Untracked 
|  78|0x0000000086e00000, 0x0000000086e00000, 0x0000000086f00000|  0%| F|  |TAMS 0x0000000086e00000, 0x0000000086e00000| Untracked 
|  79|0x0000000086f00000, 0x0000000086f00000, 0x0000000087000000|  0%| F|  |TAMS 0x0000000086f00000, 0x0000000086f00000| Untracked 
|  80|0x0000000087000000, 0x0000000087000000, 0x0000000087100000|  0%| F|  |TAMS 0x0000000087000000, 0x0000000087000000| Untracked 
|  81|0x0000000087100000, 0x0000000087100000, 0x0000000087200000|  0%| F|  |TAMS 0x0000000087100000, 0x0000000087100000| Untracked 
|  82|0x0000000087200000, 0x0000000087200000, 0x0000000087300000|  0%| F|  |TAMS 0x0000000087200000, 0x0000000087200000| Untracked 
|  83|0x0000000087300000, 0x0000000087300000, 0x0000000087400000|  0%| F|  |TAMS 0x0000000087300000, 0x0000000087300000| Untracked 
|  84|0x0000000087400000, 0x0000000087400000, 0x0000000087500000|  0%| F|  |TAMS 0x0000000087400000, 0x0000000087400000| Untracked 
|  85|0x0000000087500000, 0x0000000087500000, 0x0000000087600000|  0%| F|  |TAMS 0x0000000087500000, 0x0000000087500000| Untracked 
|  86|0x0000000087600000, 0x0000000087600000, 0x0000000087700000|  0%| F|  |TAMS 0x0000000087600000, 0x0000000087600000| Untracked 
|  87|0x0000000087700000, 0x0000000087700000, 0x0000000087800000|  0%| F|  |TAMS 0x0000000087700000, 0x0000000087700000| Untracked 
|  88|0x0000000087800000, 0x0000000087800000, 0x0000000087900000|  0%| F|  |TAMS 0x0000000087800000, 0x0000000087800000| Untracked 
|  89|0x0000000087900000, 0x0000000087900000, 0x0000000087a00000|  0%| F|  |TAMS 0x0000000087900000, 0x0000000087900000| Untracked 
|  90|0x0000000087a00000, 0x0000000087a00000, 0x0000000087b00000|  0%| F|  |TAMS 0x0000000087a00000, 0x0000000087a00000| Untracked 
|  91|0x0000000087b00000, 0x0000000087bc6b40, 0x0000000087c00000| 77%| S|CS|TAMS 0x0000000087b00000, 0x0000000087b00000| Complete 
|  92|0x0000000087c00000, 0x0000000087d00000, 0x0000000087d00000|100%| S|CS|TAMS 0x0000000087c00000, 0x0000000087c00000| Complete 
|  93|0x0000000087d00000, 0x0000000087d00000, 0x0000000087e00000|  0%| F|  |TAMS 0x0000000087d00000, 0x0000000087d00000| Untracked 
|  94|0x0000000087e00000, 0x0000000087e00000, 0x0000000087f00000|  0%| F|  |TAMS 0x0000000087e00000, 0x0000000087e00000| Untracked 
|  95|0x0000000087f00000, 0x0000000087f00000, 0x0000000088000000|  0%| F|  |TAMS 0x0000000087f00000, 0x0000000087f00000| Untracked 
|  96|0x0000000088000000, 0x0000000088000000, 0x0000000088100000|  0%| F|  |TAMS 0x0000000088000000, 0x0000000088000000| Untracked 
|  97|0x0000000088100000, 0x0000000088100000, 0x0000000088200000|  0%| F|  |TAMS 0x0000000088100000, 0x0000000088100000| Untracked 
|  98|0x0000000088200000, 0x0000000088200000, 0x0000000088300000|  0%| F|  |TAMS 0x0000000088200000, 0x0000000088200000| Untracked 
|  99|0x0000000088300000, 0x0000000088300000, 0x0000000088400000|  0%| F|  |TAMS 0x0000000088300000, 0x0000000088300000| Untracked 
| 100|0x0000000088400000, 0x0000000088400000, 0x0000000088500000|  0%| F|  |TAMS 0x0000000088400000, 0x0000000088400000| Untracked 
| 101|0x0000000088500000, 0x0000000088500000, 0x0000000088600000|  0%| F|  |TAMS 0x0000000088500000, 0x0000000088500000| Untracked 
| 102|0x0000000088600000, 0x0000000088600000, 0x0000000088700000|  0%| F|  |TAMS 0x0000000088600000, 0x0000000088600000| Untracked 
| 103|0x0000000088700000, 0x0000000088700000, 0x0000000088800000|  0%| F|  |TAMS 0x0000000088700000, 0x0000000088700000| Untracked 
| 104|0x0000000088800000, 0x0000000088800000, 0x0000000088900000|  0%| F|  |TAMS 0x0000000088800000, 0x0000000088800000| Untracked 
| 105|0x0000000088900000, 0x0000000088900000, 0x0000000088a00000|  0%| F|  |TAMS 0x0000000088900000, 0x0000000088900000| Untracked 
| 106|0x0000000088a00000, 0x0000000088a00000, 0x0000000088b00000|  0%| F|  |TAMS 0x0000000088a00000, 0x0000000088a00000| Untracked 
| 107|0x0000000088b00000, 0x0000000088b00000, 0x0000000088c00000|  0%| F|  |TAMS 0x0000000088b00000, 0x0000000088b00000| Untracked 
| 108|0x0000000088c00000, 0x0000000088c00000, 0x0000000088d00000|  0%| F|  |TAMS 0x0000000088c00000, 0x0000000088c00000| Untracked 
| 109|0x0000000088d00000, 0x0000000088d00000, 0x0000000088e00000|  0%| F|  |TAMS 0x0000000088d00000, 0x0000000088d00000| Untracked 
| 110|0x0000000088e00000, 0x0000000088e00000, 0x0000000088f00000|  0%| F|  |TAMS 0x0000000088e00000, 0x0000000088e00000| Untracked 
| 111|0x0000000088f00000, 0x0000000088f00000, 0x0000000089000000|  0%| F|  |TAMS 0x0000000088f00000, 0x0000000088f00000| Untracked 
| 112|0x0000000089000000, 0x0000000089000000, 0x0000000089100000|  0%| F|  |TAMS 0x0000000089000000, 0x0000000089000000| Untracked 
| 113|0x0000000089100000, 0x0000000089180800, 0x0000000089200000| 50%| E|  |TAMS 0x0000000089100000, 0x0000000089100000| Complete 
| 114|0x0000000089200000, 0x0000000089300000, 0x0000000089300000|100%| E|CS|TAMS 0x0000000089200000, 0x0000000089200000| Complete 
| 115|0x0000000089300000, 0x0000000089400000, 0x0000000089400000|100%| E|CS|TAMS 0x0000000089300000, 0x0000000089300000| Complete 
| 116|0x0000000089400000, 0x0000000089500000, 0x0000000089500000|100%| E|CS|TAMS 0x0000000089400000, 0x0000000089400000| Complete 
| 117|0x0000000089500000, 0x0000000089600000, 0x0000000089600000|100%| E|CS|TAMS 0x0000000089500000, 0x0000000089500000| Complete 
| 118|0x0000000089600000, 0x0000000089700000, 0x0000000089700000|100%| E|CS|TAMS 0x0000000089600000, 0x0000000089600000| Complete 
| 119|0x0000000089700000, 0x0000000089800000, 0x0000000089800000|100%| E|CS|TAMS 0x0000000089700000, 0x0000000089700000| Complete 
| 120|0x0000000089800000, 0x0000000089900000, 0x0000000089900000|100%| E|CS|TAMS 0x0000000089800000, 0x0000000089800000| Complete 
| 121|0x0000000089900000, 0x0000000089a00000, 0x0000000089a00000|100%| E|CS|TAMS 0x0000000089900000, 0x0000000089900000| Complete 
| 122|0x0000000089a00000, 0x0000000089b00000, 0x0000000089b00000|100%| E|CS|TAMS 0x0000000089a00000, 0x0000000089a00000| Complete 
| 123|0x0000000089b00000, 0x0000000089c00000, 0x0000000089c00000|100%| E|CS|TAMS 0x0000000089b00000, 0x0000000089b00000| Complete 
| 124|0x0000000089c00000, 0x0000000089d00000, 0x0000000089d00000|100%| E|CS|TAMS 0x0000000089c00000, 0x0000000089c00000| Complete 
| 125|0x0000000089d00000, 0x0000000089e00000, 0x0000000089e00000|100%| E|CS|TAMS 0x0000000089d00000, 0x0000000089d00000| Complete 

Card table byte_map: [0x000001905b820000,0x000001905bc10000] _byte_map_base: 0x000001905b410000

Marking Bits (Prev, Next): (CMBitMap*) 0x0000019041ff77c0, (CMBitMap*) 0x0000019041ff7800
 Prev Bits: [0x000001905c000000, 0x000001905df80000)
 Next Bits: [0x000001905df80000, 0x000001905ff00000)

Polling page: 0x0000019042090000

Metaspace:

Usage:
  Non-class:     12.08 MB capacity,    10.62 MB ( 88%) used,     1.46 MB ( 12%) free+waste,    11.94 KB ( <1%) overhead. 
      Class:      1.62 MB capacity,     1.39 MB ( 86%) used,   223.99 KB ( 14%) free+waste,     5.00 KB ( <1%) overhead. 
       Both:     13.70 MB capacity,    12.01 MB ( 88%) used,     1.67 MB ( 12%) free+waste,    16.94 KB ( <1%) overhead. 

Virtual space:
  Non-class space:       14.00 MB reserved,      12.25 MB ( 88%) committed 
      Class space:        1.00 GB reserved,       1.62 MB ( <1%) committed 
             Both:        1.01 GB reserved,      13.88 MB (  1%) committed 

Chunk freelists:
   Non-Class:  42.00 KB
       Class:  7.00 KB
        Both:  49.00 KB

MaxMetaspaceSize: 17179869184.00 GB
CompressedClassSpaceSize: 1.00 GB

CodeHeap 'non-profiled nmethods': size=120000Kb used=775Kb max_used=775Kb free=119224Kb
 bounds [0x00000190534a0000, 0x0000019053710000, 0x000001905a9d0000]
CodeHeap 'profiled nmethods': size=120000Kb used=3944Kb max_used=3944Kb free=116055Kb
 bounds [0x000001904bf70000, 0x000001904c350000, 0x00000190534a0000]
CodeHeap 'non-nmethods': size=5760Kb used=1197Kb max_used=1225Kb free=4562Kb
 bounds [0x000001904b9d0000, 0x000001904bc40000, 0x000001904bf70000]
 total_blobs=2546 nmethods=2089 adapters=369
 compilation: enabled
              stopped_count=0, restarted_count=0
 full_count=0

Compilation events (20 events):
Event: 1.687 Thread 0x00000190629d9290 2016       3       java.lang.Short::<init> (10 bytes)
Event: 1.687 Thread 0x00000190629d9290 nmethod 2016 0x000001904c31a710 code [0x000001904c31a8c0, 0x000001904c31aa78]
Event: 1.687 Thread 0x00000190629d9290 2017       3       java.lang.Byte::<init> (10 bytes)
Event: 1.687 Thread 0x00000190629d9290 nmethod 2017 0x000001904c31ab90 code [0x000001904c31ad40, 0x000001904c31aef8]
Event: 1.688 Thread 0x0000019063c85be0 nmethod 2012 0x000001905355ab10 code [0x000001905355aca0, 0x000001905355aeb8]
Event: 1.688 Thread 0x00000190629d9290 2018       3       org.eclipse.sisu.inject.InjectorBindings::publishWildcardMatches (81 bytes)
Event: 1.689 Thread 0x00000190629d9290 nmethod 2018 0x000001904c31b010 code [0x000001904c31b260, 0x000001904c31bbb8]
Event: 1.689 Thread 0x00000190629d9290 2021       3       org.eclipse.sisu.bean.BeanPropertyIterator::hasNext (126 bytes)
Event: 1.690 Thread 0x00000190629d9290 nmethod 2021 0x000001904c31c010 code [0x000001904c31c2a0, 0x000001904c31d448]
Event: 1.690 Thread 0x00000190629d9290 2019       3       com.google.inject.internal.InjectorImpl::getProviderOrThrow (44 bytes)
Event: 1.690 Thread 0x00000190629d9290 nmethod 2019 0x000001904c31d790 code [0x000001904c31d960, 0x000001904c31dea8]
Event: 1.690 Thread 0x00000190629d9290 2020       3       com.google.inject.internal.InjectorImpl$1::<init> (26 bytes)
Event: 1.690 Thread 0x00000190629d9290 nmethod 2020 0x000001904c31e090 code [0x000001904c31e240, 0x000001904c31e518]
Event: 1.692 Thread 0x00000190629d9290 2022       3       java.lang.String::indexOf (18 bytes)
Event: 1.692 Thread 0x00000190629d9290 nmethod 2022 0x000001904c31e610 code [0x000001904c31e7e0, 0x000001904c31eaa8]
Event: 1.693 Thread 0x0000019063c85be0 2023       4       java.lang.Character::codePointAt (51 bytes)
Event: 1.693 Thread 0x00000190629d9290 2024       3       java.util.regex.Pattern$BmpCharProperty::match (55 bytes)
Event: 1.693 Thread 0x00000190629d9290 nmethod 2024 0x000001904c31ec10 code [0x000001904c31ede0, 0x000001904c31f268]
Event: 1.693 Thread 0x00000190629d9290 2025       3       java.util.regex.Pattern$$Lambda$8/0x0000000800b63da8::is (9 bytes)
Event: 1.694 Thread 0x00000190629d9290 nmethod 2025 0x000001904c31f410 code [0x000001904c31f5a0, 0x000001904c31f758]

GC Heap History (4 events):
Event: 0.678 GC heap before
{Heap before GC invocations=0 (full 0):
 garbage-first heap   total 129024K, used 22528K [0x0000000082000000, 0x0000000100000000)
  region size 1024K, 23 young (23552K), 0 survivors (0K)
 Metaspace       used 5138K, capacity 7734K, committed 7808K, reserved 1056768K
  class space    used 589K, capacity 854K, committed 896K, reserved 1048576K
}
Event: 0.683 GC heap after
{Heap after GC invocations=1 (full 0):
 garbage-first heap   total 129024K, used 3550K [0x0000000082000000, 0x0000000100000000)
  region size 1024K, 3 young (3072K), 3 survivors (3072K)
 Metaspace       used 5138K, capacity 7734K, committed 7808K, reserved 1056768K
  class space    used 589K, capacity 854K, committed 896K, reserved 1048576K
}
Event: 1.329 GC heap before
{Heap before GC invocations=1 (full 0):
 garbage-first heap   total 129024K, used 34270K [0x0000000082000000, 0x0000000100000000)
  region size 1024K, 33 young (33792K), 3 survivors (3072K)
 Metaspace       used 9705K, capacity 11868K, committed 12032K, reserved 1060864K
  class space    used 1155K, capacity 1414K, committed 1536K, reserved 1048576K
}
Event: 1.335 GC heap after
{Heap after GC invocations=2 (full 0):
 garbage-first heap   total 129024K, used 5276K [0x0000000082000000, 0x0000000100000000)
  region size 1024K, 2 young (2048K), 2 survivors (2048K)
 Metaspace       used 9705K, capacity 11868K, committed 12032K, reserved 1060864K
  class space    used 1155K, capacity 1414K, committed 1536K, reserved 1048576K
}

Deoptimization events (20 events):
Event: 0.850 Thread 0x0000019041fb7500 Uncommon trap: trap_request=0xffffff45 fr.pc=0x000001905350f8d8 relative=0x0000000000000438
Event: 0.850 Thread 0x0000019041fb7500 Uncommon trap: reason=unstable_if action=reinterpret pc=0x000001905350f8d8 method=java.lang.String.<init>([CIILjava/lang/Void;)V @ 5 c2
Event: 0.850 Thread 0x0000019041fb7500 DEOPT PACKING pc=0x000001905350f8d8 sp=0x00000014aaefd6d0
Event: 0.850 Thread 0x0000019041fb7500 DEOPT UNPACKING pc=0x000001904ba1e42f sp=0x00000014aaefd618 mode 2
Event: 1.476 Thread 0x0000019041fb7500 Uncommon trap: trap_request=0xffffff45 fr.pc=0x00000190534bce00 relative=0x00000000000001e0
Event: 1.476 Thread 0x0000019041fb7500 Uncommon trap: reason=unstable_if action=reinterpret pc=0x00000190534bce00 method=java.lang.String.startsWith(Ljava/lang/String;I)Z @ 1 c2
Event: 1.476 Thread 0x0000019041fb7500 DEOPT PACKING pc=0x00000190534bce00 sp=0x00000014aaef6d90
Event: 1.476 Thread 0x0000019041fb7500 DEOPT UNPACKING pc=0x000001904ba1e42f sp=0x00000014aaef6cf8 mode 2
Event: 1.525 Thread 0x0000019041fb7500 Uncommon trap: trap_request=0xffffff45 fr.pc=0x0000019053553ad8 relative=0x0000000000000198
Event: 1.525 Thread 0x0000019041fb7500 Uncommon trap: reason=unstable_if action=reinterpret pc=0x0000019053553ad8 method=org.eclipse.sisu.inject.InjectorBindings.isAssignableFrom(Lcom/google/inject/TypeLiteral;Lcom/google/inject/Binding;)Z @ 14 c2
Event: 1.525 Thread 0x0000019041fb7500 DEOPT PACKING pc=0x0000019053553ad8 sp=0x00000014aaefd150
Event: 1.525 Thread 0x0000019041fb7500 DEOPT UNPACKING pc=0x000001904ba1e42f sp=0x00000014aaefd0f0 mode 2
Event: 1.681 Thread 0x0000019041fb7500 Uncommon trap: trap_request=0xffffff45 fr.pc=0x0000019053509d00 relative=0x00000000000005e0
Event: 1.681 Thread 0x0000019041fb7500 Uncommon trap: reason=unstable_if action=reinterpret pc=0x0000019053509d00 method=java.lang.String.replace(CC)Ljava/lang/String; @ 2 c2
Event: 1.681 Thread 0x0000019041fb7500 DEOPT PACKING pc=0x0000019053509d00 sp=0x00000014aaefd680
Event: 1.681 Thread 0x0000019041fb7500 DEOPT UNPACKING pc=0x000001904ba1e42f sp=0x00000014aaefd630 mode 2
Event: 1.681 Thread 0x0000019041fb7500 Uncommon trap: trap_request=0xffffff45 fr.pc=0x000001905351d470 relative=0x00000000000002d0
Event: 1.681 Thread 0x0000019041fb7500 Uncommon trap: reason=unstable_if action=reinterpret pc=0x000001905351d470 method=java.lang.String.indexOf([BBILjava/lang/String;I)I @ 21 c2
Event: 1.681 Thread 0x0000019041fb7500 DEOPT PACKING pc=0x000001905351d470 sp=0x00000014aaefd770
Event: 1.681 Thread 0x0000019041fb7500 DEOPT UNPACKING pc=0x000001904ba1e42f sp=0x00000014aaefd680 mode 2

Classes unloaded (0 events):
No events

Classes redefined (0 events):
No events

Internal exceptions (8 events):
Event: 0.426 Thread 0x0000019041fb7500 Exception <a 'java/lang/NoSuchMethodError'{0x00000000894dbea0}: 'void java.lang.invoke.DirectMethodHandle$Holder.invokeSpecial(java.lang.Object, java.lang.Object, java.lang.Object)'> (0x00000000894dbea0) 
thrown [./open/src/hotspot/share/interpreter/linkResolver.cpp, line 782]
Event: 0.554 Thread 0x0000019041fb7500 Exception <a 'java/lang/NoSuchMethodError'{0x0000000088e322b8}: 'java.lang.Object java.lang.invoke.DirectMethodHandle$Holder.newInvokeSpecial(java.lang.Object, java.lang.Object, java.lang.Object, java.lang.Object, java.lang.Object)'> (0x0000000088e322b8) 
thrown [./open/src/hotspot/share/interpreter/linkResolver.cpp, line 782]
Event: 1.396 Thread 0x0000019041fb7500 Exception <a 'java/lang/NoClassDefFoundError'{0x0000000089bd00b8}: com/google/inject/servlet/ServletModuleTargetVisitor> (0x0000000089bd00b8) 
thrown [./open/src/hotspot/share/classfile/systemDictionary.cpp, line 284]
Event: 1.397 Thread 0x0000019041fb7500 Exception <a 'java/lang/NoClassDefFoundError'{0x0000000089bd1ff0}: javax/annotation/Priority> (0x0000000089bd1ff0) 
thrown [./open/src/hotspot/share/classfile/systemDictionary.cpp, line 284]
Event: 1.481 Thread 0x0000019041fb7500 Exception <a 'java/lang/NoSuchMethodError'{0x000000008980c858}: 'void java.lang.invoke.DirectMethodHandle$Holder.invokeStatic(java.lang.Object, java.lang.Object)'> (0x000000008980c858) 
thrown [./open/src/hotspot/share/interpreter/linkResolver.cpp, line 782]
Event: 1.481 Thread 0x0000019041fb7500 Exception <a 'java/lang/NoSuchMethodError'{0x0000000089811250}: 'void java.lang.invoke.DirectMethodHandle$Holder.invokeStaticInit(java.lang.Object, java.lang.Object)'> (0x0000000089811250) 
thrown [./open/src/hotspot/share/interpreter/linkResolver.cpp, line 782]
Event: 1.487 Thread 0x0000019041fb7500 Exception <a 'java/lang/NoSuchMethodError'{0x00000000898396e8}: 'java.lang.Object java.lang.invoke.DirectMethodHandle$Holder.invokeStatic(java.lang.Object)'> (0x00000000898396e8) 
thrown [./open/src/hotspot/share/interpreter/linkResolver.cpp, line 782]
Event: 1.489 Thread 0x0000019041fb7500 Exception <a 'java/lang/NoSuchMethodError'{0x0000000089844788}: 'java.lang.Object java.lang.invoke.DirectMethodHandle$Holder.invokeStaticInit(java.lang.Object, int, int, int, int)'> (0x0000000089844788) 
thrown [./open/src/hotspot/share/interpreter/linkResolver.cpp, line 782]

Events (20 events):
Event: 1.488 loading class sun/security/provider/EntropySource
Event: 1.488 loading class sun/security/provider/EntropySource done
Event: 1.504 Executing VM operation: HandshakeAllThreads
Event: 1.504 Executing VM operation: HandshakeAllThreads done
Event: 1.529 Executing VM operation: ICBufferFull
Event: 1.529 Executing VM operation: ICBufferFull done
Event: 1.543 loading class java/lang/ProcessEnvironment$CheckedKeySet
Event: 1.544 loading class java/lang/ProcessEnvironment$CheckedKeySet done
Event: 1.545 loading class java/util/Stack
Event: 1.545 loading class java/util/Stack done
Event: 1.573 loading class java/util/ArrayList$SubList$1
Event: 1.573 loading class java/util/ArrayList$SubList$1 done
Event: 1.574 loading class java/nio/channels/OverlappingFileLockException
Event: 1.575 loading class java/nio/channels/OverlappingFileLockException done
Event: 1.628 loading class java/util/regex/Pattern$Pos
Event: 1.628 loading class java/util/regex/Pattern$Pos done
Event: 1.687 loading class java/lang/Short$ShortCache
Event: 1.687 loading class java/lang/Short$ShortCache done
Event: 1.687 loading class java/lang/Byte$ByteCache
Event: 1.687 loading class java/lang/Byte$ByteCache done


Dynamic libraries:
0x00007ff7aafe0000 - 0x00007ff7aafef000 	C:\Program Files\Java\jdk-15.0.2\bin\java.exe
0x00007ff928370000 - 0x00007ff928565000 	C:\WINDOWS\SYSTEM32\ntdll.dll
0x00007ff928190000 - 0x00007ff92824e000 	C:\WINDOWS\System32\KERNEL32.DLL
0x00007ff925f20000 - 0x00007ff9261e8000 	C:\WINDOWS\System32\KERNELBASE.dll
0x00007ff925a90000 - 0x00007ff925b90000 	C:\WINDOWS\System32\ucrtbase.dll
0x00007ff903f80000 - 0x00007ff903f98000 	C:\Program Files\Java\jdk-15.0.2\bin\jli.dll
0x00007ff91e560000 - 0x00007ff91e579000 	C:\Program Files\Java\jdk-15.0.2\bin\VCRUNTIME140.dll
0x00007ff9265f0000 - 0x00007ff92669c000 	C:\WINDOWS\System32\ADVAPI32.dll
0x00007ff927450000 - 0x00007ff9274ee000 	C:\WINDOWS\System32\msvcrt.dll
0x00007ff927150000 - 0x00007ff9271eb000 	C:\WINDOWS\System32\sechost.dll
0x00007ff926fa0000 - 0x00007ff9270ca000 	C:\WINDOWS\System32\RPCRT4.dll
0x00007ff927d70000 - 0x00007ff927f11000 	C:\WINDOWS\System32\USER32.dll
0x00007ff925ef0000 - 0x00007ff925f12000 	C:\WINDOWS\System32\win32u.dll
0x00007ff926470000 - 0x00007ff92649b000 	C:\WINDOWS\System32\GDI32.dll
0x00007ff911730000 - 0x00007ff9119ca000 	C:\WINDOWS\WinSxS\amd64_microsoft.windows.common-controls_6595b64144ccf1df_6.0.19041.1110_none_60b5254171f9507e\COMCTL32.dll
0x00007ff9262b0000 - 0x00007ff9263bb000 	C:\WINDOWS\System32\gdi32full.dll
0x00007ff925cf0000 - 0x00007ff925d8d000 	C:\WINDOWS\System32\msvcp_win.dll
0x00007ff91ece0000 - 0x00007ff91ecea000 	C:\WINDOWS\SYSTEM32\VERSION.dll
0x00007ff9266a0000 - 0x00007ff9266d0000 	C:\WINDOWS\System32\IMM32.DLL
0x00007ff91e4b0000 - 0x00007ff91e4bc000 	C:\Program Files\Java\jdk-15.0.2\bin\vcruntime140_1.dll
0x00007ff8edc40000 - 0x00007ff8edcd1000 	C:\Program Files\Java\jdk-15.0.2\bin\msvcp140.dll
0x00007ff8e84f0000 - 0x00007ff8e904e000 	C:\Program Files\Java\jdk-15.0.2\bin\server\jvm.dll
0x00007ff927320000 - 0x00007ff927328000 	C:\WINDOWS\System32\PSAPI.DLL
0x00007ff90fea0000 - 0x00007ff90fea9000 	C:\WINDOWS\SYSTEM32\WSOCK32.dll
0x00007ff9089c0000 - 0x00007ff9089e7000 	C:\WINDOWS\SYSTEM32\WINMM.dll
0x00007ff9274f0000 - 0x00007ff92755b000 	C:\WINDOWS\System32\WS2_32.dll
0x00007ff924340000 - 0x00007ff924352000 	C:\WINDOWS\SYSTEM32\kernel.appcore.dll
0x00007ff91e400000 - 0x00007ff91e40a000 	C:\Program Files\Java\jdk-15.0.2\bin\jimage.dll
0x00007ff924030000 - 0x00007ff924214000 	C:\WINDOWS\SYSTEM32\DBGHELP.DLL
0x00007ff9053c0000 - 0x00007ff9053ec000 	C:\WINDOWS\SYSTEM32\dbgcore.DLL
0x00007ff926220000 - 0x00007ff9262a3000 	C:\WINDOWS\System32\bcryptPrimitives.dll
0x00007ff908260000 - 0x00007ff908285000 	C:\Program Files\Java\jdk-15.0.2\bin\java.dll
0x00007ff927560000 - 0x00007ff927c9f000 	C:\WINDOWS\System32\SHELL32.dll
0x00007ff9237d0000 - 0x00007ff923f60000 	C:\WINDOWS\SYSTEM32\windows.storage.dll
0x00007ff926730000 - 0x00007ff926a85000 	C:\WINDOWS\System32\combase.dll
0x00007ff9254e0000 - 0x00007ff92550e000 	C:\WINDOWS\SYSTEM32\Wldp.dll
0x00007ff927f20000 - 0x00007ff927fcd000 	C:\WINDOWS\System32\SHCORE.dll
0x00007ff927390000 - 0x00007ff9273e5000 	C:\WINDOWS\System32\shlwapi.dll
0x00007ff9259d0000 - 0x00007ff9259ef000 	C:\WINDOWS\SYSTEM32\profapi.dll
0x00007ff9114d0000 - 0x00007ff9114e9000 	C:\Program Files\Java\jdk-15.0.2\bin\net.dll
0x00007ff917b50000 - 0x00007ff917c5c000 	C:\WINDOWS\SYSTEM32\WINHTTP.dll
0x00007ff925240000 - 0x00007ff9252aa000 	C:\WINDOWS\system32\mswsock.dll
0x00007ff908240000 - 0x00007ff908252000 	C:\Program Files\Java\jdk-15.0.2\bin\nio.dll
0x00007ff908140000 - 0x00007ff908158000 	C:\Program Files\Java\jdk-15.0.2\bin\zip.dll
0x00007ff91c950000 - 0x00007ff91c960000 	C:\Program Files\Java\jdk-15.0.2\bin\verify.dll
0x00007ff905b10000 - 0x00007ff905b1a000 	C:\Program Files (x86)\NetBeans-12.4\netbeans\java\maven\lib\jansi-native\windows64\jansi.dll

dbghelp: loaded successfully - version: 4.0.5 - missing functions: none
symbol engine: initialized successfully - sym options: 0x614 - pdb path: .;C:\Program Files\Java\jdk-15.0.2\bin;C:\WINDOWS\SYSTEM32;C:\WINDOWS\WinSxS\amd64_microsoft.windows.common-controls_6595b64144ccf1df_6.0.19041.1110_none_60b5254171f9507e;C:\Program Files\Java\jdk-15.0.2\bin\server;C:\Program Files (x86)\NetBeans-12.4\netbeans\java\maven\lib\jansi-native\windows64

VM Arguments:
jvm_args: -Dclassworlds.conf=C:\Program Files (x86)\NetBeans-12.4\netbeans\java\maven\bin\..\bin\m2.conf -Dmaven.home=C:\Program Files (x86)\NetBeans-12.4\netbeans\java\maven\bin\.. -Dlibrary.jansi.path=C:\Program Files (x86)\NetBeans-12.4\netbeans\java\maven\bin\..\lib\jansi-native -Dmaven.multiModuleProjectDirectory=C:\Users\hp\Documents\NetBeansProjects\mavenproject5 
java_command: org.codehaus.plexus.classworlds.launcher.Launcher -Dmaven.ext.class.path=C:\Program Files (x86)\NetBeans-12.4\netbeans\java\maven-nblib\netbeans-eventspy.jar -Dfile.encoding=UTF-8 install
java_class_path (initial): C:\Program Files (x86)\NetBeans-12.4\netbeans\java\maven\bin\..\boot\plexus-classworlds-2.6.0.jar
Launcher Type: SUN_STANDARD

[Global flags]
     intx CICompilerCount                          = 4                                         {product} {ergonomic}
     uint ConcGCThreads                            = 2                                         {product} {ergonomic}
     uint G1ConcRefinementThreads                  = 8                                         {product} {ergonomic}
   size_t G1HeapRegionSize                         = 1048576                                   {product} {ergonomic}
    uintx GCDrainStackTargetSize                   = 64                                        {product} {ergonomic}
   size_t InitialHeapSize                          = 132120576                                 {product} {ergonomic}
   size_t MarkStackSize                            = 4194304                                   {product} {ergonomic}
   size_t MaxHeapSize                              = 2113929216                                {product} {ergonomic}
   size_t MaxNewSize                               = 1267728384                                {product} {ergonomic}
   size_t MinHeapDeltaBytes                        = 1048576                                   {product} {ergonomic}
   size_t MinHeapSize                              = 8388608                                   {product} {ergonomic}
    uintx NonNMethodCodeHeapSize                   = 5839372                                {pd product} {ergonomic}
    uintx NonProfiledCodeHeapSize                  = 122909434                              {pd product} {ergonomic}
    uintx ProfiledCodeHeapSize                     = 122909434                              {pd product} {ergonomic}
    uintx ReservedCodeCacheSize                    = 251658240                              {pd product} {ergonomic}
     bool SegmentedCodeCache                       = true                                      {product} {ergonomic}
   size_t SoftMaxHeapSize                          = 2113929216                             {manageable} {ergonomic}
     bool UseCompressedClassPointers               = true                                 {lp64_product} {ergonomic}
     bool UseCompressedOops                        = true                                 {lp64_product} {ergonomic}
     bool UseG1GC                                  = true                                      {product} {ergonomic}
     bool UseLargePagesIndividualAllocation        = false                                  {pd product} {ergonomic}

Logging:
Log output configuration:
 #0: stdout all=warning uptime,level,tags
 #1: stderr all=off uptime,level,tags

Environment Variables:
JAVA_HOME=C:\Program Files\Java\jdk-15.0.2
PATH=C:\app\hp\product\21c\dbhomeXE\bin;C:\Program Files\National Instruments\Shared\OpenVINO\;C:\Program Files\Common Files\Oracle\Java\javapath;C:\Program Files (x86)\Common Files\Oracle\Java\javapath;C:\Windows\system32;C:\Windows;C:\Windows\System32\Wbem;C:\Windows\System32\WindowsPowerShell\v1.0\;C:\Windows\System32\OpenSSH\;C:\Program Files (x86)\NVIDIA Corporation\PhysX\Common;c:\Program Files (x86)\Microsoft SQL Server\100\Tools\Binn\;c:\Program Files\Microsoft SQL Server\100\Tools\Binn\;c:\Program Files\Microsoft SQL Server\100\DTS\Binn\;C:\Program Files\dotnet\;C:\Program Files\Microsoft SQL Server\130\Tools\Binn\;C:\Program Files\Microsoft SQL Server\Client SDK\ODBC\170\Tools\Binn\;C:\WINDOWS\system32;C:\WINDOWS;C:\WINDOWS\System32\Wbem;C:\WINDOWS\System32\WindowsPowerShell\v1.0\;C:\WINDOWS\System32\OpenSSH\;C:\Program Files\Java\jdk-15.0.2\bin;C:\f\flutter\bin;C:\Program Files\Dart\dart-sdk\bin;C:\Program Files (x86)\Microsoft SQL Server\110\Tools\Binn\;C:\Program Files (x86)\Microsoft SQL Server\110\DTS\Binn\;C:\Program Files (x86)\National Instruments\Shared\LabVIEW CLI;C:\Program Files\Java\java-se-8u41-ri\bin;C:\Program Files\Git\cmd;C:\Users\hp\AppData\Local\Microsoft\WindowsApps;C:\f\flutter\bin;
USERNAME=hp
OS=Windows_NT
PROCESSOR_IDENTIFIER=Intel64 Family 6 Model 142 Stepping 12, GenuineIntel



---------------  S Y S T E M  ---------------

OS:
 Windows 10 , 64 bit Build 19041 (10.0.19041.1348)
OS uptime: 0 days 15:22 hours

CPU: total 8 (initial active 8) (4 cores per cpu, 2 threads per core) family 6 model 142 stepping 12 microcode 0xb8, cmov, cx8, fxsr, mmx, sse, sse2, sse3, ssse3, sse4.1, sse4.2, popcnt, vzeroupper, avx, avx2, aes, clmul, erms, 3dnowpref, lzcnt, ht, tsc, tscinvbit, bmi1, bmi2, adx, fma, clflush, clflushopt

Memory: 4k page, system-wide physical 8062M (1186M free)
TotalPageFile size 9951M (AvailPageFile size 6M)
current process WorkingSet (physical memory assigned to process): 110M, peak: 111M
current process commit charge ("private bytes"): 248M, peak: 249M

vm_info: Java HotSpot(TM) 64-Bit Server VM (15.0.2+7-27) for windows-amd64 JRE (15.0.2+7-27), built on Dec  7 2020 20:07:01 by "mach5one" with unknown MS VC++:1925

END.
