#
# There is insufficient memory for the Java Runtime Environment to continue.
# Native memory allocation (malloc) failed to allocate 62016 bytes for Chunk::new
# Possible reasons:
#   The system is out of physical RAM or swap space
#   The process is running with CompressedOops enabled, and the Java Heap may be blocking the growth of the native heap
# Possible solutions:
#   Reduce memory load on the system
#   Increase physical memory or swap space
#   Check if swap backing store is full
#   Decrease Java heap size (-Xmx/-Xms)
#   Decrease number of Java threads
#   Decrease Java thread stack sizes (-Xss)
#   Set larger code cache with -XX:ReservedCodeCacheSize=
#   JVM is running with Unscaled Compressed Oops mode in which the Java heap is
#     placed in the first 4GB address space. The Java Heap base address is the
#     maximum limit for the native heap growth. Please use -XX:HeapBaseMinAddress
#     to set the Java Heap base and to place the Java Heap above 4GB virtual address.
# This output file may be truncated or incomplete.
#
#  Out of Memory Error (./open/src/hotspot/share/memory/arena.cpp:195), pid=11516, tid=7468
#
# JRE version: Java(TM) SE Runtime Environment (15.0.2+7) (build 15.0.2+7-27)
# Java VM: Java HotSpot(TM) 64-Bit Server VM (15.0.2+7-27, mixed mode, sharing, tiered, compressed oops, g1 gc, windows-amd64)
# No core dump will be written. Minidumps are not enabled by default on client versions of Windows
#

---------------  S U M M A R Y ------------

Command Line: -Dclassworlds.conf=C:\Program Files (x86)\NetBeans-12.4\netbeans\java\maven\bin\..\bin\m2.conf -Dmaven.home=C:\Program Files (x86)\NetBeans-12.4\netbeans\java\maven\bin\.. -Dlibrary.jansi.path=C:\Program Files (x86)\NetBeans-12.4\netbeans\java\maven\bin\..\lib\jansi-native -Dmaven.multiModuleProjectDirectory=C:\Users\hp\Documents\NetBeansProjects\mavenproject5 org.codehaus.plexus.classworlds.launcher.Launcher -Dexec.vmArgs= -Dexec.args=${exec.vmArgs} -classpath %classpath ${exec.mainClass} ${exec.appArgs} -Dexec.appArgs= -Dexec.mainClass=project5.mavenproject5.login -Dexec.executable=C:\Program Files\Java\jdk-15.0.2\bin\java.exe -Dmaven.ext.class.path=C:\Program Files (x86)\NetBeans-12.4\netbeans\java\maven-nblib\netbeans-eventspy.jar -Dfile.encoding=UTF-8 org.codehaus.mojo:exec-maven-plugin:3.0.0:exec

Host: Intel(R) Core(TM) i7-8565U CPU @ 1.80GHz, 8 cores, 7G,  Windows 10 , 64 bit Build 19041 (10.0.19041.1348)
Time: Tue Nov 30 18:02:47 2021 Jerusalem Standard Time elapsed time: 1.399562 seconds (0d 0h 0m 1s)

---------------  T H R E A D  ---------------

Current thread (0x00000220f2abf550):  JavaThread "C2 CompilerThread1" daemon [_thread_in_native, id=7468, stack(0x0000008ac9500000,0x0000008ac9600000)]


Current CompileTask:
C2:   1399 1557       4       java.util.HashMap::get (19 bytes)

Stack: [0x0000008ac9500000,0x0000008ac9600000]
Native frames: (J=compiled Java code, j=interpreted, Vv=VM code, C=native code)
V  [jvm.dll+0x62ae9a]
V  [jvm.dll+0x7817a9]
V  [jvm.dll+0x782f03]
V  [jvm.dll+0x783563]
V  [jvm.dll+0x216325]
V  [jvm.dll+0x97f3a]
V  [jvm.dll+0x9861c]
V  [jvm.dll+0x32e305]
V  [jvm.dll+0x2f768a]
V  [jvm.dll+0x2f6a4a]
V  [jvm.dll+0x1ea705]
V  [jvm.dll+0x1e996e]
V  [jvm.dll+0x178567]
V  [jvm.dll+0x1f9225]
V  [jvm.dll+0x1f72cc]
V  [jvm.dll+0x74495d]
V  [jvm.dll+0x73d75a]
V  [jvm.dll+0x629c56]
C  [ucrtbase.dll+0x21bb2]
C  [KERNEL32.DLL+0x17034]
C  [ntdll.dll+0x52651]


---------------  P R O C E S S  ---------------

Threads class SMR info:
_java_thread_list=0x00000220f3250580, length=13, elements={
0x00000220d3537e80, 0x00000220f1f922a0, 0x00000220f1f93520, 0x00000220f1facfc0,
0x00000220f1faf890, 0x00000220f1fb1260, 0x00000220f1fb5360, 0x00000220f1fb9300,
0x00000220f1fba4a0, 0x00000220f2a01d70, 0x00000220f2a32310, 0x00000220f2abf550,
0x00000220f32428b0
}

Java Threads: ( => current thread )
  0x00000220d3537e80 JavaThread "main" [_thread_in_vm, id=11588, stack(0x0000008ac8300000,0x0000008ac8400000)]
  0x00000220f1f922a0 JavaThread "Reference Handler" daemon [_thread_blocked, id=7548, stack(0x0000008ac8a00000,0x0000008ac8b00000)]
  0x00000220f1f93520 JavaThread "Finalizer" daemon [_thread_blocked, id=12880, stack(0x0000008ac8b00000,0x0000008ac8c00000)]
  0x00000220f1facfc0 JavaThread "Signal Dispatcher" daemon [_thread_blocked, id=7452, stack(0x0000008ac8c00000,0x0000008ac8d00000)]
  0x00000220f1faf890 JavaThread "Attach Listener" daemon [_thread_blocked, id=10856, stack(0x0000008ac8d00000,0x0000008ac8e00000)]
  0x00000220f1fb1260 JavaThread "Service Thread" daemon [_thread_blocked, id=9184, stack(0x0000008ac8e00000,0x0000008ac8f00000)]
  0x00000220f1fb5360 JavaThread "C2 CompilerThread0" daemon [_thread_blocked, id=11496, stack(0x0000008ac8f00000,0x0000008ac9000000)]
  0x00000220f1fb9300 JavaThread "C1 CompilerThread0" daemon [_thread_blocked, id=5204, stack(0x0000008ac9000000,0x0000008ac9100000)]
  0x00000220f1fba4a0 JavaThread "Sweeper thread" daemon [_thread_blocked, id=7352, stack(0x0000008ac9100000,0x0000008ac9200000)]
  0x00000220f2a01d70 JavaThread "Notification Thread" daemon [_thread_blocked, id=5588, stack(0x0000008ac9200000,0x0000008ac9300000)]
  0x00000220f2a32310 JavaThread "Common-Cleaner" daemon [_thread_blocked, id=7004, stack(0x0000008ac9400000,0x0000008ac9500000)]
=>0x00000220f2abf550 JavaThread "C2 CompilerThread1" daemon [_thread_in_native, id=7468, stack(0x0000008ac9500000,0x0000008ac9600000)]
  0x00000220f32428b0 JavaThread "C2 CompilerThread2" daemon [_thread_blocked, id=11492, stack(0x0000008ac9600000,0x0000008ac9700000)]

Other Threads:
  0x00000220f1f8f360 VMThread "VM Thread" [stack: 0x0000008ac8900000,0x0000008ac8a00000] [id=7540]
  0x00000220f2a0ca10 WatcherThread [stack: 0x0000008ac9300000,0x0000008ac9400000] [id=7280]
  0x00000220d3578800 GCTaskThread "GC Thread#0" [stack: 0x0000008ac8400000,0x0000008ac8500000] [id=12852]
  0x00000220f2f81df0 GCTaskThread "GC Thread#1" [stack: 0x0000008ac9700000,0x0000008ac9800000] [id=4764]
  0x00000220f2f80140 GCTaskThread "GC Thread#2" [stack: 0x0000008ac9800000,0x0000008ac9900000] [id=5948]
  0x00000220d3589460 ConcurrentGCThread "G1 Main Marker" [stack: 0x0000008ac8500000,0x0000008ac8600000] [id=7536]
  0x00000220d358a700 ConcurrentGCThread "G1 Conc#0" [stack: 0x0000008ac8600000,0x0000008ac8700000] [id=7532]
  0x00000220d3604220 ConcurrentGCThread "G1 Refine#0" [stack: 0x0000008ac8700000,0x0000008ac8800000] [id=13756]
  0x00000220f1e10090 ConcurrentGCThread "G1 Young RemSet Sampling" [stack: 0x0000008ac8800000,0x0000008ac8900000] [id=4740]

Threads with active compile tasks:
C1 CompilerThread0     1415 1569       3       com.google.common.collect.Lists::newArrayList (8 bytes)
C2 CompilerThread1     1415 1557       4       java.util.HashMap::get (19 bytes)

VM state: not at safepoint (normal execution)

VM Mutex/Monitor currently owned by a thread: None

Heap address: 0x0000000082000000, size: 2016 MB, Compressed Oops mode: 32-bit
CDS archive(s) mapped at: [0x0000000800000000-0x0000000800b50000-0x0000000800b50000), size 11862016, SharedBaseAddress: 0x0000000800000000, ArchiveRelocationMode: 0.
Compressed class space mapped at: 0x0000000800b50000-0x0000000840b50000, size: 1073741824
Narrow klass base: 0x0000000800000000, Narrow klass shift: 3, Narrow klass range: 0x100000000

GC Precious Log:
 CPUs: 8 total, 8 available
 Memory: 8062M
 Large Page Support: Disabled
 NUMA Support: Disabled
 Compressed Oops: Enabled (32-bit)
 Heap Region Size: 1M
 Heap Min Capacity: 8M
 Heap Initial Capacity: 126M
 Heap Max Capacity: 2016M
 Pre-touch: Disabled
 Parallel Workers: 8
 Concurrent Workers: 2
 Concurrent Refinement Workers: 8
 Periodic GC: Disabled

Heap:
 garbage-first heap   total 129024K, used 33387K [0x0000000082000000, 0x0000000100000000)
  region size 1024K, 33 young (33792K), 3 survivors (3072K)
 Metaspace       used 9642K, capacity 11804K, committed 12032K, reserved 1062912K
  class space    used 1150K, capacity 1414K, committed 1536K, reserved 1048576K

Heap Regions: E=young(eden), S=young(survivor), O=old, HS=humongous(starts), HC=humongous(continues), CS=collection set, F=free, OA=open archive, CA=closed archive, TAMS=top-at-mark-start (previous, next)
|   0|0x0000000082000000, 0x000000008209ac00, 0x0000000082100000| 60%| O|  |TAMS 0x0000000082000000, 0x0000000082000000| Untracked 
|   1|0x0000000082100000, 0x0000000082100000, 0x0000000082200000|  0%| F|  |TAMS 0x0000000082100000, 0x0000000082100000| Untracked 
|   2|0x0000000082200000, 0x0000000082200000, 0x0000000082300000|  0%| F|  |TAMS 0x0000000082200000, 0x0000000082200000| Untracked 
|   3|0x0000000082300000, 0x0000000082300000, 0x0000000082400000|  0%| F|  |TAMS 0x0000000082300000, 0x0000000082300000| Untracked 
|   4|0x0000000082400000, 0x0000000082400000, 0x0000000082500000|  0%| F|  |TAMS 0x0000000082400000, 0x0000000082400000| Untracked 
|   5|0x0000000082500000, 0x0000000082500000, 0x0000000082600000|  0%| F|  |TAMS 0x0000000082500000, 0x0000000082500000| Untracked 
|   6|0x0000000082600000, 0x0000000082600000, 0x0000000082700000|  0%| F|  |TAMS 0x0000000082600000, 0x0000000082600000| Untracked 
|   7|0x0000000082700000, 0x0000000082700000, 0x0000000082800000|  0%| F|  |TAMS 0x0000000082700000, 0x0000000082700000| Untracked 
|   8|0x0000000082800000, 0x0000000082800000, 0x0000000082900000|  0%| F|  |TAMS 0x0000000082800000, 0x0000000082800000| Untracked 
|   9|0x0000000082900000, 0x0000000082900000, 0x0000000082a00000|  0%| F|  |TAMS 0x0000000082900000, 0x0000000082900000| Untracked 
|  10|0x0000000082a00000, 0x0000000082a00000, 0x0000000082b00000|  0%| F|  |TAMS 0x0000000082a00000, 0x0000000082a00000| Untracked 
|  11|0x0000000082b00000, 0x0000000082b00000, 0x0000000082c00000|  0%| F|  |TAMS 0x0000000082b00000, 0x0000000082b00000| Untracked 
|  12|0x0000000082c00000, 0x0000000082c00000, 0x0000000082d00000|  0%| F|  |TAMS 0x0000000082c00000, 0x0000000082c00000| Untracked 
|  13|0x0000000082d00000, 0x0000000082d00000, 0x0000000082e00000|  0%| F|  |TAMS 0x0000000082d00000, 0x0000000082d00000| Untracked 
|  14|0x0000000082e00000, 0x0000000082e00000, 0x0000000082f00000|  0%| F|  |TAMS 0x0000000082e00000, 0x0000000082e00000| Untracked 
|  15|0x0000000082f00000, 0x0000000082f00000, 0x0000000083000000|  0%| F|  |TAMS 0x0000000082f00000, 0x0000000082f00000| Untracked 
|  16|0x0000000083000000, 0x0000000083000000, 0x0000000083100000|  0%| F|  |TAMS 0x0000000083000000, 0x0000000083000000| Untracked 
|  17|0x0000000083100000, 0x0000000083100000, 0x0000000083200000|  0%| F|  |TAMS 0x0000000083100000, 0x0000000083100000| Untracked 
|  18|0x0000000083200000, 0x0000000083200000, 0x0000000083300000|  0%| F|  |TAMS 0x0000000083200000, 0x0000000083200000| Untracked 
|  19|0x0000000083300000, 0x0000000083300000, 0x0000000083400000|  0%| F|  |TAMS 0x0000000083300000, 0x0000000083300000| Untracked 
|  20|0x0000000083400000, 0x0000000083400000, 0x0000000083500000|  0%| F|  |TAMS 0x0000000083400000, 0x0000000083400000| Untracked 
|  21|0x0000000083500000, 0x0000000083500000, 0x0000000083600000|  0%| F|  |TAMS 0x0000000083500000, 0x0000000083500000| Untracked 
|  22|0x0000000083600000, 0x0000000083600000, 0x0000000083700000|  0%| F|  |TAMS 0x0000000083600000, 0x0000000083600000| Untracked 
|  23|0x0000000083700000, 0x0000000083700000, 0x0000000083800000|  0%| F|  |TAMS 0x0000000083700000, 0x0000000083700000| Untracked 
|  24|0x0000000083800000, 0x0000000083800000, 0x0000000083900000|  0%| F|  |TAMS 0x0000000083800000, 0x0000000083800000| Untracked 
|  25|0x0000000083900000, 0x0000000083900000, 0x0000000083a00000|  0%| F|  |TAMS 0x0000000083900000, 0x0000000083900000| Untracked 
|  26|0x0000000083a00000, 0x0000000083a00000, 0x0000000083b00000|  0%| F|  |TAMS 0x0000000083a00000, 0x0000000083a00000| Untracked 
|  27|0x0000000083b00000, 0x0000000083b00000, 0x0000000083c00000|  0%| F|  |TAMS 0x0000000083b00000, 0x0000000083b00000| Untracked 
|  28|0x0000000083c00000, 0x0000000083c00000, 0x0000000083d00000|  0%| F|  |TAMS 0x0000000083c00000, 0x0000000083c00000| Untracked 
|  29|0x0000000083d00000, 0x0000000083d00000, 0x0000000083e00000|  0%| F|  |TAMS 0x0000000083d00000, 0x0000000083d00000| Untracked 
|  30|0x0000000083e00000, 0x0000000083e00000, 0x0000000083f00000|  0%| F|  |TAMS 0x0000000083e00000, 0x0000000083e00000| Untracked 
|  31|0x0000000083f00000, 0x0000000083f00000, 0x0000000084000000|  0%| F|  |TAMS 0x0000000083f00000, 0x0000000083f00000| Untracked 
|  32|0x0000000084000000, 0x0000000084000000, 0x0000000084100000|  0%| F|  |TAMS 0x0000000084000000, 0x0000000084000000| Untracked 
|  33|0x0000000084100000, 0x0000000084100000, 0x0000000084200000|  0%| F|  |TAMS 0x0000000084100000, 0x0000000084100000| Untracked 
|  34|0x0000000084200000, 0x0000000084200000, 0x0000000084300000|  0%| F|  |TAMS 0x0000000084200000, 0x0000000084200000| Untracked 
|  35|0x0000000084300000, 0x0000000084300000, 0x0000000084400000|  0%| F|  |TAMS 0x0000000084300000, 0x0000000084300000| Untracked 
|  36|0x0000000084400000, 0x0000000084400000, 0x0000000084500000|  0%| F|  |TAMS 0x0000000084400000, 0x0000000084400000| Untracked 
|  37|0x0000000084500000, 0x0000000084500000, 0x0000000084600000|  0%| F|  |TAMS 0x0000000084500000, 0x0000000084500000| Untracked 
|  38|0x0000000084600000, 0x0000000084600000, 0x0000000084700000|  0%| F|  |TAMS 0x0000000084600000, 0x0000000084600000| Untracked 
|  39|0x0000000084700000, 0x0000000084700000, 0x0000000084800000|  0%| F|  |TAMS 0x0000000084700000, 0x0000000084700000| Untracked 
|  40|0x0000000084800000, 0x0000000084800000, 0x0000000084900000|  0%| F|  |TAMS 0x0000000084800000, 0x0000000084800000| Untracked 
|  41|0x0000000084900000, 0x0000000084900000, 0x0000000084a00000|  0%| F|  |TAMS 0x0000000084900000, 0x0000000084900000| Untracked 
|  42|0x0000000084a00000, 0x0000000084a00000, 0x0000000084b00000|  0%| F|  |TAMS 0x0000000084a00000, 0x0000000084a00000| Untracked 
|  43|0x0000000084b00000, 0x0000000084b00000, 0x0000000084c00000|  0%| F|  |TAMS 0x0000000084b00000, 0x0000000084b00000| Untracked 
|  44|0x0000000084c00000, 0x0000000084c00000, 0x0000000084d00000|  0%| F|  |TAMS 0x0000000084c00000, 0x0000000084c00000| Untracked 
|  45|0x0000000084d00000, 0x0000000084d00000, 0x0000000084e00000|  0%| F|  |TAMS 0x0000000084d00000, 0x0000000084d00000| Untracked 
|  46|0x0000000084e00000, 0x0000000084e00000, 0x0000000084f00000|  0%| F|  |TAMS 0x0000000084e00000, 0x0000000084e00000| Untracked 
|  47|0x0000000084f00000, 0x0000000084f00000, 0x0000000085000000|  0%| F|  |TAMS 0x0000000084f00000, 0x0000000084f00000| Untracked 
|  48|0x0000000085000000, 0x0000000085000000, 0x0000000085100000|  0%| F|  |TAMS 0x0000000085000000, 0x0000000085000000| Untracked 
|  49|0x0000000085100000, 0x0000000085100000, 0x0000000085200000|  0%| F|  |TAMS 0x0000000085100000, 0x0000000085100000| Untracked 
|  50|0x0000000085200000, 0x0000000085200000, 0x0000000085300000|  0%| F|  |TAMS 0x0000000085200000, 0x0000000085200000| Untracked 
|  51|0x0000000085300000, 0x0000000085300000, 0x0000000085400000|  0%| F|  |TAMS 0x0000000085300000, 0x0000000085300000| Untracked 
|  52|0x0000000085400000, 0x0000000085400000, 0x0000000085500000|  0%| F|  |TAMS 0x0000000085400000, 0x0000000085400000| Untracked 
|  53|0x0000000085500000, 0x0000000085500000, 0x0000000085600000|  0%| F|  |TAMS 0x0000000085500000, 0x0000000085500000| Untracked 
|  54|0x0000000085600000, 0x0000000085600000, 0x0000000085700000|  0%| F|  |TAMS 0x0000000085600000, 0x0000000085600000| Untracked 
|  55|0x0000000085700000, 0x0000000085700000, 0x0000000085800000|  0%| F|  |TAMS 0x0000000085700000, 0x0000000085700000| Untracked 
|  56|0x0000000085800000, 0x0000000085800000, 0x0000000085900000|  0%| F|  |TAMS 0x0000000085800000, 0x0000000085800000| Untracked 
|  57|0x0000000085900000, 0x0000000085900000, 0x0000000085a00000|  0%| F|  |TAMS 0x0000000085900000, 0x0000000085900000| Untracked 
|  58|0x0000000085a00000, 0x0000000085a00000, 0x0000000085b00000|  0%| F|  |TAMS 0x0000000085a00000, 0x0000000085a00000| Untracked 
|  59|0x0000000085b00000, 0x0000000085b00000, 0x0000000085c00000|  0%| F|  |TAMS 0x0000000085b00000, 0x0000000085b00000| Untracked 
|  60|0x0000000085c00000, 0x0000000085c00000, 0x0000000085d00000|  0%| F|  |TAMS 0x0000000085c00000, 0x0000000085c00000| Untracked 
|  61|0x0000000085d00000, 0x0000000085d00000, 0x0000000085e00000|  0%| F|  |TAMS 0x0000000085d00000, 0x0000000085d00000| Untracked 
|  62|0x0000000085e00000, 0x0000000085e00000, 0x0000000085f00000|  0%| F|  |TAMS 0x0000000085e00000, 0x0000000085e00000| Untracked 
|  63|0x0000000085f00000, 0x0000000085f00000, 0x0000000086000000|  0%| F|  |TAMS 0x0000000085f00000, 0x0000000085f00000| Untracked 
|  64|0x0000000086000000, 0x0000000086000000, 0x0000000086100000|  0%| F|  |TAMS 0x0000000086000000, 0x0000000086000000| Untracked 
|  65|0x0000000086100000, 0x0000000086100000, 0x0000000086200000|  0%| F|  |TAMS 0x0000000086100000, 0x0000000086100000| Untracked 
|  66|0x0000000086200000, 0x0000000086200000, 0x0000000086300000|  0%| F|  |TAMS 0x0000000086200000, 0x0000000086200000| Untracked 
|  67|0x0000000086300000, 0x0000000086300000, 0x0000000086400000|  0%| F|  |TAMS 0x0000000086300000, 0x0000000086300000| Untracked 
|  68|0x0000000086400000, 0x0000000086400000, 0x0000000086500000|  0%| F|  |TAMS 0x0000000086400000, 0x0000000086400000| Untracked 
|  69|0x0000000086500000, 0x0000000086500000, 0x0000000086600000|  0%| F|  |TAMS 0x0000000086500000, 0x0000000086500000| Untracked 
|  70|0x0000000086600000, 0x0000000086600000, 0x0000000086700000|  0%| F|  |TAMS 0x0000000086600000, 0x0000000086600000| Untracked 
|  71|0x0000000086700000, 0x0000000086700000, 0x0000000086800000|  0%| F|  |TAMS 0x0000000086700000, 0x0000000086700000| Untracked 
|  72|0x0000000086800000, 0x0000000086800000, 0x0000000086900000|  0%| F|  |TAMS 0x0000000086800000, 0x0000000086800000| Untracked 
|  73|0x0000000086900000, 0x0000000086900000, 0x0000000086a00000|  0%| F|  |TAMS 0x0000000086900000, 0x0000000086900000| Untracked 
|  74|0x0000000086a00000, 0x0000000086a00000, 0x0000000086b00000|  0%| F|  |TAMS 0x0000000086a00000, 0x0000000086a00000| Untracked 
|  75|0x0000000086b00000, 0x0000000086b00000, 0x0000000086c00000|  0%| F|  |TAMS 0x0000000086b00000, 0x0000000086b00000| Untracked 
|  76|0x0000000086c00000, 0x0000000086c00000, 0x0000000086d00000|  0%| F|  |TAMS 0x0000000086c00000, 0x0000000086c00000| Untracked 
|  77|0x0000000086d00000, 0x0000000086d00000, 0x0000000086e00000|  0%| F|  |TAMS 0x0000000086d00000, 0x0000000086d00000| Untracked 
|  78|0x0000000086e00000, 0x0000000086e00000, 0x0000000086f00000|  0%| F|  |TAMS 0x0000000086e00000, 0x0000000086e00000| Untracked 
|  79|0x0000000086f00000, 0x0000000086f00000, 0x0000000087000000|  0%| F|  |TAMS 0x0000000086f00000, 0x0000000086f00000| Untracked 
|  80|0x0000000087000000, 0x0000000087000000, 0x0000000087100000|  0%| F|  |TAMS 0x0000000087000000, 0x0000000087000000| Untracked 
|  81|0x0000000087100000, 0x0000000087100000, 0x0000000087200000|  0%| F|  |TAMS 0x0000000087100000, 0x0000000087100000| Untracked 
|  82|0x0000000087200000, 0x0000000087200000, 0x0000000087300000|  0%| F|  |TAMS 0x0000000087200000, 0x0000000087200000| Untracked 
|  83|0x0000000087300000, 0x0000000087300000, 0x0000000087400000|  0%| F|  |TAMS 0x0000000087300000, 0x0000000087300000| Untracked 
|  84|0x0000000087400000, 0x0000000087400000, 0x0000000087500000|  0%| F|  |TAMS 0x0000000087400000, 0x0000000087400000| Untracked 
|  85|0x0000000087500000, 0x0000000087500000, 0x0000000087600000|  0%| F|  |TAMS 0x0000000087500000, 0x0000000087500000| Untracked 
|  86|0x0000000087600000, 0x0000000087600000, 0x0000000087700000|  0%| F|  |TAMS 0x0000000087600000, 0x0000000087600000| Untracked 
|  87|0x0000000087700000, 0x0000000087700000, 0x0000000087800000|  0%| F|  |TAMS 0x0000000087700000, 0x0000000087700000| Untracked 
|  88|0x0000000087800000, 0x0000000087800000, 0x0000000087900000|  0%| F|  |TAMS 0x0000000087800000, 0x0000000087800000| Untracked 
|  89|0x0000000087900000, 0x0000000087900000, 0x0000000087a00000|  0%| F|  |TAMS 0x0000000087900000, 0x0000000087900000| Untracked 
|  90|0x0000000087a00000, 0x0000000087a00000, 0x0000000087b00000|  0%| F|  |TAMS 0x0000000087a00000, 0x0000000087a00000| Untracked 
|  91|0x0000000087b00000, 0x0000000087b00000, 0x0000000087c00000|  0%| F|  |TAMS 0x0000000087b00000, 0x0000000087b00000| Untracked 
|  92|0x0000000087c00000, 0x0000000087c00000, 0x0000000087d00000|  0%| F|  |TAMS 0x0000000087c00000, 0x0000000087c00000| Untracked 
|  93|0x0000000087d00000, 0x0000000087d80800, 0x0000000087e00000| 50%| E|  |TAMS 0x0000000087d00000, 0x0000000087d00000| Complete 
|  94|0x0000000087e00000, 0x0000000087f00000, 0x0000000087f00000|100%| E|CS|TAMS 0x0000000087e00000, 0x0000000087e00000| Complete 
|  95|0x0000000087f00000, 0x0000000088000000, 0x0000000088000000|100%| E|CS|TAMS 0x0000000087f00000, 0x0000000087f00000| Complete 
|  96|0x0000000088000000, 0x0000000088100000, 0x0000000088100000|100%| E|CS|TAMS 0x0000000088000000, 0x0000000088000000| Complete 
|  97|0x0000000088100000, 0x0000000088200000, 0x0000000088200000|100%| E|CS|TAMS 0x0000000088100000, 0x0000000088100000| Complete 
|  98|0x0000000088200000, 0x0000000088300000, 0x0000000088300000|100%| E|CS|TAMS 0x0000000088200000, 0x0000000088200000| Complete 
|  99|0x0000000088300000, 0x0000000088400000, 0x0000000088400000|100%| E|CS|TAMS 0x0000000088300000, 0x0000000088300000| Complete 
| 100|0x0000000088400000, 0x0000000088500000, 0x0000000088500000|100%| S|CS|TAMS 0x0000000088400000, 0x0000000088400000| Complete 
| 101|0x0000000088500000, 0x0000000088600000, 0x0000000088600000|100%| S|CS|TAMS 0x0000000088500000, 0x0000000088500000| Complete 
| 102|0x0000000088600000, 0x0000000088700000, 0x0000000088700000|100%| S|CS|TAMS 0x0000000088600000, 0x0000000088600000| Complete 
| 103|0x0000000088700000, 0x0000000088800000, 0x0000000088800000|100%| E|CS|TAMS 0x0000000088700000, 0x0000000088700000| Complete 
| 104|0x0000000088800000, 0x0000000088900000, 0x0000000088900000|100%| E|CS|TAMS 0x0000000088800000, 0x0000000088800000| Complete 
| 105|0x0000000088900000, 0x0000000088a00000, 0x0000000088a00000|100%| E|CS|TAMS 0x0000000088900000, 0x0000000088900000| Complete 
| 106|0x0000000088a00000, 0x0000000088b00000, 0x0000000088b00000|100%| E|CS|TAMS 0x0000000088a00000, 0x0000000088a00000| Complete 
| 107|0x0000000088b00000, 0x0000000088c00000, 0x0000000088c00000|100%| E|CS|TAMS 0x0000000088b00000, 0x0000000088b00000| Complete 
| 108|0x0000000088c00000, 0x0000000088d00000, 0x0000000088d00000|100%| E|CS|TAMS 0x0000000088c00000, 0x0000000088c00000| Complete 
| 109|0x0000000088d00000, 0x0000000088e00000, 0x0000000088e00000|100%| E|CS|TAMS 0x0000000088d00000, 0x0000000088d00000| Complete 
| 110|0x0000000088e00000, 0x0000000088f00000, 0x0000000088f00000|100%| E|CS|TAMS 0x0000000088e00000, 0x0000000088e00000| Complete 
| 111|0x0000000088f00000, 0x0000000089000000, 0x0000000089000000|100%| E|CS|TAMS 0x0000000088f00000, 0x0000000088f00000| Complete 
| 112|0x0000000089000000, 0x0000000089100000, 0x0000000089100000|100%| E|CS|TAMS 0x0000000089000000, 0x0000000089000000| Complete 
| 113|0x0000000089100000, 0x0000000089200000, 0x0000000089200000|100%| E|CS|TAMS 0x0000000089100000, 0x0000000089100000| Complete 
| 114|0x0000000089200000, 0x0000000089300000, 0x0000000089300000|100%| E|CS|TAMS 0x0000000089200000, 0x0000000089200000| Complete 
| 115|0x0000000089300000, 0x0000000089400000, 0x0000000089400000|100%| E|CS|TAMS 0x0000000089300000, 0x0000000089300000| Complete 
| 116|0x0000000089400000, 0x0000000089500000, 0x0000000089500000|100%| E|CS|TAMS 0x0000000089400000, 0x0000000089400000| Complete 
| 117|0x0000000089500000, 0x0000000089600000, 0x0000000089600000|100%| E|CS|TAMS 0x0000000089500000, 0x0000000089500000| Complete 
| 118|0x0000000089600000, 0x0000000089700000, 0x0000000089700000|100%| E|CS|TAMS 0x0000000089600000, 0x0000000089600000| Complete 
| 119|0x0000000089700000, 0x0000000089800000, 0x0000000089800000|100%| E|CS|TAMS 0x0000000089700000, 0x0000000089700000| Complete 
| 120|0x0000000089800000, 0x0000000089900000, 0x0000000089900000|100%| E|CS|TAMS 0x0000000089800000, 0x0000000089800000| Complete 
| 121|0x0000000089900000, 0x0000000089a00000, 0x0000000089a00000|100%| E|CS|TAMS 0x0000000089900000, 0x0000000089900000| Complete 
| 122|0x0000000089a00000, 0x0000000089b00000, 0x0000000089b00000|100%| E|CS|TAMS 0x0000000089a00000, 0x0000000089a00000| Complete 
| 123|0x0000000089b00000, 0x0000000089c00000, 0x0000000089c00000|100%| E|CS|TAMS 0x0000000089b00000, 0x0000000089b00000| Complete 
| 124|0x0000000089c00000, 0x0000000089d00000, 0x0000000089d00000|100%| E|CS|TAMS 0x0000000089c00000, 0x0000000089c00000| Complete 
| 125|0x0000000089d00000, 0x0000000089e00000, 0x0000000089e00000|100%| E|CS|TAMS 0x0000000089d00000, 0x0000000089d00000| Complete 

Card table byte_map: [0x00000220eaea0000,0x00000220eb290000] _byte_map_base: 0x00000220eaa90000

Marking Bits (Prev, Next): (CMBitMap*) 0x00000220d3578f00, (CMBitMap*) 0x00000220d3578f40
 Prev Bits: [0x00000220eb680000, 0x00000220ed600000)
 Next Bits: [0x00000220ed600000, 0x00000220ef580000)

Polling page: 0x00000220d14d0000

Metaspace:

Usage:
  Non-class:     10.15 MB capacity,     8.29 MB ( 82%) used,     1.84 MB ( 18%) free+waste,     8.12 KB ( <1%) overhead. 
      Class:      1.38 MB capacity,     1.12 MB ( 81%) used,   260.41 KB ( 18%) free+waste,     3.50 KB ( <1%) overhead. 
       Both:     11.53 MB capacity,     9.42 MB ( 82%) used,     2.10 MB ( 18%) free+waste,    11.62 KB ( <1%) overhead. 

Virtual space:
  Non-class space:       14.00 MB reserved,      10.25 MB ( 73%) committed 
      Class space:        1.00 GB reserved,       1.50 MB ( <1%) committed 
             Both:        1.01 GB reserved,      11.75 MB (  1%) committed 

Chunk freelists:
   Non-Class:  42.00 KB
       Class:  26.00 KB
        Both:  68.00 KB

MaxMetaspaceSize: 17179869184.00 GB
CompressedClassSpaceSize: 1.00 GB

CodeHeap 'non-profiled nmethods': size=120000Kb used=601Kb max_used=601Kb free=119398Kb
 bounds [0x00000220e3240000, 0x00000220e34b0000, 0x00000220ea770000]
CodeHeap 'profiled nmethods': size=120000Kb used=2998Kb max_used=2998Kb free=117001Kb
 bounds [0x00000220dbd10000, 0x00000220dc000000, 0x00000220e3240000]
CodeHeap 'non-nmethods': size=5760Kb used=1169Kb max_used=1204Kb free=4590Kb
 bounds [0x00000220db770000, 0x00000220db9e0000, 0x00000220dbd10000]
 total_blobs=1999 nmethods=1575 adapters=336
 compilation: enabled
              stopped_count=0, restarted_count=0
 full_count=0

Compilation events (20 events):
Event: 1.378 Thread 0x00000220f1fb9300 1554       3       com.google.inject.spi.DefaultElementVisitor::visit (6 bytes)
Event: 1.378 Thread 0x00000220f1fb9300 nmethod 1554 0x00000220dbff9590 code [0x00000220dbff9740, 0x00000220dbff9908]
Event: 1.391 Thread 0x00000220f1fb9300 1555       3       com.google.inject.internal.AbstractProcessor::visitOther (6 bytes)
Event: 1.391 Thread 0x00000220f1fb9300 nmethod 1555 0x00000220dbff9990 code [0x00000220dbff9b40, 0x00000220dbff9d98]
Event: 1.391 Thread 0x00000220f1fb9300 1556       3       com.google.inject.internal.AbstractProcessor::visitOther (5 bytes)
Event: 1.391 Thread 0x00000220f1fb9300 nmethod 1556 0x00000220dbff9e90 code [0x00000220dbffa020, 0x00000220dbffa198]
Event: 1.394 Thread 0x00000220f2abf550 1557       4       java.util.HashMap::get (19 bytes)
Event: 1.395 Thread 0x00000220f1fb9300 1558       3       java.util.LinkedHashMap$LinkedValueIterator::next (8 bytes)
Event: 1.395 Thread 0x00000220f1fb9300 nmethod 1558 0x00000220dbffa290 code [0x00000220dbffa440, 0x00000220dbffa568]
Event: 1.395 Thread 0x00000220f1fb9300 1559       3       jdk.internal.org.objectweb.asm.MethodWriter::visitFrameStart (55 bytes)
Event: 1.396 Thread 0x00000220f1fb9300 nmethod 1559 0x00000220dbffa610 code [0x00000220dbffa7c0, 0x00000220dbffaad8]
Event: 1.396 Thread 0x00000220f1fb9300 1560       3       jdk.internal.org.objectweb.asm.MethodWriter::visitFrameEnd (53 bytes)
Event: 1.396 Thread 0x00000220f1fb9300 nmethod 1560 0x00000220dbffac10 code [0x00000220dbffade0, 0x00000220dbffb2c8]
Event: 1.396 Thread 0x00000220f1fb5360 1561       4       java.util.ArrayList::add (25 bytes)
Event: 1.396 Thread 0x00000220f1fb9300 1562       3       jdk.internal.org.objectweb.asm.ByteVector::put11 (52 bytes)
Event: 1.397 Thread 0x00000220f1fb9300 nmethod 1562 0x00000220dbffb410 code [0x00000220dbffb5c0, 0x00000220dbffb7c8]
Event: 1.397 Thread 0x00000220f1fb9300 1563       3       jdk.internal.org.objectweb.asm.Frame::setLocal (65 bytes)
Event: 1.397 Thread 0x00000220f1fb9300 nmethod 1563 0x00000220dbffb910 code [0x00000220dbffbae0, 0x00000220dbffc008]
Event: 1.397 Thread 0x00000220f1fb9300 1564       1       java.util.concurrent.locks.AbstractOwnableSynchronizer::getExclusiveOwnerThread (5 bytes)
Event: 1.397 Thread 0x00000220f1fb9300 nmethod 1564 0x00000220e32d4510 code [0x00000220e32d46a0, 0x00000220e32d4758]

GC Heap History (2 events):
Event: 0.800 GC heap before
{Heap before GC invocations=0 (full 0):
 garbage-first heap   total 129024K, used 22528K [0x0000000082000000, 0x0000000100000000)
  region size 1024K, 23 young (23552K), 0 survivors (0K)
 Metaspace       used 5143K, capacity 7734K, committed 7808K, reserved 1056768K
  class space    used 589K, capacity 854K, committed 896K, reserved 1048576K
}
Event: 0.806 GC heap after
{Heap after GC invocations=1 (full 0):
 garbage-first heap   total 129024K, used 3691K [0x0000000082000000, 0x0000000100000000)
  region size 1024K, 3 young (3072K), 3 survivors (3072K)
 Metaspace       used 5143K, capacity 7734K, committed 7808K, reserved 1056768K
  class space    used 589K, capacity 854K, committed 896K, reserved 1048576K
}

Deoptimization events (20 events):
Event: 0.900 Thread 0x00000220d3537e80 DEOPT PACKING pc=0x00000220e32a4548 sp=0x0000008ac83fc690
Event: 0.900 Thread 0x00000220d3537e80 DEOPT UNPACKING pc=0x00000220db7be42f sp=0x0000008ac83fc618 mode 2
Event: 0.900 Thread 0x00000220d3537e80 Uncommon trap: trap_request=0xffffffde fr.pc=0x00000220e32a4548 relative=0x0000000000000128
Event: 0.900 Thread 0x00000220d3537e80 Uncommon trap: reason=class_check action=maybe_recompile pc=0x00000220e32a4548 method=jdk.internal.misc.Unsafe.allocateUninitializedArray(Ljava/lang/Class;I)Ljava/lang/Object; @ 51 c2
Event: 0.900 Thread 0x00000220d3537e80 DEOPT PACKING pc=0x00000220e32a4548 sp=0x0000008ac83fc660
Event: 0.900 Thread 0x00000220d3537e80 DEOPT UNPACKING pc=0x00000220db7be42f sp=0x0000008ac83fc5e8 mode 2
Event: 0.900 Thread 0x00000220d3537e80 Uncommon trap: trap_request=0xffffffde fr.pc=0x00000220e32a4548 relative=0x0000000000000128
Event: 0.900 Thread 0x00000220d3537e80 Uncommon trap: reason=class_check action=maybe_recompile pc=0x00000220e32a4548 method=jdk.internal.misc.Unsafe.allocateUninitializedArray(Ljava/lang/Class;I)Ljava/lang/Object; @ 51 c2
Event: 0.900 Thread 0x00000220d3537e80 DEOPT PACKING pc=0x00000220e32a4548 sp=0x0000008ac83fc700
Event: 0.900 Thread 0x00000220d3537e80 DEOPT UNPACKING pc=0x00000220db7be42f sp=0x0000008ac83fc688 mode 2
Event: 0.975 Thread 0x00000220d3537e80 DEOPT PACKING pc=0x00000220dbd6f7c8 sp=0x0000008ac83fd180
Event: 0.975 Thread 0x00000220d3537e80 DEOPT UNPACKING pc=0x00000220db7be23f sp=0x0000008ac83fc688 mode 0
Event: 0.976 Thread 0x00000220d3537e80 Uncommon trap: trap_request=0xffffff45 fr.pc=0x00000220e32ab458 relative=0x0000000000000438
Event: 0.976 Thread 0x00000220d3537e80 Uncommon trap: reason=unstable_if action=reinterpret pc=0x00000220e32ab458 method=java.lang.String.<init>([CIILjava/lang/Void;)V @ 5 c2
Event: 0.976 Thread 0x00000220d3537e80 DEOPT PACKING pc=0x00000220e32ab458 sp=0x0000008ac83fd590
Event: 0.976 Thread 0x00000220d3537e80 DEOPT UNPACKING pc=0x00000220db7be42f sp=0x0000008ac83fd4d8 mode 2
Event: 1.006 Thread 0x00000220d3537e80 Uncommon trap: trap_request=0xffffff45 fr.pc=0x00000220e32b13e4 relative=0x00000000000004c4
Event: 1.006 Thread 0x00000220d3537e80 Uncommon trap: reason=unstable_if action=reinterpret pc=0x00000220e32b13e4 method=java.lang.String.<init>([CIILjava/lang/Void;)V @ 5 c2
Event: 1.006 Thread 0x00000220d3537e80 DEOPT PACKING pc=0x00000220e32b13e4 sp=0x0000008ac83fd5e0
Event: 1.006 Thread 0x00000220d3537e80 DEOPT UNPACKING pc=0x00000220db7be42f sp=0x0000008ac83fd478 mode 2

Classes unloaded (0 events):
No events

Classes redefined (0 events):
No events

Internal exceptions (2 events):
Event: 0.503 Thread 0x00000220d3537e80 Exception <a 'java/lang/NoSuchMethodError'{0x00000000894e1318}: 'void java.lang.invoke.DirectMethodHandle$Holder.invokeSpecial(java.lang.Object, java.lang.Object, java.lang.Object)'> (0x00000000894e1318) 
thrown [./open/src/hotspot/share/interpreter/linkResolver.cpp, line 782]
Event: 0.673 Thread 0x00000220d3537e80 Exception <a 'java/lang/NoSuchMethodError'{0x0000000088e3a040}: 'java.lang.Object java.lang.invoke.DirectMethodHandle$Holder.newInvokeSpecial(java.lang.Object, java.lang.Object, java.lang.Object, java.lang.Object, java.lang.Object)'> (0x0000000088e3a040) 
thrown [./open/src/hotspot/share/interpreter/linkResolver.cpp, line 782]

Events (20 events):
Event: 1.276 loading class java/nio/channels/ReadableByteChannel
Event: 1.276 loading class java/nio/channels/Channel
Event: 1.276 loading class java/nio/channels/Channel done
Event: 1.276 loading class java/nio/channels/ReadableByteChannel done
Event: 1.276 loading class java/nio/channels/WritableByteChannel
Event: 1.276 loading class java/nio/channels/WritableByteChannel done
Event: 1.308 loading class sun/reflect/generics/scope/ConstructorScope
Event: 1.308 loading class sun/reflect/generics/scope/ConstructorScope done
Event: 1.309 loading class sun/reflect/generics/repository/ConstructorRepository
Event: 1.309 loading class sun/reflect/generics/repository/ConstructorRepository done
Event: 1.309 loading class sun/reflect/generics/tree/VoidDescriptor
Event: 1.309 loading class sun/reflect/generics/tree/VoidDescriptor done
Event: 1.309 loading class sun/reflect/generics/tree/MethodTypeSignature
Event: 1.309 loading class sun/reflect/generics/tree/MethodTypeSignature done
Event: 1.330 loading class sun/reflect/generics/repository/FieldRepository
Event: 1.330 loading class sun/reflect/generics/repository/FieldRepository done
Event: 1.357 Executing VM operation: ICBufferFull
Event: 1.357 Executing VM operation: ICBufferFull done
Event: 1.385 Executing VM operation: CollectForMetadataAllocation
Event: 1.385 Executing VM operation: CollectForMetadataAllocation done


Dynamic libraries:
0x00007ff7b8a10000 - 0x00007ff7b8a1f000 	C:\Program Files\Java\jdk-15.0.2\bin\java.exe
0x00007ffda0b90000 - 0x00007ffda0d85000 	C:\WINDOWS\SYSTEM32\ntdll.dll
0x00007ffd9f550000 - 0x00007ffd9f60e000 	C:\WINDOWS\System32\KERNEL32.DLL
0x00007ffd9e910000 - 0x00007ffd9ebd8000 	C:\WINDOWS\System32\KERNELBASE.dll
0x00007ffd9e3f0000 - 0x00007ffd9e4f0000 	C:\WINDOWS\System32\ucrtbase.dll
0x00007ffd6a3a0000 - 0x00007ffd6a3b9000 	C:\Program Files\Java\jdk-15.0.2\bin\VCRUNTIME140.dll
0x00007ffd98f20000 - 0x00007ffd98f38000 	C:\Program Files\Java\jdk-15.0.2\bin\jli.dll
0x00007ffd9faf0000 - 0x00007ffd9fb9c000 	C:\WINDOWS\System32\ADVAPI32.dll
0x00007ffd9f100000 - 0x00007ffd9f19e000 	C:\WINDOWS\System32\msvcrt.dll
0x00007ffd9edf0000 - 0x00007ffd9ee8b000 	C:\WINDOWS\System32\sechost.dll
0x00007ffd9eef0000 - 0x00007ffd9f01a000 	C:\WINDOWS\System32\RPCRT4.dll
0x00007ffd9ec00000 - 0x00007ffd9eda1000 	C:\WINDOWS\System32\USER32.dll
0x00007ffd9e4f0000 - 0x00007ffd9e512000 	C:\WINDOWS\System32\win32u.dll
0x00007ffd961e0000 - 0x00007ffd9647a000 	C:\WINDOWS\WinSxS\amd64_microsoft.windows.common-controls_6595b64144ccf1df_6.0.19041.1110_none_60b5254171f9507e\COMCTL32.dll
0x00007ffd9edb0000 - 0x00007ffd9eddb000 	C:\WINDOWS\System32\GDI32.dll
0x00007ffd9e520000 - 0x00007ffd9e62b000 	C:\WINDOWS\System32\gdi32full.dll
0x00007ffd9e6e0000 - 0x00007ffd9e77d000 	C:\WINDOWS\System32\msvcp_win.dll
0x00007ffd96ba0000 - 0x00007ffd96baa000 	C:\WINDOWS\SYSTEM32\VERSION.dll
0x00007ffd9fc50000 - 0x00007ffd9fc80000 	C:\WINDOWS\System32\IMM32.DLL
0x00007ffd8c4a0000 - 0x00007ffd8c4ac000 	C:\Program Files\Java\jdk-15.0.2\bin\vcruntime140_1.dll
0x00007ffd65060000 - 0x00007ffd650f1000 	C:\Program Files\Java\jdk-15.0.2\bin\msvcp140.dll
0x00007ffd5e570000 - 0x00007ffd5f0ce000 	C:\Program Files\Java\jdk-15.0.2\bin\server\jvm.dll
0x00007ffda0960000 - 0x00007ffda0968000 	C:\WINDOWS\System32\PSAPI.DLL
0x00007ffd7bff0000 - 0x00007ffd7bff9000 	C:\WINDOWS\SYSTEM32\WSOCK32.dll
0x00007ffd97a00000 - 0x00007ffd97a27000 	C:\WINDOWS\SYSTEM32\WINMM.dll
0x00007ffd9f330000 - 0x00007ffd9f39b000 	C:\WINDOWS\System32\WS2_32.dll
0x00007ffd9cb80000 - 0x00007ffd9cb92000 	C:\WINDOWS\SYSTEM32\kernel.appcore.dll
0x00007ffd88f30000 - 0x00007ffd88f3a000 	C:\Program Files\Java\jdk-15.0.2\bin\jimage.dll
0x00007ffd9c850000 - 0x00007ffd9ca34000 	C:\WINDOWS\SYSTEM32\DBGHELP.DLL
0x00007ffd88ac0000 - 0x00007ffd88aec000 	C:\WINDOWS\SYSTEM32\dbgcore.DLL
0x00007ffd9e360000 - 0x00007ffd9e3e3000 	C:\WINDOWS\System32\bcryptPrimitives.dll
0x00007ffd66000000 - 0x00007ffd66025000 	C:\Program Files\Java\jdk-15.0.2\bin\java.dll
0x00007ffda0190000 - 0x00007ffda08cf000 	C:\WINDOWS\System32\SHELL32.dll
0x00007ffd9bff0000 - 0x00007ffd9c780000 	C:\WINDOWS\SYSTEM32\windows.storage.dll
0x00007ffd9f790000 - 0x00007ffd9fae5000 	C:\WINDOWS\System32\combase.dll
0x00007ffd9dd00000 - 0x00007ffd9dd2e000 	C:\WINDOWS\SYSTEM32\Wldp.dll
0x00007ffd9fba0000 - 0x00007ffd9fc4d000 	C:\WINDOWS\System32\SHCORE.dll
0x00007ffd9f200000 - 0x00007ffd9f255000 	C:\WINDOWS\System32\shlwapi.dll
0x00007ffd9e1f0000 - 0x00007ffd9e20f000 	C:\WINDOWS\SYSTEM32\profapi.dll
0x00007ffd6a110000 - 0x00007ffd6a129000 	C:\Program Files\Java\jdk-15.0.2\bin\net.dll
0x00007ffd88cc0000 - 0x00007ffd88dcc000 	C:\WINDOWS\SYSTEM32\WINHTTP.dll
0x00007ffd9da60000 - 0x00007ffd9daca000 	C:\WINDOWS\system32\mswsock.dll
0x00007ffd6a0f0000 - 0x00007ffd6a102000 	C:\Program Files\Java\jdk-15.0.2\bin\nio.dll
0x00007ffd65650000 - 0x00007ffd65668000 	C:\Program Files\Java\jdk-15.0.2\bin\zip.dll
0x00007ffd88dd0000 - 0x00007ffd88de0000 	C:\Program Files\Java\jdk-15.0.2\bin\verify.dll
0x00007ffd98f10000 - 0x00007ffd98f1a000 	C:\Program Files (x86)\NetBeans-12.4\netbeans\java\maven\lib\jansi-native\windows64\jansi.dll

dbghelp: loaded successfully - version: 4.0.5 - missing functions: none
symbol engine: initialized successfully - sym options: 0x614 - pdb path: .;C:\Program Files\Java\jdk-15.0.2\bin;C:\WINDOWS\SYSTEM32;C:\WINDOWS\WinSxS\amd64_microsoft.windows.common-controls_6595b64144ccf1df_6.0.19041.1110_none_60b5254171f9507e;C:\Program Files\Java\jdk-15.0.2\bin\server;C:\Program Files (x86)\NetBeans-12.4\netbeans\java\maven\lib\jansi-native\windows64

VM Arguments:
jvm_args: -Dclassworlds.conf=C:\Program Files (x86)\NetBeans-12.4\netbeans\java\maven\bin\..\bin\m2.conf -Dmaven.home=C:\Program Files (x86)\NetBeans-12.4\netbeans\java\maven\bin\.. -Dlibrary.jansi.path=C:\Program Files (x86)\NetBeans-12.4\netbeans\java\maven\bin\..\lib\jansi-native -Dmaven.multiModuleProjectDirectory=C:\Users\hp\Documents\NetBeansProjects\mavenproject5 
java_command: org.codehaus.plexus.classworlds.launcher.Launcher -Dexec.vmArgs= -Dexec.args=${exec.vmArgs} -classpath %classpath ${exec.mainClass} ${exec.appArgs} -Dexec.appArgs= -Dexec.mainClass=project5.mavenproject5.login -Dexec.executable=C:\Program Files\Java\jdk-15.0.2\bin\java.exe -Dmaven.ext.class.path=C:\Program Files (x86)\NetBeans-12.4\netbeans\java\maven-nblib\netbeans-eventspy.jar -Dfile.encoding=UTF-8 org.codehaus.mojo:exec-maven-plugin:3.0.0:exec
java_class_path (initial): C:\Program Files (x86)\NetBeans-12.4\netbeans\java\maven\bin\..\boot\plexus-classworlds-2.6.0.jar
Launcher Type: SUN_STANDARD

[Global flags]
     intx CICompilerCount                          = 4                                         {product} {ergonomic}
     uint ConcGCThreads                            = 2                                         {product} {ergonomic}
     uint G1ConcRefinementThreads                  = 8                                         {product} {ergonomic}
   size_t G1HeapRegionSize                         = 1048576                                   {product} {ergonomic}
    uintx GCDrainStackTargetSize                   = 64                                        {product} {ergonomic}
   size_t InitialHeapSize                          = 132120576                                 {product} {ergonomic}
   size_t MarkStackSize                            = 4194304                                   {product} {ergonomic}
   size_t MaxHeapSize                              = 2113929216                                {product} {ergonomic}
   size_t MaxNewSize                               = 1267728384                                {product} {ergonomic}
   size_t MinHeapDeltaBytes                        = 1048576                                   {product} {ergonomic}
   size_t MinHeapSize                              = 8388608                                   {product} {ergonomic}
    uintx NonNMethodCodeHeapSize                   = 5839372                                {pd product} {ergonomic}
    uintx NonProfiledCodeHeapSize                  = 122909434                              {pd product} {ergonomic}
    uintx ProfiledCodeHeapSize                     = 122909434                              {pd product} {ergonomic}
    uintx ReservedCodeCacheSize                    = 251658240                              {pd product} {ergonomic}
     bool SegmentedCodeCache                       = true                                      {product} {ergonomic}
   size_t SoftMaxHeapSize                          = 2113929216                             {manageable} {ergonomic}
     bool UseCompressedClassPointers               = true                                 {lp64_product} {ergonomic}
     bool UseCompressedOops                        = true                                 {lp64_product} {ergonomic}
     bool UseG1GC                                  = true                                      {product} {ergonomic}
     bool UseLargePagesIndividualAllocation        = false                                  {pd product} {ergonomic}

Logging:
Log output configuration:
 #0: stdout all=warning uptime,level,tags
 #1: stderr all=off uptime,level,tags

Environment Variables:
JAVA_HOME=C:\Program Files\Java\jdk-15.0.2
PATH=C:\app\hp\product\21c\dbhomeXE\bin;C:\Program Files\National Instruments\Shared\OpenVINO\;C:\Program Files\Common Files\Oracle\Java\javapath;C:\Program Files (x86)\Common Files\Oracle\Java\javapath;C:\Windows\system32;C:\Windows;C:\Windows\System32\Wbem;C:\Windows\System32\WindowsPowerShell\v1.0\;C:\Windows\System32\OpenSSH\;C:\Program Files (x86)\NVIDIA Corporation\PhysX\Common;c:\Program Files (x86)\Microsoft SQL Server\100\Tools\Binn\;c:\Program Files\Microsoft SQL Server\100\Tools\Binn\;c:\Program Files\Microsoft SQL Server\100\DTS\Binn\;C:\Program Files\dotnet\;C:\Program Files\Microsoft SQL Server\130\Tools\Binn\;C:\Program Files\Microsoft SQL Server\Client SDK\ODBC\170\Tools\Binn\;C:\WINDOWS\system32;C:\WINDOWS;C:\WINDOWS\System32\Wbem;C:\WINDOWS\System32\WindowsPowerShell\v1.0\;C:\WINDOWS\System32\OpenSSH\;C:\Program Files\Java\jdk-15.0.2\bin;C:\f\flutter\bin;C:\Program Files\Dart\dart-sdk\bin;C:\Program Files (x86)\Microsoft SQL Server\110\Tools\Binn\;C:\Program Files (x86)\Microsoft SQL Server\110\DTS\Binn\;C:\Program Files (x86)\National Instruments\Shared\LabVIEW CLI;C:\Program Files\Java\java-se-8u41-ri\bin;C:\Program Files\Git\cmd;C:\Users\hp\AppData\Local\Microsoft\WindowsApps;C:\f\flutter\bin;
USERNAME=hp
OS=Windows_NT
PROCESSOR_IDENTIFIER=Intel64 Family 6 Model 142 Stepping 12, GenuineIntel



---------------  S Y S T E M  ---------------

OS:
 Windows 10 , 64 bit Build 19041 (10.0.19041.1348)
OS uptime: 0 days 10:44 hours

CPU: total 8 (initial active 8) (4 cores per cpu, 2 threads per core) family 6 model 142 stepping 12 microcode 0xb8, cmov, cx8, fxsr, mmx, sse, sse2, sse3, ssse3, sse4.1, sse4.2, popcnt, vzeroupper, avx, avx2, aes, clmul, erms, 3dnowpref, lzcnt, ht, tsc, tscinvbit, bmi1, bmi2, adx, fma, clflush, clflushopt

Memory: 4k page, system-wide physical 8062M (2119M free)
TotalPageFile size 9951M (AvailPageFile size 5M)
current process WorkingSet (physical memory assigned to process): 92M, peak: 92M
current process commit charge ("private bytes"): 235M, peak: 235M

vm_info: Java HotSpot(TM) 64-Bit Server VM (15.0.2+7-27) for windows-amd64 JRE (15.0.2+7-27), built on Dec  7 2020 20:07:01 by "mach5one" with unknown MS VC++:1925

END.
