#
# There is insufficient memory for the Java Runtime Environment to continue.
# Native memory allocation (malloc) failed to allocate 1290096 bytes for Chunk::new
# Possible reasons:
#   The system is out of physical RAM or swap space
#   The process is running with CompressedOops enabled, and the Java Heap may be blocking the growth of the native heap
# Possible solutions:
#   Reduce memory load on the system
#   Increase physical memory or swap space
#   Check if swap backing store is full
#   Decrease Java heap size (-Xmx/-Xms)
#   Decrease number of Java threads
#   Decrease Java thread stack sizes (-Xss)
#   Set larger code cache with -XX:ReservedCodeCacheSize=
#   JVM is running with Unscaled Compressed Oops mode in which the Java heap is
#     placed in the first 4GB address space. The Java Heap base address is the
#     maximum limit for the native heap growth. Please use -XX:HeapBaseMinAddress
#     to set the Java Heap base and to place the Java Heap above 4GB virtual address.
# This output file may be truncated or incomplete.
#
#  Out of Memory Error (./open/src/hotspot/share/memory/arena.cpp:195), pid=2224, tid=12908
#
# JRE version: Java(TM) SE Runtime Environment (15.0.2+7) (build 15.0.2+7-27)
# Java VM: Java HotSpot(TM) 64-Bit Server VM (15.0.2+7-27, mixed mode, sharing, tiered, compressed oops, g1 gc, windows-amd64)
# No core dump will be written. Minidumps are not enabled by default on client versions of Windows
#

---------------  S U M M A R Y ------------

Command Line: project5.mavenproject5.login

Host: Intel(R) Core(TM) i7-8565U CPU @ 1.80GHz, 8 cores, 7G,  Windows 10 , 64 bit Build 19041 (10.0.19041.1348)
Time: Tue Dec  7 13:25:26 2021 Jerusalem Standard Time elapsed time: 582.915083 seconds (0d 0h 9m 42s)

---------------  T H R E A D  ---------------

Current thread (0x000001f9be853af0):  JavaThread "C2 CompilerThread0" daemon [_thread_in_native, id=12908, stack(0x0000006f00400000,0x0000006f00500000)]


Current CompileTask:
C2: 582915 5641   !   4       sun.java2d.SunGraphics2D::drawImage (150 bytes)

Stack: [0x0000006f00400000,0x0000006f00500000]
Native frames: (J=compiled Java code, j=interpreted, Vv=VM code, C=native code)
V  [jvm.dll+0x62ae9a]
V  [jvm.dll+0x7817a9]
V  [jvm.dll+0x782f03]
V  [jvm.dll+0x783563]
V  [jvm.dll+0x216325]
V  [jvm.dll+0x97f3a]
V  [jvm.dll+0x9861c]
V  [jvm.dll+0x32e305]
V  [jvm.dll+0x18e1ba]
V  [jvm.dll+0x1ea822]
V  [jvm.dll+0x1e996e]
V  [jvm.dll+0x178567]
V  [jvm.dll+0x1f9225]
V  [jvm.dll+0x1f72cc]
V  [jvm.dll+0x74495d]
V  [jvm.dll+0x73d75a]
V  [jvm.dll+0x629c56]
C  [ucrtbase.dll+0x21bb2]
C  [KERNEL32.DLL+0x17034]
C  [ntdll.dll+0x52651]


---------------  P R O C E S S  ---------------

Threads class SMR info:
_java_thread_list=0x000001f9c24cc730, length=20, elements={
0x000001f9be833eb0, 0x000001f9be834a80, 0x000001f9be84dff0, 0x000001f9be850ab0,
0x000001f9be852570, 0x000001f9be853af0, 0x000001f9be854690, 0x000001f9be855f30,
0x000001f9bf284520, 0x000001f9bf28c6f0, 0x000001f9bf75c590, 0x000001f9bf75ca60,
0x000001f9bf767b60, 0x000001f9bf7a9690, 0x000001f99fde79a0, 0x000001f9bfc77d10,
0x000001f9bfe513d0, 0x000001f9bfd80f70, 0x000001f9bfde8950, 0x000001f9c3a478b0
}

Java Threads: ( => current thread )
  0x000001f9be833eb0 JavaThread "Reference Handler" daemon [_thread_blocked, id=12292, stack(0x0000006f7ff00000,0x0000006f80000000)]
  0x000001f9be834a80 JavaThread "Finalizer" daemon [_thread_blocked, id=6620, stack(0x0000006f00000000,0x0000006f00100000)]
  0x000001f9be84dff0 JavaThread "Signal Dispatcher" daemon [_thread_blocked, id=13504, stack(0x0000006f00100000,0x0000006f00200000)]
  0x000001f9be850ab0 JavaThread "Attach Listener" daemon [_thread_blocked, id=9836, stack(0x0000006f00200000,0x0000006f00300000)]
  0x000001f9be852570 JavaThread "Service Thread" daemon [_thread_blocked, id=13652, stack(0x0000006f00300000,0x0000006f00400000)]
=>0x000001f9be853af0 JavaThread "C2 CompilerThread0" daemon [_thread_in_native, id=12908, stack(0x0000006f00400000,0x0000006f00500000)]
  0x000001f9be854690 JavaThread "C1 CompilerThread0" daemon [_thread_blocked, id=13740, stack(0x0000006f00500000,0x0000006f00600000)]
  0x000001f9be855f30 JavaThread "Sweeper thread" daemon [_thread_blocked, id=13228, stack(0x0000006f00600000,0x0000006f00700000)]
  0x000001f9bf284520 JavaThread "Notification Thread" daemon [_thread_blocked, id=12644, stack(0x0000006f00700000,0x0000006f00800000)]
  0x000001f9bf28c6f0 JavaThread "Common-Cleaner" daemon [_thread_blocked, id=13600, stack(0x0000006f00900000,0x0000006f00a00000)]
  0x000001f9bf75c590 JavaThread "Java2D Disposer" daemon [_thread_blocked, id=13340, stack(0x0000006f00b00000,0x0000006f00c00000)]
  0x000001f9bf75ca60 JavaThread "AWT-Shutdown" [_thread_blocked, id=9672, stack(0x0000006f00c00000,0x0000006f00d00000)]
  0x000001f9bf767b60 JavaThread "AWT-Windows" daemon [_thread_in_native, id=11088, stack(0x0000006f00d00000,0x0000006f00e00000)]
  0x000001f9bf7a9690 JavaThread "AWT-EventQueue-0" [_thread_in_native, id=7320, stack(0x0000006f00e00000,0x0000006f00f00000)]
  0x000001f99fde79a0 JavaThread "DestroyJavaVM" [_thread_blocked, id=12356, stack(0x0000006f7f800000,0x0000006f7f900000)]
  0x000001f9bfc77d10 JavaThread "TimerQueue" daemon [_thread_blocked, id=8872, stack(0x0000006f01000000,0x0000006f01100000)]
  0x000001f9bfe513d0 JavaThread "Timer-0" daemon [_thread_blocked, id=12520, stack(0x0000006f01c00000,0x0000006f01d00000)]
  0x000001f9bfd80f70 JavaThread "oracle.jdbc.driver.BlockSource.ThreadedCachingBlockSource.BlockReleaser" daemon [_thread_blocked, id=10320, stack(0x0000006f01d00000,0x0000006f01e00000)]
  0x000001f9bfde8950 JavaThread "InterruptTimer" daemon [_thread_blocked, id=13812, stack(0x0000006f01e00000,0x0000006f01f00000)]
  0x000001f9c3a478b0 JavaThread "Image Animator 3" daemon [_thread_blocked, id=13640, stack(0x0000006f00a00000,0x0000006f00b00000)]

Other Threads:
  0x000001f9be831e90 VMThread "VM Thread" [stack: 0x0000006f7fe00000,0x0000006f7ff00000] [id=4208]
  0x000001f9bf28b230 WatcherThread [stack: 0x0000006f00800000,0x0000006f00900000] [id=7936]
  0x000001f99fe26b50 GCTaskThread "GC Thread#0" [stack: 0x0000006f7f900000,0x0000006f7fa00000] [id=12804]
  0x000001f9bfbf01d0 GCTaskThread "GC Thread#1" [stack: 0x0000006f00f00000,0x0000006f01000000] [id=13656]
  0x000001f9bfbf31a0 GCTaskThread "GC Thread#2" [stack: 0x0000006f01400000,0x0000006f01500000] [id=13828]
  0x000001f9bfbf2810 GCTaskThread "GC Thread#3" [stack: 0x0000006f01500000,0x0000006f01600000] [id=13764]
  0x000001f9bfbf2b40 GCTaskThread "GC Thread#4" [stack: 0x0000006f01600000,0x0000006f01700000] [id=304]
  0x000001f9bfbf0500 GCTaskThread "GC Thread#5" [stack: 0x0000006f01700000,0x0000006f01800000] [id=13660]
  0x000001f99fe388b0 ConcurrentGCThread "G1 Main Marker" [stack: 0x0000006f7fa00000,0x0000006f7fb00000] [id=13120]
  0x000001f99fe39c40 ConcurrentGCThread "G1 Conc#0" [stack: 0x0000006f7fb00000,0x0000006f7fc00000] [id=11644]
  0x000001f9bfbf0830 ConcurrentGCThread "G1 Conc#1" [stack: 0x0000006f02000000,0x0000006f02100000] [id=10248]
  0x000001f9be6b0090 ConcurrentGCThread "G1 Refine#0" [stack: 0x0000006f7fc00000,0x0000006f7fd00000] [id=9596]
  0x000001f9bfd55a80 ConcurrentGCThread "G1 Refine#1" [stack: 0x0000006f01800000,0x0000006f01900000] [id=10672]
  0x000001f9bfcfc450 ConcurrentGCThread "G1 Refine#2" [stack: 0x0000006f01900000,0x0000006f01a00000] [id=3904]
  0x000001f9bfb1d900 ConcurrentGCThread "G1 Refine#3" [stack: 0x0000006f01a00000,0x0000006f01b00000] [id=13308]
  0x000001f9bf8bf0a0 ConcurrentGCThread "G1 Refine#4" [stack: 0x0000006f01b00000,0x0000006f01c00000] [id=10804]
  0x000001f9be6b0c90 ConcurrentGCThread "G1 Young RemSet Sampling" [stack: 0x0000006f7fd00000,0x0000006f7fe00000] [id=12868]

Threads with active compile tasks:
C2 CompilerThread0   583059 5641   !   4       sun.java2d.SunGraphics2D::drawImage (150 bytes)

VM state: not at safepoint (normal execution)

VM Mutex/Monitor currently owned by a thread: None

Heap address: 0x0000000082000000, size: 2016 MB, Compressed Oops mode: 32-bit
CDS archive(s) mapped at: [0x0000000800000000-0x0000000800b50000-0x0000000800b50000), size 11862016, SharedBaseAddress: 0x0000000800000000, ArchiveRelocationMode: 0.
Compressed class space mapped at: 0x0000000800b50000-0x0000000840b50000, size: 1073741824
Narrow klass base: 0x0000000800000000, Narrow klass shift: 3, Narrow klass range: 0x100000000

GC Precious Log:
 CPUs: 8 total, 8 available
 Memory: 8062M
 Large Page Support: Disabled
 NUMA Support: Disabled
 Compressed Oops: Enabled (32-bit)
 Heap Region Size: 1M
 Heap Min Capacity: 8M
 Heap Initial Capacity: 126M
 Heap Max Capacity: 2016M
 Pre-touch: Disabled
 Parallel Workers: 8
 Concurrent Workers: 2
 Concurrent Refinement Workers: 8
 Periodic GC: Disabled

Heap:
 garbage-first heap   total 73728K, used 35955K [0x0000000082000000, 0x0000000100000000)
  region size 1024K, 3 young (3072K), 2 survivors (2048K)
 Metaspace       used 44533K, capacity 44880K, committed 45052K, reserved 1089536K
  class space    used 4916K, capacity 5022K, committed 5116K, reserved 1048576K

Heap Regions: E=young(eden), S=young(survivor), O=old, HS=humongous(starts), HC=humongous(continues), CS=collection set, F=free, OA=open archive, CA=closed archive, TAMS=top-at-mark-start (previous, next)
|   0|0x0000000082000000, 0x0000000082100000, 0x0000000082100000|100%| O|  |TAMS 0x0000000082100000, 0x0000000082000000| Untracked 
|   1|0x0000000082100000, 0x0000000082200000, 0x0000000082200000|100%|HS|  |TAMS 0x0000000082200000, 0x0000000082100000| Complete 
|   2|0x0000000082200000, 0x0000000082300000, 0x0000000082300000|100%|HC|  |TAMS 0x0000000082300000, 0x0000000082200000| Complete 
|   3|0x0000000082300000, 0x0000000082300000, 0x0000000082400000|  0%| F|  |TAMS 0x0000000082300000, 0x0000000082300000| Untracked 
|   4|0x0000000082400000, 0x0000000082400000, 0x0000000082500000|  0%| F|  |TAMS 0x0000000082400000, 0x0000000082400000| Untracked 
|   5|0x0000000082500000, 0x0000000082500000, 0x0000000082600000|  0%| F|  |TAMS 0x0000000082500000, 0x0000000082500000| Untracked 
|   6|0x0000000082600000, 0x0000000082700000, 0x0000000082700000|100%| O|  |TAMS 0x0000000082700000, 0x0000000082600000| Untracked 
|   7|0x0000000082700000, 0x0000000082800000, 0x0000000082800000|100%| O|  |TAMS 0x0000000082800000, 0x0000000082700000| Untracked 
|   8|0x0000000082800000, 0x0000000082900000, 0x0000000082900000|100%| O|  |TAMS 0x0000000082900000, 0x0000000082800000| Untracked 
|   9|0x0000000082900000, 0x0000000082a00000, 0x0000000082a00000|100%| O|  |TAMS 0x0000000082a00000, 0x0000000082900000| Untracked 
|  10|0x0000000082a00000, 0x0000000082b00000, 0x0000000082b00000|100%| O|  |TAMS 0x0000000082b00000, 0x0000000082a00000| Untracked 
|  11|0x0000000082b00000, 0x0000000082c00000, 0x0000000082c00000|100%| O|  |TAMS 0x0000000082c00000, 0x0000000082b00000| Untracked 
|  12|0x0000000082c00000, 0x0000000082c60600, 0x0000000082d00000| 37%| O|  |TAMS 0x0000000082c60600, 0x0000000082c00000| Untracked 
|  13|0x0000000082d00000, 0x0000000082e00000, 0x0000000082e00000|100%|HS|  |TAMS 0x0000000082e00000, 0x0000000082d00000| Complete 
|  14|0x0000000082e00000, 0x0000000082f00000, 0x0000000082f00000|100%|HC|  |TAMS 0x0000000082f00000, 0x0000000082e00000| Complete 
|  15|0x0000000082f00000, 0x0000000083000000, 0x0000000083000000|100%|HC|  |TAMS 0x0000000083000000, 0x0000000082f00000| Complete 
|  16|0x0000000083000000, 0x0000000083100000, 0x0000000083100000|100%| O|  |TAMS 0x0000000083100000, 0x0000000083000000| Untracked 
|  17|0x0000000083100000, 0x0000000083200000, 0x0000000083200000|100%| O|  |TAMS 0x0000000083200000, 0x0000000083100000| Untracked 
|  18|0x0000000083200000, 0x0000000083300000, 0x0000000083300000|100%| O|  |TAMS 0x0000000083300000, 0x0000000083200000| Untracked 
|  19|0x0000000083300000, 0x0000000083400000, 0x0000000083400000|100%| O|  |TAMS 0x0000000083400000, 0x0000000083300000| Untracked 
|  20|0x0000000083400000, 0x0000000083500000, 0x0000000083500000|100%| O|  |TAMS 0x0000000083500000, 0x0000000083400000| Untracked 
|  21|0x0000000083500000, 0x0000000083600000, 0x0000000083600000|100%| O|  |TAMS 0x0000000083600000, 0x0000000083500000| Untracked 
|  22|0x0000000083600000, 0x0000000083700000, 0x0000000083700000|100%| O|  |TAMS 0x0000000083700000, 0x0000000083600000| Untracked 
|  23|0x0000000083700000, 0x0000000083800000, 0x0000000083800000|100%| O|  |TAMS 0x0000000083800000, 0x0000000083700000| Untracked 
|  24|0x0000000083800000, 0x0000000083900000, 0x0000000083900000|100%|HS|  |TAMS 0x0000000083900000, 0x0000000083800000| Complete 
|  25|0x0000000083900000, 0x0000000083a00000, 0x0000000083a00000|100%|HC|  |TAMS 0x0000000083a00000, 0x0000000083900000| Complete 
|  26|0x0000000083a00000, 0x0000000083b00000, 0x0000000083b00000|100%| O|  |TAMS 0x0000000083b00000, 0x0000000083a00000| Untracked 
|  27|0x0000000083b00000, 0x0000000083c00000, 0x0000000083c00000|100%| O|  |TAMS 0x0000000083c00000, 0x0000000083b00000| Untracked 
|  28|0x0000000083c00000, 0x0000000083c8c000, 0x0000000083d00000| 54%| O|  |TAMS 0x0000000083c8c000, 0x0000000083c00000| Untracked 
|  29|0x0000000083d00000, 0x0000000083d00000, 0x0000000083e00000|  0%| F|  |TAMS 0x0000000083d00000, 0x0000000083d00000| Untracked 
|  30|0x0000000083e00000, 0x0000000083e00000, 0x0000000083f00000|  0%| F|  |TAMS 0x0000000083e00000, 0x0000000083e00000| Untracked 
|  31|0x0000000083f00000, 0x0000000083f00000, 0x0000000084000000|  0%| F|  |TAMS 0x0000000083f00000, 0x0000000083f00000| Untracked 
|  32|0x0000000084000000, 0x0000000084000000, 0x0000000084100000|  0%| F|  |TAMS 0x0000000084000000, 0x0000000084000000| Untracked 
|  33|0x0000000084100000, 0x0000000084100000, 0x0000000084200000|  0%| F|  |TAMS 0x0000000084100000, 0x0000000084100000| Untracked 
|  34|0x0000000084200000, 0x0000000084200000, 0x0000000084300000|  0%| F|  |TAMS 0x0000000084200000, 0x0000000084200000| Untracked 
|  35|0x0000000084300000, 0x00000000843306e8, 0x0000000084400000| 18%| S|CS|TAMS 0x0000000084300000, 0x0000000084300000| Complete 
|  36|0x0000000084400000, 0x0000000084400000, 0x0000000084500000|  0%| F|  |TAMS 0x0000000084400000, 0x0000000084400000| Untracked 
|  37|0x0000000084500000, 0x0000000084600000, 0x0000000084600000|100%|HS|  |TAMS 0x0000000084600000, 0x0000000084500000| Complete 
|  38|0x0000000084600000, 0x0000000084700000, 0x0000000084700000|100%|HC|  |TAMS 0x0000000084700000, 0x0000000084600000| Complete 
|  39|0x0000000084700000, 0x0000000084800000, 0x0000000084800000|100%|HC|  |TAMS 0x0000000084800000, 0x0000000084700000| Complete 
|  40|0x0000000084800000, 0x0000000084900000, 0x0000000084900000|100%|HC|  |TAMS 0x0000000084900000, 0x0000000084800000| Complete 
|  41|0x0000000084900000, 0x0000000084a00000, 0x0000000084a00000|100%|HC|  |TAMS 0x0000000084a00000, 0x0000000084900000| Complete 
|  42|0x0000000084a00000, 0x0000000084b00000, 0x0000000084b00000|100%|HC|  |TAMS 0x0000000084b00000, 0x0000000084a00000| Complete 
|  43|0x0000000084b00000, 0x0000000084c00000, 0x0000000084c00000|100%|HC|  |TAMS 0x0000000084c00000, 0x0000000084b00000| Complete 
|  44|0x0000000084c00000, 0x0000000084d00000, 0x0000000084d00000|100%|HC|  |TAMS 0x0000000084d00000, 0x0000000084c00000| Complete 
|  45|0x0000000084d00000, 0x0000000084e00000, 0x0000000084e00000|100%|HC|  |TAMS 0x0000000084e00000, 0x0000000084d00000| Complete 
|  46|0x0000000084e00000, 0x0000000084f00000, 0x0000000084f00000|100%| S|CS|TAMS 0x0000000084e00000, 0x0000000084e00000| Complete 
|  47|0x0000000084f00000, 0x0000000084f00000, 0x0000000085000000|  0%| F|  |TAMS 0x0000000084f00000, 0x0000000084f00000| Untracked 
|  48|0x0000000085000000, 0x0000000085000000, 0x0000000085100000|  0%| F|  |TAMS 0x0000000085000000, 0x0000000085000000| Untracked 
|  49|0x0000000085100000, 0x0000000085100000, 0x0000000085200000|  0%| F|  |TAMS 0x0000000085100000, 0x0000000085100000| Untracked 
|  50|0x0000000085200000, 0x0000000085200000, 0x0000000085300000|  0%| F|  |TAMS 0x0000000085200000, 0x0000000085200000| Untracked 
|  51|0x0000000085300000, 0x0000000085300000, 0x0000000085400000|  0%| F|  |TAMS 0x0000000085300000, 0x0000000085300000| Untracked 
|  52|0x0000000085400000, 0x0000000085400000, 0x0000000085500000|  0%| F|  |TAMS 0x0000000085400000, 0x0000000085400000| Untracked 
|  53|0x0000000085500000, 0x0000000085500000, 0x0000000085600000|  0%| F|  |TAMS 0x0000000085500000, 0x0000000085500000| Untracked 
|  54|0x0000000085600000, 0x0000000085600000, 0x0000000085700000|  0%| F|  |TAMS 0x0000000085600000, 0x0000000085600000| Untracked 
|  55|0x0000000085700000, 0x0000000085700000, 0x0000000085800000|  0%| F|  |TAMS 0x0000000085700000, 0x0000000085700000| Untracked 
|  56|0x0000000085800000, 0x0000000085800000, 0x0000000085900000|  0%| F|  |TAMS 0x0000000085800000, 0x0000000085800000| Untracked 
|  57|0x0000000085900000, 0x0000000085900000, 0x0000000085a00000|  0%| F|  |TAMS 0x0000000085900000, 0x0000000085900000| Untracked 
|  58|0x0000000085a00000, 0x0000000085a00000, 0x0000000085b00000|  0%| F|  |TAMS 0x0000000085a00000, 0x0000000085a00000| Untracked 
|  59|0x0000000085b00000, 0x0000000085b00000, 0x0000000085c00000|  0%| F|  |TAMS 0x0000000085b00000, 0x0000000085b00000| Untracked 
|  60|0x0000000085c00000, 0x0000000085c00000, 0x0000000085d00000|  0%| F|  |TAMS 0x0000000085c00000, 0x0000000085c00000| Untracked 
|  61|0x0000000085d00000, 0x0000000085d00000, 0x0000000085e00000|  0%| F|  |TAMS 0x0000000085d00000, 0x0000000085d00000| Untracked 
|  62|0x0000000085e00000, 0x0000000085e00000, 0x0000000085f00000|  0%| F|  |TAMS 0x0000000085e00000, 0x0000000085e00000| Untracked 
|  63|0x0000000085f00000, 0x0000000085f00000, 0x0000000086000000|  0%| F|  |TAMS 0x0000000085f00000, 0x0000000085f00000| Untracked 
|  64|0x0000000086000000, 0x0000000086000000, 0x0000000086100000|  0%| F|  |TAMS 0x0000000086000000, 0x0000000086000000| Untracked 
|  65|0x0000000086100000, 0x0000000086100000, 0x0000000086200000|  0%| F|  |TAMS 0x0000000086100000, 0x0000000086100000| Untracked 
|  66|0x0000000086200000, 0x0000000086200000, 0x0000000086300000|  0%| F|  |TAMS 0x0000000086200000, 0x0000000086200000| Untracked 
|  67|0x0000000086300000, 0x0000000086300000, 0x0000000086400000|  0%| F|  |TAMS 0x0000000086300000, 0x0000000086300000| Untracked 
|  68|0x0000000086400000, 0x0000000086400000, 0x0000000086500000|  0%| F|  |TAMS 0x0000000086400000, 0x0000000086400000| Untracked 
| 107|0x0000000088b00000, 0x0000000088b00000, 0x0000000088c00000|  0%| F|  |TAMS 0x0000000088b00000, 0x0000000088b00000| Untracked 
| 108|0x0000000088c00000, 0x0000000088c00000, 0x0000000088d00000|  0%| F|  |TAMS 0x0000000088c00000, 0x0000000088c00000| Untracked 
| 125|0x0000000089d00000, 0x0000000089dc13d0, 0x0000000089e00000| 75%| E|  |TAMS 0x0000000089d00000, 0x0000000089d00000| Complete 

Card table byte_map: [0x000001f9b7740000,0x000001f9b7b30000] _byte_map_base: 0x000001f9b7330000

Marking Bits (Prev, Next): (CMBitMap*) 0x000001f99fe28350, (CMBitMap*) 0x000001f99fe28390
 Prev Bits: [0x000001f9b7f20000, 0x000001f9b9ea0000)
 Next Bits: [0x000001f9b9ea0000, 0x000001f9bbe20000)

Polling page: 0x000001f99dcf0000

Metaspace:

Usage:
  Non-class:     38.92 MB capacity,    38.69 MB (>99%) used,   191.33 KB ( <1%) free+waste,    49.69 KB ( <1%) overhead. 
      Class:      4.90 MB capacity,     4.80 MB ( 98%) used,    89.01 KB (  2%) free+waste,    16.12 KB ( <1%) overhead. 
       Both:     43.83 MB capacity,    43.49 MB (>99%) used,   280.34 KB ( <1%) free+waste,    65.81 KB ( <1%) overhead. 

Virtual space:
  Non-class space:       40.00 MB reserved,      39.00 MB ( 98%) committed 
      Class space:        1.00 GB reserved,       5.00 MB ( <1%) committed 
             Both:        1.04 GB reserved,      44.00 MB (  4%) committed 

Chunk freelists:
   Non-Class:  14.00 KB
       Class:  2.00 KB
        Both:  16.00 KB

MaxMetaspaceSize: 17179869184.00 GB
CompressedClassSpaceSize: 1.00 GB

CodeHeap 'non-profiled nmethods': size=120000Kb used=2960Kb max_used=2960Kb free=117039Kb
 bounds [0x000001f9afaf0000, 0x000001f9afde0000, 0x000001f9b7020000]
CodeHeap 'profiled nmethods': size=120000Kb used=10088Kb max_used=10088Kb free=109911Kb
 bounds [0x000001f9a85c0000, 0x000001f9a8fa0000, 0x000001f9afaf0000]
CodeHeap 'non-nmethods': size=5760Kb used=1488Kb max_used=1570Kb free=4271Kb
 bounds [0x000001f9a8020000, 0x000001f9a8290000, 0x000001f9a85c0000]
 total_blobs=5758 nmethods=4929 adapters=741
 compilation: enabled
              stopped_count=0, restarted_count=0
 full_count=0

Compilation events (20 events):
Event: 582.306 Thread 0x000001f9be854690 nmethod 5631 0x000001f9a8f98890 code [0x000001f9a8f98a40, 0x000001f9a8f98c08]
Event: 582.306 Thread 0x000001f9be854690 5632       3       java.awt.Rectangle::getBounds2D (24 bytes)
Event: 582.306 Thread 0x000001f9be854690 nmethod 5632 0x000001f9a8f98d10 code [0x000001f9a8f98ec0, 0x000001f9a8f991d8]
Event: 582.306 Thread 0x000001f9be854690 5633  s    3       java.awt.Color::createContext (13 bytes)
Event: 582.306 Thread 0x000001f9be854690 nmethod 5633 0x000001f9a8f99310 code [0x000001f9a8f994c0, 0x000001f9a8f99868]
Event: 582.306 Thread 0x000001f9be854690 5634       3       java.awt.ColorPaintContext::<init> (10 bytes)
Event: 582.307 Thread 0x000001f9be854690 nmethod 5634 0x000001f9a8f99a10 code [0x000001f9a8f99ba0, 0x000001f9a8f99cf8]
Event: 582.307 Thread 0x000001f9be854690 5635       3       sun.java2d.loops.Blit::getFromCache (93 bytes)
Event: 582.307 Thread 0x000001f9be854690 nmethod 5635 0x000001f9a8f99d90 code [0x000001f9a8f9a000, 0x000001f9a8f9a7b8]
Event: 582.307 Thread 0x000001f9be854690 5636       3       java.awt.ColorPaintContext::dispose (1 bytes)
Event: 582.307 Thread 0x000001f9be854690 nmethod 5636 0x000001f9a8760390 code [0x000001f9a8760520, 0x000001f9a8760618]
Event: 582.492 Thread 0x000001f9be853af0 5637       4       java.util.ArrayList::contains (14 bytes)
Event: 582.495 Thread 0x000001f9be853af0 nmethod 5637 0x000001f9afdd3510 code [0x000001f9afdd36a0, 0x000001f9afdd3ab8]
Event: 582.536 Thread 0x000001f9be854690 5638       3       sun.awt.image.GifFrame::<init> (56 bytes)
Event: 582.537 Thread 0x000001f9be854690 nmethod 5638 0x000001f9a8f9ab10 code [0x000001f9a8f9acc0, 0x000001f9a8f9af18]
Event: 582.538 Thread 0x000001f9be854690 5639   !   3       sun.awt.image.GifFrame::dispose (414 bytes)
Event: 582.539 Thread 0x000001f9be854690 nmethod 5639 0x000001f9a8f9b010 code [0x000001f9a8f9b240, 0x000001f9a8f9bcc8]
Event: 582.541 Thread 0x000001f9be853af0 5640       4       java.awt.geom.AffineTransform::<init> (57 bytes)
Event: 582.542 Thread 0x000001f9be853af0 nmethod 5640 0x000001f9afdd3c10 code [0x000001f9afdd3de0, 0x000001f9afdd4138]
Event: 582.824 Thread 0x000001f9be853af0 5641   !   4       sun.java2d.SunGraphics2D::drawImage (150 bytes)

GC Heap History (20 events):
Event: 67.683 GC heap before
{Heap before GC invocations=26 (full 0):
 garbage-first heap   total 63488K, used 36126K [0x0000000082000000, 0x0000000100000000)
  region size 1024K, 3 young (3072K), 1 survivors (1024K)
 Metaspace       used 44153K, capacity 44496K, committed 44796K, reserved 1089536K
  class space    used 4903K, capacity 5022K, committed 5116K, reserved 1048576K
}
Event: 67.685 GC heap after
{Heap after GC invocations=27 (full 0):
 garbage-first heap   total 63488K, used 31003K [0x0000000082000000, 0x0000000100000000)
  region size 1024K, 1 young (1024K), 1 survivors (1024K)
 Metaspace       used 44153K, capacity 44496K, committed 44796K, reserved 1089536K
  class space    used 4903K, capacity 5022K, committed 5116K, reserved 1048576K
}
Event: 572.686 GC heap before
{Heap before GC invocations=28 (full 0):
 garbage-first heap   total 63488K, used 41243K [0x0000000082000000, 0x0000000100000000)
  region size 1024K, 6 young (6144K), 1 survivors (1024K)
 Metaspace       used 44217K, capacity 44560K, committed 44796K, reserved 1089536K
  class space    used 4903K, capacity 5022K, committed 5116K, reserved 1048576K
}
Event: 572.687 GC heap after
{Heap after GC invocations=29 (full 0):
 garbage-first heap   total 63488K, used 34203K [0x0000000082000000, 0x0000000100000000)
  region size 1024K, 1 young (1024K), 1 survivors (1024K)
 Metaspace       used 44217K, capacity 44560K, committed 44796K, reserved 1089536K
  class space    used 4903K, capacity 5022K, committed 5116K, reserved 1048576K
}
Event: 572.998 GC heap before
{Heap before GC invocations=30 (full 0):
 garbage-first heap   total 68608K, used 41371K [0x0000000082000000, 0x0000000100000000)
  region size 1024K, 7 young (7168K), 1 survivors (1024K)
 Metaspace       used 44217K, capacity 44560K, committed 44796K, reserved 1089536K
  class space    used 4903K, capacity 5022K, committed 5116K, reserved 1048576K
}
Event: 573.000 GC heap after
{Heap after GC invocations=31 (full 0):
 garbage-first heap   total 68608K, used 30895K [0x0000000082000000, 0x0000000100000000)
  region size 1024K, 2 young (2048K), 2 survivors (2048K)
 Metaspace       used 44217K, capacity 44560K, committed 44796K, reserved 1089536K
  class space    used 4903K, capacity 5022K, committed 5116K, reserved 1048576K
}
Event: 573.386 GC heap before
{Heap before GC invocations=32 (full 0):
 garbage-first heap   total 68608K, used 37039K [0x0000000082000000, 0x0000000100000000)
  region size 1024K, 8 young (8192K), 2 survivors (2048K)
 Metaspace       used 44217K, capacity 44560K, committed 44796K, reserved 1089536K
  class space    used 4903K, capacity 5022K, committed 5116K, reserved 1048576K
}
Event: 573.387 GC heap after
{Heap after GC invocations=33 (full 0):
 garbage-first heap   total 68608K, used 27614K [0x0000000082000000, 0x0000000100000000)
  region size 1024K, 2 young (2048K), 2 survivors (2048K)
 Metaspace       used 44217K, capacity 44560K, committed 44796K, reserved 1089536K
  class space    used 4903K, capacity 5022K, committed 5116K, reserved 1048576K
}
Event: 574.103 GC heap before
{Heap before GC invocations=34 (full 0):
 garbage-first heap   total 68608K, used 39902K [0x0000000082000000, 0x0000000100000000)
  region size 1024K, 13 young (13312K), 2 survivors (2048K)
 Metaspace       used 44230K, capacity 44560K, committed 44796K, reserved 1089536K
  class space    used 4903K, capacity 5022K, committed 5116K, reserved 1048576K
}
Event: 574.105 GC heap after
{Heap after GC invocations=35 (full 0):
 garbage-first heap   total 68608K, used 28674K [0x0000000082000000, 0x0000000100000000)
  region size 1024K, 2 young (2048K), 2 survivors (2048K)
 Metaspace       used 44230K, capacity 44560K, committed 44796K, reserved 1089536K
  class space    used 4903K, capacity 5022K, committed 5116K, reserved 1048576K
}
Event: 575.199 GC heap before
{Heap before GC invocations=36 (full 0):
 garbage-first heap   total 68608K, used 50178K [0x0000000082000000, 0x0000000100000000)
  region size 1024K, 21 young (21504K), 2 survivors (2048K)
 Metaspace       used 44493K, capacity 44816K, committed 45052K, reserved 1089536K
  class space    used 4916K, capacity 5022K, committed 5116K, reserved 1048576K
}
Event: 575.201 GC heap after
{Heap after GC invocations=37 (full 0):
 garbage-first heap   total 68608K, used 29779K [0x0000000082000000, 0x0000000100000000)
  region size 1024K, 2 young (2048K), 2 survivors (2048K)
 Metaspace       used 44493K, capacity 44816K, committed 45052K, reserved 1089536K
  class space    used 4916K, capacity 5022K, committed 5116K, reserved 1048576K
}
Event: 577.012 GC heap before
{Heap before GC invocations=38 (full 0):
 garbage-first heap   total 68608K, used 58451K [0x0000000082000000, 0x0000000100000000)
  region size 1024K, 25 young (25600K), 2 survivors (2048K)
 Metaspace       used 44525K, capacity 44880K, committed 45052K, reserved 1089536K
  class space    used 4916K, capacity 5022K, committed 5116K, reserved 1048576K
}
Event: 577.014 GC heap after
{Heap after GC invocations=39 (full 0):
 garbage-first heap   total 68608K, used 32162K [0x0000000082000000, 0x0000000100000000)
  region size 1024K, 2 young (2048K), 2 survivors (2048K)
 Metaspace       used 44525K, capacity 44880K, committed 45052K, reserved 1089536K
  class space    used 4916K, capacity 5022K, committed 5116K, reserved 1048576K
}
Event: 577.746 GC heap before
{Heap before GC invocations=39 (full 0):
 garbage-first heap   total 68608K, used 42402K [0x0000000082000000, 0x0000000100000000)
  region size 1024K, 13 young (13312K), 2 survivors (2048K)
 Metaspace       used 44525K, capacity 44880K, committed 45052K, reserved 1089536K
  class space    used 4916K, capacity 5022K, committed 5116K, reserved 1048576K
}
Event: 577.748 GC heap after
{Heap after GC invocations=40 (full 0):
 garbage-first heap   total 68608K, used 31839K [0x0000000082000000, 0x0000000100000000)
  region size 1024K, 2 young (2048K), 2 survivors (2048K)
 Metaspace       used 44525K, capacity 44880K, committed 45052K, reserved 1089536K
  class space    used 4916K, capacity 5022K, committed 5116K, reserved 1048576K
}
Event: 579.381 GC heap before
{Heap before GC invocations=41 (full 0):
 garbage-first heap   total 73728K, used 63583K [0x0000000082000000, 0x0000000100000000)
  region size 1024K, 24 young (24576K), 2 survivors (2048K)
 Metaspace       used 44530K, capacity 44880K, committed 45052K, reserved 1089536K
  class space    used 4916K, capacity 5022K, committed 5116K, reserved 1048576K
}
Event: 579.383 GC heap after
{Heap after GC invocations=42 (full 0):
 garbage-first heap   total 73728K, used 36301K [0x0000000082000000, 0x0000000100000000)
  region size 1024K, 2 young (2048K), 2 survivors (2048K)
 Metaspace       used 44530K, capacity 44880K, committed 45052K, reserved 1089536K
  class space    used 4916K, capacity 5022K, committed 5116K, reserved 1048576K
}
Event: 581.111 GC heap before
{Heap before GC invocations=42 (full 0):
 garbage-first heap   total 73728K, used 59853K [0x0000000082000000, 0x0000000100000000)
  region size 1024K, 25 young (25600K), 2 survivors (2048K)
 Metaspace       used 44530K, capacity 44880K, committed 45052K, reserved 1089536K
  class space    used 4916K, capacity 5022K, committed 5116K, reserved 1048576K
}
Event: 581.113 GC heap after
{Heap after GC invocations=43 (full 0):
 garbage-first heap   total 73728K, used 36297K [0x0000000082000000, 0x0000000100000000)
  region size 1024K, 2 young (2048K), 2 survivors (2048K)
 Metaspace       used 44530K, capacity 44880K, committed 45052K, reserved 1089536K
  class space    used 4916K, capacity 5022K, committed 5116K, reserved 1048576K
}

Deoptimization events (20 events):
Event: 574.728 Thread 0x000001f9bf7a9690 DEOPT PACKING pc=0x000001f9afcd9940 sp=0x0000006f00efd1d0
Event: 574.728 Thread 0x000001f9bf7a9690 DEOPT UNPACKING pc=0x000001f9a806e42f sp=0x0000006f00efd198 mode 2
Event: 574.728 Thread 0x000001f9bf7a9690 Uncommon trap: trap_request=0xffffffc6 fr.pc=0x000001f9afcd9940 relative=0x00000000000009c0
Event: 574.728 Thread 0x000001f9bf7a9690 Uncommon trap: reason=bimorphic_or_optimized_type_check action=maybe_recompile pc=0x000001f9afcd9940 method=sun.security.provider.DigestBase.engineUpdate([BII)V @ 128 c2
Event: 574.728 Thread 0x000001f9bf7a9690 DEOPT PACKING pc=0x000001f9afcd9940 sp=0x0000006f00efd370
Event: 574.728 Thread 0x000001f9bf7a9690 DEOPT UNPACKING pc=0x000001f9a806e42f sp=0x0000006f00efd338 mode 2
Event: 574.728 Thread 0x000001f9bf7a9690 Uncommon trap: trap_request=0xffffffc6 fr.pc=0x000001f9afcd9940 relative=0x00000000000009c0
Event: 574.728 Thread 0x000001f9bf7a9690 Uncommon trap: reason=bimorphic_or_optimized_type_check action=maybe_recompile pc=0x000001f9afcd9940 method=sun.security.provider.DigestBase.engineUpdate([BII)V @ 128 c2
Event: 574.728 Thread 0x000001f9bf7a9690 DEOPT PACKING pc=0x000001f9afcd9940 sp=0x0000006f00efd370
Event: 574.728 Thread 0x000001f9bf7a9690 DEOPT UNPACKING pc=0x000001f9a806e42f sp=0x0000006f00efd338 mode 2
Event: 575.609 Thread 0x000001f9bf7a9690 Uncommon trap: trap_request=0xffffff45 fr.pc=0x000001f9afb1b7f8 relative=0x0000000000000f18
Event: 575.609 Thread 0x000001f9bf7a9690 Uncommon trap: reason=unstable_if action=reinterpret pc=0x000001f9afb1b7f8 method=java.awt.Container.getMouseEventTargetImpl(IIZLjava/awt/Container$EventTargetFilter;ZZ)Ljava/awt/Component; @ 218 c2
Event: 575.609 Thread 0x000001f9bf7a9690 DEOPT PACKING pc=0x000001f9afb1b7f8 sp=0x0000006f00efe660
Event: 575.609 Thread 0x000001f9bf7a9690 DEOPT UNPACKING pc=0x000001f9a806e42f sp=0x0000006f00efe568 mode 2
Event: 576.662 Thread 0x000001f9bf7a9690 DEOPT PACKING pc=0x000001f9a8a23e26 sp=0x0000006f00efe740
Event: 576.662 Thread 0x000001f9bf7a9690 DEOPT UNPACKING pc=0x000001f9a806e23f sp=0x0000006f00efdbd0 mode 0
Event: 578.787 Thread 0x000001f9bf7a9690 Uncommon trap: trap_request=0xffffffe4 fr.pc=0x000001f9afdbb928 relative=0x00000000000000a8
Event: 578.787 Thread 0x000001f9bf7a9690 Uncommon trap: reason=range_check action=make_not_entrant pc=0x000001f9afdbb928 method=java.awt.geom.AffineTransform.getMatrix([D)V @ 6 c2
Event: 578.787 Thread 0x000001f9bf7a9690 DEOPT PACKING pc=0x000001f9afdbb928 sp=0x0000006f00efce70
Event: 578.787 Thread 0x000001f9bf7a9690 DEOPT UNPACKING pc=0x000001f9a806e42f sp=0x0000006f00efcdf8 mode 2

Classes unloaded (0 events):
No events

Classes redefined (0 events):
No events

Internal exceptions (20 events):
Event: 17.405 Thread 0x000001f9bf7a9690 Exception <a 'java/lang/ClassNotFoundException'{0x0000000088b2a608}: net/sf/jasperreports/engine/base/JRBaseElementGroupCustomizer> (0x0000000088b2a608) 
thrown [./open/src/hotspot/share/classfile/systemDictionary.cpp, line 295]
Event: 17.406 Thread 0x000001f9bf7a9690 Exception <a 'java/lang/ClassNotFoundException'{0x0000000088b364f8}: net/sf/jasperreports/engine/design/JRDesignElementGroupCustomizer> (0x0000000088b364f8) 
thrown [./open/src/hotspot/share/classfile/systemDictionary.cpp, line 295]
Event: 17.407 Thread 0x000001f9bf7a9690 Exception <a 'java/lang/ClassNotFoundException'{0x0000000088b42218}: net/sf/jasperreports/components/table/DesignBaseCellCustomizer> (0x0000000088b42218) 
thrown [./open/src/hotspot/share/classfile/systemDictionary.cpp, line 295]
Event: 17.408 Thread 0x000001f9bf7a9690 Exception <a 'java/lang/ClassNotFoundException'{0x0000000088b53ef0}: net/sf/jasperreports/components/table/DesignCellCustomizer> (0x0000000088b53ef0) 
thrown [./open/src/hotspot/share/classfile/systemDictionary.cpp, line 295]
Event: 17.615 Thread 0x000001f9bf7a9690 Implicit null exception at 0x000001f9afc81d61 to 0x000001f9afc82870
Event: 17.616 Thread 0x000001f9bf7a9690 Implicit null exception at 0x000001f9afc81d61 to 0x000001f9afc82870
Event: 17.617 Thread 0x000001f9bf7a9690 Implicit null exception at 0x000001f9afc81d61 to 0x000001f9afc82870
Event: 17.617 Thread 0x000001f9bf7a9690 Implicit null exception at 0x000001f9afc81d61 to 0x000001f9afc82870
Event: 17.707 Thread 0x000001f9bf7a9690 Exception <a 'java/lang/NoSuchMethodError'{0x0000000088c8aa48}: 'int java.lang.invoke.DirectMethodHandle$Holder.invokeStaticInit(java.lang.Object, java.lang.Object, java.lang.Object)'> (0x0000000088c8aa48) 
thrown [./open/src/hotspot/share/interpreter/linkResolver.cpp, line 782]
Event: 17.803 Thread 0x000001f9bf7a9690 Exception <a 'java/lang/ArrayIndexOutOfBoundsException'{0x0000000084f9b8d0}: Index 1977 out of bounds for length 1977> (0x0000000084f9b8d0) 
thrown [./open/src/hotspot/share/interpreter/interpreterRuntime.cpp, line 443]
Event: 18.012 Thread 0x000001f9bf7a9690 Exception <a 'java/lang/ClassNotFoundException'{0x0000000085650ec8}: sun/net/www/protocol/c/Handler> (0x0000000085650ec8) 
thrown [./open/src/hotspot/share/classfile/systemDictionary.cpp, line 295]
Event: 18.013 Thread 0x000001f9bf7a9690 Exception <a 'java/lang/ClassNotFoundException'{0x00000000856562b8}: sun/net/www/protocol/c/Handler> (0x00000000856562b8) 
thrown [./open/src/hotspot/share/classfile/systemDictionary.cpp, line 295]
Event: 18.064 Thread 0x000001f9bf7a9690 Implicit null exception at 0x000001f9afb5ecf4 to 0x000001f9afb5f270
Event: 18.064 Thread 0x000001f9bf7a9690 Implicit null exception at 0x000001f9afb5cdf4 to 0x000001f9afb5d380
Event: 18.178 Thread 0x000001f9bf7a9690 Implicit null exception at 0x000001f9afc4f7d5 to 0x000001f9afc4fed5
Event: 66.167 Thread 0x000001f9bf7a9690 Exception <a 'java/lang/NoSuchMethodError'{0x0000000088b49190}: 'void java.lang.invoke.DirectMethodHandle$Holder.invokeVirtual(java.lang.Object, java.lang.Object)'> (0x0000000088b49190) 
thrown [./open/src/hotspot/share/interpreter/linkResolver.cpp, line 782]
Event: 572.670 Thread 0x000001f9c3a478b0 Exception <a 'java/lang/InterruptedException'{0x00000000859ed7b0}: sleep interrupted> (0x00000000859ed7b0) 
thrown [./open/src/hotspot/share/prims/jvm.cpp, line 3252]
Event: 574.670 Thread 0x000001f9bf7a9690 Exception <a 'sun/nio/fs/WindowsException'{0x0000000085b2fd88}> (0x0000000085b2fd88) 
thrown [./open/src/hotspot/share/prims/jni.cpp, line 578]
Event: 574.670 Thread 0x000001f9bf7a9690 Exception <a 'sun/nio/fs/WindowsException'{0x0000000085b30378}> (0x0000000085b30378) 
thrown [./open/src/hotspot/share/prims/jni.cpp, line 578]
Event: 574.670 Thread 0x000001f9bf7a9690 Exception <a 'sun/nio/fs/WindowsException'{0x0000000085b30648}> (0x0000000085b30648) 
thrown [./open/src/hotspot/share/prims/jni.cpp, line 578]

Events (20 events):
Event: 577.012 Executing VM operation: G1CollectForAllocation
Event: 577.014 Executing VM operation: G1CollectForAllocation done
Event: 577.746 Executing VM operation: G1TryInitiateConcMark
Event: 577.748 Executing VM operation: G1TryInitiateConcMark done
Event: 577.755 Loaded shared library C:\Program Files\Java\jdk-15.0.2\bin\java.dll
Event: 577.760 Executing VM operation: G1Concurrent
Event: 577.762 Executing VM operation: G1Concurrent done
Event: 577.767 Executing VM operation: G1Concurrent
Event: 577.767 Executing VM operation: G1Concurrent done
Event: 579.381 Executing VM operation: G1CollectForAllocation
Event: 579.383 Executing VM operation: G1CollectForAllocation done
Event: 579.657 Thread 0x000001f9c3a40530 Thread exited: 0x000001f9c3a40530
Event: 581.111 Executing VM operation: G1CollectForAllocation
Event: 581.113 Executing VM operation: G1CollectForAllocation done
Event: 581.113 Executing VM operation: HandshakeAllThreads
Event: 581.113 Executing VM operation: HandshakeAllThreads done
Event: 581.127 Executing VM operation: G1Concurrent
Event: 581.129 Executing VM operation: G1Concurrent done
Event: 581.136 Executing VM operation: G1Concurrent
Event: 581.136 Executing VM operation: G1Concurrent done


Dynamic libraries:
0x00007ff7420a0000 - 0x00007ff7420af000 	C:\Program Files\Java\jdk-15.0.2\bin\java.exe
0x00007ff829cf0000 - 0x00007ff829ee5000 	C:\WINDOWS\SYSTEM32\ntdll.dll
0x00007ff828170000 - 0x00007ff82822e000 	C:\WINDOWS\System32\KERNEL32.DLL
0x00007ff827460000 - 0x00007ff827728000 	C:\WINDOWS\System32\KERNELBASE.dll
0x00007ff827a40000 - 0x00007ff827b40000 	C:\WINDOWS\System32\ucrtbase.dll
0x00007ff821c70000 - 0x00007ff821c88000 	C:\Program Files\Java\jdk-15.0.2\bin\jli.dll
0x00007ff820a80000 - 0x00007ff820a99000 	C:\Program Files\Java\jdk-15.0.2\bin\VCRUNTIME140.dll
0x00007ff829c00000 - 0x00007ff829cac000 	C:\WINDOWS\System32\ADVAPI32.dll
0x00007ff827d40000 - 0x00007ff827dde000 	C:\WINDOWS\System32\msvcrt.dll
0x00007ff828860000 - 0x00007ff8288fb000 	C:\WINDOWS\System32\sechost.dll
0x00007ff8290a0000 - 0x00007ff8291ca000 	C:\WINDOWS\System32\RPCRT4.dll
0x00007ff827f50000 - 0x00007ff8280f1000 	C:\WINDOWS\System32\USER32.dll
0x00007ff827ce0000 - 0x00007ff827d02000 	C:\WINDOWS\System32\win32u.dll
0x00007ff827de0000 - 0x00007ff827e0b000 	C:\WINDOWS\System32\GDI32.dll
0x00007ff803380000 - 0x00007ff80361a000 	C:\WINDOWS\WinSxS\amd64_microsoft.windows.common-controls_6595b64144ccf1df_6.0.19041.1110_none_60b5254171f9507e\COMCTL32.dll
0x00007ff827930000 - 0x00007ff827a3b000 	C:\WINDOWS\System32\gdi32full.dll
0x00007ff827890000 - 0x00007ff82792d000 	C:\WINDOWS\System32\msvcp_win.dll
0x00007ff822770000 - 0x00007ff82277a000 	C:\WINDOWS\SYSTEM32\VERSION.dll
0x00007ff829070000 - 0x00007ff8290a0000 	C:\WINDOWS\System32\IMM32.DLL
0x00007ff820a70000 - 0x00007ff820a7c000 	C:\Program Files\Java\jdk-15.0.2\bin\vcruntime140_1.dll
0x00007ff805160000 - 0x00007ff8051f1000 	C:\Program Files\Java\jdk-15.0.2\bin\msvcp140.dll
0x00007fffce990000 - 0x00007fffcf4ee000 	C:\Program Files\Java\jdk-15.0.2\bin\server\jvm.dll
0x00007ff827e10000 - 0x00007ff827e18000 	C:\WINDOWS\System32\PSAPI.DLL
0x00007ff804650000 - 0x00007ff804659000 	C:\WINDOWS\SYSTEM32\WSOCK32.dll
0x00007ff81ffe0000 - 0x00007ff820007000 	C:\WINDOWS\SYSTEM32\WINMM.dll
0x00007ff828100000 - 0x00007ff82816b000 	C:\WINDOWS\System32\WS2_32.dll
0x00007ff825c90000 - 0x00007ff825ca2000 	C:\WINDOWS\SYSTEM32\kernel.appcore.dll
0x00007ff8209f0000 - 0x00007ff8209fa000 	C:\Program Files\Java\jdk-15.0.2\bin\jimage.dll
0x00007ff825210000 - 0x00007ff8253f4000 	C:\WINDOWS\SYSTEM32\DBGHELP.DLL
0x00007ff80c550000 - 0x00007ff80c57c000 	C:\WINDOWS\SYSTEM32\dbgcore.DLL
0x00007ff827ba0000 - 0x00007ff827c23000 	C:\WINDOWS\System32\bcryptPrimitives.dll
0x00007ff820a00000 - 0x00007ff820a25000 	C:\Program Files\Java\jdk-15.0.2\bin\java.dll
0x00007ff8293a0000 - 0x00007ff829adf000 	C:\WINDOWS\System32\SHELL32.dll
0x00007ff8254f0000 - 0x00007ff825c80000 	C:\WINDOWS\SYSTEM32\windows.storage.dll
0x00007ff828a30000 - 0x00007ff828d85000 	C:\WINDOWS\System32\combase.dll
0x00007ff826e60000 - 0x00007ff826e8e000 	C:\WINDOWS\SYSTEM32\Wldp.dll
0x00007ff827e20000 - 0x00007ff827ecd000 	C:\WINDOWS\System32\SHCORE.dll
0x00007ff829000000 - 0x00007ff829055000 	C:\WINDOWS\System32\shlwapi.dll
0x00007ff827350000 - 0x00007ff82736f000 	C:\WINDOWS\SYSTEM32\profapi.dll
0x00007ff81ff90000 - 0x00007ff81ffa9000 	C:\Program Files\Java\jdk-15.0.2\bin\net.dll
0x00007ff81a0e0000 - 0x00007ff81a1ec000 	C:\WINDOWS\SYSTEM32\WINHTTP.dll
0x00007ff826bc0000 - 0x00007ff826c2a000 	C:\WINDOWS\system32\mswsock.dll
0x00007ff81ff70000 - 0x00007ff81ff82000 	C:\Program Files\Java\jdk-15.0.2\bin\nio.dll
0x00007ff817100000 - 0x00007ff817118000 	C:\Program Files\Java\jdk-15.0.2\bin\zip.dll
0x00007fffdf680000 - 0x00007fffdf800000 	C:\Program Files\Java\jdk-15.0.2\bin\awt.dll
0x00007ff828d90000 - 0x00007ff828e5d000 	C:\WINDOWS\System32\OLEAUT32.dll
0x00007ff818730000 - 0x00007ff8187c0000 	C:\WINDOWS\SYSTEM32\apphelp.dll
0x00007ff824050000 - 0x00007ff8240ee000 	C:\WINDOWS\system32\uxtheme.dll
0x00007ff829ae0000 - 0x00007ff829bf5000 	C:\WINDOWS\System32\MSCTF.dll
0x00007ff828e60000 - 0x00007ff828f8a000 	C:\WINDOWS\System32\ole32.dll
0x00007ff824500000 - 0x00007ff82452f000 	C:\WINDOWS\system32\DWMAPI.DLL
0x00007ff80bf50000 - 0x00007ff80bfd5000 	C:\Program Files\Java\jdk-15.0.2\bin\freetype.dll
0x00007fffe0170000 - 0x00007fffe0219000 	C:\Program Files\Java\jdk-15.0.2\bin\fontmanager.dll
0x00007fffea680000 - 0x00007fffea7a5000 	C:\WINDOWS\system32\opengl32.dll
0x00007fffeeef0000 - 0x00007fffeef1c000 	C:\WINDOWS\SYSTEM32\GLU32.dll
0x00007ff803650000 - 0x00007ff80367d000 	C:\Program Files\Java\jdk-15.0.2\bin\javajpeg.dll
0x00007ff828980000 - 0x00007ff828a29000 	C:\WINDOWS\System32\clbcatq.dll
0x00007ff816440000 - 0x00007ff8165f4000 	C:\WINDOWS\SYSTEM32\WindowsCodecs.dll
0x00007ff827d10000 - 0x00007ff827d37000 	C:\WINDOWS\System32\bcrypt.dll
0x00007fffe57c0000 - 0x00007fffe57fe000 	C:\WINDOWS\system32\dataexchange.dll
0x00007ff821820000 - 0x00007ff821a84000 	C:\WINDOWS\system32\d3d11.dll
0x00007ff817f80000 - 0x00007ff818165000 	C:\WINDOWS\system32\dcomp.dll
0x00007ff825d00000 - 0x00007ff825df4000 	C:\WINDOWS\system32\dxgi.dll
0x00007ff821c90000 - 0x00007ff821e91000 	C:\WINDOWS\system32\twinapi.appcore.dll
0x00007ff80e910000 - 0x00007ff80ea09000 	C:\WINDOWS\SYSTEM32\textinputframework.dll
0x00007ff817120000 - 0x00007ff81747e000 	C:\WINDOWS\System32\CoreUIComponents.dll
0x00007ff8184f0000 - 0x00007ff8185e2000 	C:\WINDOWS\System32\CoreMessaging.dll
0x00007ff826100000 - 0x00007ff826133000 	C:\WINDOWS\SYSTEM32\ntmarta.dll
0x00007ff822fe0000 - 0x00007ff823134000 	C:\WINDOWS\SYSTEM32\wintypes.dll
0x00007ff8170f0000 - 0x00007ff8170f9000 	C:\Program Files\Java\jdk-15.0.2\bin\management.dll
0x00007ff8153e0000 - 0x00007ff8153eb000 	C:\Program Files\Java\jdk-15.0.2\bin\management_ext.dll
0x00007ff8268b0000 - 0x00007ff82697b000 	C:\WINDOWS\SYSTEM32\DNSAPI.dll
0x00007ff826860000 - 0x00007ff82689b000 	C:\WINDOWS\SYSTEM32\IPHLPAPI.DLL
0x00007ff828ff0000 - 0x00007ff828ff8000 	C:\WINDOWS\System32\NSI.dll
0x0000000073760000 - 0x000000007376a000 	C:\Program Files\National Instruments\Shared\mDNS Responder\nimdnsNSP.dll
0x0000000073750000 - 0x0000000073760000 	C:\WINDOWS\SYSTEM32\nimdnsResponder.dll
0x00007ff81a060000 - 0x00007ff81a06a000 	C:\Windows\System32\rasadhlp.dll
0x00007ff819f80000 - 0x00007ff819fff000 	C:\WINDOWS\System32\fwpuclnt.dll
0x00007ff826db0000 - 0x00007ff826dc8000 	C:\WINDOWS\SYSTEM32\CRYPTSP.dll
0x00007ff8264d0000 - 0x00007ff826504000 	C:\WINDOWS\system32\rsaenh.dll
0x00007ff827310000 - 0x00007ff82733e000 	C:\WINDOWS\SYSTEM32\USERENV.dll
0x00007ff826dd0000 - 0x00007ff826ddc000 	C:\WINDOWS\SYSTEM32\CRYPTBASE.dll
0x00007ff825110000 - 0x00007ff825127000 	C:\WINDOWS\SYSTEM32\dhcpcsvc6.DLL
0x00007ff8250f0000 - 0x00007ff82510d000 	C:\WINDOWS\SYSTEM32\dhcpcsvc.DLL
0x00007ff821c60000 - 0x00007ff821c6d000 	C:\Program Files\Java\jdk-15.0.2\bin\sunmscapi.dll
0x00007ff827730000 - 0x00007ff827886000 	C:\WINDOWS\System32\CRYPT32.dll
0x00007ff826ed0000 - 0x00007ff826ef7000 	C:\WINDOWS\SYSTEM32\ncrypt.dll
0x00007ff826e90000 - 0x00007ff826ecb000 	C:\WINDOWS\SYSTEM32\NTASN1.dll
0x00007ff805400000 - 0x00007ff805417000 	C:\WINDOWS\system32\napinsp.dll
0x00007ff8050d0000 - 0x00007ff8050eb000 	C:\WINDOWS\system32\pnrpnsp.dll
0x00007ff81ca00000 - 0x00007ff81ca15000 	C:\WINDOWS\system32\wshbth.dll
0x00007ff820df0000 - 0x00007ff820e0d000 	C:\WINDOWS\system32\NLAapi.dll
0x00007ffff4800000 - 0x00007ffff4812000 	C:\WINDOWS\System32\winrnr.dll
0x00007ff8209e0000 - 0x00007ff8209f0000 	C:\Program Files\Java\jdk-15.0.2\bin\verify.dll
0x00007ff816c80000 - 0x00007ff816cea000 	C:\WINDOWS\system32\Ninput.dll
0x00007ff80ccb0000 - 0x00007ff80cd5c000 	C:\WINDOWS\SYSTEM32\TextShaping.dll

dbghelp: loaded successfully - version: 4.0.5 - missing functions: none
symbol engine: initialized successfully - sym options: 0x614 - pdb path: .;C:\Program Files\Java\jdk-15.0.2\bin;C:\WINDOWS\SYSTEM32;C:\WINDOWS\WinSxS\amd64_microsoft.windows.common-controls_6595b64144ccf1df_6.0.19041.1110_none_60b5254171f9507e;C:\Program Files\Java\jdk-15.0.2\bin\server;C:\Program Files\National Instruments\Shared\mDNS Responder

VM Arguments:
java_command: project5.mavenproject5.login
java_class_path (initial): C:\Users\hp\Documents\NetBeansProjects\mavenproject5\target\classes;C:\Users\hp\.m2\repository\com\toedter\jcalendar\1.4\jcalendar-1.4.jar;C:\Users\hp\.m2\repository\org\netbeans\external\AbsoluteLayout\RELEASE124\AbsoluteLayout-RELEASE124.jar;C:\Users\hp\.m2\repository\com\oracle\ojdbc\ojdbc8\19.3.0.0\ojdbc8-19.3.0.0.jar;C:\Users\hp\.m2\repository\com\oracle\ojdbc\ucp\19.3.0.0\ucp-19.3.0.0.jar;C:\Users\hp\.m2\repository\com\oracle\ojdbc\oraclepki\19.3.0.0\oraclepki-19.3.0.0.jar;C:\Users\hp\.m2\repository\com\oracle\ojdbc\osdt_cert\19.3.0.0\osdt_cert-19.3.0.0.jar;C:\Users\hp\.m2\repository\com\oracle\ojdbc\osdt_core\19.3.0.0\osdt_core-19.3.0.0.jar;C:\Users\hp\.m2\repository\com\oracle\ojdbc\simplefan\19.3.0.0\simplefan-19.3.0.0.jar;C:\Users\hp\.m2\repository\com\oracle\ojdbc\ons\19.3.0.0\ons-19.3.0.0.jar;C:\Users\hp\.m2\repository\com\sun\mail\javax.mail\1.6.2\javax.mail-1.6.2.jar;C:\Users\hp\.m2\repository\javax\activation\activation\1.1\activation-1.1.jar;C:\Users\hp\.m2\repository\com\sun\mail\smtp\1.6.3\smtp-1.6.3.jar;C:\Users\hp\.m2\repository\com\sun\mail\mailapi\1.6.3\mailapi-1.6.3.jar;C:\Users\hp\.m2\repository\net\sf\jasperreports\jasperreports\6.18.1\jasperreports-6.18.1.jar;C:\Users\hp\.m2\repository\commons-beanutils\commons-beanutils\1.9.4\commons-beanutils-1.9.4.jar;C:\Users\hp\.m2\repository\commons-collections\commons-collections\3.2.2\commons-collections-3.2.2.jar;C:\Users\hp\.m2\repository\commons-digester\commons-digester\2.1\commons-digester-2.1.jar;C:\Users\hp\.m2\repository\commons-logging\commons-logging\1.1.1\commons-logging-1.1.1.jar;C:\Users\hp\.m2\repository\org\apache\commons\commons-collections4\4.2\commons-collections4-4.2.jar;C:\Users\hp\.m2\repository\com\lowagie\itext\2.1.7.js9\itext-2.1.7.js9.jar;C:\Users\hp\.m2\repository\org\bouncycastle\bcprov-jdk15on\1.68\bcprov-jdk15on-1.68.jar;C:\Users\hp\.m2\repository\org\jfree\jcommon\1.0.23\jcommon-1.0.23.jar;C:\Users\hp\.m2\repository\org\jfree\jfreechart\1.0.
Launcher Type: SUN_STANDARD

[Global flags]
     intx CICompilerCount                          = 4                                         {product} {ergonomic}
     uint ConcGCThreads                            = 2                                         {product} {ergonomic}
     uint G1ConcRefinementThreads                  = 8                                         {product} {ergonomic}
   size_t G1HeapRegionSize                         = 1048576                                   {product} {ergonomic}
    uintx GCDrainStackTargetSize                   = 64                                        {product} {ergonomic}
   size_t InitialHeapSize                          = 132120576                                 {product} {ergonomic}
   size_t MarkStackSize                            = 4194304                                   {product} {ergonomic}
   size_t MaxHeapSize                              = 2113929216                                {product} {ergonomic}
   size_t MaxNewSize                               = 1267728384                                {product} {ergonomic}
   size_t MinHeapDeltaBytes                        = 1048576                                   {product} {ergonomic}
   size_t MinHeapSize                              = 8388608                                   {product} {ergonomic}
    uintx NonNMethodCodeHeapSize                   = 5839372                                {pd product} {ergonomic}
    uintx NonProfiledCodeHeapSize                  = 122909434                              {pd product} {ergonomic}
    uintx ProfiledCodeHeapSize                     = 122909434                              {pd product} {ergonomic}
    uintx ReservedCodeCacheSize                    = 251658240                              {pd product} {ergonomic}
     bool SegmentedCodeCache                       = true                                      {product} {ergonomic}
   size_t SoftMaxHeapSize                          = 2113929216                             {manageable} {ergonomic}
     bool UseCompressedClassPointers               = true                                 {lp64_product} {ergonomic}
     bool UseCompressedOops                        = true                                 {lp64_product} {ergonomic}
     bool UseG1GC                                  = true                                      {product} {ergonomic}
     bool UseLargePagesIndividualAllocation        = false                                  {pd product} {ergonomic}

Logging:
Log output configuration:
 #0: stdout all=warning uptime,level,tags
 #1: stderr all=off uptime,level,tags

Environment Variables:
JAVA_HOME=C:\Program Files\Java\jdk-15.0.2
PATH=C:\app\hp\product\21c\dbhomeXE\bin;C:\Program Files\National Instruments\Shared\OpenVINO\;C:\Program Files\Common Files\Oracle\Java\javapath;C:\Program Files (x86)\Common Files\Oracle\Java\javapath;C:\Windows\system32;C:\Windows;C:\Windows\System32\Wbem;C:\Windows\System32\WindowsPowerShell\v1.0\;C:\Windows\System32\OpenSSH\;C:\Program Files (x86)\NVIDIA Corporation\PhysX\Common;c:\Program Files (x86)\Microsoft SQL Server\100\Tools\Binn\;c:\Program Files\Microsoft SQL Server\100\Tools\Binn\;c:\Program Files\Microsoft SQL Server\100\DTS\Binn\;C:\Program Files\dotnet\;C:\Program Files\Microsoft SQL Server\130\Tools\Binn\;C:\Program Files\Microsoft SQL Server\Client SDK\ODBC\170\Tools\Binn\;C:\WINDOWS\system32;C:\WINDOWS;C:\WINDOWS\System32\Wbem;C:\WINDOWS\System32\WindowsPowerShell\v1.0\;C:\WINDOWS\System32\OpenSSH\;C:\Program Files\Java\jdk-15.0.2\bin;C:\f\flutter\bin;C:\Program Files\Dart\dart-sdk\bin;C:\Program Files (x86)\Microsoft SQL Server\110\Tools\Binn\;C:\Program Files (x86)\Microsoft SQL Server\110\DTS\Binn\;C:\Program Files (x86)\National Instruments\Shared\LabVIEW CLI;C:\Program Files\Java\java-se-8u41-ri\bin;C:\Program Files\Git\cmd;C:\Users\hp\AppData\Local\Microsoft\WindowsApps;C:\f\flutter\bin;
USERNAME=hp
OS=Windows_NT
PROCESSOR_IDENTIFIER=Intel64 Family 6 Model 142 Stepping 12, GenuineIntel



---------------  S Y S T E M  ---------------

OS:
 Windows 10 , 64 bit Build 19041 (10.0.19041.1348)
OS uptime: 0 days 2:46 hours

CPU: total 8 (initial active 8) (4 cores per cpu, 2 threads per core) family 6 model 142 stepping 12 microcode 0xb8, cmov, cx8, fxsr, mmx, sse, sse2, sse3, ssse3, sse4.1, sse4.2, popcnt, vzeroupper, avx, avx2, aes, clmul, erms, 3dnowpref, lzcnt, ht, tsc, tscinvbit, bmi1, bmi2, adx, fma, clflush, clflushopt

Memory: 4k page, system-wide physical 8062M (1737M free)
TotalPageFile size 9951M (AvailPageFile size 5M)
current process WorkingSet (physical memory assigned to process): 227M, peak: 229M
current process commit charge ("private bytes"): 263M, peak: 264M

vm_info: Java HotSpot(TM) 64-Bit Server VM (15.0.2+7-27) for windows-amd64 JRE (15.0.2+7-27), built on Dec  7 2020 20:07:01 by "mach5one" with unknown MS VC++:1925

END.
