#
# There is insufficient memory for the Java Runtime Environment to continue.
# Native memory allocation (malloc) failed to allocate 179856 bytes for Chunk::new
# Possible reasons:
#   The system is out of physical RAM or swap space
#   The process is running with CompressedOops enabled, and the Java Heap may be blocking the growth of the native heap
# Possible solutions:
#   Reduce memory load on the system
#   Increase physical memory or swap space
#   Check if swap backing store is full
#   Decrease Java heap size (-Xmx/-Xms)
#   Decrease number of Java threads
#   Decrease Java thread stack sizes (-Xss)
#   Set larger code cache with -XX:ReservedCodeCacheSize=
#   JVM is running with Unscaled Compressed Oops mode in which the Java heap is
#     placed in the first 4GB address space. The Java Heap base address is the
#     maximum limit for the native heap growth. Please use -XX:HeapBaseMinAddress
#     to set the Java Heap base and to place the Java Heap above 4GB virtual address.
# This output file may be truncated or incomplete.
#
#  Out of Memory Error (./open/src/hotspot/share/memory/arena.cpp:195), pid=3676, tid=13884
#
# JRE version: Java(TM) SE Runtime Environment (15.0.2+7) (build 15.0.2+7-27)
# Java VM: Java HotSpot(TM) 64-Bit Server VM (15.0.2+7-27, mixed mode, sharing, tiered, compressed oops, g1 gc, windows-amd64)
# No core dump will be written. Minidumps are not enabled by default on client versions of Windows
#

---------------  S U M M A R Y ------------

Command Line: -Dclassworlds.conf=C:\Program Files (x86)\NetBeans-12.4\netbeans\java\maven\bin\..\bin\m2.conf -Dmaven.home=C:\Program Files (x86)\NetBeans-12.4\netbeans\java\maven\bin\.. -Dlibrary.jansi.path=C:\Program Files (x86)\NetBeans-12.4\netbeans\java\maven\bin\..\lib\jansi-native -Dmaven.multiModuleProjectDirectory=C:\Users\hp\Documents\NetBeansProjects\mavenproject5 org.codehaus.plexus.classworlds.launcher.Launcher -Dexec.vmArgs= -Dexec.args=${exec.vmArgs} -classpath %classpath ${exec.mainClass} ${exec.appArgs} -Dexec.appArgs= -Dexec.mainClass=project5.mavenproject5.login -Dexec.executable=C:\Program Files\Java\jdk-15.0.2\bin\java.exe -Dmaven.ext.class.path=C:\Program Files (x86)\NetBeans-12.4\netbeans\java\maven-nblib\netbeans-eventspy.jar -Dfile.encoding=UTF-8 org.codehaus.mojo:exec-maven-plugin:3.0.0:exec

Host: Intel(R) Core(TM) i7-8565U CPU @ 1.80GHz, 8 cores, 7G,  Windows 10 , 64 bit Build 19041 (10.0.19041.1348)
Time: Fri Dec  3 15:45:29 2021 Jerusalem Standard Time elapsed time: 14.210041 seconds (0d 0h 0m 14s)

---------------  T H R E A D  ---------------

Current thread (0x000001dd79bebcd0):  JavaThread "C2 CompilerThread0" daemon [_thread_in_native, id=13884, stack(0x000000d83d400000,0x000000d83d500000)]


Current CompileTask:
C2:  14210 3069  s    4       org.fusesource.jansi.AnsiPrintStream::filter (948 bytes)

Stack: [0x000000d83d400000,0x000000d83d500000]
Native frames: (J=compiled Java code, j=interpreted, Vv=VM code, C=native code)
V  [jvm.dll+0x62ae9a]
V  [jvm.dll+0x7817a9]
V  [jvm.dll+0x782f03]
V  [jvm.dll+0x783563]
V  [jvm.dll+0x216325]
V  [jvm.dll+0x97f3a]
V  [jvm.dll+0x9861c]
V  [jvm.dll+0x279f9f]
V  [jvm.dll+0x540794]
V  [jvm.dll+0x1f2cd4]
V  [jvm.dll+0x1ebff3]
V  [jvm.dll+0x1e9867]
V  [jvm.dll+0x178567]
V  [jvm.dll+0x1f9225]
V  [jvm.dll+0x1f72cc]
V  [jvm.dll+0x74495d]
V  [jvm.dll+0x73d75a]
V  [jvm.dll+0x629c56]
C  [ucrtbase.dll+0x21bb2]
C  [KERNEL32.DLL+0x17034]
C  [ntdll.dll+0x52651]


---------------  P R O C E S S  ---------------

Threads class SMR info:
_java_thread_list=0x000001dd7c224400, length=14, elements={
0x000001dd591a78f0, 0x000001dd79bcb110, 0x000001dd79bcbbf0, 0x000001dd79be5e50,
0x000001dd79be8720, 0x000001dd79be9ff0, 0x000001dd79bebcd0, 0x000001dd79beef40,
0x000001dd79bef550, 0x000001dd7a61ca00, 0x000001dd7a650700, 0x000001dd7c96f010,
0x000001dd7c96f4e0, 0x000001dd7c96f9b0
}

Java Threads: ( => current thread )
  0x000001dd591a78f0 JavaThread "main" [_thread_in_native, id=1328, stack(0x000000d83c800000,0x000000d83c900000)]
  0x000001dd79bcb110 JavaThread "Reference Handler" daemon [_thread_blocked, id=14272, stack(0x000000d83cf00000,0x000000d83d000000)]
  0x000001dd79bcbbf0 JavaThread "Finalizer" daemon [_thread_blocked, id=12108, stack(0x000000d83d000000,0x000000d83d100000)]
  0x000001dd79be5e50 JavaThread "Signal Dispatcher" daemon [_thread_blocked, id=12556, stack(0x000000d83d100000,0x000000d83d200000)]
  0x000001dd79be8720 JavaThread "Attach Listener" daemon [_thread_blocked, id=13456, stack(0x000000d83d200000,0x000000d83d300000)]
  0x000001dd79be9ff0 JavaThread "Service Thread" daemon [_thread_blocked, id=9792, stack(0x000000d83d300000,0x000000d83d400000)]
=>0x000001dd79bebcd0 JavaThread "C2 CompilerThread0" daemon [_thread_in_native, id=13884, stack(0x000000d83d400000,0x000000d83d500000)]
  0x000001dd79beef40 JavaThread "C1 CompilerThread0" daemon [_thread_blocked, id=1824, stack(0x000000d83d500000,0x000000d83d600000)]
  0x000001dd79bef550 JavaThread "Sweeper thread" daemon [_thread_blocked, id=9596, stack(0x000000d83d600000,0x000000d83d700000)]
  0x000001dd7a61ca00 JavaThread "Notification Thread" daemon [_thread_blocked, id=4920, stack(0x000000d83d700000,0x000000d83d800000)]
  0x000001dd7a650700 JavaThread "Common-Cleaner" daemon [_thread_blocked, id=5100, stack(0x000000d83d900000,0x000000d83da00000)]
  0x000001dd7c96f010 JavaThread "Exec Stream Pumper" daemon [_thread_in_native, id=5780, stack(0x000000d83de00000,0x000000d83df00000)]
  0x000001dd7c96f4e0 JavaThread "Exec Stream Pumper" daemon [_thread_in_native, id=11568, stack(0x000000d83df00000,0x000000d83e000000)]
  0x000001dd7c96f9b0 JavaThread "Exec Input Stream Pumper" daemon [_thread_blocked, id=8912, stack(0x000000d83e000000,0x000000d83e100000)]

Other Threads:
  0x000001dd79bc91e0 VMThread "VM Thread" [stack: 0x000000d83ce00000,0x000000d83cf00000] [id=12276]
  0x000001dd7a626cd0 WatcherThread [stack: 0x000000d83d800000,0x000000d83d900000] [id=9960]
  0x000001dd591e98b0 GCTaskThread "GC Thread#0" [stack: 0x000000d83c900000,0x000000d83ca00000] [id=4148]
  0x000001dd7ae1ba70 GCTaskThread "GC Thread#1" [stack: 0x000000d83dc00000,0x000000d83dd00000] [id=12528]
  0x000001dd7ae1c730 GCTaskThread "GC Thread#2" [stack: 0x000000d83dd00000,0x000000d83de00000] [id=3476]
  0x000001dd591fa510 ConcurrentGCThread "G1 Main Marker" [stack: 0x000000d83ca00000,0x000000d83cb00000] [id=11260]
  0x000001dd591fb010 ConcurrentGCThread "G1 Conc#0" [stack: 0x000000d83cb00000,0x000000d83cc00000] [id=11184]
  0x000001dd59278970 ConcurrentGCThread "G1 Refine#0" [stack: 0x000000d83cc00000,0x000000d83cd00000] [id=12892]
  0x000001dd79a42610 ConcurrentGCThread "G1 Young RemSet Sampling" [stack: 0x000000d83cd00000,0x000000d83ce00000] [id=13968]

Threads with active compile tasks:
C2 CompilerThread0    14674 3069  s    4       org.fusesource.jansi.AnsiPrintStream::filter (948 bytes)

VM state: not at safepoint (normal execution)

VM Mutex/Monitor currently owned by a thread: None

Heap address: 0x0000000082000000, size: 2016 MB, Compressed Oops mode: 32-bit
CDS archive(s) mapped at: [0x0000000800000000-0x0000000800b50000-0x0000000800b50000), size 11862016, SharedBaseAddress: 0x0000000800000000, ArchiveRelocationMode: 0.
Compressed class space mapped at: 0x0000000800b50000-0x0000000840b50000, size: 1073741824
Narrow klass base: 0x0000000800000000, Narrow klass shift: 3, Narrow klass range: 0x100000000

GC Precious Log:
 CPUs: 8 total, 8 available
 Memory: 8062M
 Large Page Support: Disabled
 NUMA Support: Disabled
 Compressed Oops: Enabled (32-bit)
 Heap Region Size: 1M
 Heap Min Capacity: 8M
 Heap Initial Capacity: 126M
 Heap Max Capacity: 2016M
 Pre-touch: Disabled
 Parallel Workers: 8
 Concurrent Workers: 2
 Concurrent Refinement Workers: 8
 Periodic GC: Disabled

Heap:
 garbage-first heap   total 129024K, used 57547K [0x0000000082000000, 0x0000000100000000)
  region size 1024K, 54 young (55296K), 2 survivors (2048K)
 Metaspace       used 14424K, capacity 15708K, committed 16000K, reserved 1062912K
  class space    used 1620K, capacity 1836K, committed 1920K, reserved 1048576K

Heap Regions: E=young(eden), S=young(survivor), O=old, HS=humongous(starts), HC=humongous(continues), CS=collection set, F=free, OA=open archive, CA=closed archive, TAMS=top-at-mark-start (previous, next)
|   0|0x0000000082000000, 0x0000000082100000, 0x0000000082100000|100%| O|  |TAMS 0x0000000082000000, 0x0000000082000000| Untracked 
|   1|0x0000000082100000, 0x0000000082200000, 0x0000000082200000|100%| O|  |TAMS 0x0000000082100000, 0x0000000082100000| Untracked 
|   2|0x0000000082200000, 0x0000000082300000, 0x0000000082300000|100%| O|  |TAMS 0x0000000082200000, 0x0000000082200000| Untracked 
|   3|0x0000000082300000, 0x0000000082347e00, 0x0000000082400000| 28%| O|  |TAMS 0x0000000082300000, 0x0000000082300000| Untracked 
|   4|0x0000000082400000, 0x0000000082400000, 0x0000000082500000|  0%| F|  |TAMS 0x0000000082400000, 0x0000000082400000| Untracked 
|   5|0x0000000082500000, 0x0000000082500000, 0x0000000082600000|  0%| F|  |TAMS 0x0000000082500000, 0x0000000082500000| Untracked 
|   6|0x0000000082600000, 0x0000000082600000, 0x0000000082700000|  0%| F|  |TAMS 0x0000000082600000, 0x0000000082600000| Untracked 
|   7|0x0000000082700000, 0x0000000082700000, 0x0000000082800000|  0%| F|  |TAMS 0x0000000082700000, 0x0000000082700000| Untracked 
|   8|0x0000000082800000, 0x0000000082800000, 0x0000000082900000|  0%| F|  |TAMS 0x0000000082800000, 0x0000000082800000| Untracked 
|   9|0x0000000082900000, 0x0000000082900000, 0x0000000082a00000|  0%| F|  |TAMS 0x0000000082900000, 0x0000000082900000| Untracked 
|  10|0x0000000082a00000, 0x0000000082a00000, 0x0000000082b00000|  0%| F|  |TAMS 0x0000000082a00000, 0x0000000082a00000| Untracked 
|  11|0x0000000082b00000, 0x0000000082b00000, 0x0000000082c00000|  0%| F|  |TAMS 0x0000000082b00000, 0x0000000082b00000| Untracked 
|  12|0x0000000082c00000, 0x0000000082c00000, 0x0000000082d00000|  0%| F|  |TAMS 0x0000000082c00000, 0x0000000082c00000| Untracked 
|  13|0x0000000082d00000, 0x0000000082d00000, 0x0000000082e00000|  0%| F|  |TAMS 0x0000000082d00000, 0x0000000082d00000| Untracked 
|  14|0x0000000082e00000, 0x0000000082e00000, 0x0000000082f00000|  0%| F|  |TAMS 0x0000000082e00000, 0x0000000082e00000| Untracked 
|  15|0x0000000082f00000, 0x0000000082f00000, 0x0000000083000000|  0%| F|  |TAMS 0x0000000082f00000, 0x0000000082f00000| Untracked 
|  16|0x0000000083000000, 0x0000000083000000, 0x0000000083100000|  0%| F|  |TAMS 0x0000000083000000, 0x0000000083000000| Untracked 
|  17|0x0000000083100000, 0x0000000083100000, 0x0000000083200000|  0%| F|  |TAMS 0x0000000083100000, 0x0000000083100000| Untracked 
|  18|0x0000000083200000, 0x0000000083200000, 0x0000000083300000|  0%| F|  |TAMS 0x0000000083200000, 0x0000000083200000| Untracked 
|  19|0x0000000083300000, 0x0000000083300000, 0x0000000083400000|  0%| F|  |TAMS 0x0000000083300000, 0x0000000083300000| Untracked 
|  20|0x0000000083400000, 0x0000000083400000, 0x0000000083500000|  0%| F|  |TAMS 0x0000000083400000, 0x0000000083400000| Untracked 
|  21|0x0000000083500000, 0x0000000083500000, 0x0000000083600000|  0%| F|  |TAMS 0x0000000083500000, 0x0000000083500000| Untracked 
|  22|0x0000000083600000, 0x0000000083600000, 0x0000000083700000|  0%| F|  |TAMS 0x0000000083600000, 0x0000000083600000| Untracked 
|  23|0x0000000083700000, 0x0000000083700000, 0x0000000083800000|  0%| F|  |TAMS 0x0000000083700000, 0x0000000083700000| Untracked 
|  24|0x0000000083800000, 0x0000000083800000, 0x0000000083900000|  0%| F|  |TAMS 0x0000000083800000, 0x0000000083800000| Untracked 
|  25|0x0000000083900000, 0x0000000083900000, 0x0000000083a00000|  0%| F|  |TAMS 0x0000000083900000, 0x0000000083900000| Untracked 
|  26|0x0000000083a00000, 0x0000000083a00000, 0x0000000083b00000|  0%| F|  |TAMS 0x0000000083a00000, 0x0000000083a00000| Untracked 
|  27|0x0000000083b00000, 0x0000000083b00000, 0x0000000083c00000|  0%| F|  |TAMS 0x0000000083b00000, 0x0000000083b00000| Untracked 
|  28|0x0000000083c00000, 0x0000000083c00000, 0x0000000083d00000|  0%| F|  |TAMS 0x0000000083c00000, 0x0000000083c00000| Untracked 
|  29|0x0000000083d00000, 0x0000000083d00000, 0x0000000083e00000|  0%| F|  |TAMS 0x0000000083d00000, 0x0000000083d00000| Untracked 
|  30|0x0000000083e00000, 0x0000000083e00000, 0x0000000083f00000|  0%| F|  |TAMS 0x0000000083e00000, 0x0000000083e00000| Untracked 
|  31|0x0000000083f00000, 0x0000000083f00000, 0x0000000084000000|  0%| F|  |TAMS 0x0000000083f00000, 0x0000000083f00000| Untracked 
|  32|0x0000000084000000, 0x0000000084000000, 0x0000000084100000|  0%| F|  |TAMS 0x0000000084000000, 0x0000000084000000| Untracked 
|  33|0x0000000084100000, 0x0000000084100000, 0x0000000084200000|  0%| F|  |TAMS 0x0000000084100000, 0x0000000084100000| Untracked 
|  34|0x0000000084200000, 0x0000000084200000, 0x0000000084300000|  0%| F|  |TAMS 0x0000000084200000, 0x0000000084200000| Untracked 
|  35|0x0000000084300000, 0x0000000084300000, 0x0000000084400000|  0%| F|  |TAMS 0x0000000084300000, 0x0000000084300000| Untracked 
|  36|0x0000000084400000, 0x0000000084400000, 0x0000000084500000|  0%| F|  |TAMS 0x0000000084400000, 0x0000000084400000| Untracked 
|  37|0x0000000084500000, 0x0000000084500000, 0x0000000084600000|  0%| F|  |TAMS 0x0000000084500000, 0x0000000084500000| Untracked 
|  38|0x0000000084600000, 0x0000000084600000, 0x0000000084700000|  0%| F|  |TAMS 0x0000000084600000, 0x0000000084600000| Untracked 
|  39|0x0000000084700000, 0x0000000084700000, 0x0000000084800000|  0%| F|  |TAMS 0x0000000084700000, 0x0000000084700000| Untracked 
|  40|0x0000000084800000, 0x0000000084800000, 0x0000000084900000|  0%| F|  |TAMS 0x0000000084800000, 0x0000000084800000| Untracked 
|  41|0x0000000084900000, 0x0000000084900000, 0x0000000084a00000|  0%| F|  |TAMS 0x0000000084900000, 0x0000000084900000| Untracked 
|  42|0x0000000084a00000, 0x0000000084a00000, 0x0000000084b00000|  0%| F|  |TAMS 0x0000000084a00000, 0x0000000084a00000| Untracked 
|  43|0x0000000084b00000, 0x0000000084b00000, 0x0000000084c00000|  0%| F|  |TAMS 0x0000000084b00000, 0x0000000084b00000| Untracked 
|  44|0x0000000084c00000, 0x0000000084c00000, 0x0000000084d00000|  0%| F|  |TAMS 0x0000000084c00000, 0x0000000084c00000| Untracked 
|  45|0x0000000084d00000, 0x0000000084d00000, 0x0000000084e00000|  0%| F|  |TAMS 0x0000000084d00000, 0x0000000084d00000| Untracked 
|  46|0x0000000084e00000, 0x0000000084e00000, 0x0000000084f00000|  0%| F|  |TAMS 0x0000000084e00000, 0x0000000084e00000| Untracked 
|  47|0x0000000084f00000, 0x0000000084f00000, 0x0000000085000000|  0%| F|  |TAMS 0x0000000084f00000, 0x0000000084f00000| Untracked 
|  48|0x0000000085000000, 0x0000000085000000, 0x0000000085100000|  0%| F|  |TAMS 0x0000000085000000, 0x0000000085000000| Untracked 
|  49|0x0000000085100000, 0x0000000085100000, 0x0000000085200000|  0%| F|  |TAMS 0x0000000085100000, 0x0000000085100000| Untracked 
|  50|0x0000000085200000, 0x0000000085200000, 0x0000000085300000|  0%| F|  |TAMS 0x0000000085200000, 0x0000000085200000| Untracked 
|  51|0x0000000085300000, 0x0000000085300000, 0x0000000085400000|  0%| F|  |TAMS 0x0000000085300000, 0x0000000085300000| Untracked 
|  52|0x0000000085400000, 0x0000000085400000, 0x0000000085500000|  0%| F|  |TAMS 0x0000000085400000, 0x0000000085400000| Untracked 
|  53|0x0000000085500000, 0x0000000085500000, 0x0000000085600000|  0%| F|  |TAMS 0x0000000085500000, 0x0000000085500000| Untracked 
|  54|0x0000000085600000, 0x0000000085600000, 0x0000000085700000|  0%| F|  |TAMS 0x0000000085600000, 0x0000000085600000| Untracked 
|  55|0x0000000085700000, 0x0000000085700000, 0x0000000085800000|  0%| F|  |TAMS 0x0000000085700000, 0x0000000085700000| Untracked 
|  56|0x0000000085800000, 0x0000000085800000, 0x0000000085900000|  0%| F|  |TAMS 0x0000000085800000, 0x0000000085800000| Untracked 
|  57|0x0000000085900000, 0x0000000085900000, 0x0000000085a00000|  0%| F|  |TAMS 0x0000000085900000, 0x0000000085900000| Untracked 
|  58|0x0000000085a00000, 0x0000000085a00000, 0x0000000085b00000|  0%| F|  |TAMS 0x0000000085a00000, 0x0000000085a00000| Untracked 
|  59|0x0000000085b00000, 0x0000000085b00000, 0x0000000085c00000|  0%| F|  |TAMS 0x0000000085b00000, 0x0000000085b00000| Untracked 
|  60|0x0000000085c00000, 0x0000000085c00000, 0x0000000085d00000|  0%| F|  |TAMS 0x0000000085c00000, 0x0000000085c00000| Untracked 
|  61|0x0000000085d00000, 0x0000000085d00000, 0x0000000085e00000|  0%| F|  |TAMS 0x0000000085d00000, 0x0000000085d00000| Untracked 
|  62|0x0000000085e00000, 0x0000000085e00000, 0x0000000085f00000|  0%| F|  |TAMS 0x0000000085e00000, 0x0000000085e00000| Untracked 
|  63|0x0000000085f00000, 0x0000000085f00000, 0x0000000086000000|  0%| F|  |TAMS 0x0000000085f00000, 0x0000000085f00000| Untracked 
|  64|0x0000000086000000, 0x0000000086000000, 0x0000000086100000|  0%| F|  |TAMS 0x0000000086000000, 0x0000000086000000| Untracked 
|  65|0x0000000086100000, 0x0000000086100000, 0x0000000086200000|  0%| F|  |TAMS 0x0000000086100000, 0x0000000086100000| Untracked 
|  66|0x0000000086200000, 0x0000000086200000, 0x0000000086300000|  0%| F|  |TAMS 0x0000000086200000, 0x0000000086200000| Untracked 
|  67|0x0000000086300000, 0x0000000086300000, 0x0000000086400000|  0%| F|  |TAMS 0x0000000086300000, 0x0000000086300000| Untracked 
|  68|0x0000000086400000, 0x0000000086400000, 0x0000000086500000|  0%| F|  |TAMS 0x0000000086400000, 0x0000000086400000| Untracked 
|  69|0x0000000086500000, 0x0000000086500000, 0x0000000086600000|  0%| F|  |TAMS 0x0000000086500000, 0x0000000086500000| Untracked 
|  70|0x0000000086600000, 0x0000000086600000, 0x0000000086700000|  0%| F|  |TAMS 0x0000000086600000, 0x0000000086600000| Untracked 
|  71|0x0000000086700000, 0x0000000086700000, 0x0000000086800000|  0%| F|  |TAMS 0x0000000086700000, 0x0000000086700000| Untracked 
|  72|0x0000000086800000, 0x0000000086800800, 0x0000000086900000|  0%| E|  |TAMS 0x0000000086800000, 0x0000000086800000| Complete 
|  73|0x0000000086900000, 0x0000000086a00000, 0x0000000086a00000|100%| E|CS|TAMS 0x0000000086900000, 0x0000000086900000| Complete 
|  74|0x0000000086a00000, 0x0000000086b00000, 0x0000000086b00000|100%| E|CS|TAMS 0x0000000086a00000, 0x0000000086a00000| Complete 
|  75|0x0000000086b00000, 0x0000000086c00000, 0x0000000086c00000|100%| E|CS|TAMS 0x0000000086b00000, 0x0000000086b00000| Complete 
|  76|0x0000000086c00000, 0x0000000086d00000, 0x0000000086d00000|100%| E|CS|TAMS 0x0000000086c00000, 0x0000000086c00000| Complete 
|  77|0x0000000086d00000, 0x0000000086e00000, 0x0000000086e00000|100%| E|CS|TAMS 0x0000000086d00000, 0x0000000086d00000| Complete 
|  78|0x0000000086e00000, 0x0000000086f00000, 0x0000000086f00000|100%| E|CS|TAMS 0x0000000086e00000, 0x0000000086e00000| Complete 
|  79|0x0000000086f00000, 0x0000000087000000, 0x0000000087000000|100%| E|CS|TAMS 0x0000000086f00000, 0x0000000086f00000| Complete 
|  80|0x0000000087000000, 0x0000000087100000, 0x0000000087100000|100%| E|CS|TAMS 0x0000000087000000, 0x0000000087000000| Complete 
|  81|0x0000000087100000, 0x0000000087200000, 0x0000000087200000|100%| E|CS|TAMS 0x0000000087100000, 0x0000000087100000| Complete 
|  82|0x0000000087200000, 0x0000000087300000, 0x0000000087300000|100%| E|CS|TAMS 0x0000000087200000, 0x0000000087200000| Complete 
|  83|0x0000000087300000, 0x0000000087400000, 0x0000000087400000|100%| E|CS|TAMS 0x0000000087300000, 0x0000000087300000| Complete 
|  84|0x0000000087400000, 0x0000000087500000, 0x0000000087500000|100%| E|CS|TAMS 0x0000000087400000, 0x0000000087400000| Complete 
|  85|0x0000000087500000, 0x0000000087600000, 0x0000000087600000|100%| E|CS|TAMS 0x0000000087500000, 0x0000000087500000| Complete 
|  86|0x0000000087600000, 0x0000000087700000, 0x0000000087700000|100%| E|CS|TAMS 0x0000000087600000, 0x0000000087600000| Complete 
|  87|0x0000000087700000, 0x0000000087800000, 0x0000000087800000|100%| E|CS|TAMS 0x0000000087700000, 0x0000000087700000| Complete 
|  88|0x0000000087800000, 0x0000000087900000, 0x0000000087900000|100%| E|CS|TAMS 0x0000000087800000, 0x0000000087800000| Complete 
|  89|0x0000000087900000, 0x0000000087a00000, 0x0000000087a00000|100%| E|CS|TAMS 0x0000000087900000, 0x0000000087900000| Complete 
|  90|0x0000000087a00000, 0x0000000087b00000, 0x0000000087b00000|100%| E|CS|TAMS 0x0000000087a00000, 0x0000000087a00000| Complete 
|  91|0x0000000087b00000, 0x0000000087beb040, 0x0000000087c00000| 91%| S|CS|TAMS 0x0000000087b00000, 0x0000000087b00000| Complete 
|  92|0x0000000087c00000, 0x0000000087d00000, 0x0000000087d00000|100%| S|CS|TAMS 0x0000000087c00000, 0x0000000087c00000| Complete 
|  93|0x0000000087d00000, 0x0000000087e00000, 0x0000000087e00000|100%| E|CS|TAMS 0x0000000087d00000, 0x0000000087d00000| Complete 
|  94|0x0000000087e00000, 0x0000000087f00000, 0x0000000087f00000|100%| E|CS|TAMS 0x0000000087e00000, 0x0000000087e00000| Complete 
|  95|0x0000000087f00000, 0x0000000088000000, 0x0000000088000000|100%| E|CS|TAMS 0x0000000087f00000, 0x0000000087f00000| Complete 
|  96|0x0000000088000000, 0x0000000088100000, 0x0000000088100000|100%| E|CS|TAMS 0x0000000088000000, 0x0000000088000000| Complete 
|  97|0x0000000088100000, 0x0000000088200000, 0x0000000088200000|100%| E|CS|TAMS 0x0000000088100000, 0x0000000088100000| Complete 
|  98|0x0000000088200000, 0x0000000088300000, 0x0000000088300000|100%| E|CS|TAMS 0x0000000088200000, 0x0000000088200000| Complete 
|  99|0x0000000088300000, 0x0000000088400000, 0x0000000088400000|100%| E|CS|TAMS 0x0000000088300000, 0x0000000088300000| Complete 
| 100|0x0000000088400000, 0x0000000088500000, 0x0000000088500000|100%| E|CS|TAMS 0x0000000088400000, 0x0000000088400000| Complete 
| 101|0x0000000088500000, 0x0000000088600000, 0x0000000088600000|100%| E|CS|TAMS 0x0000000088500000, 0x0000000088500000| Complete 
| 102|0x0000000088600000, 0x0000000088700000, 0x0000000088700000|100%| E|CS|TAMS 0x0000000088600000, 0x0000000088600000| Complete 
| 103|0x0000000088700000, 0x0000000088800000, 0x0000000088800000|100%| E|CS|TAMS 0x0000000088700000, 0x0000000088700000| Complete 
| 104|0x0000000088800000, 0x0000000088900000, 0x0000000088900000|100%| E|CS|TAMS 0x0000000088800000, 0x0000000088800000| Complete 
| 105|0x0000000088900000, 0x0000000088a00000, 0x0000000088a00000|100%| E|CS|TAMS 0x0000000088900000, 0x0000000088900000| Complete 
| 106|0x0000000088a00000, 0x0000000088b00000, 0x0000000088b00000|100%| E|CS|TAMS 0x0000000088a00000, 0x0000000088a00000| Complete 
| 107|0x0000000088b00000, 0x0000000088c00000, 0x0000000088c00000|100%| E|CS|TAMS 0x0000000088b00000, 0x0000000088b00000| Complete 
| 108|0x0000000088c00000, 0x0000000088d00000, 0x0000000088d00000|100%| E|CS|TAMS 0x0000000088c00000, 0x0000000088c00000| Complete 
| 109|0x0000000088d00000, 0x0000000088e00000, 0x0000000088e00000|100%| E|CS|TAMS 0x0000000088d00000, 0x0000000088d00000| Complete 
| 110|0x0000000088e00000, 0x0000000088f00000, 0x0000000088f00000|100%| E|CS|TAMS 0x0000000088e00000, 0x0000000088e00000| Complete 
| 111|0x0000000088f00000, 0x0000000089000000, 0x0000000089000000|100%| E|CS|TAMS 0x0000000088f00000, 0x0000000088f00000| Complete 
| 112|0x0000000089000000, 0x0000000089100000, 0x0000000089100000|100%| E|CS|TAMS 0x0000000089000000, 0x0000000089000000| Complete 
| 113|0x0000000089100000, 0x0000000089200000, 0x0000000089200000|100%| E|CS|TAMS 0x0000000089100000, 0x0000000089100000| Complete 
| 114|0x0000000089200000, 0x0000000089300000, 0x0000000089300000|100%| E|CS|TAMS 0x0000000089200000, 0x0000000089200000| Complete 
| 115|0x0000000089300000, 0x0000000089400000, 0x0000000089400000|100%| E|CS|TAMS 0x0000000089300000, 0x0000000089300000| Complete 
| 116|0x0000000089400000, 0x0000000089500000, 0x0000000089500000|100%| E|CS|TAMS 0x0000000089400000, 0x0000000089400000| Complete 
| 117|0x0000000089500000, 0x0000000089600000, 0x0000000089600000|100%| E|CS|TAMS 0x0000000089500000, 0x0000000089500000| Complete 
| 118|0x0000000089600000, 0x0000000089700000, 0x0000000089700000|100%| E|CS|TAMS 0x0000000089600000, 0x0000000089600000| Complete 
| 119|0x0000000089700000, 0x0000000089800000, 0x0000000089800000|100%| E|CS|TAMS 0x0000000089700000, 0x0000000089700000| Complete 
| 120|0x0000000089800000, 0x0000000089900000, 0x0000000089900000|100%| E|CS|TAMS 0x0000000089800000, 0x0000000089800000| Complete 
| 121|0x0000000089900000, 0x0000000089a00000, 0x0000000089a00000|100%| E|CS|TAMS 0x0000000089900000, 0x0000000089900000| Complete 
| 122|0x0000000089a00000, 0x0000000089b00000, 0x0000000089b00000|100%| E|CS|TAMS 0x0000000089a00000, 0x0000000089a00000| Complete 
| 123|0x0000000089b00000, 0x0000000089c00000, 0x0000000089c00000|100%| E|CS|TAMS 0x0000000089b00000, 0x0000000089b00000| Complete 
| 124|0x0000000089c00000, 0x0000000089d00000, 0x0000000089d00000|100%| E|CS|TAMS 0x0000000089c00000, 0x0000000089c00000| Complete 
| 125|0x0000000089d00000, 0x0000000089e00000, 0x0000000089e00000|100%| E|CS|TAMS 0x0000000089d00000, 0x0000000089d00000| Complete 

Card table byte_map: [0x000001dd72a20000,0x000001dd72e10000] _byte_map_base: 0x000001dd72610000

Marking Bits (Prev, Next): (CMBitMap*) 0x000001dd591e9fb0, (CMBitMap*) 0x000001dd591e9ff0
 Prev Bits: [0x000001dd73200000, 0x000001dd75180000)
 Next Bits: [0x000001dd75180000, 0x000001dd77100000)

Polling page: 0x000001dd59280000

Metaspace:

Usage:
  Non-class:     13.55 MB capacity,    12.50 MB ( 92%) used,     1.03 MB (  8%) free+waste,    14.81 KB ( <1%) overhead. 
      Class:      1.79 MB capacity,     1.58 MB ( 88%) used,   209.24 KB ( 11%) free+waste,     6.25 KB ( <1%) overhead. 
       Both:     15.34 MB capacity,    14.09 MB ( 92%) used,     1.23 MB (  8%) free+waste,    21.06 KB ( <1%) overhead. 

Virtual space:
  Non-class space:       14.00 MB reserved,      13.75 MB ( 98%) committed 
      Class space:        1.00 GB reserved,       1.88 MB ( <1%) committed 
             Both:        1.01 GB reserved,      15.62 MB (  2%) committed 

Chunk freelists:
   Non-Class:  16.00 KB
       Class:  20.00 KB
        Both:  36.00 KB

MaxMetaspaceSize: 17179869184.00 GB
CompressedClassSpaceSize: 1.00 GB

CodeHeap 'non-profiled nmethods': size=120000Kb used=1424Kb max_used=1424Kb free=118575Kb
 bounds [0x000001dd6a6a0000, 0x000001dd6a910000, 0x000001dd71bd0000]
CodeHeap 'profiled nmethods': size=120000Kb used=5864Kb max_used=5864Kb free=114135Kb
 bounds [0x000001dd63170000, 0x000001dd63730000, 0x000001dd6a6a0000]
CodeHeap 'non-nmethods': size=5760Kb used=1204Kb max_used=1283Kb free=4555Kb
 bounds [0x000001dd62bd0000, 0x000001dd62e40000, 0x000001dd63170000]
 total_blobs=3533 nmethods=3068 adapters=376
 compilation: enabled
              stopped_count=0, restarted_count=0
 full_count=0

Compilation events (20 events):
Event: 2.904 Thread 0x000001dd79beef40 nmethod 3055 0x000001dd63724c10 code [0x000001dd63724e20, 0x000001dd63725538]
Event: 2.904 Thread 0x000001dd79beef40 3058       3       sun.invoke.util.Wrapper::forPrimitiveType (49 bytes)
Event: 2.905 Thread 0x000001dd79bebcd0 3060       4       jdk.internal.org.objectweb.asm.ByteVector::putByte (39 bytes)
Event: 2.905 Thread 0x000001dd79beef40 nmethod 3058 0x000001dd63725790 code [0x000001dd63725b00, 0x000001dd63726e48]
Event: 2.905 Thread 0x000001dd79beef40 3056       1       java.lang.invoke.MethodHandles$Lookup::previousLookupClass (5 bytes)
Event: 2.906 Thread 0x000001dd79beef40 nmethod 3056 0x000001dd6a803990 code [0x000001dd6a803b20, 0x000001dd6a803bd8]
Event: 2.907 Thread 0x000001dd79bebcd0 nmethod 3060 0x000001dd6a803c90 code [0x000001dd6a803e20, 0x000001dd6a803f48]
Event: 2.907 Thread 0x000001dd79beef40 3063       3       java.lang.invoke.MethodHandles$Lookup::lookupClassOrNull (27 bytes)
Event: 2.907 Thread 0x000001dd79beef40 nmethod 3063 0x000001dd63727590 code [0x000001dd63727720, 0x000001dd637278d8]
Event: 2.907 Thread 0x000001dd79beef40 3064   !   3       java.lang.invoke.MemberName$Factory::resolve (157 bytes)
Event: 2.909 Thread 0x000001dd79beef40 nmethod 3064 0x000001dd63727990 code [0x000001dd63727ba0, 0x000001dd63728208]
Event: 5.882 Thread 0x000001dd79beef40 3065       3       java.io.FileInputStream::available (5 bytes)
Event: 5.883 Thread 0x000001dd79beef40 nmethod 3065 0x000001dd63728510 code [0x000001dd637286c0, 0x000001dd637287e8]
Event: 13.212 Thread 0x000001dd79beef40 3066  s    3       java.io.BufferedInputStream::available (35 bytes)
Event: 13.213 Thread 0x000001dd79beef40 nmethod 3066 0x000001dd63728890 code [0x000001dd63728a60, 0x000001dd63728eb8]
Event: 14.189 Thread 0x000001dd79beef40 3067       3       org.fusesource.jansi.FilterPrintStream::write (17 bytes)
Event: 14.189 Thread 0x000001dd79bebcd0 3069  s    4       org.fusesource.jansi.AnsiPrintStream::filter (948 bytes)
Event: 14.189 Thread 0x000001dd79beef40 nmethod 3067 0x000001dd63729010 code [0x000001dd637291c0, 0x000001dd63729498]
Event: 14.189 Thread 0x000001dd79beef40 3068   !   3       java.io.PrintStream::write (66 bytes)
Event: 14.190 Thread 0x000001dd79beef40 nmethod 3068 0x000001dd63729590 code [0x000001dd637297a0, 0x000001dd63729e78]

GC Heap History (4 events):
Event: 0.738 GC heap before
{Heap before GC invocations=0 (full 0):
 garbage-first heap   total 129024K, used 22528K [0x0000000082000000, 0x0000000100000000)
  region size 1024K, 23 young (23552K), 0 survivors (0K)
 Metaspace       used 5144K, capacity 7734K, committed 7808K, reserved 1056768K
  class space    used 589K, capacity 854K, committed 896K, reserved 1048576K
}
Event: 0.743 GC heap after
{Heap after GC invocations=1 (full 0):
 garbage-first heap   total 129024K, used 3570K [0x0000000082000000, 0x0000000100000000)
  region size 1024K, 3 young (3072K), 3 survivors (3072K)
 Metaspace       used 5144K, capacity 7734K, committed 7808K, reserved 1056768K
  class space    used 589K, capacity 854K, committed 896K, reserved 1048576K
}
Event: 1.419 GC heap before
{Heap before GC invocations=1 (full 0):
 garbage-first heap   total 129024K, used 34290K [0x0000000082000000, 0x0000000100000000)
  region size 1024K, 33 young (33792K), 3 survivors (3072K)
 Metaspace       used 9774K, capacity 11932K, committed 12288K, reserved 1060864K
  class space    used 1164K, capacity 1414K, committed 1536K, reserved 1048576K
}
Event: 1.426 GC heap after
{Heap after GC invocations=2 (full 0):
 garbage-first heap   total 129024K, used 5323K [0x0000000082000000, 0x0000000100000000)
  region size 1024K, 2 young (2048K), 2 survivors (2048K)
 Metaspace       used 9774K, capacity 11932K, committed 12288K, reserved 1060864K
  class space    used 1164K, capacity 1414K, committed 1536K, reserved 1048576K
}

Deoptimization events (20 events):
Event: 2.828 Thread 0x000001dd591a78f0 Uncommon trap: trap_request=0xffffff76 fr.pc=0x000001dd6a7f5738 relative=0x0000000000000098
Event: 2.828 Thread 0x000001dd591a78f0 Uncommon trap: reason=predicate action=maybe_recompile pc=0x000001dd6a7f5738 method=java.util.TimSort.binarySort([Ljava/lang/Object;IIILjava/util/Comparator;)V @ 34 c2
Event: 2.828 Thread 0x000001dd591a78f0 DEOPT PACKING pc=0x000001dd6a7f5738 sp=0x000000d83c8fd340
Event: 2.828 Thread 0x000001dd591a78f0 DEOPT UNPACKING pc=0x000001dd62c1e42f sp=0x000000d83c8fd2f0 mode 2
Event: 2.849 Thread 0x000001dd591a78f0 Uncommon trap: trap_request=0xffffffde fr.pc=0x000001dd6a75240c relative=0x000000000000006c
Event: 2.849 Thread 0x000001dd591a78f0 Uncommon trap: reason=class_check action=maybe_recompile pc=0x000001dd6a75240c method=com.google.inject.internal.LinkedBindingImpl.acceptTargetVisitor(Lcom/google/inject/spi/BindingTargetVisitor;)Ljava/lang/Object; @ 2 c2
Event: 2.849 Thread 0x000001dd591a78f0 DEOPT PACKING pc=0x000001dd6a75240c sp=0x000000d83c8fd830
Event: 2.849 Thread 0x000001dd591a78f0 DEOPT UNPACKING pc=0x000001dd62c1e42f sp=0x000000d83c8fd7c8 mode 2
Event: 2.849 Thread 0x000001dd591a78f0 Uncommon trap: trap_request=0xffffffde fr.pc=0x000001dd6a75240c relative=0x000000000000006c
Event: 2.849 Thread 0x000001dd591a78f0 Uncommon trap: reason=class_check action=maybe_recompile pc=0x000001dd6a75240c method=com.google.inject.internal.LinkedBindingImpl.acceptTargetVisitor(Lcom/google/inject/spi/BindingTargetVisitor;)Ljava/lang/Object; @ 2 c2
Event: 2.849 Thread 0x000001dd591a78f0 DEOPT PACKING pc=0x000001dd6a75240c sp=0x000000d83c8fd830
Event: 2.849 Thread 0x000001dd591a78f0 DEOPT UNPACKING pc=0x000001dd62c1e42f sp=0x000000d83c8fd7c8 mode 2
Event: 2.856 Thread 0x000001dd591a78f0 Uncommon trap: trap_request=0xffffff54 fr.pc=0x000001dd6a7f8348 relative=0x0000000000000348
Event: 2.856 Thread 0x000001dd591a78f0 Uncommon trap: reason=speculate_null_assert action=make_not_entrant pc=0x000001dd6a7f8348 method=org.eclipse.sisu.inject.RankedBindings$Itr.hasNext()Z @ 80 c2
Event: 2.856 Thread 0x000001dd591a78f0 DEOPT PACKING pc=0x000001dd6a7f8348 sp=0x000000d83c8fdcc0
Event: 2.856 Thread 0x000001dd591a78f0 DEOPT UNPACKING pc=0x000001dd62c1e42f sp=0x000000d83c8fdc90 mode 2
Event: 2.876 Thread 0x000001dd591a78f0 DEOPT PACKING pc=0x000001dd63239194 sp=0x000000d83c8f7fd0
Event: 2.876 Thread 0x000001dd591a78f0 DEOPT UNPACKING pc=0x000001dd62c1e23f sp=0x000000d83c8f7408 mode 0
Event: 2.876 Thread 0x000001dd591a78f0 DEOPT PACKING pc=0x000001dd63238dcc sp=0x000000d83c8f8040
Event: 2.876 Thread 0x000001dd591a78f0 DEOPT UNPACKING pc=0x000001dd62c1e23f sp=0x000000d83c8f74e8 mode 0

Classes unloaded (0 events):
No events

Classes redefined (0 events):
No events

Internal exceptions (20 events):
Event: 1.537 Thread 0x000001dd591a78f0 Exception <a 'java/lang/NoSuchMethodError'{0x00000000899c6ba8}: 'void java.lang.invoke.DirectMethodHandle$Holder.invokeStatic(java.lang.Object, java.lang.Object)'> (0x00000000899c6ba8) 
thrown [./open/src/hotspot/share/interpreter/linkResolver.cpp, line 782]
Event: 1.537 Thread 0x000001dd591a78f0 Exception <a 'java/lang/NoSuchMethodError'{0x00000000899cb5a0}: 'void java.lang.invoke.DirectMethodHandle$Holder.invokeStaticInit(java.lang.Object, java.lang.Object)'> (0x00000000899cb5a0) 
thrown [./open/src/hotspot/share/interpreter/linkResolver.cpp, line 782]
Event: 1.543 Thread 0x000001dd591a78f0 Exception <a 'java/lang/NoSuchMethodError'{0x00000000899f3a38}: 'java.lang.Object java.lang.invoke.DirectMethodHandle$Holder.invokeStatic(java.lang.Object)'> (0x00000000899f3a38) 
thrown [./open/src/hotspot/share/interpreter/linkResolver.cpp, line 782]
Event: 1.544 Thread 0x000001dd591a78f0 Exception <a 'java/lang/NoSuchMethodError'{0x00000000899fead8}: 'java.lang.Object java.lang.invoke.DirectMethodHandle$Holder.invokeStaticInit(java.lang.Object, int, int, int, int)'> (0x00000000899fead8) 
thrown [./open/src/hotspot/share/interpreter/linkResolver.cpp, line 782]
Event: 2.257 Thread 0x000001dd591a78f0 Implicit null exception at 0x000001dd6a738c8f to 0x000001dd6a739038
Event: 2.405 Thread 0x000001dd591a78f0 Implicit null exception at 0x000001dd6a70320f to 0x000001dd6a7035a0
Event: 2.405 Thread 0x000001dd591a78f0 Implicit null exception at 0x000001dd6a73f32f to 0x000001dd6a73f3a9
Event: 2.827 Thread 0x000001dd591a78f0 Exception <a 'java/lang/NoClassDefFoundError'{0x0000000086df4250}: org/sonatype/aether/resolution/ArtifactResolutionException> (0x0000000086df4250) 
thrown [./open/src/hotspot/share/classfile/systemDictionary.cpp, line 284]
Event: 2.828 Thread 0x000001dd591a78f0 Exception <a 'java/lang/NoClassDefFoundError'{0x0000000086c059a0}: org/sonatype/aether/metadata/Metadata> (0x0000000086c059a0) 
thrown [./open/src/hotspot/share/classfile/systemDictionary.cpp, line 284]
Event: 2.836 Thread 0x000001dd591a78f0 Exception <a 'java/lang/NoClassDefFoundError'{0x0000000086c656c0}: org/sonatype/aether/installation/InstallationException> (0x0000000086c656c0) 
thrown [./open/src/hotspot/share/classfile/systemDictionary.cpp, line 284]
Event: 2.838 Thread 0x000001dd591a78f0 Exception <a 'java/lang/NoClassDefFoundError'{0x0000000086c785d0}: org/sonatype/aether/resolution/ArtifactDescriptorException> (0x0000000086c785d0) 
thrown [./open/src/hotspot/share/classfile/systemDictionary.cpp, line 284]
Event: 2.841 Thread 0x000001dd591a78f0 Exception <a 'java/lang/NoClassDefFoundError'{0x0000000086caf930}: org/sonatype/aether/deployment/DeploymentException> (0x0000000086caf930) 
thrown [./open/src/hotspot/share/classfile/systemDictionary.cpp, line 284]
Event: 2.842 Thread 0x000001dd591a78f0 Exception <a 'java/lang/NoClassDefFoundError'{0x0000000086cb7a60}: org/sonatype/aether/metadata/Metadata> (0x0000000086cb7a60) 
thrown [./open/src/hotspot/share/classfile/systemDictionary.cpp, line 284]
Event: 2.843 Thread 0x000001dd591a78f0 Exception <a 'java/lang/NoClassDefFoundError'{0x0000000086cc5640}: org/sonatype/aether/collection/DependencyCollectionException> (0x0000000086cc5640) 
thrown [./open/src/hotspot/share/classfile/systemDictionary.cpp, line 284]
Event: 2.900 Thread 0x000001dd591a78f0 Exception <a 'java/lang/NoSuchMethodError'{0x0000000086924218}: 'void java.lang.invoke.DirectMethodHandle$Holder.invokeStatic(java.lang.Object, long)'> (0x0000000086924218) 
thrown [./open/src/hotspot/share/interpreter/linkResolver.cpp, line 782]
Event: 2.901 Thread 0x000001dd591a78f0 Exception <a 'java/lang/NoSuchMethodError'{0x0000000086929e18}: 'java.lang.Object java.lang.invoke.DirectMethodHandle$Holder.newInvokeSpecial(java.lang.Object, long)'> (0x0000000086929e18) 
thrown [./open/src/hotspot/share/interpreter/linkResolver.cpp, line 782]
Event: 2.903 Thread 0x000001dd591a78f0 Exception <a 'java/lang/NoSuchMethodError'{0x000000008692ea48}: 'java.lang.Object java.lang.invoke.DirectMethodHandle$Holder.invokeStaticInit(java.lang.Object)'> (0x000000008692ea48) 
thrown [./open/src/hotspot/share/interpreter/linkResolver.cpp, line 782]
Event: 2.904 Thread 0x000001dd591a78f0 Exception <a 'java/lang/NoSuchMethodError'{0x00000000869387d8}: 'java.lang.Object java.lang.invoke.DirectMethodHandle$Holder.invokeStaticInit(java.lang.Object, java.lang.Object, long, java.lang.Object)'> (0x00000000869387d8) 
thrown [./open/src/hotspot/share/interpreter/linkResolver.cpp, line 782]
Event: 2.905 Thread 0x000001dd591a78f0 Exception <a 'java/lang/NoSuchMethodError'{0x000000008693f2f0}: 'java.lang.Object java.lang.invoke.DirectMethodHandle$Holder.newInvokeSpecial(java.lang.Object, java.lang.Object, long)'> (0x000000008693f2f0) 
thrown [./open/src/hotspot/share/interpreter/linkResolver.cpp, line 782]
Event: 2.905 Thread 0x000001dd591a78f0 Exception <a 'java/lang/NoSuchMethodError'{0x00000000869436e0}: 'java.lang.Object java.lang.invoke.Invokers$Holder.linkToTargetMethod(java.lang.Object, long, java.lang.Object)'> (0x00000000869436e0) 
thrown [./open/src/hotspot/share/interpreter/linkResolver.cpp, line 782]

Events (20 events):
Event: 2.907 loading class java/util/concurrent/SynchronousQueue$TransferStack done
Event: 2.907 loading class java/util/concurrent/SynchronousQueue$TransferStack$SNode
Event: 2.907 loading class java/util/concurrent/SynchronousQueue$TransferStack$SNode done
Event: 2.907 loading class java/lang/ProcessImpl$2
Event: 2.907 loading class java/lang/ProcessImpl$2 done
Event: 2.907 loading class java/lang/Process$PipeInputStream
Event: 2.907 loading class java/lang/Process$PipeInputStream done
Event: 2.908 Executing VM operation: HandshakeAllThreads
Event: 2.908 Executing VM operation: HandshakeAllThreads done
Event: 2.908 loading class jdk/internal/event/ProcessStartEvent
Event: 2.908 loading class jdk/internal/event/Event
Event: 2.908 loading class jdk/internal/event/Event done
Event: 2.908 loading class jdk/internal/event/ProcessStartEvent done
Event: 2.910 loading class java/io/PipedOutputStream
Event: 2.910 loading class java/io/PipedOutputStream done
Event: 2.910 Thread 0x000001dd7c96f010 Thread added: 0x000001dd7c96f010
Event: 2.910 Thread 0x000001dd7c96f4e0 Thread added: 0x000001dd7c96f4e0
Event: 2.911 Thread 0x000001dd7c96f9b0 Thread added: 0x000001dd7c96f9b0
Event: 5.882 Thread 0x000001dd7b457050 Thread exited: 0x000001dd7b457050
Event: 10.883 Thread 0x000001dd7babd5a0 Thread exited: 0x000001dd7babd5a0


Dynamic libraries:
0x00007ff76e890000 - 0x00007ff76e89f000 	C:\Program Files\Java\jdk-15.0.2\bin\java.exe
0x00007ffaaeb50000 - 0x00007ffaaed45000 	C:\WINDOWS\SYSTEM32\ntdll.dll
0x00007ffaadeb0000 - 0x00007ffaadf6e000 	C:\WINDOWS\System32\KERNEL32.DLL
0x00007ffaac430000 - 0x00007ffaac6f8000 	C:\WINDOWS\System32\KERNELBASE.dll
0x00007ffaac300000 - 0x00007ffaac400000 	C:\WINDOWS\System32\ucrtbase.dll
0x00007ffa6b360000 - 0x00007ffa6b378000 	C:\Program Files\Java\jdk-15.0.2\bin\jli.dll
0x00007ffa69ea0000 - 0x00007ffa69eb9000 	C:\Program Files\Java\jdk-15.0.2\bin\VCRUNTIME140.dll
0x00007ffaadc70000 - 0x00007ffaadd1c000 	C:\WINDOWS\System32\ADVAPI32.dll
0x00007ffaadf70000 - 0x00007ffaae00e000 	C:\WINDOWS\System32\msvcrt.dll
0x00007ffaacce0000 - 0x00007ffaacd7b000 	C:\WINDOWS\System32\sechost.dll
0x00007ffaacba0000 - 0x00007ffaaccca000 	C:\WINDOWS\System32\RPCRT4.dll
0x00007ffaace00000 - 0x00007ffaacfa1000 	C:\WINDOWS\System32\USER32.dll
0x00007ffaac700000 - 0x00007ffaac722000 	C:\WINDOWS\System32\win32u.dll
0x00007ffa88da0000 - 0x00007ffa8903a000 	C:\WINDOWS\WinSxS\amd64_microsoft.windows.common-controls_6595b64144ccf1df_6.0.19041.1110_none_60b5254171f9507e\COMCTL32.dll
0x00007ffaad7d0000 - 0x00007ffaad7fb000 	C:\WINDOWS\System32\GDI32.dll
0x00007ffaac7e0000 - 0x00007ffaac8eb000 	C:\WINDOWS\System32\gdi32full.dll
0x00007ffaaca50000 - 0x00007ffaacaed000 	C:\WINDOWS\System32\msvcp_win.dll
0x00007ffaa3e10000 - 0x00007ffaa3e1a000 	C:\WINDOWS\SYSTEM32\VERSION.dll
0x00007ffaae450000 - 0x00007ffaae480000 	C:\WINDOWS\System32\IMM32.DLL
0x00007ffaa6c10000 - 0x00007ffaa6c1c000 	C:\Program Files\Java\jdk-15.0.2\bin\vcruntime140_1.dll
0x00007ffa64af0000 - 0x00007ffa64b81000 	C:\Program Files\Java\jdk-15.0.2\bin\msvcp140.dll
0x00007ffa5b210000 - 0x00007ffa5bd6e000 	C:\Program Files\Java\jdk-15.0.2\bin\server\jvm.dll
0x00007ffaacfb0000 - 0x00007ffaacfb8000 	C:\WINDOWS\System32\PSAPI.DLL
0x00007ffa8c560000 - 0x00007ffa8c587000 	C:\WINDOWS\SYSTEM32\WINMM.dll
0x00007ffa84060000 - 0x00007ffa84069000 	C:\WINDOWS\SYSTEM32\WSOCK32.dll
0x00007ffaadd20000 - 0x00007ffaadd8b000 	C:\WINDOWS\System32\WS2_32.dll
0x00007ffaaa350000 - 0x00007ffaaa362000 	C:\WINDOWS\SYSTEM32\kernel.appcore.dll
0x00007ffa8eda0000 - 0x00007ffa8edaa000 	C:\Program Files\Java\jdk-15.0.2\bin\jimage.dll
0x00007ffaaa070000 - 0x00007ffaaa254000 	C:\WINDOWS\SYSTEM32\DBGHELP.DLL
0x00007ffaa8e70000 - 0x00007ffaa8e9c000 	C:\WINDOWS\SYSTEM32\dbgcore.DLL
0x00007ffaac270000 - 0x00007ffaac2f3000 	C:\WINDOWS\System32\bcryptPrimitives.dll
0x00007ffa64b90000 - 0x00007ffa64bb5000 	C:\Program Files\Java\jdk-15.0.2\bin\java.dll
0x00007ffaacfc0000 - 0x00007ffaad6ff000 	C:\WINDOWS\System32\SHELL32.dll
0x00007ffaaa370000 - 0x00007ffaaab00000 	C:\WINDOWS\SYSTEM32\windows.storage.dll
0x00007ffaae030000 - 0x00007ffaae385000 	C:\WINDOWS\System32\combase.dll
0x00007ffaabcc0000 - 0x00007ffaabcee000 	C:\WINDOWS\SYSTEM32\Wldp.dll
0x00007ffaad800000 - 0x00007ffaad8ad000 	C:\WINDOWS\System32\SHCORE.dll
0x00007ffaad770000 - 0x00007ffaad7c5000 	C:\WINDOWS\System32\shlwapi.dll
0x00007ffaac1b0000 - 0x00007ffaac1cf000 	C:\WINDOWS\SYSTEM32\profapi.dll
0x00007ffa64a90000 - 0x00007ffa64aa9000 	C:\Program Files\Java\jdk-15.0.2\bin\net.dll
0x00007ffa9b4a0000 - 0x00007ffa9b5ac000 	C:\WINDOWS\SYSTEM32\WINHTTP.dll
0x00007ffaaba20000 - 0x00007ffaaba8a000 	C:\WINDOWS\system32\mswsock.dll
0x00007ffa64a70000 - 0x00007ffa64a82000 	C:\Program Files\Java\jdk-15.0.2\bin\nio.dll
0x00007ffa649f0000 - 0x00007ffa64a08000 	C:\Program Files\Java\jdk-15.0.2\bin\zip.dll
0x00007ffa89650000 - 0x00007ffa89660000 	C:\Program Files\Java\jdk-15.0.2\bin\verify.dll
0x00007ffa962d0000 - 0x00007ffa962da000 	C:\Program Files (x86)\NetBeans-12.4\netbeans\java\maven\lib\jansi-native\windows64\jansi.dll

dbghelp: loaded successfully - version: 4.0.5 - missing functions: none
symbol engine: initialized successfully - sym options: 0x614 - pdb path: .;C:\Program Files\Java\jdk-15.0.2\bin;C:\WINDOWS\SYSTEM32;C:\WINDOWS\WinSxS\amd64_microsoft.windows.common-controls_6595b64144ccf1df_6.0.19041.1110_none_60b5254171f9507e;C:\Program Files\Java\jdk-15.0.2\bin\server;C:\Program Files (x86)\NetBeans-12.4\netbeans\java\maven\lib\jansi-native\windows64

VM Arguments:
jvm_args: -Dclassworlds.conf=C:\Program Files (x86)\NetBeans-12.4\netbeans\java\maven\bin\..\bin\m2.conf -Dmaven.home=C:\Program Files (x86)\NetBeans-12.4\netbeans\java\maven\bin\.. -Dlibrary.jansi.path=C:\Program Files (x86)\NetBeans-12.4\netbeans\java\maven\bin\..\lib\jansi-native -Dmaven.multiModuleProjectDirectory=C:\Users\hp\Documents\NetBeansProjects\mavenproject5 
java_command: org.codehaus.plexus.classworlds.launcher.Launcher -Dexec.vmArgs= -Dexec.args=${exec.vmArgs} -classpath %classpath ${exec.mainClass} ${exec.appArgs} -Dexec.appArgs= -Dexec.mainClass=project5.mavenproject5.login -Dexec.executable=C:\Program Files\Java\jdk-15.0.2\bin\java.exe -Dmaven.ext.class.path=C:\Program Files (x86)\NetBeans-12.4\netbeans\java\maven-nblib\netbeans-eventspy.jar -Dfile.encoding=UTF-8 org.codehaus.mojo:exec-maven-plugin:3.0.0:exec
java_class_path (initial): C:\Program Files (x86)\NetBeans-12.4\netbeans\java\maven\bin\..\boot\plexus-classworlds-2.6.0.jar
Launcher Type: SUN_STANDARD

[Global flags]
     intx CICompilerCount                          = 4                                         {product} {ergonomic}
     uint ConcGCThreads                            = 2                                         {product} {ergonomic}
     uint G1ConcRefinementThreads                  = 8                                         {product} {ergonomic}
   size_t G1HeapRegionSize                         = 1048576                                   {product} {ergonomic}
    uintx GCDrainStackTargetSize                   = 64                                        {product} {ergonomic}
   size_t InitialHeapSize                          = 132120576                                 {product} {ergonomic}
   size_t MarkStackSize                            = 4194304                                   {product} {ergonomic}
   size_t MaxHeapSize                              = 2113929216                                {product} {ergonomic}
   size_t MaxNewSize                               = 1267728384                                {product} {ergonomic}
   size_t MinHeapDeltaBytes                        = 1048576                                   {product} {ergonomic}
   size_t MinHeapSize                              = 8388608                                   {product} {ergonomic}
    uintx NonNMethodCodeHeapSize                   = 5839372                                {pd product} {ergonomic}
    uintx NonProfiledCodeHeapSize                  = 122909434                              {pd product} {ergonomic}
    uintx ProfiledCodeHeapSize                     = 122909434                              {pd product} {ergonomic}
    uintx ReservedCodeCacheSize                    = 251658240                              {pd product} {ergonomic}
     bool SegmentedCodeCache                       = true                                      {product} {ergonomic}
   size_t SoftMaxHeapSize                          = 2113929216                             {manageable} {ergonomic}
     bool UseCompressedClassPointers               = true                                 {lp64_product} {ergonomic}
     bool UseCompressedOops                        = true                                 {lp64_product} {ergonomic}
     bool UseG1GC                                  = true                                      {product} {ergonomic}
     bool UseLargePagesIndividualAllocation        = false                                  {pd product} {ergonomic}

Logging:
Log output configuration:
 #0: stdout all=warning uptime,level,tags
 #1: stderr all=off uptime,level,tags

Environment Variables:
JAVA_HOME=C:\Program Files\Java\jdk-15.0.2
PATH=C:\app\hp\product\21c\dbhomeXE\bin;C:\Program Files\National Instruments\Shared\OpenVINO\;C:\Program Files\Common Files\Oracle\Java\javapath;C:\Program Files (x86)\Common Files\Oracle\Java\javapath;C:\Windows\system32;C:\Windows;C:\Windows\System32\Wbem;C:\Windows\System32\WindowsPowerShell\v1.0\;C:\Windows\System32\OpenSSH\;C:\Program Files (x86)\NVIDIA Corporation\PhysX\Common;c:\Program Files (x86)\Microsoft SQL Server\100\Tools\Binn\;c:\Program Files\Microsoft SQL Server\100\Tools\Binn\;c:\Program Files\Microsoft SQL Server\100\DTS\Binn\;C:\Program Files\dotnet\;C:\Program Files\Microsoft SQL Server\130\Tools\Binn\;C:\Program Files\Microsoft SQL Server\Client SDK\ODBC\170\Tools\Binn\;C:\WINDOWS\system32;C:\WINDOWS;C:\WINDOWS\System32\Wbem;C:\WINDOWS\System32\WindowsPowerShell\v1.0\;C:\WINDOWS\System32\OpenSSH\;C:\Program Files\Java\jdk-15.0.2\bin;C:\f\flutter\bin;C:\Program Files\Dart\dart-sdk\bin;C:\Program Files (x86)\Microsoft SQL Server\110\Tools\Binn\;C:\Program Files (x86)\Microsoft SQL Server\110\DTS\Binn\;C:\Program Files (x86)\National Instruments\Shared\LabVIEW CLI;C:\Program Files\Java\java-se-8u41-ri\bin;C:\Program Files\Git\cmd;C:\Users\hp\AppData\Local\Microsoft\WindowsApps;C:\f\flutter\bin;
USERNAME=hp
OS=Windows_NT
PROCESSOR_IDENTIFIER=Intel64 Family 6 Model 142 Stepping 12, GenuineIntel



---------------  S Y S T E M  ---------------

OS:
 Windows 10 , 64 bit Build 19041 (10.0.19041.1348)
OS uptime: 0 days 8:28 hours

CPU: total 8 (initial active 8) (4 cores per cpu, 2 threads per core) family 6 model 142 stepping 12 microcode 0xb8, cmov, cx8, fxsr, mmx, sse, sse2, sse3, ssse3, sse4.1, sse4.2, popcnt, vzeroupper, avx, avx2, aes, clmul, erms, 3dnowpref, lzcnt, ht, tsc, tscinvbit, bmi1, bmi2, adx, fma, clflush, clflushopt

Memory: 4k page, system-wide physical 8062M (1955M free)
TotalPageFile size 9951M (AvailPageFile size 0M)
current process WorkingSet (physical memory assigned to process): 120M, peak: 134M
current process commit charge ("private bytes"): 239M, peak: 253M

vm_info: Java HotSpot(TM) 64-Bit Server VM (15.0.2+7-27) for windows-amd64 JRE (15.0.2+7-27), built on Dec  7 2020 20:07:01 by "mach5one" with unknown MS VC++:1925

END.
