#
# There is insufficient memory for the Java Runtime Environment to continue.
# Native memory allocation (malloc) failed to allocate 107136 bytes for Chunk::new
# Possible reasons:
#   The system is out of physical RAM or swap space
#   The process is running with CompressedOops enabled, and the Java Heap may be blocking the growth of the native heap
# Possible solutions:
#   Reduce memory load on the system
#   Increase physical memory or swap space
#   Check if swap backing store is full
#   Decrease Java heap size (-Xmx/-Xms)
#   Decrease number of Java threads
#   Decrease Java thread stack sizes (-Xss)
#   Set larger code cache with -XX:ReservedCodeCacheSize=
#   JVM is running with Unscaled Compressed Oops mode in which the Java heap is
#     placed in the first 4GB address space. The Java Heap base address is the
#     maximum limit for the native heap growth. Please use -XX:HeapBaseMinAddress
#     to set the Java Heap base and to place the Java Heap above 4GB virtual address.
# This output file may be truncated or incomplete.
#
#  Out of Memory Error (./open/src/hotspot/share/memory/arena.cpp:195), pid=548, tid=8136
#
# JRE version: Java(TM) SE Runtime Environment (15.0.2+7) (build 15.0.2+7-27)
# Java VM: Java HotSpot(TM) 64-Bit Server VM (15.0.2+7-27, mixed mode, sharing, tiered, compressed oops, g1 gc, windows-amd64)
# No core dump will be written. Minidumps are not enabled by default on client versions of Windows
#

---------------  S U M M A R Y ------------

Command Line: project5.mavenproject5.login

Host: Intel(R) Core(TM) i7-8565U CPU @ 1.80GHz, 8 cores, 7G,  Windows 10 , 64 bit Build 19041 (10.0.19041.1348)
Time: Fri Dec  3 15:45:29 2021 Jerusalem Standard Time elapsed time: 11.272792 seconds (0d 0h 0m 11s)

---------------  T H R E A D  ---------------

Current thread (0x00000206507a6830):  JavaThread "C2 CompilerThread0" daemon [_thread_in_native, id=8136, stack(0x0000005b26200000,0x0000005b26300000)]


Current CompileTask:
C2:  11272 1921       4       java.util.HashMap::putVal (300 bytes)

Stack: [0x0000005b26200000,0x0000005b26300000]
Native frames: (J=compiled Java code, j=interpreted, Vv=VM code, C=native code)
V  [jvm.dll+0x62ae9a]
V  [jvm.dll+0x7817a9]
V  [jvm.dll+0x782f03]
V  [jvm.dll+0x783563]
V  [jvm.dll+0x216325]
V  [jvm.dll+0x97f3a]
V  [jvm.dll+0x9861c]
V  [jvm.dll+0x279f9f]
V  [jvm.dll+0x540794]
V  [jvm.dll+0x1f2cd4]
V  [jvm.dll+0x1ebff3]
V  [jvm.dll+0x1e9867]
V  [jvm.dll+0x178567]
V  [jvm.dll+0x1f9225]
V  [jvm.dll+0x1f72cc]
V  [jvm.dll+0x74495d]
V  [jvm.dll+0x73d75a]
V  [jvm.dll+0x629c56]
C  [ucrtbase.dll+0x21bb2]
C  [KERNEL32.DLL+0x17034]
C  [ntdll.dll+0x52651]


---------------  P R O C E S S  ---------------

Threads class SMR info:
_java_thread_list=0x00000206541715f0, length=20, elements={
0x0000020650788150, 0x0000020650788d20, 0x00000206507a1510, 0x00000206507a3ee0,
0x00000206507a4990, 0x00000206507a6830, 0x00000206507a73d0, 0x00000206507a7ec0,
0x00000206511e8370, 0x00000206511edb80, 0x0000020651462d50, 0x000002065149e4d0,
0x000002065149e9a0, 0x0000020651f4b800, 0x0000020631cf51b0, 0x0000020652351290,
0x00000206511c3760, 0x0000020652633020, 0x00000206520fb610, 0x000002065146b3a0
}

Java Threads: ( => current thread )
  0x0000020650788150 JavaThread "Reference Handler" daemon [_thread_blocked, id=12492, stack(0x0000005b25d00000,0x0000005b25e00000)]
  0x0000020650788d20 JavaThread "Finalizer" daemon [_thread_blocked, id=13212, stack(0x0000005b25e00000,0x0000005b25f00000)]
  0x00000206507a1510 JavaThread "Signal Dispatcher" daemon [_thread_blocked, id=12428, stack(0x0000005b25f00000,0x0000005b26000000)]
  0x00000206507a3ee0 JavaThread "Attach Listener" daemon [_thread_blocked, id=12748, stack(0x0000005b26000000,0x0000005b26100000)]
  0x00000206507a4990 JavaThread "Service Thread" daemon [_thread_blocked, id=5020, stack(0x0000005b26100000,0x0000005b26200000)]
=>0x00000206507a6830 JavaThread "C2 CompilerThread0" daemon [_thread_in_native, id=8136, stack(0x0000005b26200000,0x0000005b26300000)]
  0x00000206507a73d0 JavaThread "C1 CompilerThread0" daemon [_thread_blocked, id=10912, stack(0x0000005b26300000,0x0000005b26400000)]
  0x00000206507a7ec0 JavaThread "Sweeper thread" daemon [_thread_blocked, id=11924, stack(0x0000005b26400000,0x0000005b26500000)]
  0x00000206511e8370 JavaThread "Notification Thread" daemon [_thread_blocked, id=13796, stack(0x0000005b26500000,0x0000005b26600000)]
  0x00000206511edb80 JavaThread "Common-Cleaner" daemon [_thread_blocked, id=11812, stack(0x0000005b26700000,0x0000005b26800000)]
  0x0000020651462d50 JavaThread "Java2D Disposer" daemon [_thread_blocked, id=12376, stack(0x0000005b26800000,0x0000005b26900000)]
  0x000002065149e4d0 JavaThread "AWT-Shutdown" [_thread_blocked, id=14120, stack(0x0000005b26900000,0x0000005b26a00000)]
  0x000002065149e9a0 JavaThread "AWT-Windows" daemon [_thread_in_native, id=13852, stack(0x0000005b26a00000,0x0000005b26b00000)]
  0x0000020651f4b800 JavaThread "AWT-EventQueue-0" [_thread_in_native, id=10260, stack(0x0000005b26b00000,0x0000005b26c00000)]
  0x0000020631cf51b0 JavaThread "DestroyJavaVM" [_thread_blocked, id=1772, stack(0x0000005b25600000,0x0000005b25700000)]
  0x0000020652351290 JavaThread "TimerQueue" daemon [_thread_blocked, id=14264, stack(0x0000005b26e00000,0x0000005b26f00000)]
  0x00000206511c3760 JavaThread "C2 CompilerThread1" daemon [_thread_in_native, id=14032, stack(0x0000005b26c00000,0x0000005b26d00000)]
  0x0000020652633020 JavaThread "Timer-0" daemon [_thread_blocked, id=13236, stack(0x0000005b26d00000,0x0000005b26e00000)]
  0x00000206520fb610 JavaThread "oracle.jdbc.driver.BlockSource.ThreadedCachingBlockSource.BlockReleaser" daemon [_thread_blocked, id=13856, stack(0x0000005b27200000,0x0000005b27300000)]
  0x000002065146b3a0 JavaThread "InterruptTimer" daemon [_thread_blocked, id=9060, stack(0x0000005b27a00000,0x0000005b27b00000)]

Other Threads:
  0x00000206507868d0 VMThread "VM Thread" [stack: 0x0000005b25c00000,0x0000005b25d00000] [id=4656]
  0x00000206511ed060 WatcherThread [stack: 0x0000005b26600000,0x0000005b26700000] [id=12564]
  0x0000020631d352f0 GCTaskThread "GC Thread#0" [stack: 0x0000005b25700000,0x0000005b25800000] [id=11660]
  0x00000206523ecbc0 GCTaskThread "GC Thread#1" [stack: 0x0000005b27300000,0x0000005b27400000] [id=4664]
  0x00000206523ec890 GCTaskThread "GC Thread#2" [stack: 0x0000005b27400000,0x0000005b27500000] [id=14064]
  0x00000206523eb8a0 GCTaskThread "GC Thread#3" [stack: 0x0000005b27500000,0x0000005b27600000] [id=11764]
  0x00000206523edbb0 GCTaskThread "GC Thread#4" [stack: 0x0000005b27600000,0x0000005b27700000] [id=5320]
  0x00000206523eaf10 GCTaskThread "GC Thread#5" [stack: 0x0000005b27700000,0x0000005b27800000] [id=13240]
  0x0000020631d470d0 ConcurrentGCThread "G1 Main Marker" [stack: 0x0000005b25800000,0x0000005b25900000] [id=12392]
  0x0000020631d47cc0 ConcurrentGCThread "G1 Conc#0" [stack: 0x0000005b25900000,0x0000005b25a00000] [id=14140]
  0x0000020631dce9f0 ConcurrentGCThread "G1 Refine#0" [stack: 0x0000005b25a00000,0x0000005b25b00000] [id=1504]
  0x000002065127b380 ConcurrentGCThread "G1 Refine#1" [stack: 0x0000005b27800000,0x0000005b27900000] [id=9744]
  0x00000206520d3020 ConcurrentGCThread "G1 Refine#2" [stack: 0x0000005b27900000,0x0000005b27a00000] [id=13344]
  0x00000206505f87a0 ConcurrentGCThread "G1 Young RemSet Sampling" [stack: 0x0000005b25b00000,0x0000005b25c00000] [id=2936]

Threads with active compile tasks:
C2 CompilerThread0    11737 1921       4       java.util.HashMap::putVal (300 bytes)
C2 CompilerThread1    11738 1922   !   4       java.util.concurrent.ConcurrentHashMap::putVal (432 bytes)

VM state: not at safepoint (normal execution)

VM Mutex/Monitor currently owned by a thread: None

Heap address: 0x0000000082000000, size: 2016 MB, Compressed Oops mode: 32-bit
CDS archive(s) mapped at: [0x0000000800000000-0x0000000800b50000-0x0000000800b50000), size 11862016, SharedBaseAddress: 0x0000000800000000, ArchiveRelocationMode: 0.
Compressed class space mapped at: 0x0000000800b50000-0x0000000840b50000, size: 1073741824
Narrow klass base: 0x0000000800000000, Narrow klass shift: 3, Narrow klass range: 0x100000000

GC Precious Log:
 CPUs: 8 total, 8 available
 Memory: 8062M
 Large Page Support: Disabled
 NUMA Support: Disabled
 Compressed Oops: Enabled (32-bit)
 Heap Region Size: 1M
 Heap Min Capacity: 8M
 Heap Initial Capacity: 126M
 Heap Max Capacity: 2016M
 Pre-touch: Disabled
 Parallel Workers: 8
 Concurrent Workers: 2
 Concurrent Refinement Workers: 8
 Periodic GC: Disabled

Heap:
 garbage-first heap   total 129024K, used 13156K [0x0000000082000000, 0x0000000100000000)
  region size 1024K, 6 young (6144K), 3 survivors (3072K)
 Metaspace       used 17751K, capacity 18008K, committed 18304K, reserved 1067008K
  class space    used 2016K, capacity 2112K, committed 2176K, reserved 1048576K

Heap Regions: E=young(eden), S=young(survivor), O=old, HS=humongous(starts), HC=humongous(continues), CS=collection set, F=free, OA=open archive, CA=closed archive, TAMS=top-at-mark-start (previous, next)
|   0|0x0000000082000000, 0x0000000082100000, 0x0000000082100000|100%|HS|  |TAMS 0x0000000082000000, 0x0000000082000000| Complete 
|   1|0x0000000082100000, 0x0000000082200000, 0x0000000082200000|100%|HC|  |TAMS 0x0000000082100000, 0x0000000082100000| Complete 
|   2|0x0000000082200000, 0x0000000082300000, 0x0000000082300000|100%|HS|  |TAMS 0x0000000082200000, 0x0000000082200000| Complete 
|   3|0x0000000082300000, 0x0000000082400000, 0x0000000082400000|100%|HC|  |TAMS 0x0000000082300000, 0x0000000082300000| Complete 
|   4|0x0000000082400000, 0x0000000082500000, 0x0000000082500000|100%|HC|  |TAMS 0x0000000082400000, 0x0000000082400000| Complete 
|   5|0x0000000082500000, 0x0000000082600000, 0x0000000082600000|100%|HC|  |TAMS 0x0000000082500000, 0x0000000082500000| Complete 
|   6|0x0000000082600000, 0x0000000082700000, 0x0000000082700000|100%| O|  |TAMS 0x0000000082600000, 0x0000000082600000| Untracked 
|   7|0x0000000082700000, 0x00000000827d9200, 0x0000000082800000| 84%| O|  |TAMS 0x0000000082700000, 0x0000000082700000| Untracked 
|   8|0x0000000082800000, 0x0000000082800000, 0x0000000082900000|  0%| F|  |TAMS 0x0000000082800000, 0x0000000082800000| Untracked 
|   9|0x0000000082900000, 0x0000000082900000, 0x0000000082a00000|  0%| F|  |TAMS 0x0000000082900000, 0x0000000082900000| Untracked 
|  10|0x0000000082a00000, 0x0000000082a00000, 0x0000000082b00000|  0%| F|  |TAMS 0x0000000082a00000, 0x0000000082a00000| Untracked 
|  11|0x0000000082b00000, 0x0000000082b00000, 0x0000000082c00000|  0%| F|  |TAMS 0x0000000082b00000, 0x0000000082b00000| Untracked 
|  12|0x0000000082c00000, 0x0000000082c00000, 0x0000000082d00000|  0%| F|  |TAMS 0x0000000082c00000, 0x0000000082c00000| Untracked 
|  13|0x0000000082d00000, 0x0000000082d00000, 0x0000000082e00000|  0%| F|  |TAMS 0x0000000082d00000, 0x0000000082d00000| Untracked 
|  14|0x0000000082e00000, 0x0000000082e00000, 0x0000000082f00000|  0%| F|  |TAMS 0x0000000082e00000, 0x0000000082e00000| Untracked 
|  15|0x0000000082f00000, 0x0000000082f00000, 0x0000000083000000|  0%| F|  |TAMS 0x0000000082f00000, 0x0000000082f00000| Untracked 
|  16|0x0000000083000000, 0x0000000083000000, 0x0000000083100000|  0%| F|  |TAMS 0x0000000083000000, 0x0000000083000000| Untracked 
|  17|0x0000000083100000, 0x0000000083100000, 0x0000000083200000|  0%| F|  |TAMS 0x0000000083100000, 0x0000000083100000| Untracked 
|  18|0x0000000083200000, 0x0000000083200000, 0x0000000083300000|  0%| F|  |TAMS 0x0000000083200000, 0x0000000083200000| Untracked 
|  19|0x0000000083300000, 0x0000000083300000, 0x0000000083400000|  0%| F|  |TAMS 0x0000000083300000, 0x0000000083300000| Untracked 
|  20|0x0000000083400000, 0x0000000083400000, 0x0000000083500000|  0%| F|  |TAMS 0x0000000083400000, 0x0000000083400000| Untracked 
|  21|0x0000000083500000, 0x0000000083500000, 0x0000000083600000|  0%| F|  |TAMS 0x0000000083500000, 0x0000000083500000| Untracked 
|  22|0x0000000083600000, 0x0000000083600000, 0x0000000083700000|  0%| F|  |TAMS 0x0000000083600000, 0x0000000083600000| Untracked 
|  23|0x0000000083700000, 0x0000000083700000, 0x0000000083800000|  0%| F|  |TAMS 0x0000000083700000, 0x0000000083700000| Untracked 
|  24|0x0000000083800000, 0x0000000083800000, 0x0000000083900000|  0%| F|  |TAMS 0x0000000083800000, 0x0000000083800000| Untracked 
|  25|0x0000000083900000, 0x0000000083900000, 0x0000000083a00000|  0%| F|  |TAMS 0x0000000083900000, 0x0000000083900000| Untracked 
|  26|0x0000000083a00000, 0x0000000083a00000, 0x0000000083b00000|  0%| F|  |TAMS 0x0000000083a00000, 0x0000000083a00000| Untracked 
|  27|0x0000000083b00000, 0x0000000083b00000, 0x0000000083c00000|  0%| F|  |TAMS 0x0000000083b00000, 0x0000000083b00000| Untracked 
|  28|0x0000000083c00000, 0x0000000083c00000, 0x0000000083d00000|  0%| F|  |TAMS 0x0000000083c00000, 0x0000000083c00000| Untracked 
|  29|0x0000000083d00000, 0x0000000083d00000, 0x0000000083e00000|  0%| F|  |TAMS 0x0000000083d00000, 0x0000000083d00000| Untracked 
|  30|0x0000000083e00000, 0x0000000083e00000, 0x0000000083f00000|  0%| F|  |TAMS 0x0000000083e00000, 0x0000000083e00000| Untracked 
|  31|0x0000000083f00000, 0x0000000083f00000, 0x0000000084000000|  0%| F|  |TAMS 0x0000000083f00000, 0x0000000083f00000| Untracked 
|  32|0x0000000084000000, 0x0000000084000000, 0x0000000084100000|  0%| F|  |TAMS 0x0000000084000000, 0x0000000084000000| Untracked 
|  33|0x0000000084100000, 0x0000000084100000, 0x0000000084200000|  0%| F|  |TAMS 0x0000000084100000, 0x0000000084100000| Untracked 
|  34|0x0000000084200000, 0x0000000084200000, 0x0000000084300000|  0%| F|  |TAMS 0x0000000084200000, 0x0000000084200000| Untracked 
|  35|0x0000000084300000, 0x0000000084300000, 0x0000000084400000|  0%| F|  |TAMS 0x0000000084300000, 0x0000000084300000| Untracked 
|  36|0x0000000084400000, 0x0000000084400000, 0x0000000084500000|  0%| F|  |TAMS 0x0000000084400000, 0x0000000084400000| Untracked 
|  37|0x0000000084500000, 0x0000000084500000, 0x0000000084600000|  0%| F|  |TAMS 0x0000000084500000, 0x0000000084500000| Untracked 
|  38|0x0000000084600000, 0x0000000084600000, 0x0000000084700000|  0%| F|  |TAMS 0x0000000084600000, 0x0000000084600000| Untracked 
|  39|0x0000000084700000, 0x0000000084700000, 0x0000000084800000|  0%| F|  |TAMS 0x0000000084700000, 0x0000000084700000| Untracked 
|  40|0x0000000084800000, 0x0000000084800000, 0x0000000084900000|  0%| F|  |TAMS 0x0000000084800000, 0x0000000084800000| Untracked 
|  41|0x0000000084900000, 0x0000000084900000, 0x0000000084a00000|  0%| F|  |TAMS 0x0000000084900000, 0x0000000084900000| Untracked 
|  42|0x0000000084a00000, 0x0000000084a00000, 0x0000000084b00000|  0%| F|  |TAMS 0x0000000084a00000, 0x0000000084a00000| Untracked 
|  43|0x0000000084b00000, 0x0000000084b00000, 0x0000000084c00000|  0%| F|  |TAMS 0x0000000084b00000, 0x0000000084b00000| Untracked 
|  44|0x0000000084c00000, 0x0000000084c00000, 0x0000000084d00000|  0%| F|  |TAMS 0x0000000084c00000, 0x0000000084c00000| Untracked 
|  45|0x0000000084d00000, 0x0000000084d00000, 0x0000000084e00000|  0%| F|  |TAMS 0x0000000084d00000, 0x0000000084d00000| Untracked 
|  46|0x0000000084e00000, 0x0000000084e00000, 0x0000000084f00000|  0%| F|  |TAMS 0x0000000084e00000, 0x0000000084e00000| Untracked 
|  47|0x0000000084f00000, 0x0000000084f00000, 0x0000000085000000|  0%| F|  |TAMS 0x0000000084f00000, 0x0000000084f00000| Untracked 
|  48|0x0000000085000000, 0x0000000085000000, 0x0000000085100000|  0%| F|  |TAMS 0x0000000085000000, 0x0000000085000000| Untracked 
|  49|0x0000000085100000, 0x0000000085100000, 0x0000000085200000|  0%| F|  |TAMS 0x0000000085100000, 0x0000000085100000| Untracked 
|  50|0x0000000085200000, 0x0000000085200000, 0x0000000085300000|  0%| F|  |TAMS 0x0000000085200000, 0x0000000085200000| Untracked 
|  51|0x0000000085300000, 0x0000000085300000, 0x0000000085400000|  0%| F|  |TAMS 0x0000000085300000, 0x0000000085300000| Untracked 
|  52|0x0000000085400000, 0x0000000085400000, 0x0000000085500000|  0%| F|  |TAMS 0x0000000085400000, 0x0000000085400000| Untracked 
|  53|0x0000000085500000, 0x0000000085500000, 0x0000000085600000|  0%| F|  |TAMS 0x0000000085500000, 0x0000000085500000| Untracked 
|  54|0x0000000085600000, 0x0000000085600000, 0x0000000085700000|  0%| F|  |TAMS 0x0000000085600000, 0x0000000085600000| Untracked 
|  55|0x0000000085700000, 0x0000000085700000, 0x0000000085800000|  0%| F|  |TAMS 0x0000000085700000, 0x0000000085700000| Untracked 
|  56|0x0000000085800000, 0x0000000085800000, 0x0000000085900000|  0%| F|  |TAMS 0x0000000085800000, 0x0000000085800000| Untracked 
|  57|0x0000000085900000, 0x0000000085900000, 0x0000000085a00000|  0%| F|  |TAMS 0x0000000085900000, 0x0000000085900000| Untracked 
|  58|0x0000000085a00000, 0x0000000085a00000, 0x0000000085b00000|  0%| F|  |TAMS 0x0000000085a00000, 0x0000000085a00000| Untracked 
|  59|0x0000000085b00000, 0x0000000085b00000, 0x0000000085c00000|  0%| F|  |TAMS 0x0000000085b00000, 0x0000000085b00000| Untracked 
|  60|0x0000000085c00000, 0x0000000085c00000, 0x0000000085d00000|  0%| F|  |TAMS 0x0000000085c00000, 0x0000000085c00000| Untracked 
|  61|0x0000000085d00000, 0x0000000085d00000, 0x0000000085e00000|  0%| F|  |TAMS 0x0000000085d00000, 0x0000000085d00000| Untracked 
|  62|0x0000000085e00000, 0x0000000085e00000, 0x0000000085f00000|  0%| F|  |TAMS 0x0000000085e00000, 0x0000000085e00000| Untracked 
|  63|0x0000000085f00000, 0x0000000085f00000, 0x0000000086000000|  0%| F|  |TAMS 0x0000000085f00000, 0x0000000085f00000| Untracked 
|  64|0x0000000086000000, 0x0000000086000000, 0x0000000086100000|  0%| F|  |TAMS 0x0000000086000000, 0x0000000086000000| Untracked 
|  65|0x0000000086100000, 0x0000000086100000, 0x0000000086200000|  0%| F|  |TAMS 0x0000000086100000, 0x0000000086100000| Untracked 
|  66|0x0000000086200000, 0x0000000086200000, 0x0000000086300000|  0%| F|  |TAMS 0x0000000086200000, 0x0000000086200000| Untracked 
|  67|0x0000000086300000, 0x0000000086300000, 0x0000000086400000|  0%| F|  |TAMS 0x0000000086300000, 0x0000000086300000| Untracked 
|  68|0x0000000086400000, 0x0000000086400000, 0x0000000086500000|  0%| F|  |TAMS 0x0000000086400000, 0x0000000086400000| Untracked 
|  69|0x0000000086500000, 0x0000000086500000, 0x0000000086600000|  0%| F|  |TAMS 0x0000000086500000, 0x0000000086500000| Untracked 
|  70|0x0000000086600000, 0x0000000086600000, 0x0000000086700000|  0%| F|  |TAMS 0x0000000086600000, 0x0000000086600000| Untracked 
|  71|0x0000000086700000, 0x0000000086700000, 0x0000000086800000|  0%| F|  |TAMS 0x0000000086700000, 0x0000000086700000| Untracked 
|  72|0x0000000086800000, 0x0000000086800000, 0x0000000086900000|  0%| F|  |TAMS 0x0000000086800000, 0x0000000086800000| Untracked 
|  73|0x0000000086900000, 0x0000000086900000, 0x0000000086a00000|  0%| F|  |TAMS 0x0000000086900000, 0x0000000086900000| Untracked 
|  74|0x0000000086a00000, 0x0000000086a00000, 0x0000000086b00000|  0%| F|  |TAMS 0x0000000086a00000, 0x0000000086a00000| Untracked 
|  75|0x0000000086b00000, 0x0000000086b00000, 0x0000000086c00000|  0%| F|  |TAMS 0x0000000086b00000, 0x0000000086b00000| Untracked 
|  76|0x0000000086c00000, 0x0000000086c00000, 0x0000000086d00000|  0%| F|  |TAMS 0x0000000086c00000, 0x0000000086c00000| Untracked 
|  77|0x0000000086d00000, 0x0000000086d00000, 0x0000000086e00000|  0%| F|  |TAMS 0x0000000086d00000, 0x0000000086d00000| Untracked 
|  78|0x0000000086e00000, 0x0000000086e00000, 0x0000000086f00000|  0%| F|  |TAMS 0x0000000086e00000, 0x0000000086e00000| Untracked 
|  79|0x0000000086f00000, 0x0000000086f00000, 0x0000000087000000|  0%| F|  |TAMS 0x0000000086f00000, 0x0000000086f00000| Untracked 
|  80|0x0000000087000000, 0x0000000087000000, 0x0000000087100000|  0%| F|  |TAMS 0x0000000087000000, 0x0000000087000000| Untracked 
|  81|0x0000000087100000, 0x0000000087100000, 0x0000000087200000|  0%| F|  |TAMS 0x0000000087100000, 0x0000000087100000| Untracked 
|  82|0x0000000087200000, 0x0000000087200000, 0x0000000087300000|  0%| F|  |TAMS 0x0000000087200000, 0x0000000087200000| Untracked 
|  83|0x0000000087300000, 0x0000000087300000, 0x0000000087400000|  0%| F|  |TAMS 0x0000000087300000, 0x0000000087300000| Untracked 
|  84|0x0000000087400000, 0x0000000087400000, 0x0000000087500000|  0%| F|  |TAMS 0x0000000087400000, 0x0000000087400000| Untracked 
|  85|0x0000000087500000, 0x0000000087500000, 0x0000000087600000|  0%| F|  |TAMS 0x0000000087500000, 0x0000000087500000| Untracked 
|  86|0x0000000087600000, 0x0000000087600000, 0x0000000087700000|  0%| F|  |TAMS 0x0000000087600000, 0x0000000087600000| Untracked 
|  87|0x0000000087700000, 0x0000000087700000, 0x0000000087800000|  0%| F|  |TAMS 0x0000000087700000, 0x0000000087700000| Untracked 
|  88|0x0000000087800000, 0x0000000087800000, 0x0000000087900000|  0%| F|  |TAMS 0x0000000087800000, 0x0000000087800000| Untracked 
|  89|0x0000000087900000, 0x0000000087900000, 0x0000000087a00000|  0%| F|  |TAMS 0x0000000087900000, 0x0000000087900000| Untracked 
|  90|0x0000000087a00000, 0x0000000087a00000, 0x0000000087b00000|  0%| F|  |TAMS 0x0000000087a00000, 0x0000000087a00000| Untracked 
|  91|0x0000000087b00000, 0x0000000087b00000, 0x0000000087c00000|  0%| F|  |TAMS 0x0000000087b00000, 0x0000000087b00000| Untracked 
|  92|0x0000000087c00000, 0x0000000087c00000, 0x0000000087d00000|  0%| F|  |TAMS 0x0000000087c00000, 0x0000000087c00000| Untracked 
|  93|0x0000000087d00000, 0x0000000087d00000, 0x0000000087e00000|  0%| F|  |TAMS 0x0000000087d00000, 0x0000000087d00000| Untracked 
|  94|0x0000000087e00000, 0x0000000087e00000, 0x0000000087f00000|  0%| F|  |TAMS 0x0000000087e00000, 0x0000000087e00000| Untracked 
|  95|0x0000000087f00000, 0x0000000087f00000, 0x0000000088000000|  0%| F|  |TAMS 0x0000000087f00000, 0x0000000087f00000| Untracked 
|  96|0x0000000088000000, 0x0000000088000000, 0x0000000088100000|  0%| F|  |TAMS 0x0000000088000000, 0x0000000088000000| Untracked 
|  97|0x0000000088100000, 0x0000000088100000, 0x0000000088200000|  0%| F|  |TAMS 0x0000000088100000, 0x0000000088100000| Untracked 
|  98|0x0000000088200000, 0x0000000088200000, 0x0000000088300000|  0%| F|  |TAMS 0x0000000088200000, 0x0000000088200000| Untracked 
|  99|0x0000000088300000, 0x0000000088300000, 0x0000000088400000|  0%| F|  |TAMS 0x0000000088300000, 0x0000000088300000| Untracked 
| 100|0x0000000088400000, 0x0000000088500000, 0x0000000088500000|100%| S|CS|TAMS 0x0000000088400000, 0x0000000088400000| Complete 
| 101|0x0000000088500000, 0x0000000088600000, 0x0000000088600000|100%| S|CS|TAMS 0x0000000088500000, 0x0000000088500000| Complete 
| 102|0x0000000088600000, 0x0000000088700000, 0x0000000088700000|100%| S|CS|TAMS 0x0000000088600000, 0x0000000088600000| Complete 
| 103|0x0000000088700000, 0x0000000088700000, 0x0000000088800000|  0%| F|  |TAMS 0x0000000088700000, 0x0000000088700000| Untracked 
| 104|0x0000000088800000, 0x0000000088800000, 0x0000000088900000|  0%| F|  |TAMS 0x0000000088800000, 0x0000000088800000| Untracked 
| 105|0x0000000088900000, 0x0000000088900000, 0x0000000088a00000|  0%| F|  |TAMS 0x0000000088900000, 0x0000000088900000| Untracked 
| 106|0x0000000088a00000, 0x0000000088a00000, 0x0000000088b00000|  0%| F|  |TAMS 0x0000000088a00000, 0x0000000088a00000| Untracked 
| 107|0x0000000088b00000, 0x0000000088b00000, 0x0000000088c00000|  0%| F|  |TAMS 0x0000000088b00000, 0x0000000088b00000| Untracked 
| 108|0x0000000088c00000, 0x0000000088c00000, 0x0000000088d00000|  0%| F|  |TAMS 0x0000000088c00000, 0x0000000088c00000| Untracked 
| 109|0x0000000088d00000, 0x0000000088d00000, 0x0000000088e00000|  0%| F|  |TAMS 0x0000000088d00000, 0x0000000088d00000| Untracked 
| 110|0x0000000088e00000, 0x0000000088e00000, 0x0000000088f00000|  0%| F|  |TAMS 0x0000000088e00000, 0x0000000088e00000| Untracked 
| 111|0x0000000088f00000, 0x0000000088f00000, 0x0000000089000000|  0%| F|  |TAMS 0x0000000088f00000, 0x0000000088f00000| Untracked 
| 112|0x0000000089000000, 0x0000000089000000, 0x0000000089100000|  0%| F|  |TAMS 0x0000000089000000, 0x0000000089000000| Untracked 
| 113|0x0000000089100000, 0x0000000089100000, 0x0000000089200000|  0%| F|  |TAMS 0x0000000089100000, 0x0000000089100000| Untracked 
| 114|0x0000000089200000, 0x0000000089200000, 0x0000000089300000|  0%| F|  |TAMS 0x0000000089200000, 0x0000000089200000| Untracked 
| 115|0x0000000089300000, 0x0000000089300000, 0x0000000089400000|  0%| F|  |TAMS 0x0000000089300000, 0x0000000089300000| Untracked 
| 116|0x0000000089400000, 0x0000000089400000, 0x0000000089500000|  0%| F|  |TAMS 0x0000000089400000, 0x0000000089400000| Untracked 
| 117|0x0000000089500000, 0x0000000089500000, 0x0000000089600000|  0%| F|  |TAMS 0x0000000089500000, 0x0000000089500000| Untracked 
| 118|0x0000000089600000, 0x0000000089600000, 0x0000000089700000|  0%| F|  |TAMS 0x0000000089600000, 0x0000000089600000| Untracked 
| 119|0x0000000089700000, 0x0000000089700000, 0x0000000089800000|  0%| F|  |TAMS 0x0000000089700000, 0x0000000089700000| Untracked 
| 120|0x0000000089800000, 0x0000000089800000, 0x0000000089900000|  0%| F|  |TAMS 0x0000000089800000, 0x0000000089800000| Untracked 
| 121|0x0000000089900000, 0x0000000089900000, 0x0000000089a00000|  0%| F|  |TAMS 0x0000000089900000, 0x0000000089900000| Untracked 
| 122|0x0000000089a00000, 0x0000000089a00000, 0x0000000089b00000|  0%| F|  |TAMS 0x0000000089a00000, 0x0000000089a00000| Untracked 
| 123|0x0000000089b00000, 0x0000000089b7d618, 0x0000000089c00000| 48%| E|  |TAMS 0x0000000089b00000, 0x0000000089b00000| Complete 
| 124|0x0000000089c00000, 0x0000000089d00000, 0x0000000089d00000|100%| E|CS|TAMS 0x0000000089c00000, 0x0000000089c00000| Complete 
| 125|0x0000000089d00000, 0x0000000089e00000, 0x0000000089e00000|100%| E|CS|TAMS 0x0000000089d00000, 0x0000000089d00000| Complete 

Card table byte_map: [0x0000020649650000,0x0000020649a40000] _byte_map_base: 0x0000020649240000

Marking Bits (Prev, Next): (CMBitMap*) 0x0000020631d35b60, (CMBitMap*) 0x0000020631d35ba0
 Prev Bits: [0x0000020649e30000, 0x000002064bdb0000)
 Next Bits: [0x000002064bdb0000, 0x000002064dd30000)

Polling page: 0x000002062fc90000

Metaspace:

Usage:
  Non-class:     15.52 MB capacity,    15.37 MB ( 99%) used,   137.85 KB ( <1%) free+waste,    22.81 KB ( <1%) overhead. 
      Class:      2.06 MB capacity,     1.97 MB ( 95%) used,    86.73 KB (  4%) free+waste,     8.69 KB ( <1%) overhead. 
       Both:     17.59 MB capacity,    17.34 MB ( 99%) used,   224.58 KB (  1%) free+waste,    31.50 KB ( <1%) overhead. 

Virtual space:
  Non-class space:       18.00 MB reserved,      15.75 MB ( 88%) committed 
      Class space:        1.00 GB reserved,       2.12 MB ( <1%) committed 
             Both:        1.02 GB reserved,      17.88 MB (  2%) committed 

Chunk freelists:
   Non-Class:  40.00 KB
       Class:  0 bytes
        Both:  40.00 KB

MaxMetaspaceSize: 17179869184.00 GB
CompressedClassSpaceSize: 1.00 GB

CodeHeap 'non-profiled nmethods': size=120000Kb used=531Kb max_used=531Kb free=119468Kb
 bounds [0x0000020641a00000, 0x0000020641c70000, 0x0000020648f30000]
CodeHeap 'profiled nmethods': size=120000Kb used=3589Kb max_used=3589Kb free=116410Kb
 bounds [0x000002063a4d0000, 0x000002063a860000, 0x0000020641a00000]
CodeHeap 'non-nmethods': size=5760Kb used=1371Kb max_used=1387Kb free=4388Kb
 bounds [0x0000020639f30000, 0x000002063a1a0000, 0x000002063a4d0000]
 total_blobs=2655 nmethods=1971 adapters=596
 compilation: enabled
              stopped_count=0, restarted_count=0
 full_count=0

Compilation events (20 events):
Event: 11.247 Thread 0x00000206507a73d0 nmethod 1933 0x000002063a837790 code [0x000002063a837940, 0x000002063a837a88]
Event: 11.247 Thread 0x00000206507a73d0 1934       1       java.time.zone.ZoneOffsetTransition::getOffsetAfter (5 bytes)
Event: 11.247 Thread 0x00000206507a73d0 nmethod 1934 0x0000020641a83c90 code [0x0000020641a83e20, 0x0000020641a83ed8]
Event: 11.247 Thread 0x00000206507a73d0 1935       1       java.time.zone.ZoneOffsetTransition::getOffsetBefore (5 bytes)
Event: 11.247 Thread 0x00000206507a73d0 nmethod 1935 0x0000020641a83f90 code [0x0000020641a84120, 0x0000020641a841d8]
Event: 11.247 Thread 0x00000206507a73d0 1938       3       java.lang.ref.ReferenceQueue::reallyPoll (65 bytes)
Event: 11.247 Thread 0x00000206507a73d0 nmethod 1938 0x000002063a837b90 code [0x000002063a837d60, 0x000002063a838278]
Event: 11.247 Thread 0x00000206507a73d0 1939       3       java.lang.invoke.InfoFromMemberName::getDeclaringClass (8 bytes)
Event: 11.247 Thread 0x00000206507a73d0 nmethod 1939 0x000002063a838390 code [0x000002063a838520, 0x000002063a838638]
Event: 11.248 Thread 0x00000206507a73d0 1940       3       java.lang.Math::floorMod (29 bytes)
Event: 11.248 Thread 0x00000206507a73d0 nmethod 1940 0x000002063a838710 code [0x000002063a8388a0, 0x000002063a838a58]
Event: 11.248 Thread 0x00000206507a73d0 1941       3       java.lang.String::valueOf (39 bytes)
Event: 11.248 Thread 0x00000206507a73d0 nmethod 1941 0x000002063a838b10 code [0x000002063a838d00, 0x000002063a8393f8]
Event: 11.248 Thread 0x00000206507a73d0 1943  s!   3       java.net.URLStreamHandler::getHostAddress (52 bytes)
Event: 11.249 Thread 0x00000206507a73d0 nmethod 1943 0x000002063a839610 code [0x000002063a8397e0, 0x000002063a839d28]
Event: 11.249 Thread 0x00000206507a73d0 1942       3       java.lang.StringLatin1::toBytes (9 bytes)
Event: 11.249 Thread 0x00000206507a73d0 nmethod 1942 0x000002063a839e90 code [0x000002063a83a020, 0x000002063a83a1b8]
Event: 11.250 Thread 0x00000206507a73d0 1944       3       java.util.Collections$SetFromMap::add (22 bytes)
Event: 11.250 Thread 0x00000206507a73d0 nmethod 1944 0x000002063a83a290 code [0x000002063a83a440, 0x000002063a83a668]
Event: 11.250 Thread 0x00000206507a73d0 1945       3       oracle.net.jdbc.nl.NVTokens::_addToken (10 bytes)

GC Heap History (2 events):
Event: 11.209 GC heap before
{Heap before GC invocations=0 (full 0):
 garbage-first heap   total 129024K, used 28672K [0x0000000082000000, 0x0000000100000000)
  region size 1024K, 23 young (23552K), 0 survivors (0K)
 Metaspace       used 16822K, capacity 17048K, committed 17152K, reserved 1064960K
  class space    used 1914K, capacity 1984K, committed 2048K, reserved 1048576K
}
Event: 11.217 GC heap after
{Heap after GC invocations=1 (full 0):
 garbage-first heap   total 129024K, used 11108K [0x0000000082000000, 0x0000000100000000)
  region size 1024K, 3 young (3072K), 3 survivors (3072K)
 Metaspace       used 16822K, capacity 17048K, committed 17152K, reserved 1064960K
  class space    used 1914K, capacity 1984K, committed 2048K, reserved 1048576K
}

Deoptimization events (20 events):
Event: 10.929 Thread 0x0000020651f4b800 DEOPT PACKING pc=0x0000020641a635dc sp=0x0000005b26bfce20
Event: 10.929 Thread 0x0000020651f4b800 DEOPT UNPACKING pc=0x0000020639f7e42f sp=0x0000005b26bfcd98 mode 2
Event: 10.930 Thread 0x0000020651f4b800 Uncommon trap: trap_request=0xffffffbe fr.pc=0x0000020641a635dc relative=0x000000000000029c
Event: 10.930 Thread 0x0000020651f4b800 Uncommon trap: reason=profile_predicate action=maybe_recompile pc=0x0000020641a635dc method=java.util.Arrays.binarySearch0([Ljava/lang/Object;IILjava/lang/Object;Ljava/util/Comparator;)I @ 25 c2
Event: 10.930 Thread 0x0000020651f4b800 DEOPT PACKING pc=0x0000020641a635dc sp=0x0000005b26bfd060
Event: 10.930 Thread 0x0000020651f4b800 DEOPT UNPACKING pc=0x0000020639f7e42f sp=0x0000005b26bfcfd8 mode 2
Event: 10.930 Thread 0x0000020651f4b800 Uncommon trap: trap_request=0xffffffbe fr.pc=0x0000020641a635dc relative=0x000000000000029c
Event: 10.930 Thread 0x0000020651f4b800 Uncommon trap: reason=profile_predicate action=maybe_recompile pc=0x0000020641a635dc method=java.util.Arrays.binarySearch0([Ljava/lang/Object;IILjava/lang/Object;Ljava/util/Comparator;)I @ 25 c2
Event: 10.930 Thread 0x0000020651f4b800 DEOPT PACKING pc=0x0000020641a635dc sp=0x0000005b26bfd060
Event: 10.930 Thread 0x0000020651f4b800 DEOPT UNPACKING pc=0x0000020639f7e42f sp=0x0000005b26bfcfd8 mode 2
Event: 10.949 Thread 0x0000020651f4b800 Uncommon trap: trap_request=0xffffff45 fr.pc=0x0000020641a4db0c relative=0x00000000000001ec
Event: 10.949 Thread 0x0000020651f4b800 Uncommon trap: reason=unstable_if action=reinterpret pc=0x0000020641a4db0c method=java.lang.String.startsWith(Ljava/lang/String;I)Z @ 14 c2
Event: 10.949 Thread 0x0000020651f4b800 DEOPT PACKING pc=0x0000020641a4db0c sp=0x0000005b26bfcf30
Event: 10.949 Thread 0x0000020651f4b800 DEOPT UNPACKING pc=0x0000020639f7e42f sp=0x0000005b26bfce90 mode 2
Event: 11.015 Thread 0x0000020651f4b800 Uncommon trap: trap_request=0xffffff45 fr.pc=0x0000020641a7317c relative=0x000000000000025c
Event: 11.015 Thread 0x0000020651f4b800 Uncommon trap: reason=unstable_if action=reinterpret pc=0x0000020641a7317c method=java.io.BufferedReader.read()I @ 19 c2
Event: 11.015 Thread 0x0000020651f4b800 DEOPT PACKING pc=0x0000020641a7317c sp=0x0000005b26bfce20
Event: 11.016 Thread 0x0000020651f4b800 DEOPT UNPACKING pc=0x0000020639f7e42f sp=0x0000005b26bfcdd0 mode 2
Event: 11.134 Thread 0x0000020651f4b800 DEOPT PACKING pc=0x000002063a612c3d sp=0x0000005b26bf9b30
Event: 11.134 Thread 0x0000020651f4b800 DEOPT UNPACKING pc=0x0000020639f7e23f sp=0x0000005b26bf8f80 mode 0

Classes unloaded (0 events):
No events

Classes redefined (0 events):
No events

Internal exceptions (20 events):
Event: 0.347 Thread 0x0000020651f4b800 Exception <a 'java/lang/ClassNotFoundException'{0x000000008981f3c8}: com/sun/swing/internal/plaf/synth/resources/spi/synthProvider> (0x000000008981f3c8) 
thrown [./open/src/hotspot/share/classfile/systemDictionary.cpp, line 295]
Event: 0.414 Thread 0x0000020651fa7b50 Exception <a 'java/lang/NoSuchMethodError'{0x00000000898f7ee8}: 'java.lang.Object java.lang.invoke.DirectMethodHandle$Holder.newInvokeSpecial(java.lang.Object, java.lang.Object, java.lang.Object, int, int, int, int, int)'> (0x00000000898f7ee8) 
thrown [./open/src/hotspot/share/interpreter/linkResolver.cpp, line 782]
Event: 0.512 Thread 0x0000020651f4b800 Exception <a 'java/lang/NoSuchMethodError'{0x0000000089525ba8}: 'void java.lang.invoke.DirectMethodHandle$Holder.invokeStaticInit(java.lang.Object)'> (0x0000000089525ba8) 
thrown [./open/src/hotspot/share/interpreter/linkResolver.cpp, line 782]
Event: 10.902 Thread 0x0000020651f4b800 Exception <a 'java/lang/NoSuchMethodError'{0x0000000089184970}: 'java.lang.Object java.lang.invoke.DirectMethodHandle$Holder.invokeInterface(java.lang.Object, java.lang.Object)'> (0x0000000089184970) 
thrown [./open/src/hotspot/share/interpreter/linkResolver.cpp, line 782]
Event: 10.903 Thread 0x0000020651f4b800 Exception <a 'java/lang/NoSuchMethodError'{0x000000008918d2d0}: 'java.lang.Object java.lang.invoke.DirectMethodHandle$Holder.invokeStaticInit(java.lang.Object, java.lang.Object, java.lang.Object)'> (0x000000008918d2d0) 
thrown [./open/src/hotspot/share/interpreter/linkResolver.cpp, line 782]
Event: 10.907 Thread 0x0000020651f4b800 Exception <a 'java/lang/NoSuchMethodError'{0x00000000891aaa38}: 'int java.lang.invoke.DirectMethodHandle$Holder.invokeInterface(java.lang.Object, java.lang.Object)'> (0x00000000891aaa38) 
thrown [./open/src/hotspot/share/interpreter/linkResolver.cpp, line 782]
Event: 10.908 Thread 0x0000020651f4b800 Exception <a 'java/lang/IncompatibleClassChangeError'{0x00000000891ae4d8}: Found class java.lang.Object, but interface was expected> (0x00000000891ae4d8) 
thrown [./open/src/hotspot/share/interpreter/linkResolver.cpp, line 848]
Event: 10.908 Thread 0x0000020651f4b800 Exception <a 'java/lang/NoSuchMethodError'{0x00000000891b4b68}: 'void java.lang.invoke.DirectMethodHandle$Holder.invokeStatic(java.lang.Object, java.lang.Object)'> (0x00000000891b4b68) 
thrown [./open/src/hotspot/share/interpreter/linkResolver.cpp, line 782]
Event: 10.940 Thread 0x0000020651f4b800 Exception <a 'java/lang/NoSuchMethodError'{0x000000008903b9a8}: 'int java.lang.invoke.DirectMethodHandle$Holder.invokeSpecial(java.lang.Object, java.lang.Object, java.lang.Object)'> (0x000000008903b9a8) 
thrown [./open/src/hotspot/share/interpreter/linkResolver.cpp, line 782]
Event: 10.975 Thread 0x0000020651f4b800 Exception <a 'java/lang/NoSuchMethodError'{0x0000000088f00dc0}: 'void java.lang.invoke.DirectMethodHandle$Holder.invokeStatic(java.lang.Object, java.lang.Object, java.lang.Object)'> (0x0000000088f00dc0) 
thrown [./open/src/hotspot/share/interpreter/linkResolver.cpp, line 782]
Event: 11.152 Thread 0x0000020651f4b800 Exception <a 'java/lang/NoSuchMethodError'{0x0000000088aa32a8}: 'int java.lang.invoke.DirectMethodHandle$Holder.invokeStaticInit(java.lang.Object, java.lang.Object, java.lang.Object, java.lang.Object)'> (0x0000000088aa32a8) 
thrown [./open/src/hotspot/share/interpreter/linkResolver.cpp, line 782]
Event: 11.152 Thread 0x0000020651f4b800 Exception <a 'java/lang/IncompatibleClassChangeError'{0x0000000088aacde0}: Found class java.lang.Object, but interface was expected> (0x0000000088aacde0) 
thrown [./open/src/hotspot/share/interpreter/linkResolver.cpp, line 848]
Event: 11.153 Thread 0x0000020651f4b800 Exception <a 'java/lang/NoSuchMethodError'{0x0000000088aaff08}: 'void java.lang.invoke.DirectMethodHandle$Holder.invokeStaticInit(java.lang.Object, java.lang.Object)'> (0x0000000088aaff08) 
thrown [./open/src/hotspot/share/interpreter/linkResolver.cpp, line 782]
Event: 11.154 Thread 0x0000020651f4b800 Exception <a 'java/lang/NoSuchMethodError'{0x0000000088ab7480}: 'int java.lang.invoke.DirectMethodHandle$Holder.invokeStaticInit(java.lang.Object, java.lang.Object)'> (0x0000000088ab7480) 
thrown [./open/src/hotspot/share/interpreter/linkResolver.cpp, line 782]
Event: 11.171 Thread 0x0000020651f4b800 Exception <a 'java/lang/NoSuchMethodError'{0x000000008891ae18}: 'java.lang.Object java.lang.invoke.DirectMethodHandle$Holder.invokeStaticInit(java.lang.Object, int, int, int, int)'> (0x000000008891ae18) 
thrown [./open/src/hotspot/share/interpreter/linkResolver.cpp, line 782]
Event: 11.173 Thread 0x0000020651f4b800 Exception <a 'sun/nio/fs/WindowsException'{0x0000000088921910}> (0x0000000088921910) 
thrown [./open/src/hotspot/share/prims/jni.cpp, line 578]
Event: 11.183 Thread 0x0000020651f4b800 Exception <a 'java/lang/NoSuchMethodError'{0x0000000088953f18}: 'java.lang.Object java.lang.invoke.DirectMethodHandle$Holder.newInvokeSpecial(java.lang.Object, int, java.lang.Object)'> (0x0000000088953f18) 
thrown [./open/src/hotspot/share/interpreter/linkResolver.cpp, line 782]
Event: 11.184 Thread 0x0000020651f4b800 Exception <a 'sun/nio/fs/WindowsException'{0x00000000889585f8}> (0x00000000889585f8) 
thrown [./open/src/hotspot/share/prims/jni.cpp, line 578]
Event: 11.184 Thread 0x0000020651f4b800 Exception <a 'sun/nio/fs/WindowsException'{0x0000000088958d10}> (0x0000000088958d10) 
thrown [./open/src/hotspot/share/prims/jni.cpp, line 578]
Event: 11.184 Thread 0x0000020651f4b800 Exception <a 'sun/nio/fs/WindowsException'{0x0000000088958fe0}> (0x0000000088958fe0) 
thrown [./open/src/hotspot/share/prims/jni.cpp, line 578]

Events (20 events):
Event: 11.245 loading class java/time/Month done
Event: 11.245 loading class java/time/DayOfWeek
Event: 11.245 loading class java/time/DayOfWeek done
Event: 11.245 loading class java/time/zone/ZoneOffsetTransitionRule$TimeDefinition
Event: 11.245 loading class java/time/zone/ZoneOffsetTransitionRule$TimeDefinition done
Event: 11.246 loading class java/time/zone/ZoneOffsetTransition
Event: 11.246 loading class java/time/zone/ZoneOffsetTransition done
Event: 11.247 loading class java/time/temporal/TemporalAdjusters
Event: 11.247 loading class java/time/temporal/TemporalAdjusters done
Event: 11.248 loading class java/time/zone/ZoneOffsetTransitionRule$1
Event: 11.248 loading class java/time/zone/ZoneOffsetTransitionRule$1 done
Event: 11.248 loading class java/time/LocalDateTime$1
Event: 11.248 loading class java/time/LocalDateTime$1 done
Event: 11.249 loading class java/nio/channels/SocketChannel
Event: 11.249 loading class java/nio/channels/NetworkChannel
Event: 11.249 loading class java/nio/channels/NetworkChannel done
Event: 11.249 loading class java/nio/channels/spi/AbstractSelectableChannel
Event: 11.249 loading class java/nio/channels/spi/AbstractSelectableChannel done
Event: 11.249 loading class java/nio/channels/SocketChannel done
Event: 11.251 Executing VM operation: HandshakeAllThreads


Dynamic libraries:
0x00007ff76e890000 - 0x00007ff76e89f000 	C:\Program Files\Java\jdk-15.0.2\bin\java.exe
0x00007ffaaeb50000 - 0x00007ffaaed45000 	C:\WINDOWS\SYSTEM32\ntdll.dll
0x00007ffaadeb0000 - 0x00007ffaadf6e000 	C:\WINDOWS\System32\KERNEL32.DLL
0x00007ffaac430000 - 0x00007ffaac6f8000 	C:\WINDOWS\System32\KERNELBASE.dll
0x00007ffaac300000 - 0x00007ffaac400000 	C:\WINDOWS\System32\ucrtbase.dll
0x00007ffa6b360000 - 0x00007ffa6b378000 	C:\Program Files\Java\jdk-15.0.2\bin\jli.dll
0x00007ffa69ea0000 - 0x00007ffa69eb9000 	C:\Program Files\Java\jdk-15.0.2\bin\VCRUNTIME140.dll
0x00007ffaadc70000 - 0x00007ffaadd1c000 	C:\WINDOWS\System32\ADVAPI32.dll
0x00007ffaadf70000 - 0x00007ffaae00e000 	C:\WINDOWS\System32\msvcrt.dll
0x00007ffaacce0000 - 0x00007ffaacd7b000 	C:\WINDOWS\System32\sechost.dll
0x00007ffaacba0000 - 0x00007ffaaccca000 	C:\WINDOWS\System32\RPCRT4.dll
0x00007ffaace00000 - 0x00007ffaacfa1000 	C:\WINDOWS\System32\USER32.dll
0x00007ffaac700000 - 0x00007ffaac722000 	C:\WINDOWS\System32\win32u.dll
0x00007ffa88da0000 - 0x00007ffa8903a000 	C:\WINDOWS\WinSxS\amd64_microsoft.windows.common-controls_6595b64144ccf1df_6.0.19041.1110_none_60b5254171f9507e\COMCTL32.dll
0x00007ffaad7d0000 - 0x00007ffaad7fb000 	C:\WINDOWS\System32\GDI32.dll
0x00007ffaac7e0000 - 0x00007ffaac8eb000 	C:\WINDOWS\System32\gdi32full.dll
0x00007ffaaca50000 - 0x00007ffaacaed000 	C:\WINDOWS\System32\msvcp_win.dll
0x00007ffaa3e10000 - 0x00007ffaa3e1a000 	C:\WINDOWS\SYSTEM32\VERSION.dll
0x00007ffaae450000 - 0x00007ffaae480000 	C:\WINDOWS\System32\IMM32.DLL
0x00007ffaa6c10000 - 0x00007ffaa6c1c000 	C:\Program Files\Java\jdk-15.0.2\bin\vcruntime140_1.dll
0x00007ffa64af0000 - 0x00007ffa64b81000 	C:\Program Files\Java\jdk-15.0.2\bin\msvcp140.dll
0x00007ffa5b210000 - 0x00007ffa5bd6e000 	C:\Program Files\Java\jdk-15.0.2\bin\server\jvm.dll
0x00007ffaacfb0000 - 0x00007ffaacfb8000 	C:\WINDOWS\System32\PSAPI.DLL
0x00007ffa84060000 - 0x00007ffa84069000 	C:\WINDOWS\SYSTEM32\WSOCK32.dll
0x00007ffa8c560000 - 0x00007ffa8c587000 	C:\WINDOWS\SYSTEM32\WINMM.dll
0x00007ffaadd20000 - 0x00007ffaadd8b000 	C:\WINDOWS\System32\WS2_32.dll
0x00007ffaaa350000 - 0x00007ffaaa362000 	C:\WINDOWS\SYSTEM32\kernel.appcore.dll
0x00007ffa8eda0000 - 0x00007ffa8edaa000 	C:\Program Files\Java\jdk-15.0.2\bin\jimage.dll
0x00007ffaaa070000 - 0x00007ffaaa254000 	C:\WINDOWS\SYSTEM32\DBGHELP.DLL
0x00007ffaa8e70000 - 0x00007ffaa8e9c000 	C:\WINDOWS\SYSTEM32\dbgcore.DLL
0x00007ffaac270000 - 0x00007ffaac2f3000 	C:\WINDOWS\System32\bcryptPrimitives.dll
0x00007ffa64b90000 - 0x00007ffa64bb5000 	C:\Program Files\Java\jdk-15.0.2\bin\java.dll
0x00007ffaacfc0000 - 0x00007ffaad6ff000 	C:\WINDOWS\System32\SHELL32.dll
0x00007ffaaa370000 - 0x00007ffaaab00000 	C:\WINDOWS\SYSTEM32\windows.storage.dll
0x00007ffaae030000 - 0x00007ffaae385000 	C:\WINDOWS\System32\combase.dll
0x00007ffaabcc0000 - 0x00007ffaabcee000 	C:\WINDOWS\SYSTEM32\Wldp.dll
0x00007ffaad800000 - 0x00007ffaad8ad000 	C:\WINDOWS\System32\SHCORE.dll
0x00007ffaad770000 - 0x00007ffaad7c5000 	C:\WINDOWS\System32\shlwapi.dll
0x00007ffaac1b0000 - 0x00007ffaac1cf000 	C:\WINDOWS\SYSTEM32\profapi.dll
0x00007ffa64a90000 - 0x00007ffa64aa9000 	C:\Program Files\Java\jdk-15.0.2\bin\net.dll
0x00007ffa9b4a0000 - 0x00007ffa9b5ac000 	C:\WINDOWS\SYSTEM32\WINHTTP.dll
0x00007ffaaba20000 - 0x00007ffaaba8a000 	C:\WINDOWS\system32\mswsock.dll
0x00007ffa64a70000 - 0x00007ffa64a82000 	C:\Program Files\Java\jdk-15.0.2\bin\nio.dll
0x00007ffa649f0000 - 0x00007ffa64a08000 	C:\Program Files\Java\jdk-15.0.2\bin\zip.dll
0x00007ffa64870000 - 0x00007ffa649f0000 	C:\Program Files\Java\jdk-15.0.2\bin\awt.dll
0x00007ffaad940000 - 0x00007ffaada0d000 	C:\WINDOWS\System32\OLEAUT32.dll
0x00007ffaa8bf0000 - 0x00007ffaa8c80000 	C:\WINDOWS\SYSTEM32\apphelp.dll
0x00007ffaa8f40000 - 0x00007ffaa8fde000 	C:\WINDOWS\system32\uxtheme.dll
0x00007ffaadd90000 - 0x00007ffaadea5000 	C:\WINDOWS\System32\MSCTF.dll
0x00007ffaae900000 - 0x00007ffaaea2a000 	C:\WINDOWS\System32\ole32.dll
0x00007ffaa9140000 - 0x00007ffaa916f000 	C:\WINDOWS\system32\DWMAPI.DLL
0x00007ffa632e0000 - 0x00007ffa63365000 	C:\Program Files\Java\jdk-15.0.2\bin\freetype.dll
0x00007ffa63230000 - 0x00007ffa632d9000 	C:\Program Files\Java\jdk-15.0.2\bin\fontmanager.dll
0x00007ffa6b810000 - 0x00007ffa6b935000 	C:\WINDOWS\system32\opengl32.dll
0x00007ffa710a0000 - 0x00007ffa710cc000 	C:\WINDOWS\SYSTEM32\GLU32.dll
0x00007ffa96350000 - 0x00007ffa9637d000 	C:\Program Files\Java\jdk-15.0.2\bin\javajpeg.dll
0x00007ffaada10000 - 0x00007ffaadab9000 	C:\WINDOWS\System32\clbcatq.dll
0x00007ffaa2d00000 - 0x00007ffaa2eb4000 	C:\WINDOWS\SYSTEM32\WindowsCodecs.dll
0x00007ffaac400000 - 0x00007ffaac427000 	C:\WINDOWS\System32\bcrypt.dll
0x00007ffa6acb0000 - 0x00007ffa6acee000 	C:\WINDOWS\system32\dataexchange.dll
0x00007ffaa7c30000 - 0x00007ffaa7e94000 	C:\WINDOWS\system32\d3d11.dll
0x00007ffaa8000000 - 0x00007ffaa81e5000 	C:\WINDOWS\system32\dcomp.dll
0x00007ffaaab60000 - 0x00007ffaaac54000 	C:\WINDOWS\system32\dxgi.dll
0x00007ffaa3ed0000 - 0x00007ffaa40d1000 	C:\WINDOWS\system32\twinapi.appcore.dll
0x00007ffa9d4a0000 - 0x00007ffa9d599000 	C:\WINDOWS\SYSTEM32\textinputframework.dll
0x00007ffaa81f0000 - 0x00007ffaa854e000 	C:\WINDOWS\System32\CoreUIComponents.dll
0x00007ffaa88d0000 - 0x00007ffaa89c2000 	C:\WINDOWS\System32\CoreMessaging.dll
0x00007ffaaaf60000 - 0x00007ffaaaf93000 	C:\WINDOWS\SYSTEM32\ntmarta.dll
0x00007ffaa7ea0000 - 0x00007ffaa7ff4000 	C:\WINDOWS\SYSTEM32\wintypes.dll
0x00007ffa96330000 - 0x00007ffa96339000 	C:\Program Files\Java\jdk-15.0.2\bin\management.dll
0x00007ffa96320000 - 0x00007ffa9632b000 	C:\Program Files\Java\jdk-15.0.2\bin\management_ext.dll
0x00007ffaab710000 - 0x00007ffaab7db000 	C:\WINDOWS\SYSTEM32\DNSAPI.dll
0x00007ffaab6c0000 - 0x00007ffaab6fb000 	C:\WINDOWS\SYSTEM32\IPHLPAPI.DLL
0x00007ffaaccd0000 - 0x00007ffaaccd8000 	C:\WINDOWS\System32\NSI.dll
0x0000000051f00000 - 0x0000000051f0a000 	C:\Program Files\National Instruments\Shared\mDNS Responder\nimdnsNSP.dll
0x0000000051ef0000 - 0x0000000051f00000 	C:\WINDOWS\SYSTEM32\nimdnsResponder.dll
0x00007ffaa3590000 - 0x00007ffaa359a000 	C:\Windows\System32\rasadhlp.dll
0x00007ffa9aac0000 - 0x00007ffa9ab3f000 	C:\WINDOWS\System32\fwpuclnt.dll

dbghelp: loaded successfully - version: 4.0.5 - missing functions: none
symbol engine: initialized successfully - sym options: 0x614 - pdb path: .;C:\Program Files\Java\jdk-15.0.2\bin;C:\WINDOWS\SYSTEM32;C:\WINDOWS\WinSxS\amd64_microsoft.windows.common-controls_6595b64144ccf1df_6.0.19041.1110_none_60b5254171f9507e;C:\Program Files\Java\jdk-15.0.2\bin\server;C:\Program Files\National Instruments\Shared\mDNS Responder

VM Arguments:
java_command: project5.mavenproject5.login
java_class_path (initial): C:\Users\hp\Documents\NetBeansProjects\mavenproject5\target\classes;C:\Users\hp\.m2\repository\com\toedter\jcalendar\1.4\jcalendar-1.4.jar;C:\Users\hp\.m2\repository\org\netbeans\external\AbsoluteLayout\RELEASE124\AbsoluteLayout-RELEASE124.jar;C:\Users\hp\.m2\repository\com\oracle\ojdbc\ojdbc8\19.3.0.0\ojdbc8-19.3.0.0.jar;C:\Users\hp\.m2\repository\com\oracle\ojdbc\ucp\19.3.0.0\ucp-19.3.0.0.jar;C:\Users\hp\.m2\repository\com\oracle\ojdbc\oraclepki\19.3.0.0\oraclepki-19.3.0.0.jar;C:\Users\hp\.m2\repository\com\oracle\ojdbc\osdt_cert\19.3.0.0\osdt_cert-19.3.0.0.jar;C:\Users\hp\.m2\repository\com\oracle\ojdbc\osdt_core\19.3.0.0\osdt_core-19.3.0.0.jar;C:\Users\hp\.m2\repository\com\oracle\ojdbc\simplefan\19.3.0.0\simplefan-19.3.0.0.jar;C:\Users\hp\.m2\repository\com\oracle\ojdbc\ons\19.3.0.0\ons-19.3.0.0.jar;C:\Users\hp\.m2\repository\com\sun\mail\javax.mail\1.6.2\javax.mail-1.6.2.jar;C:\Users\hp\.m2\repository\javax\activation\activation\1.1\activation-1.1.jar;C:\Users\hp\.m2\repository\com\sun\mail\smtp\1.6.3\smtp-1.6.3.jar;C:\Users\hp\.m2\repository\com\sun\mail\mailapi\1.6.3\mailapi-1.6.3.jar
Launcher Type: SUN_STANDARD

[Global flags]
     intx CICompilerCount                          = 4                                         {product} {ergonomic}
     uint ConcGCThreads                            = 2                                         {product} {ergonomic}
     uint G1ConcRefinementThreads                  = 8                                         {product} {ergonomic}
   size_t G1HeapRegionSize                         = 1048576                                   {product} {ergonomic}
    uintx GCDrainStackTargetSize                   = 64                                        {product} {ergonomic}
   size_t InitialHeapSize                          = 132120576                                 {product} {ergonomic}
   size_t MarkStackSize                            = 4194304                                   {product} {ergonomic}
   size_t MaxHeapSize                              = 2113929216                                {product} {ergonomic}
   size_t MaxNewSize                               = 1267728384                                {product} {ergonomic}
   size_t MinHeapDeltaBytes                        = 1048576                                   {product} {ergonomic}
   size_t MinHeapSize                              = 8388608                                   {product} {ergonomic}
    uintx NonNMethodCodeHeapSize                   = 5839372                                {pd product} {ergonomic}
    uintx NonProfiledCodeHeapSize                  = 122909434                              {pd product} {ergonomic}
    uintx ProfiledCodeHeapSize                     = 122909434                              {pd product} {ergonomic}
    uintx ReservedCodeCacheSize                    = 251658240                              {pd product} {ergonomic}
     bool SegmentedCodeCache                       = true                                      {product} {ergonomic}
   size_t SoftMaxHeapSize                          = 2113929216                             {manageable} {ergonomic}
     bool UseCompressedClassPointers               = true                                 {lp64_product} {ergonomic}
     bool UseCompressedOops                        = true                                 {lp64_product} {ergonomic}
     bool UseG1GC                                  = true                                      {product} {ergonomic}
     bool UseLargePagesIndividualAllocation        = false                                  {pd product} {ergonomic}

Logging:
Log output configuration:
 #0: stdout all=warning uptime,level,tags
 #1: stderr all=off uptime,level,tags

Environment Variables:
JAVA_HOME=C:\Program Files\Java\jdk-15.0.2
PATH=C:\app\hp\product\21c\dbhomeXE\bin;C:\Program Files\National Instruments\Shared\OpenVINO\;C:\Program Files\Common Files\Oracle\Java\javapath;C:\Program Files (x86)\Common Files\Oracle\Java\javapath;C:\Windows\system32;C:\Windows;C:\Windows\System32\Wbem;C:\Windows\System32\WindowsPowerShell\v1.0\;C:\Windows\System32\OpenSSH\;C:\Program Files (x86)\NVIDIA Corporation\PhysX\Common;c:\Program Files (x86)\Microsoft SQL Server\100\Tools\Binn\;c:\Program Files\Microsoft SQL Server\100\Tools\Binn\;c:\Program Files\Microsoft SQL Server\100\DTS\Binn\;C:\Program Files\dotnet\;C:\Program Files\Microsoft SQL Server\130\Tools\Binn\;C:\Program Files\Microsoft SQL Server\Client SDK\ODBC\170\Tools\Binn\;C:\WINDOWS\system32;C:\WINDOWS;C:\WINDOWS\System32\Wbem;C:\WINDOWS\System32\WindowsPowerShell\v1.0\;C:\WINDOWS\System32\OpenSSH\;C:\Program Files\Java\jdk-15.0.2\bin;C:\f\flutter\bin;C:\Program Files\Dart\dart-sdk\bin;C:\Program Files (x86)\Microsoft SQL Server\110\Tools\Binn\;C:\Program Files (x86)\Microsoft SQL Server\110\DTS\Binn\;C:\Program Files (x86)\National Instruments\Shared\LabVIEW CLI;C:\Program Files\Java\java-se-8u41-ri\bin;C:\Program Files\Git\cmd;C:\Users\hp\AppData\Local\Microsoft\WindowsApps;C:\f\flutter\bin;
USERNAME=hp
OS=Windows_NT
PROCESSOR_IDENTIFIER=Intel64 Family 6 Model 142 Stepping 12, GenuineIntel



---------------  S Y S T E M  ---------------

OS:
 Windows 10 , 64 bit Build 19041 (10.0.19041.1348)
OS uptime: 0 days 8:28 hours

CPU: total 8 (initial active 8) (4 cores per cpu, 2 threads per core) family 6 model 142 stepping 12 microcode 0xb8, cmov, cx8, fxsr, mmx, sse, sse2, sse3, ssse3, sse4.1, sse4.2, popcnt, vzeroupper, avx, avx2, aes, clmul, erms, 3dnowpref, lzcnt, ht, tsc, tscinvbit, bmi1, bmi2, adx, fma, clflush, clflushopt

Memory: 4k page, system-wide physical 8062M (1955M free)
TotalPageFile size 9951M (AvailPageFile size 0M)
current process WorkingSet (physical memory assigned to process): 111M, peak: 111M
current process commit charge ("private bytes"): 246M, peak: 246M

vm_info: Java HotSpot(TM) 64-Bit Server VM (15.0.2+7-27) for windows-amd64 JRE (15.0.2+7-27), built on Dec  7 2020 20:07:01 by "mach5one" with unknown MS VC++:1925

END.
