#
# There is insufficient memory for the Java Runtime Environment to continue.
# Native memory allocation (malloc) failed to allocate 65552 bytes for Chunk::new
# Possible reasons:
#   The system is out of physical RAM or swap space
#   The process is running with CompressedOops enabled, and the Java Heap may be blocking the growth of the native heap
# Possible solutions:
#   Reduce memory load on the system
#   Increase physical memory or swap space
#   Check if swap backing store is full
#   Decrease Java heap size (-Xmx/-Xms)
#   Decrease number of Java threads
#   Decrease Java thread stack sizes (-Xss)
#   Set larger code cache with -XX:ReservedCodeCacheSize=
#   JVM is running with Unscaled Compressed Oops mode in which the Java heap is
#     placed in the first 4GB address space. The Java Heap base address is the
#     maximum limit for the native heap growth. Please use -XX:HeapBaseMinAddress
#     to set the Java Heap base and to place the Java Heap above 4GB virtual address.
# This output file may be truncated or incomplete.
#
#  Out of Memory Error (./open/src/hotspot/share/memory/arena.cpp:195), pid=14056, tid=10768
#
# JRE version: Java(TM) SE Runtime Environment (15.0.2+7) (build 15.0.2+7-27)
# Java VM: Java HotSpot(TM) 64-Bit Server VM (15.0.2+7-27, mixed mode, sharing, tiered, compressed oops, g1 gc, windows-amd64)
# No core dump will be written. Minidumps are not enabled by default on client versions of Windows
#

---------------  S U M M A R Y ------------

Command Line: -Dclassworlds.conf=C:\Program Files (x86)\NetBeans-12.4\netbeans\java\maven\bin\..\bin\m2.conf -Dmaven.home=C:\Program Files (x86)\NetBeans-12.4\netbeans\java\maven\bin\.. -Dlibrary.jansi.path=C:\Program Files (x86)\NetBeans-12.4\netbeans\java\maven\bin\..\lib\jansi-native -Dmaven.multiModuleProjectDirectory=C:\Users\hp\Documents\NetBeansProjects\mavenproject5 org.codehaus.plexus.classworlds.launcher.Launcher -Dexec.vmArgs= -Dexec.args=${exec.vmArgs} -classpath %classpath ${exec.mainClass} ${exec.appArgs} -Dexec.appArgs= -Dexec.mainClass=project5.mavenproject5.login -Dexec.executable=C:\Program Files\Java\jdk-15.0.2\bin\java.exe -Dmaven.ext.class.path=C:\Program Files (x86)\NetBeans-12.4\netbeans\java\maven-nblib\netbeans-eventspy.jar -Dfile.encoding=UTF-8 org.codehaus.mojo:exec-maven-plugin:3.0.0:exec

Host: Intel(R) Core(TM) i7-8565U CPU @ 1.80GHz, 8 cores, 7G,  Windows 10 , 64 bit Build 19041 (10.0.19041.1348)
Time: Thu Nov 25 19:46:57 2021 Jerusalem Standard Time elapsed time: 2.624752 seconds (0d 0h 0m 2s)

---------------  T H R E A D  ---------------

Current thread (0x000001823b69fda0):  JavaThread "C2 CompilerThread0" daemon [_thread_in_native, id=10768, stack(0x00000003ee000000,0x00000003ee100000)]


Current CompileTask:
C2:   2624 3049  s    4       org.fusesource.jansi.AnsiPrintStream::filter (948 bytes)

Stack: [0x00000003ee000000,0x00000003ee100000]
Native frames: (J=compiled Java code, j=interpreted, Vv=VM code, C=native code)
V  [jvm.dll+0x62ae9a]
V  [jvm.dll+0x7817a9]
V  [jvm.dll+0x782f03]
V  [jvm.dll+0x783563]
V  [jvm.dll+0x216325]
V  [jvm.dll+0x97f3a]
V  [jvm.dll+0x9861c]
V  [jvm.dll+0x64f9e9]
V  [jvm.dll+0x1e9001]
V  [jvm.dll+0x178567]
V  [jvm.dll+0x1f9225]
V  [jvm.dll+0x1f72cc]
V  [jvm.dll+0x74495d]
V  [jvm.dll+0x73d75a]
V  [jvm.dll+0x629c56]
C  [ucrtbase.dll+0x21bb2]
C  [KERNEL32.DLL+0x17034]
C  [ntdll.dll+0x52651]


---------------  P R O C E S S  ---------------

Threads class SMR info:
_java_thread_list=0x000001823cfcb860, length=15, elements={
0x000001821cbf8540, 0x000001823b676b90, 0x000001823b677670, 0x000001823b690940,
0x000001823b693210, 0x000001823b696ff0, 0x000001823b69fda0, 0x000001823b6a3d50,
0x000001823b6a6760, 0x000001823c0c9a00, 0x000001823c10c5f0, 0x000001823c9ebd80,
0x000001823d56c2b0, 0x000001823d6b17b0, 0x000001823d5848a0
}

Java Threads: ( => current thread )
  0x000001821cbf8540 JavaThread "main" [_thread_in_native, id=12248, stack(0x00000003ed400000,0x00000003ed500000)]
  0x000001823b676b90 JavaThread "Reference Handler" daemon [_thread_blocked, id=14236, stack(0x00000003edb00000,0x00000003edc00000)]
  0x000001823b677670 JavaThread "Finalizer" daemon [_thread_blocked, id=14188, stack(0x00000003edc00000,0x00000003edd00000)]
  0x000001823b690940 JavaThread "Signal Dispatcher" daemon [_thread_blocked, id=13552, stack(0x00000003edd00000,0x00000003ede00000)]
  0x000001823b693210 JavaThread "Attach Listener" daemon [_thread_blocked, id=13144, stack(0x00000003ede00000,0x00000003edf00000)]
  0x000001823b696ff0 JavaThread "Service Thread" daemon [_thread_blocked, id=7500, stack(0x00000003edf00000,0x00000003ee000000)]
=>0x000001823b69fda0 JavaThread "C2 CompilerThread0" daemon [_thread_in_native, id=10768, stack(0x00000003ee000000,0x00000003ee100000)]
  0x000001823b6a3d50 JavaThread "C1 CompilerThread0" daemon [_thread_blocked, id=3136, stack(0x00000003ee100000,0x00000003ee200000)]
  0x000001823b6a6760 JavaThread "Sweeper thread" daemon [_thread_blocked, id=9920, stack(0x00000003ee200000,0x00000003ee300000)]
  0x000001823c0c9a00 JavaThread "Notification Thread" daemon [_thread_blocked, id=3256, stack(0x00000003ee300000,0x00000003ee400000)]
  0x000001823c10c5f0 JavaThread "Common-Cleaner" daemon [_thread_blocked, id=14868, stack(0x00000003ee500000,0x00000003ee600000)]
  0x000001823c9ebd80 JavaThread "C2 CompilerThread1" daemon [_thread_blocked, id=9560, stack(0x00000003ee600000,0x00000003ee700000)]
  0x000001823d56c2b0 JavaThread "Exec Stream Pumper" daemon [_thread_in_native, id=11260, stack(0x00000003eea00000,0x00000003eeb00000)]
  0x000001823d6b17b0 JavaThread "Exec Stream Pumper" daemon [_thread_in_native, id=2300, stack(0x00000003eeb00000,0x00000003eec00000)]
  0x000001823d5848a0 JavaThread "Exec Input Stream Pumper" daemon [_thread_blocked, id=8884, stack(0x00000003eec00000,0x00000003eed00000)]

Other Threads:
  0x000001823b675400 VMThread "VM Thread" [stack: 0x00000003eda00000,0x00000003edb00000] [id=13884]
  0x000001823c0d2710 WatcherThread [stack: 0x00000003ee400000,0x00000003ee500000] [id=10164]
  0x000001821cc371a0 GCTaskThread "GC Thread#0" [stack: 0x00000003ed500000,0x00000003ed600000] [id=14216]
  0x000001823c0c28e0 GCTaskThread "GC Thread#1" [stack: 0x00000003ee800000,0x00000003ee900000] [id=5204]
  0x000001823c0c4f20 GCTaskThread "GC Thread#2" [stack: 0x00000003ee900000,0x00000003eea00000] [id=12820]
  0x000001821cc47e00 ConcurrentGCThread "G1 Main Marker" [stack: 0x00000003ed600000,0x00000003ed700000] [id=12596]
  0x000001821cc48900 ConcurrentGCThread "G1 Conc#0" [stack: 0x00000003ed700000,0x00000003ed800000] [id=9612]
  0x000001821cccd830 ConcurrentGCThread "G1 Refine#0" [stack: 0x00000003ed800000,0x00000003ed900000] [id=9124]
  0x000001821ccce340 ConcurrentGCThread "G1 Young RemSet Sampling" [stack: 0x00000003ed900000,0x00000003eda00000] [id=2296]

Threads with active compile tasks:
C2 CompilerThread0     2847 3049  s    4       org.fusesource.jansi.AnsiPrintStream::filter (948 bytes)

VM state: not at safepoint (normal execution)

VM Mutex/Monitor currently owned by a thread: None

Heap address: 0x0000000082000000, size: 2016 MB, Compressed Oops mode: 32-bit
CDS archive(s) mapped at: [0x0000000800000000-0x0000000800b50000-0x0000000800b50000), size 11862016, SharedBaseAddress: 0x0000000800000000, ArchiveRelocationMode: 0.
Compressed class space mapped at: 0x0000000800b50000-0x0000000840b50000, size: 1073741824
Narrow klass base: 0x0000000800000000, Narrow klass shift: 3, Narrow klass range: 0x100000000

GC Precious Log:
 CPUs: 8 total, 8 available
 Memory: 8062M
 Large Page Support: Disabled
 NUMA Support: Disabled
 Compressed Oops: Enabled (32-bit)
 Heap Region Size: 1M
 Heap Min Capacity: 8M
 Heap Initial Capacity: 126M
 Heap Max Capacity: 2016M
 Pre-touch: Disabled
 Parallel Workers: 8
 Concurrent Workers: 2
 Concurrent Refinement Workers: 8
 Periodic GC: Disabled

Heap:
 garbage-first heap   total 129024K, used 54315K [0x0000000082000000, 0x0000000100000000)
  region size 1024K, 51 young (52224K), 2 survivors (2048K)
 Metaspace       used 14357K, capacity 15612K, committed 15744K, reserved 1062912K
  class space    used 1619K, capacity 1804K, committed 1920K, reserved 1048576K

Heap Regions: E=young(eden), S=young(survivor), O=old, HS=humongous(starts), HC=humongous(continues), CS=collection set, F=free, OA=open archive, CA=closed archive, TAMS=top-at-mark-start (previous, next)
|   0|0x0000000082000000, 0x0000000082100000, 0x0000000082100000|100%| O|  |TAMS 0x0000000082000000, 0x0000000082000000| Untracked 
|   1|0x0000000082100000, 0x0000000082200000, 0x0000000082200000|100%| O|  |TAMS 0x0000000082100000, 0x0000000082100000| Untracked 
|   2|0x0000000082200000, 0x0000000082300000, 0x0000000082300000|100%| O|  |TAMS 0x0000000082200000, 0x0000000082200000| Untracked 
|   3|0x0000000082300000, 0x0000000082369a00, 0x0000000082400000| 41%| O|  |TAMS 0x0000000082300000, 0x0000000082300000| Untracked 
|   4|0x0000000082400000, 0x0000000082400000, 0x0000000082500000|  0%| F|  |TAMS 0x0000000082400000, 0x0000000082400000| Untracked 
|   5|0x0000000082500000, 0x0000000082500000, 0x0000000082600000|  0%| F|  |TAMS 0x0000000082500000, 0x0000000082500000| Untracked 
|   6|0x0000000082600000, 0x0000000082600000, 0x0000000082700000|  0%| F|  |TAMS 0x0000000082600000, 0x0000000082600000| Untracked 
|   7|0x0000000082700000, 0x0000000082700000, 0x0000000082800000|  0%| F|  |TAMS 0x0000000082700000, 0x0000000082700000| Untracked 
|   8|0x0000000082800000, 0x0000000082800000, 0x0000000082900000|  0%| F|  |TAMS 0x0000000082800000, 0x0000000082800000| Untracked 
|   9|0x0000000082900000, 0x0000000082900000, 0x0000000082a00000|  0%| F|  |TAMS 0x0000000082900000, 0x0000000082900000| Untracked 
|  10|0x0000000082a00000, 0x0000000082a00000, 0x0000000082b00000|  0%| F|  |TAMS 0x0000000082a00000, 0x0000000082a00000| Untracked 
|  11|0x0000000082b00000, 0x0000000082b00000, 0x0000000082c00000|  0%| F|  |TAMS 0x0000000082b00000, 0x0000000082b00000| Untracked 
|  12|0x0000000082c00000, 0x0000000082c00000, 0x0000000082d00000|  0%| F|  |TAMS 0x0000000082c00000, 0x0000000082c00000| Untracked 
|  13|0x0000000082d00000, 0x0000000082d00000, 0x0000000082e00000|  0%| F|  |TAMS 0x0000000082d00000, 0x0000000082d00000| Untracked 
|  14|0x0000000082e00000, 0x0000000082e00000, 0x0000000082f00000|  0%| F|  |TAMS 0x0000000082e00000, 0x0000000082e00000| Untracked 
|  15|0x0000000082f00000, 0x0000000082f00000, 0x0000000083000000|  0%| F|  |TAMS 0x0000000082f00000, 0x0000000082f00000| Untracked 
|  16|0x0000000083000000, 0x0000000083000000, 0x0000000083100000|  0%| F|  |TAMS 0x0000000083000000, 0x0000000083000000| Untracked 
|  17|0x0000000083100000, 0x0000000083100000, 0x0000000083200000|  0%| F|  |TAMS 0x0000000083100000, 0x0000000083100000| Untracked 
|  18|0x0000000083200000, 0x0000000083200000, 0x0000000083300000|  0%| F|  |TAMS 0x0000000083200000, 0x0000000083200000| Untracked 
|  19|0x0000000083300000, 0x0000000083300000, 0x0000000083400000|  0%| F|  |TAMS 0x0000000083300000, 0x0000000083300000| Untracked 
|  20|0x0000000083400000, 0x0000000083400000, 0x0000000083500000|  0%| F|  |TAMS 0x0000000083400000, 0x0000000083400000| Untracked 
|  21|0x0000000083500000, 0x0000000083500000, 0x0000000083600000|  0%| F|  |TAMS 0x0000000083500000, 0x0000000083500000| Untracked 
|  22|0x0000000083600000, 0x0000000083600000, 0x0000000083700000|  0%| F|  |TAMS 0x0000000083600000, 0x0000000083600000| Untracked 
|  23|0x0000000083700000, 0x0000000083700000, 0x0000000083800000|  0%| F|  |TAMS 0x0000000083700000, 0x0000000083700000| Untracked 
|  24|0x0000000083800000, 0x0000000083800000, 0x0000000083900000|  0%| F|  |TAMS 0x0000000083800000, 0x0000000083800000| Untracked 
|  25|0x0000000083900000, 0x0000000083900000, 0x0000000083a00000|  0%| F|  |TAMS 0x0000000083900000, 0x0000000083900000| Untracked 
|  26|0x0000000083a00000, 0x0000000083a00000, 0x0000000083b00000|  0%| F|  |TAMS 0x0000000083a00000, 0x0000000083a00000| Untracked 
|  27|0x0000000083b00000, 0x0000000083b00000, 0x0000000083c00000|  0%| F|  |TAMS 0x0000000083b00000, 0x0000000083b00000| Untracked 
|  28|0x0000000083c00000, 0x0000000083c00000, 0x0000000083d00000|  0%| F|  |TAMS 0x0000000083c00000, 0x0000000083c00000| Untracked 
|  29|0x0000000083d00000, 0x0000000083d00000, 0x0000000083e00000|  0%| F|  |TAMS 0x0000000083d00000, 0x0000000083d00000| Untracked 
|  30|0x0000000083e00000, 0x0000000083e00000, 0x0000000083f00000|  0%| F|  |TAMS 0x0000000083e00000, 0x0000000083e00000| Untracked 
|  31|0x0000000083f00000, 0x0000000083f00000, 0x0000000084000000|  0%| F|  |TAMS 0x0000000083f00000, 0x0000000083f00000| Untracked 
|  32|0x0000000084000000, 0x0000000084000000, 0x0000000084100000|  0%| F|  |TAMS 0x0000000084000000, 0x0000000084000000| Untracked 
|  33|0x0000000084100000, 0x0000000084100000, 0x0000000084200000|  0%| F|  |TAMS 0x0000000084100000, 0x0000000084100000| Untracked 
|  34|0x0000000084200000, 0x0000000084200000, 0x0000000084300000|  0%| F|  |TAMS 0x0000000084200000, 0x0000000084200000| Untracked 
|  35|0x0000000084300000, 0x0000000084300000, 0x0000000084400000|  0%| F|  |TAMS 0x0000000084300000, 0x0000000084300000| Untracked 
|  36|0x0000000084400000, 0x0000000084400000, 0x0000000084500000|  0%| F|  |TAMS 0x0000000084400000, 0x0000000084400000| Untracked 
|  37|0x0000000084500000, 0x0000000084500000, 0x0000000084600000|  0%| F|  |TAMS 0x0000000084500000, 0x0000000084500000| Untracked 
|  38|0x0000000084600000, 0x0000000084600000, 0x0000000084700000|  0%| F|  |TAMS 0x0000000084600000, 0x0000000084600000| Untracked 
|  39|0x0000000084700000, 0x0000000084700000, 0x0000000084800000|  0%| F|  |TAMS 0x0000000084700000, 0x0000000084700000| Untracked 
|  40|0x0000000084800000, 0x0000000084800000, 0x0000000084900000|  0%| F|  |TAMS 0x0000000084800000, 0x0000000084800000| Untracked 
|  41|0x0000000084900000, 0x0000000084900000, 0x0000000084a00000|  0%| F|  |TAMS 0x0000000084900000, 0x0000000084900000| Untracked 
|  42|0x0000000084a00000, 0x0000000084a00000, 0x0000000084b00000|  0%| F|  |TAMS 0x0000000084a00000, 0x0000000084a00000| Untracked 
|  43|0x0000000084b00000, 0x0000000084b00000, 0x0000000084c00000|  0%| F|  |TAMS 0x0000000084b00000, 0x0000000084b00000| Untracked 
|  44|0x0000000084c00000, 0x0000000084c00000, 0x0000000084d00000|  0%| F|  |TAMS 0x0000000084c00000, 0x0000000084c00000| Untracked 
|  45|0x0000000084d00000, 0x0000000084d00000, 0x0000000084e00000|  0%| F|  |TAMS 0x0000000084d00000, 0x0000000084d00000| Untracked 
|  46|0x0000000084e00000, 0x0000000084e00000, 0x0000000084f00000|  0%| F|  |TAMS 0x0000000084e00000, 0x0000000084e00000| Untracked 
|  47|0x0000000084f00000, 0x0000000084f00000, 0x0000000085000000|  0%| F|  |TAMS 0x0000000084f00000, 0x0000000084f00000| Untracked 
|  48|0x0000000085000000, 0x0000000085000000, 0x0000000085100000|  0%| F|  |TAMS 0x0000000085000000, 0x0000000085000000| Untracked 
|  49|0x0000000085100000, 0x0000000085100000, 0x0000000085200000|  0%| F|  |TAMS 0x0000000085100000, 0x0000000085100000| Untracked 
|  50|0x0000000085200000, 0x0000000085200000, 0x0000000085300000|  0%| F|  |TAMS 0x0000000085200000, 0x0000000085200000| Untracked 
|  51|0x0000000085300000, 0x0000000085300000, 0x0000000085400000|  0%| F|  |TAMS 0x0000000085300000, 0x0000000085300000| Untracked 
|  52|0x0000000085400000, 0x0000000085400000, 0x0000000085500000|  0%| F|  |TAMS 0x0000000085400000, 0x0000000085400000| Untracked 
|  53|0x0000000085500000, 0x0000000085500000, 0x0000000085600000|  0%| F|  |TAMS 0x0000000085500000, 0x0000000085500000| Untracked 
|  54|0x0000000085600000, 0x0000000085600000, 0x0000000085700000|  0%| F|  |TAMS 0x0000000085600000, 0x0000000085600000| Untracked 
|  55|0x0000000085700000, 0x0000000085700000, 0x0000000085800000|  0%| F|  |TAMS 0x0000000085700000, 0x0000000085700000| Untracked 
|  56|0x0000000085800000, 0x0000000085800000, 0x0000000085900000|  0%| F|  |TAMS 0x0000000085800000, 0x0000000085800000| Untracked 
|  57|0x0000000085900000, 0x0000000085900000, 0x0000000085a00000|  0%| F|  |TAMS 0x0000000085900000, 0x0000000085900000| Untracked 
|  58|0x0000000085a00000, 0x0000000085a00000, 0x0000000085b00000|  0%| F|  |TAMS 0x0000000085a00000, 0x0000000085a00000| Untracked 
|  59|0x0000000085b00000, 0x0000000085b00000, 0x0000000085c00000|  0%| F|  |TAMS 0x0000000085b00000, 0x0000000085b00000| Untracked 
|  60|0x0000000085c00000, 0x0000000085c00000, 0x0000000085d00000|  0%| F|  |TAMS 0x0000000085c00000, 0x0000000085c00000| Untracked 
|  61|0x0000000085d00000, 0x0000000085d00000, 0x0000000085e00000|  0%| F|  |TAMS 0x0000000085d00000, 0x0000000085d00000| Untracked 
|  62|0x0000000085e00000, 0x0000000085e00000, 0x0000000085f00000|  0%| F|  |TAMS 0x0000000085e00000, 0x0000000085e00000| Untracked 
|  63|0x0000000085f00000, 0x0000000085f00000, 0x0000000086000000|  0%| F|  |TAMS 0x0000000085f00000, 0x0000000085f00000| Untracked 
|  64|0x0000000086000000, 0x0000000086000000, 0x0000000086100000|  0%| F|  |TAMS 0x0000000086000000, 0x0000000086000000| Untracked 
|  65|0x0000000086100000, 0x0000000086100000, 0x0000000086200000|  0%| F|  |TAMS 0x0000000086100000, 0x0000000086100000| Untracked 
|  66|0x0000000086200000, 0x0000000086200000, 0x0000000086300000|  0%| F|  |TAMS 0x0000000086200000, 0x0000000086200000| Untracked 
|  67|0x0000000086300000, 0x0000000086300000, 0x0000000086400000|  0%| F|  |TAMS 0x0000000086300000, 0x0000000086300000| Untracked 
|  68|0x0000000086400000, 0x0000000086400000, 0x0000000086500000|  0%| F|  |TAMS 0x0000000086400000, 0x0000000086400000| Untracked 
|  69|0x0000000086500000, 0x0000000086500000, 0x0000000086600000|  0%| F|  |TAMS 0x0000000086500000, 0x0000000086500000| Untracked 
|  70|0x0000000086600000, 0x0000000086600000, 0x0000000086700000|  0%| F|  |TAMS 0x0000000086600000, 0x0000000086600000| Untracked 
|  71|0x0000000086700000, 0x0000000086700000, 0x0000000086800000|  0%| F|  |TAMS 0x0000000086700000, 0x0000000086700000| Untracked 
|  72|0x0000000086800000, 0x0000000086800000, 0x0000000086900000|  0%| F|  |TAMS 0x0000000086800000, 0x0000000086800000| Untracked 
|  73|0x0000000086900000, 0x0000000086900000, 0x0000000086a00000|  0%| F|  |TAMS 0x0000000086900000, 0x0000000086900000| Untracked 
|  74|0x0000000086a00000, 0x0000000086a00000, 0x0000000086b00000|  0%| F|  |TAMS 0x0000000086a00000, 0x0000000086a00000| Untracked 
|  75|0x0000000086b00000, 0x0000000086b00800, 0x0000000086c00000|  0%| E|  |TAMS 0x0000000086b00000, 0x0000000086b00000| Complete 
|  76|0x0000000086c00000, 0x0000000086d00000, 0x0000000086d00000|100%| E|CS|TAMS 0x0000000086c00000, 0x0000000086c00000| Complete 
|  77|0x0000000086d00000, 0x0000000086e00000, 0x0000000086e00000|100%| E|CS|TAMS 0x0000000086d00000, 0x0000000086d00000| Complete 
|  78|0x0000000086e00000, 0x0000000086f00000, 0x0000000086f00000|100%| E|CS|TAMS 0x0000000086e00000, 0x0000000086e00000| Complete 
|  79|0x0000000086f00000, 0x0000000087000000, 0x0000000087000000|100%| E|CS|TAMS 0x0000000086f00000, 0x0000000086f00000| Complete 
|  80|0x0000000087000000, 0x0000000087100000, 0x0000000087100000|100%| E|CS|TAMS 0x0000000087000000, 0x0000000087000000| Complete 
|  81|0x0000000087100000, 0x0000000087200000, 0x0000000087200000|100%| E|CS|TAMS 0x0000000087100000, 0x0000000087100000| Complete 
|  82|0x0000000087200000, 0x0000000087300000, 0x0000000087300000|100%| E|CS|TAMS 0x0000000087200000, 0x0000000087200000| Complete 
|  83|0x0000000087300000, 0x0000000087400000, 0x0000000087400000|100%| E|CS|TAMS 0x0000000087300000, 0x0000000087300000| Complete 
|  84|0x0000000087400000, 0x0000000087500000, 0x0000000087500000|100%| E|CS|TAMS 0x0000000087400000, 0x0000000087400000| Complete 
|  85|0x0000000087500000, 0x0000000087600000, 0x0000000087600000|100%| E|CS|TAMS 0x0000000087500000, 0x0000000087500000| Complete 
|  86|0x0000000087600000, 0x0000000087700000, 0x0000000087700000|100%| E|CS|TAMS 0x0000000087600000, 0x0000000087600000| Complete 
|  87|0x0000000087700000, 0x0000000087800000, 0x0000000087800000|100%| E|CS|TAMS 0x0000000087700000, 0x0000000087700000| Complete 
|  88|0x0000000087800000, 0x0000000087900000, 0x0000000087900000|100%| E|CS|TAMS 0x0000000087800000, 0x0000000087800000| Complete 
|  89|0x0000000087900000, 0x0000000087a00000, 0x0000000087a00000|100%| E|CS|TAMS 0x0000000087900000, 0x0000000087900000| Complete 
|  90|0x0000000087a00000, 0x0000000087b00000, 0x0000000087b00000|100%| E|CS|TAMS 0x0000000087a00000, 0x0000000087a00000| Complete 
|  91|0x0000000087b00000, 0x0000000087c00000, 0x0000000087c00000|100%| E|CS|TAMS 0x0000000087b00000, 0x0000000087b00000| Complete 
|  92|0x0000000087c00000, 0x0000000087ca14f0, 0x0000000087d00000| 63%| S|CS|TAMS 0x0000000087c00000, 0x0000000087c00000| Complete 
|  93|0x0000000087d00000, 0x0000000087e00000, 0x0000000087e00000|100%| S|CS|TAMS 0x0000000087d00000, 0x0000000087d00000| Complete 
|  94|0x0000000087e00000, 0x0000000087f00000, 0x0000000087f00000|100%| E|CS|TAMS 0x0000000087e00000, 0x0000000087e00000| Complete 
|  95|0x0000000087f00000, 0x0000000088000000, 0x0000000088000000|100%| E|CS|TAMS 0x0000000087f00000, 0x0000000087f00000| Complete 
|  96|0x0000000088000000, 0x0000000088100000, 0x0000000088100000|100%| E|CS|TAMS 0x0000000088000000, 0x0000000088000000| Complete 
|  97|0x0000000088100000, 0x0000000088200000, 0x0000000088200000|100%| E|CS|TAMS 0x0000000088100000, 0x0000000088100000| Complete 
|  98|0x0000000088200000, 0x0000000088300000, 0x0000000088300000|100%| E|CS|TAMS 0x0000000088200000, 0x0000000088200000| Complete 
|  99|0x0000000088300000, 0x0000000088400000, 0x0000000088400000|100%| E|CS|TAMS 0x0000000088300000, 0x0000000088300000| Complete 
| 100|0x0000000088400000, 0x0000000088500000, 0x0000000088500000|100%| E|CS|TAMS 0x0000000088400000, 0x0000000088400000| Complete 
| 101|0x0000000088500000, 0x0000000088600000, 0x0000000088600000|100%| E|CS|TAMS 0x0000000088500000, 0x0000000088500000| Complete 
| 102|0x0000000088600000, 0x0000000088700000, 0x0000000088700000|100%| E|CS|TAMS 0x0000000088600000, 0x0000000088600000| Complete 
| 103|0x0000000088700000, 0x0000000088800000, 0x0000000088800000|100%| E|CS|TAMS 0x0000000088700000, 0x0000000088700000| Complete 
| 104|0x0000000088800000, 0x0000000088900000, 0x0000000088900000|100%| E|CS|TAMS 0x0000000088800000, 0x0000000088800000| Complete 
| 105|0x0000000088900000, 0x0000000088a00000, 0x0000000088a00000|100%| E|CS|TAMS 0x0000000088900000, 0x0000000088900000| Complete 
| 106|0x0000000088a00000, 0x0000000088b00000, 0x0000000088b00000|100%| E|CS|TAMS 0x0000000088a00000, 0x0000000088a00000| Complete 
| 107|0x0000000088b00000, 0x0000000088c00000, 0x0000000088c00000|100%| E|CS|TAMS 0x0000000088b00000, 0x0000000088b00000| Complete 
| 108|0x0000000088c00000, 0x0000000088d00000, 0x0000000088d00000|100%| E|CS|TAMS 0x0000000088c00000, 0x0000000088c00000| Complete 
| 109|0x0000000088d00000, 0x0000000088e00000, 0x0000000088e00000|100%| E|CS|TAMS 0x0000000088d00000, 0x0000000088d00000| Complete 
| 110|0x0000000088e00000, 0x0000000088f00000, 0x0000000088f00000|100%| E|CS|TAMS 0x0000000088e00000, 0x0000000088e00000| Complete 
| 111|0x0000000088f00000, 0x0000000089000000, 0x0000000089000000|100%| E|CS|TAMS 0x0000000088f00000, 0x0000000088f00000| Complete 
| 112|0x0000000089000000, 0x0000000089100000, 0x0000000089100000|100%| E|CS|TAMS 0x0000000089000000, 0x0000000089000000| Complete 
| 113|0x0000000089100000, 0x0000000089200000, 0x0000000089200000|100%| E|CS|TAMS 0x0000000089100000, 0x0000000089100000| Complete 
| 114|0x0000000089200000, 0x0000000089300000, 0x0000000089300000|100%| E|CS|TAMS 0x0000000089200000, 0x0000000089200000| Complete 
| 115|0x0000000089300000, 0x0000000089400000, 0x0000000089400000|100%| E|CS|TAMS 0x0000000089300000, 0x0000000089300000| Complete 
| 116|0x0000000089400000, 0x0000000089500000, 0x0000000089500000|100%| E|CS|TAMS 0x0000000089400000, 0x0000000089400000| Complete 
| 117|0x0000000089500000, 0x0000000089600000, 0x0000000089600000|100%| E|CS|TAMS 0x0000000089500000, 0x0000000089500000| Complete 
| 118|0x0000000089600000, 0x0000000089700000, 0x0000000089700000|100%| E|CS|TAMS 0x0000000089600000, 0x0000000089600000| Complete 
| 119|0x0000000089700000, 0x0000000089800000, 0x0000000089800000|100%| E|CS|TAMS 0x0000000089700000, 0x0000000089700000| Complete 
| 120|0x0000000089800000, 0x0000000089900000, 0x0000000089900000|100%| E|CS|TAMS 0x0000000089800000, 0x0000000089800000| Complete 
| 121|0x0000000089900000, 0x0000000089a00000, 0x0000000089a00000|100%| E|CS|TAMS 0x0000000089900000, 0x0000000089900000| Complete 
| 122|0x0000000089a00000, 0x0000000089b00000, 0x0000000089b00000|100%| E|CS|TAMS 0x0000000089a00000, 0x0000000089a00000| Complete 
| 123|0x0000000089b00000, 0x0000000089c00000, 0x0000000089c00000|100%| E|CS|TAMS 0x0000000089b00000, 0x0000000089b00000| Complete 
| 124|0x0000000089c00000, 0x0000000089d00000, 0x0000000089d00000|100%| E|CS|TAMS 0x0000000089c00000, 0x0000000089c00000| Complete 
| 125|0x0000000089d00000, 0x0000000089e00000, 0x0000000089e00000|100%| E|CS|TAMS 0x0000000089d00000, 0x0000000089d00000| Complete 

Card table byte_map: [0x0000018234550000,0x0000018234940000] _byte_map_base: 0x0000018234140000

Marking Bits (Prev, Next): (CMBitMap*) 0x000001821cc378a0, (CMBitMap*) 0x000001821cc378e0
 Prev Bits: [0x0000018234d30000, 0x0000018236cb0000)
 Next Bits: [0x0000018236cb0000, 0x0000018238c30000)

Polling page: 0x000001821ac00000

Metaspace:

Usage:
  Non-class:     13.48 MB capacity,    12.44 MB ( 92%) used,     1.03 MB (  8%) free+waste,    14.75 KB ( <1%) overhead. 
      Class:      1.76 MB capacity,     1.58 MB ( 90%) used,   178.20 KB ( 10%) free+waste,     6.19 KB ( <1%) overhead. 
       Both:     15.25 MB capacity,    14.02 MB ( 92%) used,     1.20 MB (  8%) free+waste,    20.94 KB ( <1%) overhead. 

Virtual space:
  Non-class space:       14.00 MB reserved,      13.50 MB ( 96%) committed 
      Class space:        1.00 GB reserved,       1.88 MB ( <1%) committed 
             Both:        1.01 GB reserved,      15.38 MB (  1%) committed 

Chunk freelists:
   Non-Class:  16.00 KB
       Class:  20.00 KB
        Both:  36.00 KB

MaxMetaspaceSize: 17179869184.00 GB
CompressedClassSpaceSize: 1.00 GB

CodeHeap 'non-profiled nmethods': size=120000Kb used=1412Kb max_used=1412Kb free=118587Kb
 bounds [0x000001822c900000, 0x000001822cb70000, 0x0000018233e30000]
CodeHeap 'profiled nmethods': size=120000Kb used=5755Kb max_used=5755Kb free=114244Kb
 bounds [0x00000182253d0000, 0x0000018225970000, 0x000001822c900000]
CodeHeap 'non-nmethods': size=5760Kb used=1202Kb max_used=1258Kb free=4557Kb
 bounds [0x0000018224e30000, 0x00000182250a0000, 0x00000182253d0000]
 total_blobs=3512 nmethods=3048 adapters=376
 compilation: enabled
              stopped_count=0, restarted_count=0
 full_count=0

Compilation events (20 events):
Event: 2.471 Thread 0x000001823b6a3d50 nmethod 3031 0x0000018225969910 code [0x0000018225969aa0, 0x0000018225969bf8]
Event: 2.471 Thread 0x000001823b6a3d50 3034       3       java.lang.invoke.MemberName::flagsMods (73 bytes)
Event: 2.471 Thread 0x000001823b6a3d50 nmethod 3034 0x0000018225969c90 code [0x0000018225969e20, 0x0000018225969f38]
Event: 2.471 Thread 0x000001823b6a3d50 3035       3       java.lang.invoke.MemberName::init (67 bytes)
Event: 2.471 Thread 0x000001823b6a3d50 nmethod 3035 0x000001822596a010 code [0x000001822596a1c0, 0x000001822596a3f8]
Event: 2.472 Thread 0x000001823b6a3d50 3036       3       java.lang.System::getProperty (25 bytes)
Event: 2.473 Thread 0x000001823b6a3d50 nmethod 3036 0x000001822596a490 code [0x000001822596a6a0, 0x000001822596adb8]
Event: 2.473 Thread 0x000001823b6a3d50 3037       1       java.lang.invoke.MethodHandles$Lookup::previousLookupClass (5 bytes)
Event: 2.473 Thread 0x000001823b6a3d50 nmethod 3037 0x000001822ca59a10 code [0x000001822ca59ba0, 0x000001822ca59c58]
Event: 2.473 Thread 0x000001823b6a3d50 3039       3       sun.invoke.util.Wrapper::forPrimitiveType (49 bytes)
Event: 2.473 Thread 0x000001823d4f46d0 3041       4       jdk.internal.org.objectweb.asm.ByteVector::putByte (39 bytes)
Event: 2.474 Thread 0x000001823b6a3d50 nmethod 3039 0x000001822596b010 code [0x000001822596b380, 0x000001822596c6c8]
Event: 2.475 Thread 0x000001823d4f46d0 nmethod 3041 0x000001822ca5a610 code [0x000001822ca5a7a0, 0x000001822ca5a8c8]
Event: 2.475 Thread 0x000001823b6a3d50 3044       3       java.lang.invoke.MethodHandles$Lookup::lookupClassOrNull (27 bytes)
Event: 2.475 Thread 0x000001823b6a3d50 nmethod 3044 0x000001822596ce10 code [0x000001822596cfa0, 0x000001822596d158]
Event: 2.475 Thread 0x000001823b6a3d50 3045   !   3       java.lang.invoke.MemberName$Factory::resolve (157 bytes)
Event: 2.475 Thread 0x000001823b6a3d50 nmethod 3045 0x000001822596d210 code [0x000001822596d420, 0x000001822596da88]
Event: 2.527 Thread 0x000001823c9ebd80 nmethod 3010 0x000001822ca5af10 code [0x000001822ca5b300, 0x000001822ca5f368]
Event: 2.604 Thread 0x000001823b6a3d50 3047       3       org.fusesource.jansi.FilterPrintStream::write (17 bytes)
Event: 2.604 Thread 0x000001823b69fda0 3049  s    4       org.fusesource.jansi.AnsiPrintStream::filter (948 bytes)

GC Heap History (4 events):
Event: 0.531 GC heap before
{Heap before GC invocations=0 (full 0):
 garbage-first heap   total 129024K, used 22528K [0x0000000082000000, 0x0000000100000000)
  region size 1024K, 23 young (23552K), 0 survivors (0K)
 Metaspace       used 5150K, capacity 7734K, committed 7808K, reserved 1056768K
  class space    used 589K, capacity 854K, committed 896K, reserved 1048576K
}
Event: 0.542 GC heap after
{Heap after GC invocations=1 (full 0):
 garbage-first heap   total 129024K, used 3581K [0x0000000082000000, 0x0000000100000000)
  region size 1024K, 3 young (3072K), 3 survivors (3072K)
 Metaspace       used 5150K, capacity 7734K, committed 7808K, reserved 1056768K
  class space    used 589K, capacity 854K, committed 896K, reserved 1048576K
}
Event: 1.050 GC heap before
{Heap before GC invocations=1 (full 0):
 garbage-first heap   total 129024K, used 33277K [0x0000000082000000, 0x0000000100000000)
  region size 1024K, 32 young (32768K), 3 survivors (3072K)
 Metaspace       used 9611K, capacity 11804K, committed 12032K, reserved 1060864K
  class space    used 1147K, capacity 1414K, committed 1536K, reserved 1048576K
}
Event: 1.055 GC heap after
{Heap after GC invocations=2 (full 0):
 garbage-first heap   total 129024K, used 5163K [0x0000000082000000, 0x0000000100000000)
  region size 1024K, 2 young (2048K), 2 survivors (2048K)
 Metaspace       used 9611K, capacity 11804K, committed 12032K, reserved 1060864K
  class space    used 1147K, capacity 1414K, committed 1536K, reserved 1048576K
}

Deoptimization events (20 events):
Event: 2.434 Thread 0x000001821cbf8540 Uncommon trap: trap_request=0xffffffde fr.pc=0x000001822c9b020c relative=0x000000000000006c
Event: 2.434 Thread 0x000001821cbf8540 Uncommon trap: reason=class_check action=maybe_recompile pc=0x000001822c9b020c method=com.google.inject.internal.LinkedBindingImpl.acceptTargetVisitor(Lcom/google/inject/spi/BindingTargetVisitor;)Ljava/lang/Object; @ 2 c2
Event: 2.434 Thread 0x000001821cbf8540 DEOPT PACKING pc=0x000001822c9b020c sp=0x00000003ed4fd7f0
Event: 2.434 Thread 0x000001821cbf8540 DEOPT UNPACKING pc=0x0000018224e7e42f sp=0x00000003ed4fd788 mode 2
Event: 2.434 Thread 0x000001821cbf8540 Uncommon trap: trap_request=0xffffffde fr.pc=0x000001822c9b020c relative=0x000000000000006c
Event: 2.434 Thread 0x000001821cbf8540 Uncommon trap: reason=class_check action=maybe_recompile pc=0x000001822c9b020c method=com.google.inject.internal.LinkedBindingImpl.acceptTargetVisitor(Lcom/google/inject/spi/BindingTargetVisitor;)Ljava/lang/Object; @ 2 c2
Event: 2.434 Thread 0x000001821cbf8540 DEOPT PACKING pc=0x000001822c9b020c sp=0x00000003ed4fd7f0
Event: 2.434 Thread 0x000001821cbf8540 DEOPT UNPACKING pc=0x0000018224e7e42f sp=0x00000003ed4fd788 mode 2
Event: 2.439 Thread 0x000001821cbf8540 Uncommon trap: trap_request=0xffffff54 fr.pc=0x000001822ca3e148 relative=0x0000000000000348
Event: 2.439 Thread 0x000001821cbf8540 Uncommon trap: reason=speculate_null_assert action=make_not_entrant pc=0x000001822ca3e148 method=org.eclipse.sisu.inject.RankedBindings$Itr.hasNext()Z @ 80 c2
Event: 2.439 Thread 0x000001821cbf8540 DEOPT PACKING pc=0x000001822ca3e148 sp=0x00000003ed4fdc80
Event: 2.439 Thread 0x000001821cbf8540 DEOPT UNPACKING pc=0x0000018224e7e42f sp=0x00000003ed4fdc50 mode 2
Event: 2.454 Thread 0x000001821cbf8540 DEOPT PACKING pc=0x0000018225496094 sp=0x00000003ed4f7f90
Event: 2.454 Thread 0x000001821cbf8540 DEOPT UNPACKING pc=0x0000018224e7e23f sp=0x00000003ed4f73c8 mode 0
Event: 2.454 Thread 0x000001821cbf8540 DEOPT PACKING pc=0x0000018225495ccc sp=0x00000003ed4f8000
Event: 2.454 Thread 0x000001821cbf8540 DEOPT UNPACKING pc=0x0000018224e7e23f sp=0x00000003ed4f74a8 mode 0
Event: 2.463 Thread 0x000001821cbf8540 Uncommon trap: trap_request=0xffffff45 fr.pc=0x000001822c9cc920 relative=0x00000000000002e0
Event: 2.463 Thread 0x000001821cbf8540 Uncommon trap: reason=unstable_if action=reinterpret pc=0x000001822c9cc920 method=java.util.StringTokenizer.scanToken(I)I @ 96 c2
Event: 2.463 Thread 0x000001821cbf8540 DEOPT PACKING pc=0x000001822c9cc920 sp=0x00000003ed4fde30
Event: 2.463 Thread 0x000001821cbf8540 DEOPT UNPACKING pc=0x0000018224e7e42f sp=0x00000003ed4fddc0 mode 2

Classes unloaded (0 events):
No events

Classes redefined (0 events):
No events

Internal exceptions (20 events):
Event: 1.131 Thread 0x000001821cbf8540 Exception <a 'java/lang/NoClassDefFoundError'{0x0000000089904200}: com/google/inject/servlet/ServletModuleTargetVisitor> (0x0000000089904200) 
thrown [./open/src/hotspot/share/classfile/systemDictionary.cpp, line 284]
Event: 1.131 Thread 0x000001821cbf8540 Exception <a 'java/lang/NoClassDefFoundError'{0x0000000089906138}: javax/annotation/Priority> (0x0000000089906138) 
thrown [./open/src/hotspot/share/classfile/systemDictionary.cpp, line 284]
Event: 1.198 Thread 0x000001821cbf8540 Exception <a 'java/lang/NoSuchMethodError'{0x0000000089740b20}: 'void java.lang.invoke.DirectMethodHandle$Holder.invokeStatic(java.lang.Object, java.lang.Object)'> (0x0000000089740b20) 
thrown [./open/src/hotspot/share/interpreter/linkResolver.cpp, line 782]
Event: 1.199 Thread 0x000001821cbf8540 Exception <a 'java/lang/NoSuchMethodError'{0x0000000089745518}: 'void java.lang.invoke.DirectMethodHandle$Holder.invokeStaticInit(java.lang.Object, java.lang.Object)'> (0x0000000089745518) 
thrown [./open/src/hotspot/share/interpreter/linkResolver.cpp, line 782]
Event: 1.204 Thread 0x000001821cbf8540 Exception <a 'java/lang/NoSuchMethodError'{0x000000008976d9b0}: 'java.lang.Object java.lang.invoke.DirectMethodHandle$Holder.invokeStatic(java.lang.Object)'> (0x000000008976d9b0) 
thrown [./open/src/hotspot/share/interpreter/linkResolver.cpp, line 782]
Event: 1.206 Thread 0x000001821cbf8540 Exception <a 'java/lang/NoSuchMethodError'{0x0000000089778a50}: 'java.lang.Object java.lang.invoke.DirectMethodHandle$Holder.invokeStaticInit(java.lang.Object, int, int, int, int)'> (0x0000000089778a50) 
thrown [./open/src/hotspot/share/interpreter/linkResolver.cpp, line 782]
Event: 1.851 Thread 0x000001821cbf8540 Implicit null exception at 0x000001822c99350f to 0x000001822c9938b8
Event: 2.411 Thread 0x000001821cbf8540 Exception <a 'java/lang/NoClassDefFoundError'{0x000000008707ed80}: org/sonatype/aether/deployment/DeploymentException> (0x000000008707ed80) 
thrown [./open/src/hotspot/share/classfile/systemDictionary.cpp, line 284]
Event: 2.415 Thread 0x000001821cbf8540 Exception <a 'java/lang/NoClassDefFoundError'{0x00000000870ba690}: org/sonatype/aether/metadata/Metadata> (0x00000000870ba690) 
thrown [./open/src/hotspot/share/classfile/systemDictionary.cpp, line 284]
Event: 2.416 Thread 0x000001821cbf8540 Exception <a 'java/lang/NoClassDefFoundError'{0x00000000870d8370}: org/sonatype/aether/installation/InstallationException> (0x00000000870d8370) 
thrown [./open/src/hotspot/share/classfile/systemDictionary.cpp, line 284]
Event: 2.428 Thread 0x000001821cbf8540 Exception <a 'java/lang/NoClassDefFoundError'{0x0000000086f898f8}: org/sonatype/aether/resolution/ArtifactResolutionException> (0x0000000086f898f8) 
thrown [./open/src/hotspot/share/classfile/systemDictionary.cpp, line 284]
Event: 2.429 Thread 0x000001821cbf8540 Exception <a 'java/lang/NoClassDefFoundError'{0x0000000086f94680}: org/sonatype/aether/resolution/ArtifactDescriptorException> (0x0000000086f94680) 
thrown [./open/src/hotspot/share/classfile/systemDictionary.cpp, line 284]
Event: 2.430 Thread 0x000001821cbf8540 Exception <a 'java/lang/NoClassDefFoundError'{0x0000000086fb75a8}: org/sonatype/aether/collection/DependencyCollectionException> (0x0000000086fb75a8) 
thrown [./open/src/hotspot/share/classfile/systemDictionary.cpp, line 284]
Event: 2.431 Thread 0x000001821cbf8540 Exception <a 'java/lang/NoClassDefFoundError'{0x0000000086fc5bb0}: org/sonatype/aether/metadata/Metadata> (0x0000000086fc5bb0) 
thrown [./open/src/hotspot/share/classfile/systemDictionary.cpp, line 284]
Event: 2.470 Thread 0x000001821cbf8540 Exception <a 'java/lang/NoSuchMethodError'{0x0000000086c10e20}: 'void java.lang.invoke.DirectMethodHandle$Holder.invokeStatic(java.lang.Object, long)'> (0x0000000086c10e20) 
thrown [./open/src/hotspot/share/interpreter/linkResolver.cpp, line 782]
Event: 2.471 Thread 0x000001821cbf8540 Exception <a 'java/lang/NoSuchMethodError'{0x0000000086c16a20}: 'java.lang.Object java.lang.invoke.DirectMethodHandle$Holder.newInvokeSpecial(java.lang.Object, long)'> (0x0000000086c16a20) 
thrown [./open/src/hotspot/share/interpreter/linkResolver.cpp, line 782]
Event: 2.472 Thread 0x000001821cbf8540 Exception <a 'java/lang/NoSuchMethodError'{0x0000000086c1b650}: 'java.lang.Object java.lang.invoke.DirectMethodHandle$Holder.invokeStaticInit(java.lang.Object)'> (0x0000000086c1b650) 
thrown [./open/src/hotspot/share/interpreter/linkResolver.cpp, line 782]
Event: 2.473 Thread 0x000001821cbf8540 Exception <a 'java/lang/NoSuchMethodError'{0x0000000086c253e0}: 'java.lang.Object java.lang.invoke.DirectMethodHandle$Holder.invokeStaticInit(java.lang.Object, java.lang.Object, long, java.lang.Object)'> (0x0000000086c253e0) 
thrown [./open/src/hotspot/share/interpreter/linkResolver.cpp, line 782]
Event: 2.473 Thread 0x000001821cbf8540 Exception <a 'java/lang/NoSuchMethodError'{0x0000000086c2bef8}: 'java.lang.Object java.lang.invoke.DirectMethodHandle$Holder.newInvokeSpecial(java.lang.Object, java.lang.Object, long)'> (0x0000000086c2bef8) 
thrown [./open/src/hotspot/share/interpreter/linkResolver.cpp, line 782]
Event: 2.474 Thread 0x000001821cbf8540 Exception <a 'java/lang/NoSuchMethodError'{0x0000000086c302e8}: 'java.lang.Object java.lang.invoke.Invokers$Holder.linkToTargetMethod(java.lang.Object, long, java.lang.Object)'> (0x0000000086c302e8) 
thrown [./open/src/hotspot/share/interpreter/linkResolver.cpp, line 782]

Events (20 events):
Event: 2.475 loading class java/util/concurrent/SynchronousQueue$Transferer done
Event: 2.475 loading class java/util/concurrent/SynchronousQueue$TransferStack done
Event: 2.475 loading class java/util/concurrent/SynchronousQueue$TransferStack$SNode
Event: 2.475 loading class java/util/concurrent/SynchronousQueue$TransferStack$SNode done
Event: 2.475 loading class java/lang/ProcessImpl$2
Event: 2.475 loading class java/lang/ProcessImpl$2 done
Event: 2.475 loading class java/lang/Process$PipeInputStream
Event: 2.475 loading class java/lang/Process$PipeInputStream done
Event: 2.475 Executing VM operation: HandshakeAllThreads
Event: 2.475 Executing VM operation: HandshakeAllThreads done
Event: 2.475 loading class jdk/internal/event/ProcessStartEvent
Event: 2.475 loading class jdk/internal/event/Event
Event: 2.475 loading class jdk/internal/event/Event done
Event: 2.475 loading class jdk/internal/event/ProcessStartEvent done
Event: 2.476 loading class java/io/PipedOutputStream
Event: 2.476 loading class java/io/PipedOutputStream done
Event: 2.476 Thread 0x000001823d56c2b0 Thread added: 0x000001823d56c2b0
Event: 2.477 Thread 0x000001823d6b17b0 Thread added: 0x000001823d6b17b0
Event: 2.477 Thread 0x000001823d5848a0 Thread added: 0x000001823d5848a0
Event: 2.604 Thread 0x000001823d4f46d0 Thread exited: 0x000001823d4f46d0


Dynamic libraries:
0x00007ff665530000 - 0x00007ff66553f000 	C:\Program Files\Java\jdk-15.0.2\bin\java.exe
0x00007fff5f150000 - 0x00007fff5f345000 	C:\WINDOWS\SYSTEM32\ntdll.dll
0x00007fff5d9c0000 - 0x00007fff5da7e000 	C:\WINDOWS\System32\KERNEL32.DLL
0x00007fff5ce10000 - 0x00007fff5d0d8000 	C:\WINDOWS\System32\KERNELBASE.dll
0x00007fff5ccc0000 - 0x00007fff5cdc0000 	C:\WINDOWS\System32\ucrtbase.dll
0x00007fff55ae0000 - 0x00007fff55af8000 	C:\Program Files\Java\jdk-15.0.2\bin\jli.dll
0x00007fff55d00000 - 0x00007fff55d19000 	C:\Program Files\Java\jdk-15.0.2\bin\VCRUNTIME140.dll
0x00007fff5d540000 - 0x00007fff5d5ec000 	C:\WINDOWS\System32\ADVAPI32.dll
0x00007fff5da80000 - 0x00007fff5db1e000 	C:\WINDOWS\System32\msvcrt.dll
0x00007fff5f070000 - 0x00007fff5f10b000 	C:\WINDOWS\System32\sechost.dll
0x00007fff5d890000 - 0x00007fff5d9ba000 	C:\WINDOWS\System32\RPCRT4.dll
0x00007fff5d390000 - 0x00007fff5d531000 	C:\WINDOWS\System32\USER32.dll
0x00007fff5d0e0000 - 0x00007fff5d102000 	C:\WINDOWS\System32\win32u.dll
0x00007fff45cc0000 - 0x00007fff45f5a000 	C:\WINDOWS\WinSxS\amd64_microsoft.windows.common-controls_6595b64144ccf1df_6.0.19041.1110_none_60b5254171f9507e\COMCTL32.dll
0x00007fff5d1a0000 - 0x00007fff5d1cb000 	C:\WINDOWS\System32\GDI32.dll
0x00007fff5c9d0000 - 0x00007fff5cadb000 	C:\WINDOWS\System32\gdi32full.dll
0x00007fff5cb70000 - 0x00007fff5cc0d000 	C:\WINDOWS\System32\msvcp_win.dll
0x00007fff590d0000 - 0x00007fff590da000 	C:\WINDOWS\SYSTEM32\VERSION.dll
0x00007fff5d5f0000 - 0x00007fff5d620000 	C:\WINDOWS\System32\IMM32.DLL
0x00007fff56470000 - 0x00007fff5647c000 	C:\Program Files\Java\jdk-15.0.2\bin\vcruntime140_1.dll
0x00007fff10470000 - 0x00007fff10501000 	C:\Program Files\Java\jdk-15.0.2\bin\msvcp140.dll
0x00007fff03be0000 - 0x00007fff0473e000 	C:\Program Files\Java\jdk-15.0.2\bin\server\jvm.dll
0x00007fff5e260000 - 0x00007fff5e268000 	C:\WINDOWS\System32\PSAPI.DLL
0x00007fff394c0000 - 0x00007fff394c9000 	C:\WINDOWS\SYSTEM32\WSOCK32.dll
0x00007fff42ec0000 - 0x00007fff42ee7000 	C:\WINDOWS\SYSTEM32\WINMM.dll
0x00007fff5e930000 - 0x00007fff5e99b000 	C:\WINDOWS\System32\WS2_32.dll
0x00007fff5a950000 - 0x00007fff5a962000 	C:\WINDOWS\SYSTEM32\kernel.appcore.dll
0x00007fff55cf0000 - 0x00007fff55cfa000 	C:\Program Files\Java\jdk-15.0.2\bin\jimage.dll
0x00007fff5a670000 - 0x00007fff5a854000 	C:\WINDOWS\SYSTEM32\DBGHELP.DLL
0x00007fff3a520000 - 0x00007fff3a54c000 	C:\WINDOWS\SYSTEM32\dbgcore.DLL
0x00007fff5d110000 - 0x00007fff5d193000 	C:\WINDOWS\System32\bcryptPrimitives.dll
0x00007fff2a5f0000 - 0x00007fff2a615000 	C:\Program Files\Java\jdk-15.0.2\bin\java.dll
0x00007fff5db20000 - 0x00007fff5e25f000 	C:\WINDOWS\System32\SHELL32.dll
0x00007fff5a970000 - 0x00007fff5b100000 	C:\WINDOWS\SYSTEM32\windows.storage.dll
0x00007fff5e440000 - 0x00007fff5e795000 	C:\WINDOWS\System32\combase.dll
0x00007fff5c2c0000 - 0x00007fff5c2ee000 	C:\WINDOWS\SYSTEM32\Wldp.dll
0x00007fff5d280000 - 0x00007fff5d32d000 	C:\WINDOWS\System32\SHCORE.dll
0x00007fff5e7a0000 - 0x00007fff5e7f5000 	C:\WINDOWS\System32\shlwapi.dll
0x00007fff5c7b0000 - 0x00007fff5c7cf000 	C:\WINDOWS\SYSTEM32\profapi.dll
0x00007fff488b0000 - 0x00007fff488c9000 	C:\Program Files\Java\jdk-15.0.2\bin\net.dll
0x00007fff4b860000 - 0x00007fff4b96c000 	C:\WINDOWS\SYSTEM32\WINHTTP.dll
0x00007fff5c020000 - 0x00007fff5c08a000 	C:\WINDOWS\system32\mswsock.dll
0x00007fff3eaf0000 - 0x00007fff3eb02000 	C:\Program Files\Java\jdk-15.0.2\bin\nio.dll
0x00007fff3ea00000 - 0x00007fff3ea18000 	C:\Program Files\Java\jdk-15.0.2\bin\zip.dll
0x00007fff55b00000 - 0x00007fff55b10000 	C:\Program Files\Java\jdk-15.0.2\bin\verify.dll
0x00007fff55c90000 - 0x00007fff55c9a000 	C:\Program Files (x86)\NetBeans-12.4\netbeans\java\maven\lib\jansi-native\windows64\jansi.dll

dbghelp: loaded successfully - version: 4.0.5 - missing functions: none
symbol engine: initialized successfully - sym options: 0x614 - pdb path: .;C:\Program Files\Java\jdk-15.0.2\bin;C:\WINDOWS\SYSTEM32;C:\WINDOWS\WinSxS\amd64_microsoft.windows.common-controls_6595b64144ccf1df_6.0.19041.1110_none_60b5254171f9507e;C:\Program Files\Java\jdk-15.0.2\bin\server;C:\Program Files (x86)\NetBeans-12.4\netbeans\java\maven\lib\jansi-native\windows64

VM Arguments:
jvm_args: -Dclassworlds.conf=C:\Program Files (x86)\NetBeans-12.4\netbeans\java\maven\bin\..\bin\m2.conf -Dmaven.home=C:\Program Files (x86)\NetBeans-12.4\netbeans\java\maven\bin\.. -Dlibrary.jansi.path=C:\Program Files (x86)\NetBeans-12.4\netbeans\java\maven\bin\..\lib\jansi-native -Dmaven.multiModuleProjectDirectory=C:\Users\hp\Documents\NetBeansProjects\mavenproject5 
java_command: org.codehaus.plexus.classworlds.launcher.Launcher -Dexec.vmArgs= -Dexec.args=${exec.vmArgs} -classpath %classpath ${exec.mainClass} ${exec.appArgs} -Dexec.appArgs= -Dexec.mainClass=project5.mavenproject5.login -Dexec.executable=C:\Program Files\Java\jdk-15.0.2\bin\java.exe -Dmaven.ext.class.path=C:\Program Files (x86)\NetBeans-12.4\netbeans\java\maven-nblib\netbeans-eventspy.jar -Dfile.encoding=UTF-8 org.codehaus.mojo:exec-maven-plugin:3.0.0:exec
java_class_path (initial): C:\Program Files (x86)\NetBeans-12.4\netbeans\java\maven\bin\..\boot\plexus-classworlds-2.6.0.jar
Launcher Type: SUN_STANDARD

[Global flags]
     intx CICompilerCount                          = 4                                         {product} {ergonomic}
     uint ConcGCThreads                            = 2                                         {product} {ergonomic}
     uint G1ConcRefinementThreads                  = 8                                         {product} {ergonomic}
   size_t G1HeapRegionSize                         = 1048576                                   {product} {ergonomic}
    uintx GCDrainStackTargetSize                   = 64                                        {product} {ergonomic}
   size_t InitialHeapSize                          = 132120576                                 {product} {ergonomic}
   size_t MarkStackSize                            = 4194304                                   {product} {ergonomic}
   size_t MaxHeapSize                              = 2113929216                                {product} {ergonomic}
   size_t MaxNewSize                               = 1267728384                                {product} {ergonomic}
   size_t MinHeapDeltaBytes                        = 1048576                                   {product} {ergonomic}
   size_t MinHeapSize                              = 8388608                                   {product} {ergonomic}
    uintx NonNMethodCodeHeapSize                   = 5839372                                {pd product} {ergonomic}
    uintx NonProfiledCodeHeapSize                  = 122909434                              {pd product} {ergonomic}
    uintx ProfiledCodeHeapSize                     = 122909434                              {pd product} {ergonomic}
    uintx ReservedCodeCacheSize                    = 251658240                              {pd product} {ergonomic}
     bool SegmentedCodeCache                       = true                                      {product} {ergonomic}
   size_t SoftMaxHeapSize                          = 2113929216                             {manageable} {ergonomic}
     bool UseCompressedClassPointers               = true                                 {lp64_product} {ergonomic}
     bool UseCompressedOops                        = true                                 {lp64_product} {ergonomic}
     bool UseG1GC                                  = true                                      {product} {ergonomic}
     bool UseLargePagesIndividualAllocation        = false                                  {pd product} {ergonomic}

Logging:
Log output configuration:
 #0: stdout all=warning uptime,level,tags
 #1: stderr all=off uptime,level,tags

Environment Variables:
JAVA_HOME=C:\Program Files\Java\jdk-15.0.2
PATH=C:\app\hp\product\21c\dbhomeXE\bin;C:\Program Files\National Instruments\Shared\OpenVINO\;C:\Program Files\Common Files\Oracle\Java\javapath;C:\Program Files (x86)\Common Files\Oracle\Java\javapath;C:\Windows\system32;C:\Windows;C:\Windows\System32\Wbem;C:\Windows\System32\WindowsPowerShell\v1.0\;C:\Windows\System32\OpenSSH\;C:\Program Files (x86)\NVIDIA Corporation\PhysX\Common;c:\Program Files (x86)\Microsoft SQL Server\100\Tools\Binn\;c:\Program Files\Microsoft SQL Server\100\Tools\Binn\;c:\Program Files\Microsoft SQL Server\100\DTS\Binn\;C:\Program Files\dotnet\;C:\Program Files\Microsoft SQL Server\130\Tools\Binn\;C:\Program Files\Microsoft SQL Server\Client SDK\ODBC\170\Tools\Binn\;C:\WINDOWS\system32;C:\WINDOWS;C:\WINDOWS\System32\Wbem;C:\WINDOWS\System32\WindowsPowerShell\v1.0\;C:\WINDOWS\System32\OpenSSH\;C:\Program Files\Java\jdk-15.0.2\bin;C:\f\flutter\bin;C:\Program Files\Dart\dart-sdk\bin;C:\Program Files (x86)\Microsoft SQL Server\110\Tools\Binn\;C:\Program Files (x86)\Microsoft SQL Server\110\DTS\Binn\;C:\Program Files (x86)\National Instruments\Shared\LabVIEW CLI;C:\Program Files\Java\java-se-8u41-ri\bin;C:\Program Files\Git\cmd;C:\Users\hp\AppData\Local\Microsoft\WindowsApps;C:\f\flutter\bin;
USERNAME=hp
OS=Windows_NT
PROCESSOR_IDENTIFIER=Intel64 Family 6 Model 142 Stepping 12, GenuineIntel



---------------  S Y S T E M  ---------------

OS:
 Windows 10 , 64 bit Build 19041 (10.0.19041.1348)
OS uptime: 0 days 22:34 hours

CPU: total 8 (initial active 8) (4 cores per cpu, 2 threads per core) family 6 model 142 stepping 12 microcode 0xb8, cmov, cx8, fxsr, mmx, sse, sse2, sse3, ssse3, sse4.1, sse4.2, popcnt, vzeroupper, avx, avx2, aes, clmul, erms, 3dnowpref, lzcnt, ht, tsc, tscinvbit, bmi1, bmi2, adx, fma, clflush, clflushopt

Memory: 4k page, system-wide physical 8062M (2354M free)
TotalPageFile size 9951M (AvailPageFile size 0M)
current process WorkingSet (physical memory assigned to process): 130M, peak: 136M
current process commit charge ("private bytes"): 251M, peak: 257M

vm_info: Java HotSpot(TM) 64-Bit Server VM (15.0.2+7-27) for windows-amd64 JRE (15.0.2+7-27), built on Dec  7 2020 20:07:01 by "mach5one" with unknown MS VC++:1925

END.
