#
# There is insufficient memory for the Java Runtime Environment to continue.
# Native memory allocation (malloc) failed to allocate 871536 bytes for Chunk::new
# Possible reasons:
#   The system is out of physical RAM or swap space
#   The process is running with CompressedOops enabled, and the Java Heap may be blocking the growth of the native heap
# Possible solutions:
#   Reduce memory load on the system
#   Increase physical memory or swap space
#   Check if swap backing store is full
#   Decrease Java heap size (-Xmx/-Xms)
#   Decrease number of Java threads
#   Decrease Java thread stack sizes (-Xss)
#   Set larger code cache with -XX:ReservedCodeCacheSize=
#   JVM is running with Unscaled Compressed Oops mode in which the Java heap is
#     placed in the first 4GB address space. The Java Heap base address is the
#     maximum limit for the native heap growth. Please use -XX:HeapBaseMinAddress
#     to set the Java Heap base and to place the Java Heap above 4GB virtual address.
# This output file may be truncated or incomplete.
#
#  Out of Memory Error (./open/src/hotspot/share/memory/arena.cpp:195), pid=13820, tid=2412
#
# JRE version: Java(TM) SE Runtime Environment (15.0.2+7) (build 15.0.2+7-27)
# Java VM: Java HotSpot(TM) 64-Bit Server VM (15.0.2+7-27, mixed mode, sharing, tiered, compressed oops, g1 gc, windows-amd64)
# No core dump will be written. Minidumps are not enabled by default on client versions of Windows
#

---------------  S U M M A R Y ------------

Command Line: -Dclassworlds.conf=C:\Program Files (x86)\NetBeans-12.4\netbeans\java\maven\bin\..\bin\m2.conf -Dmaven.home=C:\Program Files (x86)\NetBeans-12.4\netbeans\java\maven\bin\.. -Dlibrary.jansi.path=C:\Program Files (x86)\NetBeans-12.4\netbeans\java\maven\bin\..\lib\jansi-native -Dmaven.multiModuleProjectDirectory=C:\Users\hp\Documents\NetBeansProjects\mavenproject5 org.codehaus.plexus.classworlds.launcher.Launcher -Dmaven.ext.class.path=C:\Program Files (x86)\NetBeans-12.4\netbeans\java\maven-nblib\netbeans-eventspy.jar -Dfile.encoding=UTF-8 install

Host: Intel(R) Core(TM) i7-8565U CPU @ 1.80GHz, 8 cores, 7G,  Windows 10 , 64 bit Build 19041 (10.0.19041.1348)
Time: Sat Dec  4 21:33:29 2021 Jerusalem Standard Time elapsed time: 2.970868 seconds (0d 0h 0m 2s)

---------------  T H R E A D  ---------------

Current thread (0x0000019be8563dc0):  JavaThread "C2 CompilerThread0" daemon [_thread_in_native, id=2412, stack(0x0000006addb00000,0x0000006addc00000)]


Current CompileTask:
C2:   2970 3125   !   4       java.net.URL::<init> (543 bytes)

Stack: [0x0000006addb00000,0x0000006addc00000]
Native frames: (J=compiled Java code, j=interpreted, Vv=VM code, C=native code)
V  [jvm.dll+0x62ae9a]
V  [jvm.dll+0x7817a9]
V  [jvm.dll+0x782f03]
V  [jvm.dll+0x783563]
V  [jvm.dll+0x216325]
V  [jvm.dll+0x97f3a]
V  [jvm.dll+0x9861c]
V  [jvm.dll+0x279f9f]
V  [jvm.dll+0x540794]
V  [jvm.dll+0x1f3124]
V  [jvm.dll+0x1ecaf1]
V  [jvm.dll+0x1e9867]
V  [jvm.dll+0x178567]
V  [jvm.dll+0x1f9225]
V  [jvm.dll+0x1f72cc]
V  [jvm.dll+0x74495d]
V  [jvm.dll+0x73d75a]
V  [jvm.dll+0x629c56]
C  [ucrtbase.dll+0x21bb2]
C  [KERNEL32.DLL+0x17034]
C  [ntdll.dll+0x52651]


---------------  P R O C E S S  ---------------

Threads class SMR info:
_java_thread_list=0x0000019bea198840, length=13, elements={
0x0000019bc9ae48d0, 0x0000019be8544ec0, 0x0000019be8545a90, 0x0000019be855eaa0,
0x0000019be8561470, 0x0000019be8562f30, 0x0000019be8563dc0, 0x0000019be8566970,
0x0000019be8567460, 0x0000019be8f93920, 0x0000019be8fbc500, 0x0000019be9808fa0,
0x0000019be9c6b8c0
}

Java Threads: ( => current thread )
  0x0000019bc9ae48d0 JavaThread "main" [_thread_in_Java, id=2184, stack(0x0000006adcf00000,0x0000006add000000)]
  0x0000019be8544ec0 JavaThread "Reference Handler" daemon [_thread_blocked, id=2216, stack(0x0000006add600000,0x0000006add700000)]
  0x0000019be8545a90 JavaThread "Finalizer" daemon [_thread_blocked, id=12432, stack(0x0000006add700000,0x0000006add800000)]
  0x0000019be855eaa0 JavaThread "Signal Dispatcher" daemon [_thread_blocked, id=11884, stack(0x0000006add800000,0x0000006add900000)]
  0x0000019be8561470 JavaThread "Attach Listener" daemon [_thread_blocked, id=13108, stack(0x0000006add900000,0x0000006adda00000)]
  0x0000019be8562f30 JavaThread "Service Thread" daemon [_thread_blocked, id=12368, stack(0x0000006adda00000,0x0000006addb00000)]
=>0x0000019be8563dc0 JavaThread "C2 CompilerThread0" daemon [_thread_in_native, id=2412, stack(0x0000006addb00000,0x0000006addc00000)]
  0x0000019be8566970 JavaThread "C1 CompilerThread0" daemon [_thread_blocked, id=5168, stack(0x0000006addc00000,0x0000006addd00000)]
  0x0000019be8567460 JavaThread "Sweeper thread" daemon [_thread_blocked, id=12520, stack(0x0000006addd00000,0x0000006adde00000)]
  0x0000019be8f93920 JavaThread "Notification Thread" daemon [_thread_blocked, id=13908, stack(0x0000006adde00000,0x0000006addf00000)]
  0x0000019be8fbc500 JavaThread "Common-Cleaner" daemon [_thread_blocked, id=12728, stack(0x0000006ade000000,0x0000006ade100000)]
  0x0000019be9808fa0 JavaThread "C2 CompilerThread1" daemon [_thread_in_native, id=1180, stack(0x0000006ade100000,0x0000006ade200000)]
  0x0000019be9c6b8c0 JavaThread "C2 CompilerThread2" daemon [_thread_in_native, id=11752, stack(0x0000006ade200000,0x0000006ade300000)]

Other Threads:
  0x0000019be8543640 VMThread "VM Thread" [stack: 0x0000006add500000,0x0000006add600000] [id=13528]
  0x0000019be8fa3070 WatcherThread [stack: 0x0000006addf00000,0x0000006ade000000] [id=13584]
  0x0000019bc9b24910 GCTaskThread "GC Thread#0" [stack: 0x0000006add000000,0x0000006add100000] [id=11768]
  0x0000019be93396c0 GCTaskThread "GC Thread#1" [stack: 0x0000006ade300000,0x0000006ade400000] [id=10476]
  0x0000019be93399f0 GCTaskThread "GC Thread#2" [stack: 0x0000006ade400000,0x0000006ade500000] [id=6080]
  0x0000019bc9b35660 ConcurrentGCThread "G1 Main Marker" [stack: 0x0000006add100000,0x0000006add200000] [id=2396]
  0x0000019bc9b36250 ConcurrentGCThread "G1 Conc#0" [stack: 0x0000006add200000,0x0000006add300000] [id=5748]
  0x0000019be83c0090 ConcurrentGCThread "G1 Refine#0" [stack: 0x0000006add300000,0x0000006add400000] [id=9064]
  0x0000019be83c0c90 ConcurrentGCThread "G1 Young RemSet Sampling" [stack: 0x0000006add400000,0x0000006add500000] [id=5088]

Threads with active compile tasks:
C2 CompilerThread0     3135 3125   !   4       java.net.URL::<init> (543 bytes)
C1 CompilerThread0     3135 3358       3       org.apache.maven.artifact.ArtifactUtils::key (51 bytes)
C2 CompilerThread1     3135 3182       4       java.io.PrintStream::print (9 bytes)
C2 CompilerThread2     3135 3188       4       org.eclipse.sisu.inject.LocatedBeans$Itr::hasNext (161 bytes)

VM state: not at safepoint (normal execution)

VM Mutex/Monitor currently owned by a thread: None

Heap address: 0x0000000082000000, size: 2016 MB, Compressed Oops mode: 32-bit
CDS archive(s) mapped at: [0x0000000800000000-0x0000000800b50000-0x0000000800b50000), size 11862016, SharedBaseAddress: 0x0000000800000000, ArchiveRelocationMode: 0.
Compressed class space mapped at: 0x0000000800b50000-0x0000000840b50000, size: 1073741824
Narrow klass base: 0x0000000800000000, Narrow klass shift: 3, Narrow klass range: 0x100000000

GC Precious Log:
 CPUs: 8 total, 8 available
 Memory: 8062M
 Large Page Support: Disabled
 NUMA Support: Disabled
 Compressed Oops: Enabled (32-bit)
 Heap Region Size: 1M
 Heap Min Capacity: 8M
 Heap Initial Capacity: 126M
 Heap Max Capacity: 2016M
 Pre-touch: Disabled
 Parallel Workers: 8
 Concurrent Workers: 2
 Concurrent Refinement Workers: 8
 Periodic GC: Disabled

Heap:
 garbage-first heap   total 129024K, used 74993K [0x0000000082000000, 0x0000000100000000)
  region size 1024K, 71 young (72704K), 2 survivors (2048K)
 Metaspace       used 14249K, capacity 15671K, committed 16000K, reserved 1062912K
  class space    used 1571K, capacity 1798K, committed 1920K, reserved 1048576K

Heap Regions: E=young(eden), S=young(survivor), O=old, HS=humongous(starts), HC=humongous(continues), CS=collection set, F=free, OA=open archive, CA=closed archive, TAMS=top-at-mark-start (previous, next)
|   0|0x0000000082000000, 0x0000000082100000, 0x0000000082100000|100%| O|  |TAMS 0x0000000082000000, 0x0000000082000000| Untracked 
|   1|0x0000000082100000, 0x0000000082200000, 0x0000000082200000|100%| O|  |TAMS 0x0000000082100000, 0x0000000082100000| Untracked 
|   2|0x0000000082200000, 0x0000000082300000, 0x0000000082300000|100%| O|  |TAMS 0x0000000082200000, 0x0000000082200000| Untracked 
|   3|0x0000000082300000, 0x0000000082351800, 0x0000000082400000| 31%| O|  |TAMS 0x0000000082300000, 0x0000000082300000| Untracked 
|   4|0x0000000082400000, 0x0000000082400000, 0x0000000082500000|  0%| F|  |TAMS 0x0000000082400000, 0x0000000082400000| Untracked 
|   5|0x0000000082500000, 0x0000000082500000, 0x0000000082600000|  0%| F|  |TAMS 0x0000000082500000, 0x0000000082500000| Untracked 
|   6|0x0000000082600000, 0x0000000082600000, 0x0000000082700000|  0%| F|  |TAMS 0x0000000082600000, 0x0000000082600000| Untracked 
|   7|0x0000000082700000, 0x0000000082700000, 0x0000000082800000|  0%| F|  |TAMS 0x0000000082700000, 0x0000000082700000| Untracked 
|   8|0x0000000082800000, 0x0000000082800000, 0x0000000082900000|  0%| F|  |TAMS 0x0000000082800000, 0x0000000082800000| Untracked 
|   9|0x0000000082900000, 0x0000000082900000, 0x0000000082a00000|  0%| F|  |TAMS 0x0000000082900000, 0x0000000082900000| Untracked 
|  10|0x0000000082a00000, 0x0000000082a00000, 0x0000000082b00000|  0%| F|  |TAMS 0x0000000082a00000, 0x0000000082a00000| Untracked 
|  11|0x0000000082b00000, 0x0000000082b00000, 0x0000000082c00000|  0%| F|  |TAMS 0x0000000082b00000, 0x0000000082b00000| Untracked 
|  12|0x0000000082c00000, 0x0000000082c00000, 0x0000000082d00000|  0%| F|  |TAMS 0x0000000082c00000, 0x0000000082c00000| Untracked 
|  13|0x0000000082d00000, 0x0000000082d00000, 0x0000000082e00000|  0%| F|  |TAMS 0x0000000082d00000, 0x0000000082d00000| Untracked 
|  14|0x0000000082e00000, 0x0000000082e00000, 0x0000000082f00000|  0%| F|  |TAMS 0x0000000082e00000, 0x0000000082e00000| Untracked 
|  15|0x0000000082f00000, 0x0000000082f00000, 0x0000000083000000|  0%| F|  |TAMS 0x0000000082f00000, 0x0000000082f00000| Untracked 
|  16|0x0000000083000000, 0x0000000083000000, 0x0000000083100000|  0%| F|  |TAMS 0x0000000083000000, 0x0000000083000000| Untracked 
|  17|0x0000000083100000, 0x0000000083100000, 0x0000000083200000|  0%| F|  |TAMS 0x0000000083100000, 0x0000000083100000| Untracked 
|  18|0x0000000083200000, 0x0000000083200000, 0x0000000083300000|  0%| F|  |TAMS 0x0000000083200000, 0x0000000083200000| Untracked 
|  19|0x0000000083300000, 0x0000000083300000, 0x0000000083400000|  0%| F|  |TAMS 0x0000000083300000, 0x0000000083300000| Untracked 
|  20|0x0000000083400000, 0x0000000083400000, 0x0000000083500000|  0%| F|  |TAMS 0x0000000083400000, 0x0000000083400000| Untracked 
|  21|0x0000000083500000, 0x0000000083500000, 0x0000000083600000|  0%| F|  |TAMS 0x0000000083500000, 0x0000000083500000| Untracked 
|  22|0x0000000083600000, 0x0000000083600000, 0x0000000083700000|  0%| F|  |TAMS 0x0000000083600000, 0x0000000083600000| Untracked 
|  23|0x0000000083700000, 0x0000000083700000, 0x0000000083800000|  0%| F|  |TAMS 0x0000000083700000, 0x0000000083700000| Untracked 
|  24|0x0000000083800000, 0x0000000083800000, 0x0000000083900000|  0%| F|  |TAMS 0x0000000083800000, 0x0000000083800000| Untracked 
|  25|0x0000000083900000, 0x0000000083900000, 0x0000000083a00000|  0%| F|  |TAMS 0x0000000083900000, 0x0000000083900000| Untracked 
|  26|0x0000000083a00000, 0x0000000083a00000, 0x0000000083b00000|  0%| F|  |TAMS 0x0000000083a00000, 0x0000000083a00000| Untracked 
|  27|0x0000000083b00000, 0x0000000083b00000, 0x0000000083c00000|  0%| F|  |TAMS 0x0000000083b00000, 0x0000000083b00000| Untracked 
|  28|0x0000000083c00000, 0x0000000083c00000, 0x0000000083d00000|  0%| F|  |TAMS 0x0000000083c00000, 0x0000000083c00000| Untracked 
|  29|0x0000000083d00000, 0x0000000083d00000, 0x0000000083e00000|  0%| F|  |TAMS 0x0000000083d00000, 0x0000000083d00000| Untracked 
|  30|0x0000000083e00000, 0x0000000083e00000, 0x0000000083f00000|  0%| F|  |TAMS 0x0000000083e00000, 0x0000000083e00000| Untracked 
|  31|0x0000000083f00000, 0x0000000083f00000, 0x0000000084000000|  0%| F|  |TAMS 0x0000000083f00000, 0x0000000083f00000| Untracked 
|  32|0x0000000084000000, 0x0000000084000000, 0x0000000084100000|  0%| F|  |TAMS 0x0000000084000000, 0x0000000084000000| Untracked 
|  33|0x0000000084100000, 0x0000000084100000, 0x0000000084200000|  0%| F|  |TAMS 0x0000000084100000, 0x0000000084100000| Untracked 
|  34|0x0000000084200000, 0x0000000084200000, 0x0000000084300000|  0%| F|  |TAMS 0x0000000084200000, 0x0000000084200000| Untracked 
|  35|0x0000000084300000, 0x0000000084300000, 0x0000000084400000|  0%| F|  |TAMS 0x0000000084300000, 0x0000000084300000| Untracked 
|  36|0x0000000084400000, 0x0000000084400000, 0x0000000084500000|  0%| F|  |TAMS 0x0000000084400000, 0x0000000084400000| Untracked 
|  37|0x0000000084500000, 0x0000000084500000, 0x0000000084600000|  0%| F|  |TAMS 0x0000000084500000, 0x0000000084500000| Untracked 
|  38|0x0000000084600000, 0x0000000084600000, 0x0000000084700000|  0%| F|  |TAMS 0x0000000084600000, 0x0000000084600000| Untracked 
|  39|0x0000000084700000, 0x0000000084700000, 0x0000000084800000|  0%| F|  |TAMS 0x0000000084700000, 0x0000000084700000| Untracked 
|  40|0x0000000084800000, 0x0000000084800000, 0x0000000084900000|  0%| F|  |TAMS 0x0000000084800000, 0x0000000084800000| Untracked 
|  41|0x0000000084900000, 0x0000000084900000, 0x0000000084a00000|  0%| F|  |TAMS 0x0000000084900000, 0x0000000084900000| Untracked 
|  42|0x0000000084a00000, 0x0000000084a00000, 0x0000000084b00000|  0%| F|  |TAMS 0x0000000084a00000, 0x0000000084a00000| Untracked 
|  43|0x0000000084b00000, 0x0000000084b00000, 0x0000000084c00000|  0%| F|  |TAMS 0x0000000084b00000, 0x0000000084b00000| Untracked 
|  44|0x0000000084c00000, 0x0000000084c00000, 0x0000000084d00000|  0%| F|  |TAMS 0x0000000084c00000, 0x0000000084c00000| Untracked 
|  45|0x0000000084d00000, 0x0000000084d00000, 0x0000000084e00000|  0%| F|  |TAMS 0x0000000084d00000, 0x0000000084d00000| Untracked 
|  46|0x0000000084e00000, 0x0000000084e00000, 0x0000000084f00000|  0%| F|  |TAMS 0x0000000084e00000, 0x0000000084e00000| Untracked 
|  47|0x0000000084f00000, 0x0000000084f00000, 0x0000000085000000|  0%| F|  |TAMS 0x0000000084f00000, 0x0000000084f00000| Untracked 
|  48|0x0000000085000000, 0x0000000085000000, 0x0000000085100000|  0%| F|  |TAMS 0x0000000085000000, 0x0000000085000000| Untracked 
|  49|0x0000000085100000, 0x0000000085100000, 0x0000000085200000|  0%| F|  |TAMS 0x0000000085100000, 0x0000000085100000| Untracked 
|  50|0x0000000085200000, 0x0000000085200000, 0x0000000085300000|  0%| F|  |TAMS 0x0000000085200000, 0x0000000085200000| Untracked 
|  51|0x0000000085300000, 0x0000000085300000, 0x0000000085400000|  0%| F|  |TAMS 0x0000000085300000, 0x0000000085300000| Untracked 
|  52|0x0000000085400000, 0x0000000085400000, 0x0000000085500000|  0%| F|  |TAMS 0x0000000085400000, 0x0000000085400000| Untracked 
|  53|0x0000000085500000, 0x0000000085500000, 0x0000000085600000|  0%| F|  |TAMS 0x0000000085500000, 0x0000000085500000| Untracked 
|  54|0x0000000085600000, 0x0000000085600000, 0x0000000085700000|  0%| F|  |TAMS 0x0000000085600000, 0x0000000085600000| Untracked 
|  55|0x0000000085700000, 0x0000000085780800, 0x0000000085800000| 50%| E|  |TAMS 0x0000000085700000, 0x0000000085700000| Complete 
|  56|0x0000000085800000, 0x0000000085900000, 0x0000000085900000|100%| E|CS|TAMS 0x0000000085800000, 0x0000000085800000| Complete 
|  57|0x0000000085900000, 0x0000000085a00000, 0x0000000085a00000|100%| E|CS|TAMS 0x0000000085900000, 0x0000000085900000| Complete 
|  58|0x0000000085a00000, 0x0000000085b00000, 0x0000000085b00000|100%| E|CS|TAMS 0x0000000085a00000, 0x0000000085a00000| Complete 
|  59|0x0000000085b00000, 0x0000000085c00000, 0x0000000085c00000|100%| E|CS|TAMS 0x0000000085b00000, 0x0000000085b00000| Complete 
|  60|0x0000000085c00000, 0x0000000085d00000, 0x0000000085d00000|100%| E|CS|TAMS 0x0000000085c00000, 0x0000000085c00000| Complete 
|  61|0x0000000085d00000, 0x0000000085e00000, 0x0000000085e00000|100%| E|CS|TAMS 0x0000000085d00000, 0x0000000085d00000| Complete 
|  62|0x0000000085e00000, 0x0000000085f00000, 0x0000000085f00000|100%| E|CS|TAMS 0x0000000085e00000, 0x0000000085e00000| Complete 
|  63|0x0000000085f00000, 0x0000000086000000, 0x0000000086000000|100%| E|CS|TAMS 0x0000000085f00000, 0x0000000085f00000| Complete 
|  64|0x0000000086000000, 0x0000000086100000, 0x0000000086100000|100%| E|CS|TAMS 0x0000000086000000, 0x0000000086000000| Complete 
|  65|0x0000000086100000, 0x0000000086200000, 0x0000000086200000|100%| E|CS|TAMS 0x0000000086100000, 0x0000000086100000| Complete 
|  66|0x0000000086200000, 0x0000000086300000, 0x0000000086300000|100%| E|CS|TAMS 0x0000000086200000, 0x0000000086200000| Complete 
|  67|0x0000000086300000, 0x0000000086400000, 0x0000000086400000|100%| E|CS|TAMS 0x0000000086300000, 0x0000000086300000| Complete 
|  68|0x0000000086400000, 0x0000000086500000, 0x0000000086500000|100%| E|CS|TAMS 0x0000000086400000, 0x0000000086400000| Complete 
|  69|0x0000000086500000, 0x0000000086600000, 0x0000000086600000|100%| E|CS|TAMS 0x0000000086500000, 0x0000000086500000| Complete 
|  70|0x0000000086600000, 0x0000000086700000, 0x0000000086700000|100%| E|CS|TAMS 0x0000000086600000, 0x0000000086600000| Complete 
|  71|0x0000000086700000, 0x0000000086800000, 0x0000000086800000|100%| E|CS|TAMS 0x0000000086700000, 0x0000000086700000| Complete 
|  72|0x0000000086800000, 0x0000000086900000, 0x0000000086900000|100%| E|CS|TAMS 0x0000000086800000, 0x0000000086800000| Complete 
|  73|0x0000000086900000, 0x0000000086a00000, 0x0000000086a00000|100%| E|CS|TAMS 0x0000000086900000, 0x0000000086900000| Complete 
|  74|0x0000000086a00000, 0x0000000086b00000, 0x0000000086b00000|100%| E|CS|TAMS 0x0000000086a00000, 0x0000000086a00000| Complete 
|  75|0x0000000086b00000, 0x0000000086c00000, 0x0000000086c00000|100%| E|CS|TAMS 0x0000000086b00000, 0x0000000086b00000| Complete 
|  76|0x0000000086c00000, 0x0000000086d00000, 0x0000000086d00000|100%| E|CS|TAMS 0x0000000086c00000, 0x0000000086c00000| Complete 
|  77|0x0000000086d00000, 0x0000000086e00000, 0x0000000086e00000|100%| E|CS|TAMS 0x0000000086d00000, 0x0000000086d00000| Complete 
|  78|0x0000000086e00000, 0x0000000086f00000, 0x0000000086f00000|100%| E|CS|TAMS 0x0000000086e00000, 0x0000000086e00000| Complete 
|  79|0x0000000086f00000, 0x0000000087000000, 0x0000000087000000|100%| E|CS|TAMS 0x0000000086f00000, 0x0000000086f00000| Complete 
|  80|0x0000000087000000, 0x0000000087100000, 0x0000000087100000|100%| E|CS|TAMS 0x0000000087000000, 0x0000000087000000| Complete 
|  81|0x0000000087100000, 0x0000000087200000, 0x0000000087200000|100%| E|CS|TAMS 0x0000000087100000, 0x0000000087100000| Complete 
|  82|0x0000000087200000, 0x0000000087300000, 0x0000000087300000|100%| E|CS|TAMS 0x0000000087200000, 0x0000000087200000| Complete 
|  83|0x0000000087300000, 0x0000000087400000, 0x0000000087400000|100%| E|CS|TAMS 0x0000000087300000, 0x0000000087300000| Complete 
|  84|0x0000000087400000, 0x0000000087500000, 0x0000000087500000|100%| E|CS|TAMS 0x0000000087400000, 0x0000000087400000| Complete 
|  85|0x0000000087500000, 0x0000000087600000, 0x0000000087600000|100%| E|CS|TAMS 0x0000000087500000, 0x0000000087500000| Complete 
|  86|0x0000000087600000, 0x0000000087700000, 0x0000000087700000|100%| E|CS|TAMS 0x0000000087600000, 0x0000000087600000| Complete 
|  87|0x0000000087700000, 0x0000000087800000, 0x0000000087800000|100%| E|CS|TAMS 0x0000000087700000, 0x0000000087700000| Complete 
|  88|0x0000000087800000, 0x0000000087900000, 0x0000000087900000|100%| E|CS|TAMS 0x0000000087800000, 0x0000000087800000| Complete 
|  89|0x0000000087900000, 0x0000000087a00000, 0x0000000087a00000|100%| E|CS|TAMS 0x0000000087900000, 0x0000000087900000| Complete 
|  90|0x0000000087a00000, 0x0000000087b00000, 0x0000000087b00000|100%| E|CS|TAMS 0x0000000087a00000, 0x0000000087a00000| Complete 
|  91|0x0000000087b00000, 0x0000000087bead38, 0x0000000087c00000| 91%| S|CS|TAMS 0x0000000087b00000, 0x0000000087b00000| Complete 
|  92|0x0000000087c00000, 0x0000000087d00000, 0x0000000087d00000|100%| S|CS|TAMS 0x0000000087c00000, 0x0000000087c00000| Complete 
|  93|0x0000000087d00000, 0x0000000087e00000, 0x0000000087e00000|100%| E|CS|TAMS 0x0000000087d00000, 0x0000000087d00000| Complete 
|  94|0x0000000087e00000, 0x0000000087f00000, 0x0000000087f00000|100%| E|CS|TAMS 0x0000000087e00000, 0x0000000087e00000| Complete 
|  95|0x0000000087f00000, 0x0000000088000000, 0x0000000088000000|100%| E|CS|TAMS 0x0000000087f00000, 0x0000000087f00000| Complete 
|  96|0x0000000088000000, 0x0000000088100000, 0x0000000088100000|100%| E|CS|TAMS 0x0000000088000000, 0x0000000088000000| Complete 
|  97|0x0000000088100000, 0x0000000088200000, 0x0000000088200000|100%| E|CS|TAMS 0x0000000088100000, 0x0000000088100000| Complete 
|  98|0x0000000088200000, 0x0000000088300000, 0x0000000088300000|100%| E|CS|TAMS 0x0000000088200000, 0x0000000088200000| Complete 
|  99|0x0000000088300000, 0x0000000088400000, 0x0000000088400000|100%| E|CS|TAMS 0x0000000088300000, 0x0000000088300000| Complete 
| 100|0x0000000088400000, 0x0000000088500000, 0x0000000088500000|100%| E|CS|TAMS 0x0000000088400000, 0x0000000088400000| Complete 
| 101|0x0000000088500000, 0x0000000088600000, 0x0000000088600000|100%| E|CS|TAMS 0x0000000088500000, 0x0000000088500000| Complete 
| 102|0x0000000088600000, 0x0000000088700000, 0x0000000088700000|100%| E|CS|TAMS 0x0000000088600000, 0x0000000088600000| Complete 
| 103|0x0000000088700000, 0x0000000088800000, 0x0000000088800000|100%| E|CS|TAMS 0x0000000088700000, 0x0000000088700000| Complete 
| 104|0x0000000088800000, 0x0000000088900000, 0x0000000088900000|100%| E|CS|TAMS 0x0000000088800000, 0x0000000088800000| Complete 
| 105|0x0000000088900000, 0x0000000088a00000, 0x0000000088a00000|100%| E|CS|TAMS 0x0000000088900000, 0x0000000088900000| Complete 
| 106|0x0000000088a00000, 0x0000000088b00000, 0x0000000088b00000|100%| E|CS|TAMS 0x0000000088a00000, 0x0000000088a00000| Complete 
| 107|0x0000000088b00000, 0x0000000088c00000, 0x0000000088c00000|100%| E|CS|TAMS 0x0000000088b00000, 0x0000000088b00000| Complete 
| 108|0x0000000088c00000, 0x0000000088d00000, 0x0000000088d00000|100%| E|CS|TAMS 0x0000000088c00000, 0x0000000088c00000| Complete 
| 109|0x0000000088d00000, 0x0000000088e00000, 0x0000000088e00000|100%| E|CS|TAMS 0x0000000088d00000, 0x0000000088d00000| Complete 
| 110|0x0000000088e00000, 0x0000000088f00000, 0x0000000088f00000|100%| E|CS|TAMS 0x0000000088e00000, 0x0000000088e00000| Complete 
| 111|0x0000000088f00000, 0x0000000089000000, 0x0000000089000000|100%| E|CS|TAMS 0x0000000088f00000, 0x0000000088f00000| Complete 
| 112|0x0000000089000000, 0x0000000089100000, 0x0000000089100000|100%| E|CS|TAMS 0x0000000089000000, 0x0000000089000000| Complete 
| 113|0x0000000089100000, 0x0000000089200000, 0x0000000089200000|100%| E|CS|TAMS 0x0000000089100000, 0x0000000089100000| Complete 
| 114|0x0000000089200000, 0x0000000089300000, 0x0000000089300000|100%| E|CS|TAMS 0x0000000089200000, 0x0000000089200000| Complete 
| 115|0x0000000089300000, 0x0000000089400000, 0x0000000089400000|100%| E|CS|TAMS 0x0000000089300000, 0x0000000089300000| Complete 
| 116|0x0000000089400000, 0x0000000089500000, 0x0000000089500000|100%| E|CS|TAMS 0x0000000089400000, 0x0000000089400000| Complete 
| 117|0x0000000089500000, 0x0000000089600000, 0x0000000089600000|100%| E|CS|TAMS 0x0000000089500000, 0x0000000089500000| Complete 
| 118|0x0000000089600000, 0x0000000089700000, 0x0000000089700000|100%| E|CS|TAMS 0x0000000089600000, 0x0000000089600000| Complete 
| 119|0x0000000089700000, 0x0000000089800000, 0x0000000089800000|100%| E|CS|TAMS 0x0000000089700000, 0x0000000089700000| Complete 
| 120|0x0000000089800000, 0x0000000089900000, 0x0000000089900000|100%| E|CS|TAMS 0x0000000089800000, 0x0000000089800000| Complete 
| 121|0x0000000089900000, 0x0000000089a00000, 0x0000000089a00000|100%| E|CS|TAMS 0x0000000089900000, 0x0000000089900000| Complete 
| 122|0x0000000089a00000, 0x0000000089b00000, 0x0000000089b00000|100%| E|CS|TAMS 0x0000000089a00000, 0x0000000089a00000| Complete 
| 123|0x0000000089b00000, 0x0000000089c00000, 0x0000000089c00000|100%| E|CS|TAMS 0x0000000089b00000, 0x0000000089b00000| Complete 
| 124|0x0000000089c00000, 0x0000000089d00000, 0x0000000089d00000|100%| E|CS|TAMS 0x0000000089c00000, 0x0000000089c00000| Complete 
| 125|0x0000000089d00000, 0x0000000089e00000, 0x0000000089e00000|100%| E|CS|TAMS 0x0000000089d00000, 0x0000000089d00000| Complete 

Card table byte_map: [0x0000019be1440000,0x0000019be1830000] _byte_map_base: 0x0000019be1030000

Marking Bits (Prev, Next): (CMBitMap*) 0x0000019bc9b25100, (CMBitMap*) 0x0000019bc9b25140
 Prev Bits: [0x0000019be1c20000, 0x0000019be3ba0000)
 Next Bits: [0x0000019be3ba0000, 0x0000019be5b20000)

Polling page: 0x0000019bc7ab0000

Metaspace:

Usage:
  Non-class:     13.55 MB capacity,    12.38 MB ( 91%) used,     1.15 MB (  9%) free+waste,    14.31 KB ( <1%) overhead. 
      Class:      1.76 MB capacity,     1.53 MB ( 87%) used,   220.80 KB ( 12%) free+waste,     5.81 KB ( <1%) overhead. 
       Both:     15.30 MB capacity,    13.92 MB ( 91%) used,     1.37 MB (  9%) free+waste,    20.12 KB ( <1%) overhead. 

Virtual space:
  Non-class space:       14.00 MB reserved,      13.75 MB ( 98%) committed 
      Class space:        1.00 GB reserved,       1.88 MB ( <1%) committed 
             Both:        1.01 GB reserved,      15.62 MB (  2%) committed 

Chunk freelists:
   Non-Class:  15.00 KB
       Class:  26.00 KB
        Both:  41.00 KB

MaxMetaspaceSize: 17179869184.00 GB
CompressedClassSpaceSize: 1.00 GB

CodeHeap 'non-profiled nmethods': size=120000Kb used=1492Kb max_used=1492Kb free=118508Kb
 bounds [0x0000019bd97f0000, 0x0000019bd9a60000, 0x0000019be0d20000]
CodeHeap 'profiled nmethods': size=120000Kb used=6543Kb max_used=6543Kb free=113456Kb
 bounds [0x0000019bd22c0000, 0x0000019bd2930000, 0x0000019bd97f0000]
CodeHeap 'non-nmethods': size=5760Kb used=1206Kb max_used=1261Kb free=4553Kb
 bounds [0x0000019bd1d20000, 0x0000019bd1f90000, 0x0000019bd22c0000]
 total_blobs=3817 nmethods=3350 adapters=379
 compilation: enabled
              stopped_count=0, restarted_count=0
 full_count=0

Compilation events (20 events):
Event: 2.949 Thread 0x0000019be8566970 nmethod 3206 0x0000019bd995e810 code [0x0000019bd995e9a0, 0x0000019bd995ea58]
Event: 2.949 Thread 0x0000019be8566970 3207       1       org.eclipse.aether.repository.RemoteRepository::getProtocol (5 bytes)
Event: 2.949 Thread 0x0000019be8566970 nmethod 3207 0x0000019bd995eb10 code [0x0000019bd995eca0, 0x0000019bd995ed58]
Event: 2.950 Thread 0x0000019be8566970 3209       3       org.eclipse.aether.internal.impl.EnhancedLocalRepositoryManager::getKey (27 bytes)
Event: 2.950 Thread 0x0000019be8566970 nmethod 3209 0x0000019bd28c2210 code [0x0000019bd28c2440, 0x0000019bd28c2a68]
Event: 2.952 Thread 0x0000019be8566970 3212       3       org.eclipse.aether.util.repository.DefaultMirrorSelector::getMirror (101 bytes)
Event: 2.953 Thread 0x0000019be8566970 nmethod 3212 0x0000019bd28c2d10 code [0x0000019bd28c2fc0, 0x0000019bd28c3b78]
Event: 2.953 Thread 0x0000019be8566970 3213       3       org.eclipse.aether.util.repository.DefaultMirrorSelector::findMirror (149 bytes)
Event: 2.954 Thread 0x0000019be8566970 nmethod 3213 0x0000019bd28c4110 code [0x0000019bd28c43c0, 0x0000019bd28c51c8]
Event: 2.954 Thread 0x0000019be8566970 3214       3       org.eclipse.sisu.wire.EntrySetAdapter::iterator (12 bytes)
Event: 2.954 Thread 0x0000019be8566970 nmethod 3214 0x0000019bd28c5690 code [0x0000019bd28c5840, 0x0000019bd28c5b88]
Event: 2.954 Thread 0x0000019be8566970 3215       3       org.eclipse.sisu.wire.EntrySetAdapter$ValueIterator::<init> (15 bytes)
Event: 2.954 Thread 0x0000019be8566970 nmethod 3215 0x0000019bd28c5d10 code [0x0000019bd28c5ec0, 0x0000019bd28c6148]
Event: 2.954 Thread 0x0000019be8566970 3216       3       java.nio.channels.spi.AbstractInterruptibleChannel::blockedOn (10 bytes)
Event: 2.955 Thread 0x0000019be8566970 nmethod 3216 0x0000019bd28c6290 code [0x0000019bd28c6440, 0x0000019bd28c6668]
Event: 2.955 Thread 0x0000019be8566970 3217       3       java.lang.System$2::blockedOn (5 bytes)
Event: 2.955 Thread 0x0000019be8566970 nmethod 3217 0x0000019bd28c6790 code [0x0000019bd28c6940, 0x0000019bd28c6a68]
Event: 2.955 Thread 0x0000019be8566970 3211       3       org.apache.maven.model.path.DefaultUrlNormalizer::normalize (122 bytes)
Event: 2.957 Thread 0x0000019be8566970 nmethod 3211 0x0000019bd28c6b10 code [0x0000019bd28c6ea0, 0x0000019bd28c83d8]
Event: 2.957 Thread 0x0000019be8566970 3219   !   3       org.apache.maven.model.Reporting::clone (137 bytes)

GC Heap History (4 events):
Event: 0.650 GC heap before
{Heap before GC invocations=0 (full 0):
 garbage-first heap   total 129024K, used 22528K [0x0000000082000000, 0x0000000100000000)
  region size 1024K, 23 young (23552K), 0 survivors (0K)
 Metaspace       used 5135K, capacity 7734K, committed 7808K, reserved 1056768K
  class space    used 589K, capacity 854K, committed 896K, reserved 1048576K
}
Event: 0.656 GC heap after
{Heap after GC invocations=1 (full 0):
 garbage-first heap   total 129024K, used 3554K [0x0000000082000000, 0x0000000100000000)
  region size 1024K, 3 young (3072K), 3 survivors (3072K)
 Metaspace       used 5135K, capacity 7734K, committed 7808K, reserved 1056768K
  class space    used 589K, capacity 854K, committed 896K, reserved 1048576K
}
Event: 1.332 GC heap before
{Heap before GC invocations=1 (full 0):
 garbage-first heap   total 129024K, used 34274K [0x0000000082000000, 0x0000000100000000)
  region size 1024K, 33 young (33792K), 3 survivors (3072K)
 Metaspace       used 9762K, capacity 11932K, committed 12288K, reserved 1060864K
  class space    used 1164K, capacity 1414K, committed 1536K, reserved 1048576K
}
Event: 1.339 GC heap after
{Heap after GC invocations=2 (full 0):
 garbage-first heap   total 129024K, used 5361K [0x0000000082000000, 0x0000000100000000)
  region size 1024K, 2 young (2048K), 2 survivors (2048K)
 Metaspace       used 9762K, capacity 11932K, committed 12288K, reserved 1060864K
  class space    used 1164K, capacity 1414K, committed 1536K, reserved 1048576K
}

Deoptimization events (20 events):
Event: 2.844 Thread 0x0000019bc9ae48d0 DEOPT PACKING pc=0x0000019bd98a3f8c sp=0x0000006adcffdab0
Event: 2.844 Thread 0x0000019bc9ae48d0 DEOPT UNPACKING pc=0x0000019bd1d6e42f sp=0x0000006adcffda48 mode 2
Event: 2.866 Thread 0x0000019bc9ae48d0 Uncommon trap: trap_request=0xffffffde fr.pc=0x0000019bd98a3f8c relative=0x000000000000006c
Event: 2.866 Thread 0x0000019bc9ae48d0 Uncommon trap: reason=class_check action=maybe_recompile pc=0x0000019bd98a3f8c method=com.google.inject.internal.LinkedBindingImpl.acceptTargetVisitor(Lcom/google/inject/spi/BindingTargetVisitor;)Ljava/lang/Object; @ 2 c2
Event: 2.866 Thread 0x0000019bc9ae48d0 DEOPT PACKING pc=0x0000019bd98a3f8c sp=0x0000006adcffdab0
Event: 2.866 Thread 0x0000019bc9ae48d0 DEOPT UNPACKING pc=0x0000019bd1d6e42f sp=0x0000006adcffda48 mode 2
Event: 2.866 Thread 0x0000019bc9ae48d0 Uncommon trap: trap_request=0xffffffde fr.pc=0x0000019bd98a3f8c relative=0x000000000000006c
Event: 2.866 Thread 0x0000019bc9ae48d0 Uncommon trap: reason=class_check action=maybe_recompile pc=0x0000019bd98a3f8c method=com.google.inject.internal.LinkedBindingImpl.acceptTargetVisitor(Lcom/google/inject/spi/BindingTargetVisitor;)Ljava/lang/Object; @ 2 c2
Event: 2.866 Thread 0x0000019bc9ae48d0 DEOPT PACKING pc=0x0000019bd98a3f8c sp=0x0000006adcffdab0
Event: 2.866 Thread 0x0000019bc9ae48d0 DEOPT UNPACKING pc=0x0000019bd1d6e42f sp=0x0000006adcffda48 mode 2
Event: 2.872 Thread 0x0000019bc9ae48d0 Uncommon trap: trap_request=0xffffff54 fr.pc=0x0000019bd99216ec relative=0x000000000000034c
Event: 2.872 Thread 0x0000019bc9ae48d0 Uncommon trap: reason=speculate_null_assert action=make_not_entrant pc=0x0000019bd99216ec method=org.eclipse.sisu.inject.RankedBindings$Itr.hasNext()Z @ 80 c2
Event: 2.872 Thread 0x0000019bc9ae48d0 DEOPT PACKING pc=0x0000019bd99216ec sp=0x0000006adcffdf30
Event: 2.872 Thread 0x0000019bc9ae48d0 DEOPT UNPACKING pc=0x0000019bd1d6e42f sp=0x0000006adcffdef8 mode 2
Event: 2.891 Thread 0x0000019bc9ae48d0 DEOPT PACKING pc=0x0000019bd2382314 sp=0x0000006adcff8250
Event: 2.891 Thread 0x0000019bc9ae48d0 DEOPT UNPACKING pc=0x0000019bd1d6e23f sp=0x0000006adcff7688 mode 0
Event: 2.891 Thread 0x0000019bc9ae48d0 DEOPT PACKING pc=0x0000019bd2381f4c sp=0x0000006adcff82c0
Event: 2.891 Thread 0x0000019bc9ae48d0 DEOPT UNPACKING pc=0x0000019bd1d6e23f sp=0x0000006adcff7768 mode 0
Event: 2.954 Thread 0x0000019bc9ae48d0 DEOPT PACKING pc=0x0000019bd26dce21 sp=0x0000006adcffce70
Event: 2.954 Thread 0x0000019bc9ae48d0 DEOPT UNPACKING pc=0x0000019bd1d6e23f sp=0x0000006adcffc350 mode 0

Classes unloaded (0 events):
No events

Classes redefined (0 events):
No events

Internal exceptions (11 events):
Event: 0.411 Thread 0x0000019bc9ae48d0 Exception <a 'java/lang/NoSuchMethodError'{0x00000000894dbef8}: 'void java.lang.invoke.DirectMethodHandle$Holder.invokeSpecial(java.lang.Object, java.lang.Object, java.lang.Object)'> (0x00000000894dbef8) 
thrown [./open/src/hotspot/share/interpreter/linkResolver.cpp, line 782]
Event: 0.542 Thread 0x0000019bc9ae48d0 Exception <a 'java/lang/NoSuchMethodError'{0x0000000088e322b8}: 'java.lang.Object java.lang.invoke.DirectMethodHandle$Holder.newInvokeSpecial(java.lang.Object, java.lang.Object, java.lang.Object, java.lang.Object, java.lang.Object)'> (0x0000000088e322b8) 
thrown [./open/src/hotspot/share/interpreter/linkResolver.cpp, line 782]
Event: 1.394 Thread 0x0000019bc9ae48d0 Exception <a 'java/lang/NoClassDefFoundError'{0x0000000089bfd200}: com/google/inject/servlet/ServletModuleTargetVisitor> (0x0000000089bfd200) 
thrown [./open/src/hotspot/share/classfile/systemDictionary.cpp, line 284]
Event: 1.394 Thread 0x0000019bc9ae48d0 Exception <a 'java/lang/NoClassDefFoundError'{0x0000000089bff138}: javax/annotation/Priority> (0x0000000089bff138) 
thrown [./open/src/hotspot/share/classfile/systemDictionary.cpp, line 284]
Event: 1.453 Thread 0x0000019bc9ae48d0 Exception <a 'java/lang/NoSuchMethodError'{0x0000000089839c10}: 'void java.lang.invoke.DirectMethodHandle$Holder.invokeStatic(java.lang.Object, java.lang.Object)'> (0x0000000089839c10) 
thrown [./open/src/hotspot/share/interpreter/linkResolver.cpp, line 782]
Event: 1.453 Thread 0x0000019bc9ae48d0 Exception <a 'java/lang/NoSuchMethodError'{0x000000008983e608}: 'void java.lang.invoke.DirectMethodHandle$Holder.invokeStaticInit(java.lang.Object, java.lang.Object)'> (0x000000008983e608) 
thrown [./open/src/hotspot/share/interpreter/linkResolver.cpp, line 782]
Event: 1.459 Thread 0x0000019bc9ae48d0 Exception <a 'java/lang/NoSuchMethodError'{0x0000000089866aa0}: 'java.lang.Object java.lang.invoke.DirectMethodHandle$Holder.invokeStatic(java.lang.Object)'> (0x0000000089866aa0) 
thrown [./open/src/hotspot/share/interpreter/linkResolver.cpp, line 782]
Event: 1.460 Thread 0x0000019bc9ae48d0 Exception <a 'java/lang/NoSuchMethodError'{0x0000000089871b40}: 'java.lang.Object java.lang.invoke.DirectMethodHandle$Holder.invokeStaticInit(java.lang.Object, int, int, int, int)'> (0x0000000089871b40) 
thrown [./open/src/hotspot/share/interpreter/linkResolver.cpp, line 782]
Event: 2.600 Thread 0x0000019bc9ae48d0 Implicit null exception at 0x0000019bd98871ef to 0x0000019bd98873b0
Event: 2.600 Thread 0x0000019bc9ae48d0 Implicit null exception at 0x0000019bd9853a6f to 0x0000019bd9853c50
Event: 2.600 Thread 0x0000019bc9ae48d0 Implicit null exception at 0x0000019bd988ec2f to 0x0000019bd988eca9

Events (20 events):
Event: 2.356 Executing VM operation: ICBufferFull
Event: 2.356 Executing VM operation: ICBufferFull done
Event: 2.376 loading class sun/nio/cs/ISO_8859_1$Decoder
Event: 2.377 loading class sun/nio/cs/ISO_8859_1$Decoder done
Event: 2.535 Executing VM operation: ICBufferFull
Event: 2.535 Executing VM operation: ICBufferFull done
Event: 2.535 Executing VM operation: HandshakeAllThreads
Event: 2.535 Executing VM operation: HandshakeAllThreads done
Event: 2.760 Executing VM operation: ICBufferFull
Event: 2.760 Executing VM operation: ICBufferFull done
Event: 2.857 loading class java/io/PrintWriter
Event: 2.857 loading class java/io/PrintWriter done
Event: 2.886 loading class java/net/URISyntaxException
Event: 2.886 loading class java/net/URISyntaxException done
Event: 2.891 Executing VM operation: HandshakeAllThreads
Event: 2.891 Executing VM operation: HandshakeAllThreads done
Event: 2.901 loading class jdk/internal/reflect/UnsafeBooleanFieldAccessorImpl
Event: 2.901 loading class jdk/internal/reflect/UnsafeBooleanFieldAccessorImpl done
Event: 2.934 Executing VM operation: ICBufferFull
Event: 2.934 Executing VM operation: ICBufferFull done


Dynamic libraries:
0x00007ff7aafe0000 - 0x00007ff7aafef000 	C:\Program Files\Java\jdk-15.0.2\bin\java.exe
0x00007ff928370000 - 0x00007ff928565000 	C:\WINDOWS\SYSTEM32\ntdll.dll
0x00007ff928190000 - 0x00007ff92824e000 	C:\WINDOWS\System32\KERNEL32.DLL
0x00007ff925f20000 - 0x00007ff9261e8000 	C:\WINDOWS\System32\KERNELBASE.dll
0x00007ff925a90000 - 0x00007ff925b90000 	C:\WINDOWS\System32\ucrtbase.dll
0x00007ff903f80000 - 0x00007ff903f98000 	C:\Program Files\Java\jdk-15.0.2\bin\jli.dll
0x00007ff91e560000 - 0x00007ff91e579000 	C:\Program Files\Java\jdk-15.0.2\bin\VCRUNTIME140.dll
0x00007ff9265f0000 - 0x00007ff92669c000 	C:\WINDOWS\System32\ADVAPI32.dll
0x00007ff927450000 - 0x00007ff9274ee000 	C:\WINDOWS\System32\msvcrt.dll
0x00007ff927150000 - 0x00007ff9271eb000 	C:\WINDOWS\System32\sechost.dll
0x00007ff926fa0000 - 0x00007ff9270ca000 	C:\WINDOWS\System32\RPCRT4.dll
0x00007ff927d70000 - 0x00007ff927f11000 	C:\WINDOWS\System32\USER32.dll
0x00007ff925ef0000 - 0x00007ff925f12000 	C:\WINDOWS\System32\win32u.dll
0x00007ff926470000 - 0x00007ff92649b000 	C:\WINDOWS\System32\GDI32.dll
0x00007ff911730000 - 0x00007ff9119ca000 	C:\WINDOWS\WinSxS\amd64_microsoft.windows.common-controls_6595b64144ccf1df_6.0.19041.1110_none_60b5254171f9507e\COMCTL32.dll
0x00007ff9262b0000 - 0x00007ff9263bb000 	C:\WINDOWS\System32\gdi32full.dll
0x00007ff925cf0000 - 0x00007ff925d8d000 	C:\WINDOWS\System32\msvcp_win.dll
0x00007ff91ece0000 - 0x00007ff91ecea000 	C:\WINDOWS\SYSTEM32\VERSION.dll
0x00007ff9266a0000 - 0x00007ff9266d0000 	C:\WINDOWS\System32\IMM32.DLL
0x00007ff91e4b0000 - 0x00007ff91e4bc000 	C:\Program Files\Java\jdk-15.0.2\bin\vcruntime140_1.dll
0x00007ff8edc40000 - 0x00007ff8edcd1000 	C:\Program Files\Java\jdk-15.0.2\bin\msvcp140.dll
0x00007ff8e84f0000 - 0x00007ff8e904e000 	C:\Program Files\Java\jdk-15.0.2\bin\server\jvm.dll
0x00007ff927320000 - 0x00007ff927328000 	C:\WINDOWS\System32\PSAPI.DLL
0x00007ff90fea0000 - 0x00007ff90fea9000 	C:\WINDOWS\SYSTEM32\WSOCK32.dll
0x00007ff9089c0000 - 0x00007ff9089e7000 	C:\WINDOWS\SYSTEM32\WINMM.dll
0x00007ff9274f0000 - 0x00007ff92755b000 	C:\WINDOWS\System32\WS2_32.dll
0x00007ff924340000 - 0x00007ff924352000 	C:\WINDOWS\SYSTEM32\kernel.appcore.dll
0x00007ff91e400000 - 0x00007ff91e40a000 	C:\Program Files\Java\jdk-15.0.2\bin\jimage.dll
0x00007ff924030000 - 0x00007ff924214000 	C:\WINDOWS\SYSTEM32\DBGHELP.DLL
0x00007ff9053c0000 - 0x00007ff9053ec000 	C:\WINDOWS\SYSTEM32\dbgcore.DLL
0x00007ff926220000 - 0x00007ff9262a3000 	C:\WINDOWS\System32\bcryptPrimitives.dll
0x00007ff908260000 - 0x00007ff908285000 	C:\Program Files\Java\jdk-15.0.2\bin\java.dll
0x00007ff927560000 - 0x00007ff927c9f000 	C:\WINDOWS\System32\SHELL32.dll
0x00007ff9237d0000 - 0x00007ff923f60000 	C:\WINDOWS\SYSTEM32\windows.storage.dll
0x00007ff926730000 - 0x00007ff926a85000 	C:\WINDOWS\System32\combase.dll
0x00007ff9254e0000 - 0x00007ff92550e000 	C:\WINDOWS\SYSTEM32\Wldp.dll
0x00007ff927f20000 - 0x00007ff927fcd000 	C:\WINDOWS\System32\SHCORE.dll
0x00007ff927390000 - 0x00007ff9273e5000 	C:\WINDOWS\System32\shlwapi.dll
0x00007ff9259d0000 - 0x00007ff9259ef000 	C:\WINDOWS\SYSTEM32\profapi.dll
0x00007ff9114d0000 - 0x00007ff9114e9000 	C:\Program Files\Java\jdk-15.0.2\bin\net.dll
0x00007ff917b50000 - 0x00007ff917c5c000 	C:\WINDOWS\SYSTEM32\WINHTTP.dll
0x00007ff925240000 - 0x00007ff9252aa000 	C:\WINDOWS\system32\mswsock.dll
0x00007ff908240000 - 0x00007ff908252000 	C:\Program Files\Java\jdk-15.0.2\bin\nio.dll
0x00007ff908140000 - 0x00007ff908158000 	C:\Program Files\Java\jdk-15.0.2\bin\zip.dll
0x00007ff91c950000 - 0x00007ff91c960000 	C:\Program Files\Java\jdk-15.0.2\bin\verify.dll
0x00007ff905b10000 - 0x00007ff905b1a000 	C:\Program Files (x86)\NetBeans-12.4\netbeans\java\maven\lib\jansi-native\windows64\jansi.dll

dbghelp: loaded successfully - version: 4.0.5 - missing functions: none
symbol engine: initialized successfully - sym options: 0x614 - pdb path: .;C:\Program Files\Java\jdk-15.0.2\bin;C:\WINDOWS\SYSTEM32;C:\WINDOWS\WinSxS\amd64_microsoft.windows.common-controls_6595b64144ccf1df_6.0.19041.1110_none_60b5254171f9507e;C:\Program Files\Java\jdk-15.0.2\bin\server;C:\Program Files (x86)\NetBeans-12.4\netbeans\java\maven\lib\jansi-native\windows64

VM Arguments:
jvm_args: -Dclassworlds.conf=C:\Program Files (x86)\NetBeans-12.4\netbeans\java\maven\bin\..\bin\m2.conf -Dmaven.home=C:\Program Files (x86)\NetBeans-12.4\netbeans\java\maven\bin\.. -Dlibrary.jansi.path=C:\Program Files (x86)\NetBeans-12.4\netbeans\java\maven\bin\..\lib\jansi-native -Dmaven.multiModuleProjectDirectory=C:\Users\hp\Documents\NetBeansProjects\mavenproject5 
java_command: org.codehaus.plexus.classworlds.launcher.Launcher -Dmaven.ext.class.path=C:\Program Files (x86)\NetBeans-12.4\netbeans\java\maven-nblib\netbeans-eventspy.jar -Dfile.encoding=UTF-8 install
java_class_path (initial): C:\Program Files (x86)\NetBeans-12.4\netbeans\java\maven\bin\..\boot\plexus-classworlds-2.6.0.jar
Launcher Type: SUN_STANDARD

[Global flags]
     intx CICompilerCount                          = 4                                         {product} {ergonomic}
     uint ConcGCThreads                            = 2                                         {product} {ergonomic}
     uint G1ConcRefinementThreads                  = 8                                         {product} {ergonomic}
   size_t G1HeapRegionSize                         = 1048576                                   {product} {ergonomic}
    uintx GCDrainStackTargetSize                   = 64                                        {product} {ergonomic}
   size_t InitialHeapSize                          = 132120576                                 {product} {ergonomic}
   size_t MarkStackSize                            = 4194304                                   {product} {ergonomic}
   size_t MaxHeapSize                              = 2113929216                                {product} {ergonomic}
   size_t MaxNewSize                               = 1267728384                                {product} {ergonomic}
   size_t MinHeapDeltaBytes                        = 1048576                                   {product} {ergonomic}
   size_t MinHeapSize                              = 8388608                                   {product} {ergonomic}
    uintx NonNMethodCodeHeapSize                   = 5839372                                {pd product} {ergonomic}
    uintx NonProfiledCodeHeapSize                  = 122909434                              {pd product} {ergonomic}
    uintx ProfiledCodeHeapSize                     = 122909434                              {pd product} {ergonomic}
    uintx ReservedCodeCacheSize                    = 251658240                              {pd product} {ergonomic}
     bool SegmentedCodeCache                       = true                                      {product} {ergonomic}
   size_t SoftMaxHeapSize                          = 2113929216                             {manageable} {ergonomic}
     bool UseCompressedClassPointers               = true                                 {lp64_product} {ergonomic}
     bool UseCompressedOops                        = true                                 {lp64_product} {ergonomic}
     bool UseG1GC                                  = true                                      {product} {ergonomic}
     bool UseLargePagesIndividualAllocation        = false                                  {pd product} {ergonomic}

Logging:
Log output configuration:
 #0: stdout all=warning uptime,level,tags
 #1: stderr all=off uptime,level,tags

Environment Variables:
JAVA_HOME=C:\Program Files\Java\jdk-15.0.2
PATH=C:\app\hp\product\21c\dbhomeXE\bin;C:\Program Files\National Instruments\Shared\OpenVINO\;C:\Program Files\Common Files\Oracle\Java\javapath;C:\Program Files (x86)\Common Files\Oracle\Java\javapath;C:\Windows\system32;C:\Windows;C:\Windows\System32\Wbem;C:\Windows\System32\WindowsPowerShell\v1.0\;C:\Windows\System32\OpenSSH\;C:\Program Files (x86)\NVIDIA Corporation\PhysX\Common;c:\Program Files (x86)\Microsoft SQL Server\100\Tools\Binn\;c:\Program Files\Microsoft SQL Server\100\Tools\Binn\;c:\Program Files\Microsoft SQL Server\100\DTS\Binn\;C:\Program Files\dotnet\;C:\Program Files\Microsoft SQL Server\130\Tools\Binn\;C:\Program Files\Microsoft SQL Server\Client SDK\ODBC\170\Tools\Binn\;C:\WINDOWS\system32;C:\WINDOWS;C:\WINDOWS\System32\Wbem;C:\WINDOWS\System32\WindowsPowerShell\v1.0\;C:\WINDOWS\System32\OpenSSH\;C:\Program Files\Java\jdk-15.0.2\bin;C:\f\flutter\bin;C:\Program Files\Dart\dart-sdk\bin;C:\Program Files (x86)\Microsoft SQL Server\110\Tools\Binn\;C:\Program Files (x86)\Microsoft SQL Server\110\DTS\Binn\;C:\Program Files (x86)\National Instruments\Shared\LabVIEW CLI;C:\Program Files\Java\java-se-8u41-ri\bin;C:\Program Files\Git\cmd;C:\Users\hp\AppData\Local\Microsoft\WindowsApps;C:\f\flutter\bin;
USERNAME=hp
OS=Windows_NT
PROCESSOR_IDENTIFIER=Intel64 Family 6 Model 142 Stepping 12, GenuineIntel



---------------  S Y S T E M  ---------------

OS:
 Windows 10 , 64 bit Build 19041 (10.0.19041.1348)
OS uptime: 0 days 15:21 hours

CPU: total 8 (initial active 8) (4 cores per cpu, 2 threads per core) family 6 model 142 stepping 12 microcode 0xb8, cmov, cx8, fxsr, mmx, sse, sse2, sse3, ssse3, sse4.1, sse4.2, popcnt, vzeroupper, avx, avx2, aes, clmul, erms, 3dnowpref, lzcnt, ht, tsc, tscinvbit, bmi1, bmi2, adx, fma, clflush, clflushopt

Memory: 4k page, system-wide physical 8062M (1164M free)
TotalPageFile size 9951M (AvailPageFile size 0M)
current process WorkingSet (physical memory assigned to process): 155M, peak: 155M
current process commit charge ("private bytes"): 254M, peak: 254M

vm_info: Java HotSpot(TM) 64-Bit Server VM (15.0.2+7-27) for windows-amd64 JRE (15.0.2+7-27), built on Dec  7 2020 20:07:01 by "mach5one" with unknown MS VC++:1925

END.
