#
# There is insufficient memory for the Java Runtime Environment to continue.
# Native memory allocation (malloc) failed to allocate 32744 bytes for ChunkPool::allocate
# Possible reasons:
#   The system is out of physical RAM or swap space
#   The process is running with CompressedOops enabled, and the Java Heap may be blocking the growth of the native heap
# Possible solutions:
#   Reduce memory load on the system
#   Increase physical memory or swap space
#   Check if swap backing store is full
#   Decrease Java heap size (-Xmx/-Xms)
#   Decrease number of Java threads
#   Decrease Java thread stack sizes (-Xss)
#   Set larger code cache with -XX:ReservedCodeCacheSize=
#   JVM is running with Unscaled Compressed Oops mode in which the Java heap is
#     placed in the first 4GB address space. The Java Heap base address is the
#     maximum limit for the native heap growth. Please use -XX:HeapBaseMinAddress
#     to set the Java Heap base and to place the Java Heap above 4GB virtual address.
# This output file may be truncated or incomplete.
#
#  Out of Memory Error (./src/hotspot/share/memory/arena.cpp:81), pid=10304, tid=5100
#
# JRE version: OpenJDK Runtime Environment AdoptOpenJDK (11.0.8+10) (build 11.0.8+10)
# Java VM: OpenJDK 64-Bit Server VM AdoptOpenJDK (11.0.8+10, mixed mode, tiered, compressed oops, concurrent mark sweep gc, windows-amd64)
# No core dump will be written. Minidumps are not enabled by default on client versions of Windows
#

---------------  S U M M A R Y ------------

Command Line: -Xms128m -Xmx1024m -XX:+CMSClassUnloadingEnabled -XX:+UseConcMarkSweepGC -Dfile.encoding=UTF-8 -Djava.net.preferIPv4Stack=true -Ddeployment.security.TLSv1.1=true -Ddeployment.security.TLSv1.2=true -Djavax.xml.soap.MessageFactory=com.sun.xml.messaging.saaj.soap.ver1_1.SOAPMessageFactory1_1Impl -Djavax.xml.soap.SOAPFactory=com.sun.xml.messaging.saaj.soap.ver1_1.SOAPFactory1_1Impl -Djavax.xml.soap.SAAJMetaFactory=com.sun.xml.messaging.saaj.soap.SAAJMetaFactoryImpl -Djavax.xml.soap.SOAPConnectionFactory=com.sun.xml.messaging.saaj.client.p2p.HttpSOAPConnectionFactory 

Host: Intel(R) Core(TM) i7-8565U CPU @ 1.80GHz, 8 cores, 7G,  Windows 10 , 64 bit Build 19041 (10.0.19041.1348)
Time: Mon Dec  6 01:30:35 2021 Jerusalem Standard Time elapsed time: 6762 seconds (0d 1h 52m 42s)

---------------  T H R E A D  ---------------

Current thread (0x000000001d0f8800):  JavaThread "C2 CompilerThread0" daemon [_thread_in_native, id=5100, stack(0x000000001da00000,0x000000001db00000)]


Current CompileTask:
C2:6762769 38091       4       org.eclipse.jdt.internal.compiler.lookup.BinaryTypeBinding::createMethod (1689 bytes)

Stack: [0x000000001da00000,0x000000001db00000]
Native frames: (J=compiled Java code, j=interpreted, Vv=VM code, C=native code)
V  [jvm.dll+0x5dfa5a]
V  [jvm.dll+0x7175ce]
V  [jvm.dll+0x718c9f]
V  [jvm.dll+0x719363]
V  [jvm.dll+0x240e48]
V  [jvm.dll+0xb9a4b]
V  [jvm.dll+0xb981d]
V  [jvm.dll+0x5bec3f]
V  [jvm.dll+0x60fbe3]
V  [jvm.dll+0x1938fd]
V  [jvm.dll+0x1faa32]
V  [jvm.dll+0x1f9adf]
V  [jvm.dll+0x17e4ec]
V  [jvm.dll+0x208f27]
V  [jvm.dll+0x20710b]
V  [jvm.dll+0x6dc339]
V  [jvm.dll+0x6d53e4]
V  [jvm.dll+0x5de996]
C  [ucrtbase.dll+0x21bb2]
C  [KERNEL32.DLL+0x17034]
C  [ntdll.dll+0x52651]


---------------  P R O C E S S  ---------------

Threads class SMR info:
_java_thread_list=0x0000000055a63c60, length=272, elements={
0x0000000003ef9000, 0x000000001c7ce000, 0x000000001d0e5000, 0x000000001d0f6000,
0x000000001d0f7000, 0x000000001d0f8800, 0x000000001d0fa000, 0x000000001d0ff000,
0x000000001d279800, 0x000000001d27e800, 0x000000001fd6a000, 0x000000001e581000,
0x000000001e582000, 0x000000001f667000, 0x0000000020411800, 0x0000000022ecf800,
0x000000001fba1000, 0x000000002185c800, 0x000000002221a800, 0x0000000022215800,
0x000000002221c000, 0x0000000022ed4000, 0x0000000022ed2800, 0x0000000022eda000,
0x0000000022eda800, 0x0000000022219800, 0x0000000022ed8000, 0x0000000022e9e800,
0x0000000022e9c800, 0x0000000022ea0000, 0x0000000022e9b000, 0x0000000022ea1000,
0x0000000022e9c000, 0x0000000022e9d800, 0x0000000022ea8000, 0x0000000022ea5800,
0x0000000022ea7800, 0x0000000022ea9000, 0x0000000022ea3800, 0x00000000268e2000,
0x00000000268e3000, 0x00000000268e3800, 0x00000000268e6000, 0x00000000268ea000,
0x00000000268eb000, 0x00000000268ed800, 0x00000000268f0000, 0x00000000268ec800,
0x00000000268ef000, 0x0000000022ed1800, 0x0000000022ed3800, 0x0000000022ed6800,
0x0000000022edb800, 0x0000000022edc800, 0x0000000022ede000, 0x00000000268e4800,
0x00000000268e5800, 0x0000000022e9f000, 0x0000000022e9a800, 0x0000000022ea6800,
0x0000000022ea2800, 0x0000000022217000, 0x0000000022218000, 0x00000000268ee000,
0x0000000022ea4000, 0x0000000025d64800, 0x0000000025d60800, 0x0000000025d68000,
0x0000000025d62000, 0x0000000022ea5000, 0x0000000022ea1800, 0x0000000022ed6000,
0x0000000025d66000, 0x0000000046dda800, 0x0000000046de1000, 0x0000000046ddc000,
0x0000000046de2800, 0x0000000046de8800, 0x0000000046de5000, 0x0000000046de9000,
0x0000000046de6000, 0x0000000022ed0000, 0x0000000022edd000, 0x0000000022ed5000,
0x00000000268e9800, 0x000000004f0e1800, 0x000000004f0e7000, 0x000000004f0eb000,
0x000000004f0ec800, 0x000000004f0ef000, 0x000000004f0e9800, 0x0000000046ddd000,
0x0000000046de0000, 0x0000000046de2000, 0x0000000046de4800, 0x0000000046ddb800,
0x0000000046de7000, 0x0000000025d65800, 0x0000000046dde800, 0x000000004f0ec000,
0x000000004f0ea000, 0x0000000046de3800, 0x0000000046dde000, 0x0000000050065000,
0x0000000050061800, 0x000000005005f800, 0x0000000050060000, 0x0000000050066000,
0x0000000050061000, 0x000000004f7e0800, 0x000000004f7e0000, 0x000000004f7e3000,
0x000000004f7e5800, 0x000000004f7e1800, 0x000000004f0f0000, 0x000000004f0e8000,
0x000000004f0e3000, 0x000000004f0e5800, 0x000000004f0ed800, 0x000000004f7e2800,
0x000000004f7e4800, 0x0000000050063800, 0x0000000046ddf800, 0x0000000050062800,
0x0000000025d63000, 0x000000004fb92800, 0x000000004fb96800, 0x000000004fb9a800,
0x000000004fb94800, 0x000000004fb99000, 0x000000004fb93000, 0x000000004fb97000,
0x000000004fb9f800, 0x000000004fba1000, 0x000000004f0e3800, 0x000000004f0ee800,
0x000000004f7e4000, 0x000000004fba0000, 0x000000004f0e6000, 0x0000000046de7800,
0x0000000046a8e000, 0x0000000046a90000, 0x0000000046a8d800, 0x0000000046a8a000,
0x0000000046a90800, 0x0000000046a89000, 0x0000000046a91800, 0x0000000046a8b800,
0x0000000046a8c800, 0x0000000046a94800, 0x0000000046a95800, 0x0000000046a93000,
0x0000000046a97000, 0x0000000046a98000, 0x0000000046a9e800, 0x0000000046a9c000,
0x0000000046aa1000, 0x0000000046a9b000, 0x0000000046aa3800, 0x0000000046aa0000,
0x0000000046aa6800, 0x0000000046aa1800, 0x0000000046a99000, 0x0000000046a9f800,
0x0000000046a9a800, 0x0000000046aa2800, 0x0000000046a9d000, 0x0000000046aa4000,
0x0000000046aa5000, 0x0000000046aa6000, 0x0000000046aa7800, 0x0000000046aa8800,
0x000000004fb9e800, 0x000000004fb9c000, 0x000000004f0e4800, 0x0000000046a94000,
0x0000000050064000, 0x000000004f0e2000, 0x000000004f7df000, 0x000000004f611800,
0x000000004f611000, 0x000000004f618000, 0x000000004f619000, 0x000000004f61b800,
0x000000004f616800, 0x000000004f61d000, 0x000000004f617800, 0x000000004f622000,
0x000000004f61f000, 0x000000004f61f800, 0x000000004f621000, 0x000000004f623000,
0x000000004f625800, 0x000000004f624800, 0x000000004f627800, 0x000000004f626000,
0x000000004f629800, 0x000000004f62b000, 0x000000004f628800, 0x000000004f62d800,
0x000000004f620800, 0x000000004f61a800, 0x000000004f62e800, 0x000000004fb99800,
0x000000004fb95800, 0x000000004fb9d800, 0x0000000046a96800, 0x0000000046a99800,
0x000000004f615000, 0x000000004f61a000, 0x000000004f623800, 0x000000004f62c000,
0x000000004fb98000, 0x000000004fb94000, 0x000000004f62a000, 0x00000000557f8000,
0x00000000557f2800, 0x00000000557f9800, 0x00000000557fb800, 0x00000000557f5800,
0x00000000557f9000, 0x00000000557f4800, 0x00000000557fe800, 0x00000000557fa800,
0x00000000557f3000, 0x0000000055800000, 0x00000000557fc000, 0x00000000557ff800,
0x0000000055802800, 0x00000000557fd000, 0x00000000557fd800, 0x0000000055807800,
0x0000000055805000, 0x000000005580a000, 0x0000000055804000, 0x000000005580c800,
0x0000000055806800, 0x000000005580f000, 0x0000000055810800, 0x000000005580e000,
0x0000000055806000, 0x000000005580f800, 0x000000004f614000, 0x000000004f612800,
0x000000004f610000, 0x000000004f61c800, 0x000000004f627000, 0x000000004f62c800,
0x0000000055802000, 0x0000000055808800, 0x000000005580b000, 0x0000000055811800,
0x000000004f60f000, 0x000000004f613800, 0x000000004fb9d000, 0x0000000046a9d800,
0x00000000811a2800, 0x00000000811a6000, 0x00000000811a4800, 0x00000000811a5000,
0x00000000811a2000, 0x00000000811a7000, 0x00000000811a3800, 0x00000000811a1000,
0x00000000811aa000, 0x00000000811a0800, 0x00000000811ab000, 0x00000000811a7800,
0x00000000811ab800, 0x00000000811ac800, 0x00000000811ad800, 0x00000000811ae000
}

Java Threads: ( => current thread )
  0x0000000003ef9000 JavaThread "main" [_thread_in_native, id=3032, stack(0x0000000001200000,0x0000000001300000)]
  0x000000001c7ce000 JavaThread "Reference Handler" daemon [_thread_blocked, id=1984, stack(0x000000001d500000,0x000000001d600000)]
  0x000000001d0e5000 JavaThread "Finalizer" daemon [_thread_blocked, id=1276, stack(0x000000001d600000,0x000000001d700000)]
  0x000000001d0f6000 JavaThread "Signal Dispatcher" daemon [_thread_blocked, id=3016, stack(0x000000001d800000,0x000000001d900000)]
  0x000000001d0f7000 JavaThread "Attach Listener" daemon [_thread_blocked, id=7008, stack(0x000000001d900000,0x000000001da00000)]
=>0x000000001d0f8800 JavaThread "C2 CompilerThread0" daemon [_thread_in_native, id=5100, stack(0x000000001da00000,0x000000001db00000)]
  0x000000001d0fa000 JavaThread "C1 CompilerThread0" daemon [_thread_blocked, id=3656, stack(0x000000001db00000,0x000000001dc00000)]
  0x000000001d0ff000 JavaThread "Sweeper thread" daemon [_thread_blocked, id=3140, stack(0x000000001dc00000,0x000000001dd00000)]
  0x000000001d279800 JavaThread "Service Thread" daemon [_thread_blocked, id=9528, stack(0x000000001dd00000,0x000000001de00000)]
  0x000000001d27e800 JavaThread "Common-Cleaner" daemon [_thread_blocked, id=9500, stack(0x000000001df00000,0x000000001e000000)]
  0x000000001fd6a000 JavaThread "Active Thread: Equinox Container: deef82a5-f54c-4cb5-86da-e0e0eb83ecab" [_thread_blocked, id=1284, stack(0x0000000020910000,0x0000000020a10000)]
  0x000000001e581000 JavaThread "Framework Event Dispatcher: Equinox Container: deef82a5-f54c-4cb5-86da-e0e0eb83ecab" daemon [_thread_blocked, id=3364, stack(0x0000000020f10000,0x0000000021010000)]
  0x000000001e582000 JavaThread "Start Level: Equinox Container: deef82a5-f54c-4cb5-86da-e0e0eb83ecab" daemon [_thread_blocked, id=6372, stack(0x0000000021010000,0x0000000021110000)]
  0x000000001f667000 JavaThread "SCR Component Actor" daemon [_thread_blocked, id=9976, stack(0x0000000021110000,0x0000000021210000)]
  0x0000000020411800 JavaThread "EMF Reference Cleaner" daemon [_thread_blocked, id=11488, stack(0x0000000021710000,0x0000000021810000)]
  0x0000000022ecf800 JavaThread "Worker-JM" [_thread_blocked, id=11284, stack(0x000000001e940000,0x000000001ea40000)]
  0x000000001fba1000 JavaThread "Bundle File Closer" daemon [_thread_blocked, id=7056, stack(0x0000000022c90000,0x0000000022d90000)]
  0x000000002185c800 JavaThread "Gogo shell" [_thread_blocked, id=11964, stack(0x0000000020810000,0x0000000020910000)]
  0x000000002221a800 JavaThread "Git Repository Closer" daemon [_thread_blocked, id=6768, stack(0x0000000025370000,0x0000000025470000)]
  0x0000000022215800 JavaThread "Java indexing" daemon [_thread_blocked, id=11852, stack(0x0000000028b70000,0x0000000028c70000)]
  0x000000002221c000 JavaThread "Provisioning Event Dispatcher" daemon [_thread_blocked, id=3228, stack(0x0000000028a70000,0x0000000028b70000)]
  0x0000000022ed4000 JavaThread "ForkJoinPool.commonPool-worker-5" daemon [_thread_blocked, id=11032, stack(0x0000000034d20000,0x0000000034e20000)]
  0x0000000022ed2800 JavaThread "Java2D Disposer" daemon [_thread_blocked, id=3700, stack(0x0000000024380000,0x0000000024480000)]
  0x0000000022eda000 JavaThread "AWT-Windows" daemon [_thread_in_native, id=9192, stack(0x0000000039380000,0x0000000039480000)]
  0x0000000022eda800 JavaThread "EventAdmin Async Event Dispatcher Thread" daemon [_thread_blocked, id=10424, stack(0x0000000027130000,0x0000000027230000)]
  0x0000000022219800 JavaThread "oracle.jdbc.driver.BlockSource.ThreadedCachingBlockSource.BlockReleaser" daemon [_thread_blocked, id=4816, stack(0x00000000472a0000,0x00000000473a0000)]
  0x0000000022ed8000 JavaThread "InterruptTimer" daemon [_thread_blocked, id=7612, stack(0x000000002a070000,0x000000002a170000)]
  0x0000000022e9e800 JavaThread "oracle.jdbc.driver.BlockSource.ThreadedCachingBlockSource.BlockReleaser" daemon [_thread_blocked, id=1516, stack(0x0000000047ba0000,0x0000000047ca0000)]
  0x0000000022e9c800 JavaThread "InterruptTimer" daemon [_thread_blocked, id=10012, stack(0x0000000047da0000,0x0000000047ea0000)]
  0x0000000022ea0000 JavaThread "oracle.jdbc.driver.BlockSource.ThreadedCachingBlockSource.BlockReleaser" daemon [_thread_blocked, id=10604, stack(0x00000000480a0000,0x00000000481a0000)]
  0x0000000022e9b000 JavaThread "InterruptTimer" daemon [_thread_blocked, id=11604, stack(0x00000000485a0000,0x00000000486a0000)]
  0x0000000022ea1000 JavaThread "oracle.jdbc.driver.BlockSource.ThreadedCachingBlockSource.BlockReleaser" daemon [_thread_blocked, id=4760, stack(0x00000000475a0000,0x00000000476a0000)]
  0x0000000022e9c000 JavaThread "InterruptTimer" daemon [_thread_blocked, id=3028, stack(0x00000000486a0000,0x00000000487a0000)]
  0x0000000022e9d800 JavaThread "oracle.jdbc.driver.BlockSource.ThreadedCachingBlockSource.BlockReleaser" daemon [_thread_blocked, id=5388, stack(0x000000003dc80000,0x000000003dd80000)]
  0x0000000022ea8000 JavaThread "InterruptTimer" daemon [_thread_blocked, id=428, stack(0x00000000455d0000,0x00000000456d0000)]
  0x0000000022ea5800 JavaThread "oracle.jdbc.driver.BlockSource.ThreadedCachingBlockSource.BlockReleaser" daemon [_thread_blocked, id=3872, stack(0x0000000049da0000,0x0000000049ea0000)]
  0x0000000022ea7800 JavaThread "InterruptTimer" daemon [_thread_blocked, id=11156, stack(0x0000000049ea0000,0x0000000049fa0000)]
  0x0000000022ea9000 JavaThread "oracle.jdbc.driver.BlockSource.ThreadedCachingBlockSource.BlockReleaser" daemon [_thread_blocked, id=7532, stack(0x0000000049aa0000,0x0000000049ba0000)]
  0x0000000022ea3800 JavaThread "InterruptTimer" daemon [_thread_blocked, id=1532, stack(0x000000003db80000,0x000000003dc80000)]
  0x00000000268e2000 JavaThread "oracle.jdbc.driver.BlockSource.ThreadedCachingBlockSource.BlockReleaser" daemon [_thread_blocked, id=10400, stack(0x000000004a2a0000,0x000000004a3a0000)]
  0x00000000268e3000 JavaThread "InterruptTimer" daemon [_thread_blocked, id=9276, stack(0x000000004aaa0000,0x000000004aba0000)]
  0x00000000268e3800 JavaThread "oracle.jdbc.driver.BlockSource.ThreadedCachingBlockSource.BlockReleaser" daemon [_thread_blocked, id=2272, stack(0x0000000035b40000,0x0000000035c40000)]
  0x00000000268e6000 JavaThread "InterruptTimer" daemon [_thread_blocked, id=10140, stack(0x000000003bcc0000,0x000000003bdc0000)]
  0x00000000268ea000 JavaThread "oracle.jdbc.driver.BlockSource.ThreadedCachingBlockSource.BlockReleaser" daemon [_thread_blocked, id=11548, stack(0x0000000035740000,0x0000000035840000)]
  0x00000000268eb000 JavaThread "InterruptTimer" daemon [_thread_blocked, id=896, stack(0x00000000476a0000,0x00000000477a0000)]
  0x00000000268ed800 JavaThread "oracle.jdbc.driver.BlockSource.ThreadedCachingBlockSource.BlockReleaser" daemon [_thread_blocked, id=1164, stack(0x00000000490a0000,0x00000000491a0000)]
  0x00000000268f0000 JavaThread "InterruptTimer" daemon [_thread_blocked, id=9616, stack(0x00000000497a0000,0x00000000498a0000)]
  0x00000000268ec800 JavaThread "oracle.jdbc.driver.BlockSource.ThreadedCachingBlockSource.BlockReleaser" daemon [_thread_blocked, id=10908, stack(0x00000000489a0000,0x0000000048aa0000)]
  0x00000000268ef000 JavaThread "InterruptTimer" daemon [_thread_blocked, id=1156, stack(0x000000004b1a0000,0x000000004b2a0000)]
  0x0000000022ed1800 JavaThread "oracle.jdbc.driver.BlockSource.ThreadedCachingBlockSource.BlockReleaser" daemon [_thread_blocked, id=6516, stack(0x000000004a9a0000,0x000000004aaa0000)]
  0x0000000022ed3800 JavaThread "InterruptTimer" daemon [_thread_blocked, id=12108, stack(0x000000004d080000,0x000000004d180000)]
  0x0000000022ed6800 JavaThread "oracle.jdbc.driver.BlockSource.ThreadedCachingBlockSource.BlockReleaser" daemon [_thread_blocked, id=11552, stack(0x000000003ef80000,0x000000003f080000)]
  0x0000000022edb800 JavaThread "InterruptTimer" daemon [_thread_blocked, id=10620, stack(0x000000004d990000,0x000000004da90000)]
  0x0000000022edc800 JavaThread "oracle.jdbc.driver.BlockSource.ThreadedCachingBlockSource.BlockReleaser" daemon [_thread_blocked, id=7940, stack(0x000000003d190000,0x000000003d290000)]
  0x0000000022ede000 JavaThread "InterruptTimer" daemon [_thread_blocked, id=12028, stack(0x000000003d770000,0x000000003d870000)]
  0x00000000268e4800 JavaThread "oracle.jdbc.driver.BlockSource.ThreadedCachingBlockSource.BlockReleaser" daemon [_thread_blocked, id=432, stack(0x000000004a1a0000,0x000000004a2a0000)]
  0x00000000268e5800 JavaThread "InterruptTimer" daemon [_thread_blocked, id=9740, stack(0x000000004baa0000,0x000000004bba0000)]
  0x0000000022e9f000 JavaThread "oracle.jdbc.driver.BlockSource.ThreadedCachingBlockSource.BlockReleaser" daemon [_thread_blocked, id=5048, stack(0x000000004ef80000,0x000000004f080000)]
  0x0000000022e9a800 JavaThread "InterruptTimer" daemon [_thread_blocked, id=4544, stack(0x0000000050290000,0x0000000050390000)]
  0x0000000022ea6800 JavaThread "oracle.jdbc.driver.BlockSource.ThreadedCachingBlockSource.BlockReleaser" daemon [_thread_blocked, id=5564, stack(0x000000004dc90000,0x000000004dd90000)]
  0x0000000022ea2800 JavaThread "InterruptTimer" daemon [_thread_blocked, id=11088, stack(0x0000000050b90000,0x0000000050c90000)]
  0x0000000022217000 JavaThread "oracle.jdbc.driver.BlockSource.ThreadedCachingBlockSource.BlockReleaser" daemon [_thread_blocked, id=8876, stack(0x0000000050890000,0x0000000050990000)]
  0x0000000022218000 JavaThread "InterruptTimer" daemon [_thread_blocked, id=11792, stack(0x0000000051490000,0x0000000051590000)]
  0x00000000268ee000 JavaThread "oracle.jdbc.driver.BlockSource.ThreadedCachingBlockSource.BlockReleaser" daemon [_thread_blocked, id=10284, stack(0x0000000051d90000,0x0000000051e90000)]
  0x0000000022ea4000 JavaThread "InterruptTimer" daemon [_thread_blocked, id=5552, stack(0x0000000051e90000,0x0000000051f90000)]
  0x0000000025d64800 JavaThread "oracle.jdbc.driver.BlockSource.ThreadedCachingBlockSource.BlockReleaser" daemon [_thread_blocked, id=9460, stack(0x0000000051190000,0x0000000051290000)]
  0x0000000025d60800 JavaThread "InterruptTimer" daemon [_thread_blocked, id=10452, stack(0x0000000051a90000,0x0000000051b90000)]
  0x0000000025d68000 JavaThread "oracle.jdbc.driver.BlockSource.ThreadedCachingBlockSource.BlockReleaser" daemon [_thread_blocked, id=3816, stack(0x0000000035840000,0x0000000035940000)]
  0x0000000025d62000 JavaThread "InterruptTimer" daemon [_thread_blocked, id=2704, stack(0x000000004d380000,0x000000004d480000)]
  0x0000000022ea5000 JavaThread "oracle.jdbc.driver.BlockSource.ThreadedCachingBlockSource.BlockReleaser" daemon [_thread_blocked, id=10356, stack(0x0000000056880000,0x0000000056980000)]
  0x0000000022ea1800 JavaThread "InterruptTimer" daemon [_thread_blocked, id=420, stack(0x0000000056b80000,0x0000000056c80000)]
  0x0000000022ed6000 JavaThread "oracle.jdbc.driver.BlockSource.ThreadedCachingBlockSource.BlockReleaser" daemon [_thread_blocked, id=10552, stack(0x0000000056c80000,0x0000000056d80000)]
  0x0000000025d66000 JavaThread "InterruptTimer" daemon [_thread_blocked, id=9624, stack(0x0000000057180000,0x0000000057280000)]
  0x0000000046dda800 JavaThread "oracle.jdbc.driver.BlockSource.ThreadedCachingBlockSource.BlockReleaser" daemon [_thread_blocked, id=11056, stack(0x0000000057280000,0x0000000057380000)]
  0x0000000046de1000 JavaThread "InterruptTimer" daemon [_thread_blocked, id=11076, stack(0x0000000057980000,0x0000000057a80000)]
  0x0000000046ddc000 JavaThread "oracle.jdbc.driver.BlockSource.ThreadedCachingBlockSource.BlockReleaser" daemon [_thread_blocked, id=7148, stack(0x0000000058880000,0x0000000058980000)]
  0x0000000046de2800 JavaThread "InterruptTimer" daemon [_thread_blocked, id=6848, stack(0x0000000058e20000,0x0000000058f20000)]
  0x0000000046de8800 JavaThread "oracle.jdbc.driver.BlockSource.ThreadedCachingBlockSource.BlockReleaser" daemon [_thread_blocked, id=9948, stack(0x0000000059520000,0x0000000059620000)]
  0x0000000046de5000 JavaThread "InterruptTimer" daemon [_thread_blocked, id=6800, stack(0x0000000059620000,0x0000000059720000)]
  0x0000000046de9000 JavaThread "oracle.jdbc.driver.BlockSource.ThreadedCachingBlockSource.BlockReleaser" daemon [_thread_blocked, id=9020, stack(0x0000000059f20000,0x000000005a020000)]
  0x0000000046de6000 JavaThread "InterruptTimer" daemon [_thread_blocked, id=11244, stack(0x000000005a020000,0x000000005a120000)]
  0x0000000022ed0000 JavaThread "oracle.jdbc.driver.BlockSource.ThreadedCachingBlockSource.BlockReleaser" daemon [_thread_blocked, id=6532, stack(0x0000000059c20000,0x0000000059d20000)]
  0x0000000022edd000 JavaThread "InterruptTimer" daemon [_thread_blocked, id=11152, stack(0x000000005a920000,0x000000005aa20000)]
  0x0000000022ed5000 JavaThread "oracle.jdbc.driver.BlockSource.ThreadedCachingBlockSource.BlockReleaser" daemon [_thread_blocked, id=6212, stack(0x000000005a620000,0x000000005a720000)]
  0x00000000268e9800 JavaThread "InterruptTimer" daemon [_thread_blocked, id=6492, stack(0x000000005b220000,0x000000005b320000)]
  0x000000004f0e1800 JavaThread "oracle.jdbc.driver.BlockSource.ThreadedCachingBlockSource.BlockReleaser" daemon [_thread_blocked, id=11204, stack(0x0000000059220000,0x0000000059320000)]
  0x000000004f0e7000 JavaThread "InterruptTimer" daemon [_thread_blocked, id=11572, stack(0x000000005af20000,0x000000005b020000)]
  0x000000004f0eb000 JavaThread "oracle.jdbc.driver.BlockSource.ThreadedCachingBlockSource.BlockReleaser" daemon [_thread_blocked, id=11516, stack(0x000000005cb10000,0x000000005cc10000)]
  0x000000004f0ec800 JavaThread "InterruptTimer" daemon [_thread_blocked, id=12064, stack(0x000000005cc10000,0x000000005cd10000)]
  0x000000004f0ef000 JavaThread "oracle.jdbc.driver.BlockSource.ThreadedCachingBlockSource.BlockReleaser" daemon [_thread_blocked, id=6712, stack(0x000000005d510000,0x000000005d610000)]
  0x000000004f0e9800 JavaThread "InterruptTimer" daemon [_thread_blocked, id=10460, stack(0x000000005d610000,0x000000005d710000)]
  0x0000000046ddd000 JavaThread "oracle.jdbc.driver.BlockSource.ThreadedCachingBlockSource.BlockReleaser" daemon [_thread_blocked, id=1548, stack(0x000000005d210000,0x000000005d310000)]
  0x0000000046de0000 JavaThread "InterruptTimer" daemon [_thread_blocked, id=9596, stack(0x000000005df10000,0x000000005e010000)]
  0x0000000046de2000 JavaThread "oracle.jdbc.driver.BlockSource.ThreadedCachingBlockSource.BlockReleaser" daemon [_thread_blocked, id=9556, stack(0x000000005dc10000,0x000000005dd10000)]
  0x0000000046de4800 JavaThread "InterruptTimer" daemon [_thread_blocked, id=6132, stack(0x000000005e810000,0x000000005e910000)]
  0x0000000046ddb800 JavaThread "oracle.jdbc.driver.BlockSource.ThreadedCachingBlockSource.BlockReleaser" daemon [_thread_blocked, id=2008, stack(0x000000005e510000,0x000000005e610000)]
  0x0000000046de7000 JavaThread "InterruptTimer" daemon [_thread_blocked, id=11072, stack(0x000000005f110000,0x000000005f210000)]
  0x0000000025d65800 JavaThread "oracle.jdbc.driver.BlockSource.ThreadedCachingBlockSource.BlockReleaser" daemon [_thread_blocked, id=8816, stack(0x000000005ee10000,0x000000005ef10000)]
  0x0000000046dde800 JavaThread "InterruptTimer" daemon [_thread_blocked, id=9544, stack(0x000000005f910000,0x000000005fa10000)]
  0x000000004f0ec000 JavaThread "oracle.jdbc.driver.BlockSource.ThreadedCachingBlockSource.BlockReleaser" daemon [_thread_blocked, id=5988, stack(0x000000005bc20000,0x000000005bd20000)]
  0x000000004f0ea000 JavaThread "InterruptTimer" daemon [_thread_blocked, id=10324, stack(0x000000005cf10000,0x000000005d010000)]
  0x0000000046de3800 JavaThread "oracle.jdbc.driver.BlockSource.ThreadedCachingBlockSource.BlockReleaser" daemon [_thread_blocked, id=2140, stack(0x000000005e910000,0x000000005ea10000)]
  0x0000000046dde000 JavaThread "InterruptTimer" daemon [_thread_blocked, id=9744, stack(0x000000005f210000,0x000000005f310000)]
  0x0000000050065000 JavaThread "oracle.jdbc.driver.BlockSource.ThreadedCachingBlockSource.BlockReleaser" daemon [_thread_blocked, id=11496, stack(0x0000000060c10000,0x0000000060d10000)]
  0x0000000050061800 JavaThread "InterruptTimer" daemon [_thread_blocked, id=6472, stack(0x0000000060f10000,0x0000000061010000)]
  0x000000005005f800 JavaThread "oracle.jdbc.driver.BlockSource.ThreadedCachingBlockSource.BlockReleaser" daemon [_thread_blocked, id=2508, stack(0x0000000060910000,0x0000000060a10000)]
  0x0000000050060000 JavaThread "InterruptTimer" daemon [_thread_blocked, id=11400, stack(0x0000000061610000,0x0000000061710000)]
  0x0000000050066000 JavaThread "oracle.jdbc.driver.BlockSource.ThreadedCachingBlockSource.BlockReleaser" daemon [_thread_blocked, id=10772, stack(0x0000000061310000,0x0000000061410000)]
  0x0000000050061000 JavaThread "InterruptTimer" daemon [_thread_blocked, id=12164, stack(0x0000000061f10000,0x0000000062010000)]
  0x000000004f7e0800 JavaThread "oracle.jdbc.driver.BlockSource.ThreadedCachingBlockSource.BlockReleaser" daemon [_thread_blocked, id=5748, stack(0x0000000061c10000,0x0000000061d10000)]
  0x000000004f7e0000 JavaThread "InterruptTimer" daemon [_thread_blocked, id=12192, stack(0x0000000062810000,0x0000000062910000)]
  0x000000004f7e3000 JavaThread "oracle.jdbc.driver.BlockSource.ThreadedCachingBlockSource.BlockReleaser" daemon [_thread_blocked, id=12188, stack(0x0000000062510000,0x0000000062610000)]
  0x000000004f7e5800 JavaThread "InterruptTimer" daemon [_thread_blocked, id=11320, stack(0x0000000063210000,0x0000000063310000)]
  0x000000004f7e1800 JavaThread "oracle.jdbc.driver.BlockSource.ThreadedCachingBlockSource.BlockReleaser" daemon [_thread_blocked, id=5244, stack(0x000000005b520000,0x000000005b620000)]
  0x000000004f0f0000 JavaThread "InterruptTimer" daemon [_thread_blocked, id=10224, stack(0x000000005e010000,0x000000005e110000)]
  0x000000004f0e8000 JavaThread "oracle.jdbc.driver.BlockSource.ThreadedCachingBlockSource.BlockReleaser" daemon [_thread_blocked, id=5776, stack(0x0000000058780000,0x0000000058880000)]
  0x000000004f0e3000 JavaThread "InterruptTimer" daemon [_thread_blocked, id=7060, stack(0x0000000058f20000,0x0000000059020000)]
  0x000000004f0e5800 JavaThread "oracle.jdbc.driver.BlockSource.ThreadedCachingBlockSource.BlockReleaser" daemon [_thread_blocked, id=9252, stack(0x0000000053590000,0x0000000053690000)]
  0x000000004f0ed800 JavaThread "InterruptTimer" daemon [_thread_blocked, id=11800, stack(0x0000000057f80000,0x0000000058080000)]
  0x000000004f7e2800 JavaThread "oracle.jdbc.driver.BlockSource.ThreadedCachingBlockSource.BlockReleaser" daemon [_thread_blocked, id=10332, stack(0x0000000059920000,0x0000000059a20000)]
  0x000000004f7e4800 JavaThread "InterruptTimer" daemon [_thread_blocked, id=408, stack(0x000000005a320000,0x000000005a420000)]
  0x0000000050063800 JavaThread "oracle.jdbc.driver.BlockSource.ThreadedCachingBlockSource.BlockReleaser" daemon [_thread_blocked, id=6168, stack(0x0000000058680000,0x0000000058780000)]
  0x0000000046ddf800 JavaThread "InterruptTimer" daemon [_thread_blocked, id=12148, stack(0x000000005fa10000,0x000000005fb10000)]
  0x0000000050062800 JavaThread "oracle.jdbc.driver.BlockSource.ThreadedCachingBlockSource.BlockReleaser" daemon [_thread_blocked, id=684, stack(0x000000005d710000,0x000000005d810000)]
  0x0000000025d63000 JavaThread "InterruptTimer" daemon [_thread_blocked, id=10600, stack(0x0000000062210000,0x0000000062310000)]
  0x000000004fb92800 JavaThread "oracle.jdbc.driver.BlockSource.ThreadedCachingBlockSource.BlockReleaser" daemon [_thread_blocked, id=3156, stack(0x0000000061910000,0x0000000061a10000)]
  0x000000004fb96800 JavaThread "InterruptTimer" daemon [_thread_blocked, id=7916, stack(0x0000000063a10000,0x0000000063b10000)]
  0x000000004fb9a800 JavaThread "oracle.jdbc.driver.BlockSource.ThreadedCachingBlockSource.BlockReleaser" daemon [_thread_blocked, id=2176, stack(0x0000000063310000,0x0000000063410000)]
  0x000000004fb94800 JavaThread "InterruptTimer" daemon [_thread_blocked, id=11192, stack(0x0000000066600000,0x0000000066700000)]
  0x000000004fb99000 JavaThread "oracle.jdbc.driver.BlockSource.ThreadedCachingBlockSource.BlockReleaser" daemon [_thread_blocked, id=4440, stack(0x0000000066100000,0x0000000066200000)]
  0x000000004fb93000 JavaThread "InterruptTimer" daemon [_thread_blocked, id=11824, stack(0x0000000066900000,0x0000000066a00000)]
  0x000000004fb97000 JavaThread "oracle.jdbc.driver.BlockSource.ThreadedCachingBlockSource.BlockReleaser" daemon [_thread_blocked, id=10160, stack(0x0000000067600000,0x0000000067700000)]
  0x000000004fb9f800 JavaThread "InterruptTimer" daemon [_thread_blocked, id=11524, stack(0x0000000067700000,0x0000000067800000)]
  0x000000004fba1000 JavaThread "oracle.jdbc.driver.BlockSource.ThreadedCachingBlockSource.BlockReleaser" daemon [_thread_blocked, id=6284, stack(0x0000000068000000,0x0000000068100000)]
  0x000000004f0e3800 JavaThread "InterruptTimer" daemon [_thread_blocked, id=6136, stack(0x0000000068100000,0x0000000068200000)]
  0x000000004f0ee800 JavaThread "oracle.jdbc.driver.BlockSource.ThreadedCachingBlockSource.BlockReleaser" daemon [_thread_blocked, id=6500, stack(0x0000000067d00000,0x0000000067e00000)]
  0x000000004f7e4000 JavaThread "InterruptTimer" daemon [_thread_blocked, id=11948, stack(0x0000000068a00000,0x0000000068b00000)]
  0x000000004fba0000 JavaThread "oracle.jdbc.driver.BlockSource.ThreadedCachingBlockSource.BlockReleaser" daemon [_thread_blocked, id=4588, stack(0x0000000068700000,0x0000000068800000)]
  0x000000004f0e6000 JavaThread "InterruptTimer" daemon [_thread_blocked, id=11292, stack(0x0000000069200000,0x0000000069300000)]
  0x0000000046de7800 JavaThread "oracle.jdbc.driver.BlockSource.ThreadedCachingBlockSource.BlockReleaser" daemon [_thread_blocked, id=9696, stack(0x0000000067a00000,0x0000000067b00000)]
  0x0000000046a8e000 JavaThread "InterruptTimer" daemon [_thread_blocked, id=10856, stack(0x0000000068400000,0x0000000068500000)]
  0x0000000046a90000 JavaThread "oracle.jdbc.driver.BlockSource.ThreadedCachingBlockSource.BlockReleaser" daemon [_thread_blocked, id=12240, stack(0x000000006a5f0000,0x000000006a6f0000)]
  0x0000000046a8d800 JavaThread "InterruptTimer" daemon [_thread_blocked, id=9484, stack(0x000000003d2d0000,0x000000003d3d0000)]
  0x0000000046a8a000 JavaThread "oracle.jdbc.driver.BlockSource.ThreadedCachingBlockSource.BlockReleaser" daemon [_thread_blocked, id=148, stack(0x0000000069500000,0x0000000069600000)]
  0x0000000046a90800 JavaThread "InterruptTimer" daemon [_thread_blocked, id=6104, stack(0x000000006adf0000,0x000000006aef0000)]
  0x0000000046a89000 JavaThread "oracle.jdbc.driver.BlockSource.ThreadedCachingBlockSource.BlockReleaser" daemon [_thread_blocked, id=4332, stack(0x000000006aaf0000,0x000000006abf0000)]
  0x0000000046a91800 JavaThread "InterruptTimer" daemon [_thread_blocked, id=11300, stack(0x000000006b5f0000,0x000000006b6f0000)]
  0x0000000046a8b800 JavaThread "oracle.jdbc.driver.BlockSource.ThreadedCachingBlockSource.BlockReleaser" daemon [_thread_blocked, id=4812, stack(0x000000005ac20000,0x000000005ad20000)]
  0x0000000046a8c800 JavaThread "InterruptTimer" daemon [_thread_blocked, id=4344, stack(0x000000005c120000,0x000000005c220000)]
  0x0000000046a94800 JavaThread "oracle.jdbc.driver.BlockSource.ThreadedCachingBlockSource.BlockReleaser" daemon [_thread_blocked, id=32, stack(0x0000000058160000,0x0000000058260000)]
  0x0000000046a95800 JavaThread "InterruptTimer" daemon [_thread_blocked, id=12060, stack(0x000000005c520000,0x000000005c620000)]
  0x0000000046a93000 JavaThread "Thread-218" [_thread_blocked, id=1980, stack(0x0000000068b00000,0x0000000068c00000)]
  0x0000000046a97000 JavaThread "oracle.jdbc.driver.BlockSource.ThreadedCachingBlockSource.BlockReleaser" daemon [_thread_blocked, id=8772, stack(0x000000006aef0000,0x000000006aff0000)]
  0x0000000046a98000 JavaThread "InterruptTimer" daemon [_thread_blocked, id=1460, stack(0x000000006b6f0000,0x000000006b7f0000)]
  0x0000000046a9e800 JavaThread "oracle.jdbc.driver.BlockSource.ThreadedCachingBlockSource.BlockReleaser" daemon [_thread_blocked, id=4880, stack(0x000000006c7f0000,0x000000006c8f0000)]
  0x0000000046a9c000 JavaThread "InterruptTimer" daemon [_thread_blocked, id=11984, stack(0x000000006d4e0000,0x000000006d5e0000)]
  0x0000000046aa1000 JavaThread "oracle.jdbc.driver.BlockSource.ThreadedCachingBlockSource.BlockReleaser" daemon [_thread_blocked, id=2924, stack(0x000000006dbe0000,0x000000006dce0000)]
  0x0000000046a9b000 JavaThread "InterruptTimer" daemon [_thread_blocked, id=10564, stack(0x000000006dee0000,0x000000006dfe0000)]
  0x0000000046aa3800 JavaThread "oracle.jdbc.driver.BlockSource.ThreadedCachingBlockSource.BlockReleaser" daemon [_thread_blocked, id=11124, stack(0x000000006d8e0000,0x000000006d9e0000)]
  0x0000000046aa0000 JavaThread "InterruptTimer" daemon [_thread_blocked, id=3604, stack(0x000000006e7e0000,0x000000006e8e0000)]
  0x0000000046aa6800 JavaThread "oracle.jdbc.driver.BlockSource.ThreadedCachingBlockSource.BlockReleaser" daemon [_thread_blocked, id=10428, stack(0x000000006e2e0000,0x000000006e3e0000)]
  0x0000000046aa1800 JavaThread "InterruptTimer" daemon [_thread_blocked, id=10508, stack(0x000000006efe0000,0x000000006f0e0000)]
  0x0000000046a99000 JavaThread "oracle.jdbc.driver.BlockSource.ThreadedCachingBlockSource.BlockReleaser" daemon [_thread_blocked, id=4024, stack(0x000000006cef0000,0x000000006cff0000)]
  0x0000000046a9f800 JavaThread "InterruptTimer" daemon [_thread_blocked, id=6296, stack(0x000000006cff0000,0x000000006d0f0000)]
  0x0000000046a9a800 JavaThread "Thread-253" [_thread_blocked, id=11188, stack(0x0000000069900000,0x0000000069a00000)]
  0x0000000046aa2800 JavaThread "oracle.jdbc.driver.BlockSource.ThreadedCachingBlockSource.BlockReleaser" daemon [_thread_blocked, id=8436, stack(0x0000000069c00000,0x0000000069d00000)]
  0x0000000046a9d000 JavaThread "InterruptTimer" daemon [_thread_blocked, id=2528, stack(0x000000006d0f0000,0x000000006d1f0000)]
  0x0000000046aa4000 JavaThread "Thread-255" [_thread_blocked, id=3852, stack(0x000000006dfe0000,0x000000006e0e0000)]
  0x0000000046aa5000 JavaThread "oracle.jdbc.driver.BlockSource.ThreadedCachingBlockSource.BlockReleaser" daemon [_thread_blocked, id=4776, stack(0x000000006e8e0000,0x000000006e9e0000)]
  0x0000000046aa6000 JavaThread "InterruptTimer" daemon [_thread_blocked, id=12172, stack(0x000000006f0e0000,0x000000006f1e0000)]
  0x0000000046aa7800 JavaThread "oracle.jdbc.driver.BlockSource.ThreadedCachingBlockSource.BlockReleaser" daemon [_thread_blocked, id=4156, stack(0x00000000705d0000,0x00000000706d0000)]
  0x0000000046aa8800 JavaThread "InterruptTimer" daemon [_thread_blocked, id=8264, stack(0x00000000706d0000,0x00000000707d0000)]
  0x000000004fb9e800 JavaThread "oracle.jdbc.driver.BlockSource.ThreadedCachingBlockSource.BlockReleaser" daemon [_thread_blocked, id=10008, stack(0x0000000070fd0000,0x00000000710d0000)]
  0x000000004fb9c000 JavaThread "InterruptTimer" daemon [_thread_blocked, id=1624, stack(0x00000000710d0000,0x00000000711d0000)]
  0x000000004f0e4800 JavaThread "oracle.jdbc.driver.BlockSource.ThreadedCachingBlockSource.BlockReleaser" daemon [_thread_blocked, id=5304, stack(0x00000000719d0000,0x0000000071ad0000)]
  0x0000000046a94000 JavaThread "InterruptTimer" daemon [_thread_blocked, id=9772, stack(0x0000000071ad0000,0x0000000071bd0000)]
  0x0000000050064000 JavaThread "oracle.jdbc.driver.BlockSource.ThreadedCachingBlockSource.BlockReleaser" daemon [_thread_blocked, id=536, stack(0x00000000716d0000,0x00000000717d0000)]
  0x000000004f0e2000 JavaThread "InterruptTimer" daemon [_thread_blocked, id=10420, stack(0x00000000722d0000,0x00000000723d0000)]
  0x000000004f7df000 JavaThread "oracle.jdbc.driver.BlockSource.ThreadedCachingBlockSource.BlockReleaser" daemon [_thread_blocked, id=11012, stack(0x00000000701e0000,0x00000000702e0000)]
  0x000000004f611800 JavaThread "InterruptTimer" daemon [_thread_blocked, id=11372, stack(0x00000000709d0000,0x0000000070ad0000)]
  0x000000004f611000 JavaThread "oracle.jdbc.driver.BlockSource.ThreadedCachingBlockSource.BlockReleaser" daemon [_thread_blocked, id=2720, stack(0x0000000067300000,0x0000000067400000)]
  0x000000004f618000 JavaThread "InterruptTimer" daemon [_thread_blocked, id=12112, stack(0x0000000069800000,0x0000000069900000)]
  0x000000004f619000 JavaThread "oracle.jdbc.driver.BlockSource.ThreadedCachingBlockSource.BlockReleaser" daemon [_thread_blocked, id=812, stack(0x000000006fee0000,0x000000006ffe0000)]
  0x000000004f61b800 JavaThread "InterruptTimer" daemon [_thread_blocked, id=8100, stack(0x0000000070cd0000,0x0000000070dd0000)]
  0x000000004f616800 JavaThread "oracle.jdbc.driver.BlockSource.ThreadedCachingBlockSource.BlockReleaser" daemon [_thread_blocked, id=2944, stack(0x0000000076650000,0x0000000076750000)]
  0x000000004f61d000 JavaThread "InterruptTimer" daemon [_thread_blocked, id=900, stack(0x0000000076750000,0x0000000076850000)]
  0x000000004f617800 JavaThread "oracle.jdbc.driver.BlockSource.ThreadedCachingBlockSource.BlockReleaser" daemon [_thread_blocked, id=3628, stack(0x0000000076e50000,0x0000000076f50000)]
  0x000000004f622000 JavaThread "InterruptTimer" daemon [_thread_blocked, id=5136, stack(0x0000000077150000,0x0000000077250000)]
  0x000000004f61f000 JavaThread "oracle.jdbc.driver.BlockSource.ThreadedCachingBlockSource.BlockReleaser" daemon [_thread_blocked, id=2276, stack(0x0000000076b50000,0x0000000076c50000)]
  0x000000004f61f800 JavaThread "InterruptTimer" daemon [_thread_blocked, id=2992, stack(0x0000000077a50000,0x0000000077b50000)]
  0x000000004f621000 JavaThread "oracle.jdbc.driver.BlockSource.ThreadedCachingBlockSource.BlockReleaser" daemon [_thread_blocked, id=10628, stack(0x0000000077550000,0x0000000077650000)]
  0x000000004f623000 JavaThread "InterruptTimer" daemon [_thread_blocked, id=2136, stack(0x0000000078250000,0x0000000078350000)]
  0x000000004f625800 JavaThread "oracle.jdbc.driver.BlockSource.ThreadedCachingBlockSource.BlockReleaser" daemon [_thread_blocked, id=3476, stack(0x0000000078850000,0x0000000078950000)]
  0x000000004f624800 JavaThread "InterruptTimer" daemon [_thread_blocked, id=8872, stack(0x0000000078b50000,0x0000000078c50000)]
  0x000000004f627800 JavaThread "oracle.jdbc.driver.BlockSource.ThreadedCachingBlockSource.BlockReleaser" daemon [_thread_blocked, id=10800, stack(0x0000000079250000,0x0000000079350000)]
  0x000000004f626000 JavaThread "InterruptTimer" daemon [_thread_blocked, id=6248, stack(0x0000000079350000,0x0000000079450000)]
  0x000000004f629800 JavaThread "oracle.jdbc.driver.BlockSource.ThreadedCachingBlockSource.BlockReleaser" daemon [_thread_blocked, id=4140, stack(0x0000000078f50000,0x0000000079050000)]
  0x000000004f62b000 JavaThread "InterruptTimer" daemon [_thread_blocked, id=10532, stack(0x0000000079c50000,0x0000000079d50000)]
  0x000000004f628800 JavaThread "oracle.jdbc.driver.BlockSource.ThreadedCachingBlockSource.BlockReleaser" daemon [_thread_blocked, id=11140, stack(0x0000000079950000,0x0000000079a50000)]
  0x000000004f62d800 JavaThread "InterruptTimer" daemon [_thread_blocked, id=11860, stack(0x000000007a450000,0x000000007a550000)]
  0x000000004f620800 JavaThread "oracle.jdbc.driver.BlockSource.ThreadedCachingBlockSource.BlockReleaser" daemon [_thread_blocked, id=5656, stack(0x0000000076850000,0x0000000076950000)]
  0x000000004f61a800 JavaThread "InterruptTimer" daemon [_thread_blocked, id=1104, stack(0x0000000077250000,0x0000000077350000)]
  0x000000004f62e800 JavaThread "oracle.jdbc.driver.BlockSource.ThreadedCachingBlockSource.BlockReleaser" daemon [_thread_blocked, id=3208, stack(0x000000007b250000,0x000000007b350000)]
  0x000000004fb99800 JavaThread "InterruptTimer" daemon [_thread_blocked, id=8868, stack(0x000000007b350000,0x000000007b450000)]
  0x000000004fb95800 JavaThread "oracle.jdbc.driver.BlockSource.ThreadedCachingBlockSource.BlockReleaser" daemon [_thread_blocked, id=11836, stack(0x0000000078350000,0x0000000078450000)]
  0x000000004fb9d800 JavaThread "InterruptTimer" daemon [_thread_blocked, id=1840, stack(0x000000007bc50000,0x000000007bd50000)]
  0x0000000046a96800 JavaThread "oracle.jdbc.driver.BlockSource.ThreadedCachingBlockSource.BlockReleaser" daemon [_thread_blocked, id=10232, stack(0x000000007b950000,0x000000007ba50000)]
  0x0000000046a99800 JavaThread "InterruptTimer" daemon [_thread_blocked, id=11080, stack(0x000000007c450000,0x000000007c550000)]
  0x000000004f615000 JavaThread "oracle.jdbc.driver.BlockSource.ThreadedCachingBlockSource.BlockReleaser" daemon [_thread_blocked, id=5112, stack(0x0000000078c50000,0x0000000078d50000)]
  0x000000004f61a000 JavaThread "InterruptTimer" daemon [_thread_blocked, id=9308, stack(0x0000000079650000,0x0000000079750000)]
  0x000000004f623800 JavaThread "oracle.jdbc.driver.BlockSource.ThreadedCachingBlockSource.BlockReleaser" daemon [_thread_blocked, id=10568, stack(0x000000007bd50000,0x000000007be50000)]
  0x000000004f62c000 JavaThread "InterruptTimer" daemon [_thread_blocked, id=9464, stack(0x000000007c550000,0x000000007c650000)]
  0x000000004fb98000 JavaThread "oracle.jdbc.driver.BlockSource.ThreadedCachingBlockSource.BlockReleaser" daemon [_thread_blocked, id=11848, stack(0x000000007d850000,0x000000007d950000)]
  0x000000004fb94000 JavaThread "InterruptTimer" daemon [_thread_blocked, id=2044, stack(0x000000007db50000,0x000000007dc50000)]
  0x000000004f62a000 JavaThread "oracle.jdbc.driver.BlockSource.ThreadedCachingBlockSource.BlockReleaser" daemon [_thread_blocked, id=8108, stack(0x000000007d550000,0x000000007d650000)]
  0x00000000557f8000 JavaThread "InterruptTimer" daemon [_thread_blocked, id=11184, stack(0x000000007e450000,0x000000007e550000)]
  0x00000000557f2800 JavaThread "oracle.jdbc.driver.BlockSource.ThreadedCachingBlockSource.BlockReleaser" daemon [_thread_blocked, id=4668, stack(0x000000007df50000,0x000000007e050000)]
  0x00000000557f9800 JavaThread "InterruptTimer" daemon [_thread_blocked, id=10716, stack(0x000000007ec50000,0x000000007ed50000)]
  0x00000000557fb800 JavaThread "oracle.jdbc.driver.BlockSource.ThreadedCachingBlockSource.BlockReleaser" daemon [_thread_blocked, id=11060, stack(0x000000005c220000,0x000000005c320000)]
  0x00000000557f5800 JavaThread "InterruptTimer" daemon [_thread_blocked, id=8844, stack(0x0000000062b10000,0x0000000062c10000)]
  0x00000000557f9000 JavaThread "Worker-80" [_thread_blocked, id=10976, stack(0x0000000050e90000,0x0000000050f90000)]
  0x00000000557f4800 JavaThread "Worker-81" [_thread_blocked, id=2224, stack(0x0000000061010000,0x0000000061110000)]
  0x00000000557fe800 JavaThread "oracle.jdbc.driver.BlockSource.ThreadedCachingBlockSource.BlockReleaser" daemon [_thread_blocked, id=8340, stack(0x000000006fde0000,0x000000006fee0000)]
  0x00000000557fa800 JavaThread "InterruptTimer" daemon [_thread_blocked, id=4056, stack(0x00000000713d0000,0x00000000714d0000)]
  0x00000000557f3000 JavaThread "Worker-82: Preview: Invoice_Table_Based on " [_thread_blocked, id=8688, stack(0x000000006d5e0000,0x000000006d6e0000)]
  0x0000000055800000 JavaThread "Thread-324" [_thread_blocked, id=11900, stack(0x0000000079f50000,0x000000007a050000)]
  0x00000000557fc000 JavaThread "oracle.jdbc.driver.BlockSource.ThreadedCachingBlockSource.BlockReleaser" daemon [_thread_blocked, id=9124, stack(0x000000007a750000,0x000000007a850000)]
  0x00000000557ff800 JavaThread "InterruptTimer" daemon [_thread_blocked, id=6948, stack(0x000000007b650000,0x000000007b750000)]
  0x0000000055802800 JavaThread "oracle.jdbc.driver.BlockSource.ThreadedCachingBlockSource.BlockReleaser" daemon [_thread_blocked, id=7564, stack(0x000000007dc50000,0x000000007dd50000)]
  0x00000000557fd000 JavaThread "InterruptTimer" daemon [_thread_blocked, id=9180, stack(0x000000007e550000,0x000000007e650000)]
  0x00000000557fd800 JavaThread "oracle.jdbc.driver.BlockSource.ThreadedCachingBlockSource.BlockReleaser" daemon [_thread_blocked, id=11232, stack(0x000000007fe50000,0x000000007ff50000)]
  0x0000000055807800 JavaThread "InterruptTimer" daemon [_thread_blocked, id=540, stack(0x0000000080fc0000,0x00000000810c0000)]
  0x0000000055805000 JavaThread "oracle.jdbc.driver.BlockSource.ThreadedCachingBlockSource.BlockReleaser" daemon [_thread_blocked, id=1228, stack(0x0000000082f90000,0x0000000083090000)]
  0x000000005580a000 JavaThread "InterruptTimer" daemon [_thread_blocked, id=2428, stack(0x0000000083090000,0x0000000083190000)]
  0x0000000055804000 JavaThread "oracle.jdbc.driver.BlockSource.ThreadedCachingBlockSource.BlockReleaser" daemon [_thread_blocked, id=10384, stack(0x0000000082a70000,0x0000000082b70000)]
  0x000000005580c800 JavaThread "InterruptTimer" daemon [_thread_blocked, id=7428, stack(0x0000000083a00000,0x0000000083b00000)]
  0x0000000055806800 JavaThread "oracle.jdbc.driver.BlockSource.ThreadedCachingBlockSource.BlockReleaser" daemon [_thread_blocked, id=6772, stack(0x0000000082e70000,0x0000000082f70000)]
  0x000000005580f000 JavaThread "InterruptTimer" daemon [_thread_blocked, id=11168, stack(0x0000000084560000,0x0000000084660000)]
  0x0000000055810800 JavaThread "oracle.jdbc.driver.BlockSource.ThreadedCachingBlockSource.BlockReleaser" daemon [_thread_blocked, id=11912, stack(0x0000000084060000,0x0000000084160000)]
  0x000000005580e000 JavaThread "InterruptTimer" daemon [_thread_blocked, id=664, stack(0x0000000084e60000,0x0000000084f60000)]
  0x0000000055806000 JavaThread "oracle.jdbc.driver.BlockSource.ThreadedCachingBlockSource.BlockReleaser" daemon [_thread_blocked, id=7636, stack(0x0000000084960000,0x0000000084a60000)]
  0x000000005580f800 JavaThread "InterruptTimer" daemon [_thread_blocked, id=11216, stack(0x0000000085660000,0x0000000085760000)]
  0x000000004f614000 JavaThread "oracle.jdbc.driver.BlockSource.ThreadedCachingBlockSource.BlockReleaser" daemon [_thread_blocked, id=9024, stack(0x0000000077b50000,0x0000000077c50000)]
  0x000000004f612800 JavaThread "InterruptTimer" daemon [_thread_blocked, id=6496, stack(0x0000000085d60000,0x0000000085e60000)]
  0x000000004f610000 JavaThread "oracle.jdbc.driver.BlockSource.ThreadedCachingBlockSource.BlockReleaser" daemon [_thread_blocked, id=284, stack(0x000000006fbe0000,0x000000006fce0000)]
  0x000000004f61c800 JavaThread "InterruptTimer" daemon [_thread_blocked, id=11624, stack(0x0000000086680000,0x0000000086780000)]
  0x000000004f627000 JavaThread "oracle.jdbc.driver.BlockSource.ThreadedCachingBlockSource.BlockReleaser" daemon [_thread_blocked, id=10988, stack(0x0000000086160000,0x0000000086260000)]
  0x000000004f62c800 JavaThread "InterruptTimer" daemon [_thread_blocked, id=4264, stack(0x0000000086f80000,0x0000000087080000)]
  0x0000000055802000 JavaThread "oracle.jdbc.driver.BlockSource.ThreadedCachingBlockSource.BlockReleaser" daemon [_thread_blocked, id=5396, stack(0x0000000082d70000,0x0000000082e70000)]
  0x0000000055808800 JavaThread "InterruptTimer" daemon [_thread_blocked, id=4604, stack(0x0000000083d60000,0x0000000083e60000)]
  0x000000005580b000 JavaThread "oracle.jdbc.driver.BlockSource.ThreadedCachingBlockSource.BlockReleaser" daemon [_thread_blocked, id=10068, stack(0x0000000086780000,0x0000000086880000)]
  0x0000000055811800 JavaThread "InterruptTimer" daemon [_thread_blocked, id=4112, stack(0x0000000086a80000,0x0000000086b80000)]
  0x000000004f60f000 JavaThread "oracle.jdbc.driver.BlockSource.ThreadedCachingBlockSource.BlockReleaser" daemon [_thread_blocked, id=7316, stack(0x0000000088280000,0x0000000088380000)]
  0x000000004f613800 JavaThread "InterruptTimer" daemon [_thread_blocked, id=12080, stack(0x0000000088380000,0x0000000088480000)]
  0x000000004fb9d000 JavaThread "oracle.jdbc.driver.BlockSource.ThreadedCachingBlockSource.BlockReleaser" daemon [_thread_blocked, id=8936, stack(0x0000000087f80000,0x0000000088080000)]
  0x0000000046a9d800 JavaThread "InterruptTimer" daemon [_thread_blocked, id=9836, stack(0x0000000088c80000,0x0000000088d80000)]
  0x00000000811a2800 JavaThread "oracle.jdbc.driver.BlockSource.ThreadedCachingBlockSource.BlockReleaser" daemon [_thread_blocked, id=12008, stack(0x0000000088980000,0x0000000088a80000)]
  0x00000000811a6000 JavaThread "InterruptTimer" daemon [_thread_blocked, id=1072, stack(0x0000000089580000,0x0000000089680000)]
  0x00000000811a4800 JavaThread "oracle.jdbc.driver.BlockSource.ThreadedCachingBlockSource.BlockReleaser" daemon [_thread_blocked, id=7340, stack(0x0000000089280000,0x0000000089380000)]
  0x00000000811a5000 JavaThread "InterruptTimer" daemon [_thread_blocked, id=4620, stack(0x000000008a480000,0x000000008a580000)]
  0x00000000811a2000 JavaThread "oracle.jdbc.driver.BlockSource.ThreadedCachingBlockSource.BlockReleaser" daemon [_thread_blocked, id=8892, stack(0x000000008a180000,0x000000008a280000)]
  0x00000000811a7000 JavaThread "InterruptTimer" daemon [_thread_blocked, id=12068, stack(0x000000008a980000,0x000000008aa80000)]
  0x00000000811a3800 JavaThread "ModalContext" [_thread_in_native, id=9208, stack(0x000000007d250000,0x000000007d350000)]
  0x00000000811a1000 JavaThread "oracle.jdbc.driver.BlockSource.ThreadedCachingBlockSource.BlockReleaser" daemon [_thread_blocked, id=5792, stack(0x000000007ed50000,0x000000007ee50000)]
  0x00000000811aa000 JavaThread "InterruptTimer" daemon [_thread_blocked, id=6488, stack(0x000000008ac80000,0x000000008ad80000)]
  0x00000000811a0800 JavaThread "Worker-84" [_thread_blocked, id=11036, stack(0x000000006fce0000,0x000000006fde0000)]
  0x00000000811ab000 JavaThread "Worker-85" [_thread_blocked, id=6272, stack(0x0000000084660000,0x0000000084760000)]
  0x00000000811a7800 JavaThread "Worker-86" [_thread_blocked, id=7964, stack(0x0000000084f60000,0x0000000085060000)]
  0x00000000811ab800 JavaThread "Worker-87" [_thread_blocked, id=7032, stack(0x0000000087080000,0x0000000087180000)]
  0x00000000811ac800 JavaThread "Thread-352" [_thread_in_native, id=10404, stack(0x0000000085e60000,0x0000000085f60000)]
  0x00000000811ad800 JavaThread "oracle.jdbc.driver.BlockSource.ThreadedCachingBlockSource.BlockReleaser" daemon [_thread_blocked, id=4144, stack(0x0000000088680000,0x0000000088780000)]
  0x00000000811ae000 JavaThread "InterruptTimer" daemon [_thread_blocked, id=6676, stack(0x0000000088f80000,0x0000000089080000)]

Other Threads:
  0x000000001c7fe000 VMThread "VM Thread" [stack: 0x000000001d400000,0x000000001d500000] [id=9060]
  0x000000001d27b000 WatcherThread [stack: 0x000000001de00000,0x000000001df00000] [id=7924]
  0x0000000003f0c000 GCTaskThread "GC Thread#0" [stack: 0x00000000038a0000,0x00000000039a0000] [id=10044]
  0x000000001ffb8800 GCTaskThread "GC Thread#1" [stack: 0x0000000020a10000,0x0000000020b10000] [id=2984]
  0x00000000201fb000 GCTaskThread "GC Thread#2" [stack: 0x0000000020b10000,0x0000000020c10000] [id=4072]
  0x00000000201fc000 GCTaskThread "GC Thread#3" [stack: 0x0000000020c10000,0x0000000020d10000] [id=2748]
  0x0000000021e86800 GCTaskThread "GC Thread#4" [stack: 0x0000000023d80000,0x0000000023e80000] [id=9912]
  0x00000000203e1800 GCTaskThread "GC Thread#5" [stack: 0x0000000023e80000,0x0000000023f80000] [id=1948]
  0x000000001f9db800 GCTaskThread "GC Thread#6" [stack: 0x0000000024d70000,0x0000000024e70000] [id=6668]
  0x000000001fb48800 GCTaskThread "GC Thread#7" [stack: 0x0000000024e70000,0x0000000024f70000] [id=1776]
  0x0000000003f7c000 ConcurrentGCThread "CMS Main Thread" [stack: 0x000000001c500000,0x000000001c600000] [id=4964]
  0x0000000003f78800 GCTaskThread "CMS Thread#0" [stack: 0x000000001bb80000,0x000000001bc80000] [id=988]
  0x000000002336b800 GCTaskThread "CMS Thread#1" [stack: 0x00000000229e0000,0x0000000022ae0000] [id=9944]

Threads with active compile tasks:
C2 CompilerThread06763089 38091       4       org.eclipse.jdt.internal.compiler.lookup.BinaryTypeBinding::createMethod (1689 bytes)

VM state:not at safepoint (normal execution)

VM Mutex/Monitor currently owned by a thread: None

Heap address: 0x00000000c0000000, size: 1024 MB, Compressed Oops mode: 32-bit
Narrow klass base: 0x0000000000000000, Narrow klass shift: 3
Compressed class space size: 1073741824 Address: 0x0000000100000000

Heap:
 par new generation   total 39296K, used 5462K [0x00000000c0000000, 0x00000000c2aa0000, 0x00000000d5550000)
  eden space 34944K,   3% used [0x00000000c0000000, 0x00000000c01159d8, 0x00000000c2220000)
  from space 4352K, 100% used [0x00000000c2660000, 0x00000000c2aa0000, 0x00000000c2aa0000)
  to   space 4352K,   0% used [0x00000000c2220000, 0x00000000c2220000, 0x00000000c2660000)
 concurrent mark-sweep generation total 413536K, used 293642K [0x00000000d5550000, 0x00000000ee928000, 0x0000000100000000)
 Metaspace       used 953164K, capacity 970441K, committed 970940K, reserved 1902592K
  class space    used 118617K, capacity 124230K, committed 124288K, reserved 1048576K

Card table byte_map: [0x00000000039a0000,0x0000000003bb0000] _byte_map_base: 0x00000000033a0000

Marking Bits: (CMSBitMap*) 0x0000000003f78080
 Bits: [0x00000000190d0000, 0x0000000019b7ac00)

Mod Union Table: (CMSBitMap*) 0x0000000003f78120
 Bits: [0x0000000003530000, 0x000000000355aab0)

Polling page: 0x00000000031b0000

Metaspace:

Usage:
  Non-class:    826.38 MB capacity,   814.99 MB ( 99%) used,    10.25 MB (  1%) free+waste,     1.14 MB ( <1%) overhead. 
      Class:    121.32 MB capacity,   115.84 MB ( 95%) used,     5.03 MB (  4%) free+waste,   465.69 KB ( <1%) overhead. 
       Both:    947.70 MB capacity,   930.82 MB ( 98%) used,    15.27 MB (  2%) free+waste,     1.60 MB ( <1%) overhead. 

Virtual space:
  Non-class space:      834.00 MB reserved,     826.81 MB (>99%) committed 
      Class space:        1.00 GB reserved,     121.38 MB ( 12%) committed 
             Both:        1.81 GB reserved,     948.18 MB ( 51%) committed 

Chunk freelists:
   Non-Class:  249.00 KB
       Class:  26.00 KB
        Both:  275.00 KB

MaxMetaspaceSize: 17179869184.00 GB
CompressedClassSpaceSize: 1.00 GB

CodeHeap 'non-profiled nmethods': size=120000Kb used=24435Kb max_used=24502Kb free=95564Kb
 bounds [0x00000000113e0000, 0x0000000012be0000, 0x0000000018910000]
CodeHeap 'profiled nmethods': size=120000Kb used=67561Kb max_used=67817Kb free=52438Kb
 bounds [0x0000000009eb0000, 0x000000000e150000, 0x00000000113e0000]
CodeHeap 'non-nmethods': size=5760Kb used=1679Kb max_used=1746Kb free=4080Kb
 bounds [0x0000000009910000, 0x0000000009b80000, 0x0000000009eb0000]
 total_blobs=31813 nmethods=30542 adapters=1174
 compilation: enabled
              stopped_count=0, restarted_count=0
 full_count=0

Compilation events (20 events):
Event: 6762.289 Thread 0x000000001d0fa000 38131       3       net.sf.jasperreports.engine.fill.JRFillTextElement::getOwnMarkup (44 bytes)
Event: 6762.292 Thread 0x000000001d0fa000 nmethod 38131 0x000000000ad45d90 code [0x000000000ad45f60, 0x000000000ad46448]
Event: 6762.293 Thread 0x000000001d0fa000 38133       3       jdk.internal.loader.URLClassPath$JarLoader$1::run (5 bytes)
Event: 6762.293 Thread 0x000000001d0fa000 nmethod 38133 0x000000000ab2a490 code [0x000000000ab2a640, 0x000000000ab2a788]
Event: 6762.293 Thread 0x000000001d0fa000 38134   !   3       jdk.internal.loader.URLClassPath$JarLoader$1::run (175 bytes)
Event: 6762.295 Thread 0x000000001d0fa000 nmethod 38134 0x000000000ad44310 code [0x000000000ad44600, 0x000000000ad45658]
Event: 6762.295 Thread 0x000000001d0fa000 38135       3       jdk.internal.loader.URLClassPath$JarLoader::getJarFile (102 bytes)
Event: 6762.296 Thread 0x000000001d0fa000 nmethod 38135 0x000000000b086c10 code [0x000000000b086f20, 0x000000000b087d08]
Event: 6762.296 Thread 0x000000001d0fa000 38136       3       jdk.internal.loader.URLClassPath$JarLoader::isOptimizable (10 bytes)
Event: 6762.296 Thread 0x000000001d0fa000 nmethod 38136 0x000000000ac63c90 code [0x000000000ac63e40, 0x000000000ac63f88]
Event: 6762.304 Thread 0x000000001d0fa000 38137       1       oracle.jdbc.logging.annotations.Feature::bitVector (5 bytes)
Event: 6762.304 Thread 0x000000001d0fa000 nmethod 38137 0x0000000012300590 code [0x0000000012300740, 0x00000000123007f8]
Event: 6762.312 Thread 0x000000001d0fa000 38138       3       oracle.jdbc.driver.SQLStateMapping$Tokenizer::next (334 bytes)
Event: 6762.314 Thread 0x000000001d0fa000 nmethod 38138 0x000000000b206f90 code [0x000000000b207280, 0x000000000b208918]
Event: 6762.314 Thread 0x000000001d0fa000 38139       3       oracle.jdbc.driver.SQLStateMapping::lessThan (45 bytes)
Event: 6762.315 Thread 0x000000001d0fa000 nmethod 38139 0x000000000ad43e90 code [0x000000000ad44040, 0x000000000ad44258]
Event: 6762.488 Thread 0x000000001d0fa000 38140       3       oracle.net.jdbc.nl.NVTokens::_isWhiteSpace (28 bytes)
Event: 6762.489 Thread 0x000000001d0fa000 nmethod 38140 0x000000000ad43a90 code [0x000000000ad43c40, 0x000000000ad43e18]
Event: 6762.522 Thread 0x000000001d0fa000 38141       3       oracle.net.jdbc.nl.NVTokens::_addToken (34 bytes)
Event: 6762.525 Thread 0x000000001d0fa000 nmethod 38141 0x000000000b1f0890 code [0x000000000b1f0b20, 0x000000000b1f1af8]

GC Heap History (20 events):
Event: 6691.187 GC heap before
{Heap before GC invocations=515 (full 13):
 par new generation   total 39296K, used 39232K [0x00000000c0000000, 0x00000000c2aa0000, 0x00000000d5550000)
  eden space 34944K,  99% used [0x00000000c0000000, 0x00000000c2210068, 0x00000000c2220000)
  from space 4352K, 100% used [0x00000000c2660000, 0x00000000c2aa0000, 0x00000000c2aa0000)
  to   space 4352K,   0% used [0x00000000c2220000, 0x00000000c2220000, 0x00000000c2660000)
 concurrent mark-sweep generation total 413536K, used 380376K [0x00000000d5550000, 0x00000000ee928000, 0x0000000100000000)
 Metaspace       used 914710K, capacity 931704K, committed 931900K, reserved 1861632K
  class space    used 114188K, capacity 119706K, committed 119808K, reserved 1048576K
}
Event: 6691.191 GC heap after
{Heap after GC invocations=516 (full 13):
 par new generation   total 39296K, used 3525K [0x00000000c0000000, 0x00000000c2aa0000, 0x00000000d5550000)
  eden space 34944K,   0% used [0x00000000c0000000, 0x00000000c0000000, 0x00000000c2220000)
  from space 4352K,  81% used [0x00000000c2220000, 0x00000000c2591678, 0x00000000c2660000)
  to   space 4352K,   0% used [0x00000000c2660000, 0x00000000c2660000, 0x00000000c2aa0000)
 concurrent mark-sweep generation total 413536K, used 383761K [0x00000000d5550000, 0x00000000ee928000, 0x0000000100000000)
 Metaspace       used 914710K, capacity 931704K, committed 931900K, reserved 1861632K
  class space    used 114188K, capacity 119706K, committed 119808K, reserved 1048576K
}
Event: 6692.239 GC heap before
{Heap before GC invocations=516 (full 14):
 par new generation   total 39296K, used 38469K [0x00000000c0000000, 0x00000000c2aa0000, 0x00000000d5550000)
  eden space 34944K, 100% used [0x00000000c0000000, 0x00000000c2220000, 0x00000000c2220000)
  from space 4352K,  81% used [0x00000000c2220000, 0x00000000c2591678, 0x00000000c2660000)
  to   space 4352K,   0% used [0x00000000c2660000, 0x00000000c2660000, 0x00000000c2aa0000)
 concurrent mark-sweep generation total 413536K, used 383761K [0x00000000d5550000, 0x00000000ee928000, 0x0000000100000000)
 Metaspace       used 914710K, capacity 931704K, committed 931900K, reserved 1861632K
  class space    used 114188K, capacity 119706K, committed 119808K, reserved 1048576K
}
Event: 6692.247 GC heap after
{Heap after GC invocations=517 (full 14):
 par new generation   total 39296K, used 1112K [0x00000000c0000000, 0x00000000c2aa0000, 0x00000000d5550000)
  eden space 34944K,   0% used [0x00000000c0000000, 0x00000000c0000000, 0x00000000c2220000)
  from space 4352K,  25% used [0x00000000c2660000, 0x00000000c2776230, 0x00000000c2aa0000)
  to   space 4352K,   0% used [0x00000000c2220000, 0x00000000c2220000, 0x00000000c2660000)
 concurrent mark-sweep generation total 413536K, used 383761K [0x00000000d5550000, 0x00000000ee928000, 0x0000000100000000)
 Metaspace       used 914710K, capacity 931704K, committed 931900K, reserved 1861632K
  class space    used 114188K, capacity 119706K, committed 119808K, reserved 1048576K
}
Event: 6696.125 GC heap before
{Heap before GC invocations=517 (full 14):
 par new generation   total 39296K, used 36056K [0x00000000c0000000, 0x00000000c2aa0000, 0x00000000d5550000)
  eden space 34944K, 100% used [0x00000000c0000000, 0x00000000c2220000, 0x00000000c2220000)
  from space 4352K,  25% used [0x00000000c2660000, 0x00000000c2776230, 0x00000000c2aa0000)
  to   space 4352K,   0% used [0x00000000c2220000, 0x00000000c2220000, 0x00000000c2660000)
 concurrent mark-sweep generation total 413536K, used 279891K [0x00000000d5550000, 0x00000000ee928000, 0x0000000100000000)
 Metaspace       used 914449K, capacity 931287K, committed 931900K, reserved 1861632K
  class space    used 114130K, capacity 119597K, committed 119808K, reserved 1048576K
}
Event: 6696.129 GC heap after
{Heap after GC invocations=518 (full 14):
 par new generation   total 39296K, used 4352K [0x00000000c0000000, 0x00000000c2aa0000, 0x00000000d5550000)
  eden space 34944K,   0% used [0x00000000c0000000, 0x00000000c0000000, 0x00000000c2220000)
  from space 4352K, 100% used [0x00000000c2220000, 0x00000000c2660000, 0x00000000c2660000)
  to   space 4352K,   0% used [0x00000000c2660000, 0x00000000c2660000, 0x00000000c2aa0000)
 concurrent mark-sweep generation total 413536K, used 280175K [0x00000000d5550000, 0x00000000ee928000, 0x0000000100000000)
 Metaspace       used 914449K, capacity 931287K, committed 931900K, reserved 1861632K
  class space    used 114130K, capacity 119597K, committed 119808K, reserved 1048576K
}
Event: 6697.636 GC heap before
{Heap before GC invocations=518 (full 14):
 par new generation   total 39296K, used 39296K [0x00000000c0000000, 0x00000000c2aa0000, 0x00000000d5550000)
  eden space 34944K, 100% used [0x00000000c0000000, 0x00000000c2220000, 0x00000000c2220000)
  from space 4352K, 100% used [0x00000000c2220000, 0x00000000c2660000, 0x00000000c2660000)
  to   space 4352K,   0% used [0x00000000c2660000, 0x00000000c2660000, 0x00000000c2aa0000)
 concurrent mark-sweep generation total 413536K, used 280175K [0x00000000d5550000, 0x00000000ee928000, 0x0000000100000000)
 Metaspace       used 924912K, capacity 941822K, committed 942524K, reserved 1871872K
  class space    used 115317K, capacity 120812K, committed 120960K, reserved 1048576K
}
Event: 6697.641 GC heap after
{Heap after GC invocations=519 (full 14):
 par new generation   total 39296K, used 2650K [0x00000000c0000000, 0x00000000c2aa0000, 0x00000000d5550000)
  eden space 34944K,   0% used [0x00000000c0000000, 0x00000000c0000000, 0x00000000c2220000)
  from space 4352K,  60% used [0x00000000c2660000, 0x00000000c28f6808, 0x00000000c2aa0000)
  to   space 4352K,   0% used [0x00000000c2220000, 0x00000000c2220000, 0x00000000c2660000)
 concurrent mark-sweep generation total 413536K, used 284328K [0x00000000d5550000, 0x00000000ee928000, 0x0000000100000000)
 Metaspace       used 924912K, capacity 941822K, committed 942524K, reserved 1871872K
  class space    used 115317K, capacity 120812K, committed 120960K, reserved 1048576K
}
Event: 6698.394 GC heap before
{Heap before GC invocations=519 (full 14):
 par new generation   total 39296K, used 37566K [0x00000000c0000000, 0x00000000c2aa0000, 0x00000000d5550000)
  eden space 34944K,  99% used [0x00000000c0000000, 0x00000000c22190e0, 0x00000000c2220000)
  from space 4352K,  60% used [0x00000000c2660000, 0x00000000c28f6808, 0x00000000c2aa0000)
  to   space 4352K,   0% used [0x00000000c2220000, 0x00000000c2220000, 0x00000000c2660000)
 concurrent mark-sweep generation total 413536K, used 284328K [0x00000000d5550000, 0x00000000ee928000, 0x0000000100000000)
 Metaspace       used 934873K, capacity 951944K, committed 952380K, reserved 1880064K
  class space    used 116719K, capacity 122250K, committed 122368K, reserved 1048576K
}
Event: 6698.399 GC heap after
{Heap after GC invocations=520 (full 14):
 par new generation   total 39296K, used 4352K [0x00000000c0000000, 0x00000000c2aa0000, 0x00000000d5550000)
  eden space 34944K,   0% used [0x00000000c0000000, 0x00000000c0000000, 0x00000000c2220000)
  from space 4352K, 100% used [0x00000000c2220000, 0x00000000c2660000, 0x00000000c2660000)
  to   space 4352K,   0% used [0x00000000c2660000, 0x00000000c2660000, 0x00000000c2aa0000)
 concurrent mark-sweep generation total 413536K, used 284402K [0x00000000d5550000, 0x00000000ee928000, 0x0000000100000000)
 Metaspace       used 934873K, capacity 951944K, committed 952380K, reserved 1880064K
  class space    used 116719K, capacity 122250K, committed 122368K, reserved 1048576K
}
Event: 6699.858 GC heap before
{Heap before GC invocations=520 (full 14):
 par new generation   total 39296K, used 39296K [0x00000000c0000000, 0x00000000c2aa0000, 0x00000000d5550000)
  eden space 34944K, 100% used [0x00000000c0000000, 0x00000000c2220000, 0x00000000c2220000)
  from space 4352K, 100% used [0x00000000c2220000, 0x00000000c2660000, 0x00000000c2660000)
  to   space 4352K,   0% used [0x00000000c2660000, 0x00000000c2660000, 0x00000000c2aa0000)
 concurrent mark-sweep generation total 413536K, used 284402K [0x00000000d5550000, 0x00000000ee928000, 0x0000000100000000)
 Metaspace       used 945669K, capacity 962857K, committed 963388K, reserved 1894400K
  class space    used 117934K, capacity 123527K, committed 123648K, reserved 1048576K
}
Event: 6699.865 GC heap after
{Heap after GC invocations=521 (full 14):
 par new generation   total 39296K, used 4352K [0x00000000c0000000, 0x00000000c2aa0000, 0x00000000d5550000)
  eden space 34944K,   0% used [0x00000000c0000000, 0x00000000c0000000, 0x00000000c2220000)
  from space 4352K, 100% used [0x00000000c2660000, 0x00000000c2aa0000, 0x00000000c2aa0000)
  to   space 4352K,   0% used [0x00000000c2220000, 0x00000000c2220000, 0x00000000c2660000)
 concurrent mark-sweep generation total 413536K, used 286317K [0x00000000d5550000, 0x00000000ee928000, 0x0000000100000000)
 Metaspace       used 945669K, capacity 962857K, committed 963388K, reserved 1894400K
  class space    used 117934K, capacity 123527K, committed 123648K, reserved 1048576K
}
Event: 6755.852 GC heap before
{Heap before GC invocations=521 (full 14):
 par new generation   total 39296K, used 37856K [0x00000000c0000000, 0x00000000c2aa0000, 0x00000000d5550000)
  eden space 34944K,  95% used [0x00000000c0000000, 0x00000000c20b81f0, 0x00000000c2220000)
  from space 4352K, 100% used [0x00000000c2660000, 0x00000000c2aa0000, 0x00000000c2aa0000)
  to   space 4352K,   0% used [0x00000000c2220000, 0x00000000c2220000, 0x00000000c2660000)
 concurrent mark-sweep generation total 413536K, used 286317K [0x00000000d5550000, 0x00000000ee928000, 0x0000000100000000)
 Metaspace       used 950247K, capacity 967463K, committed 967868K, reserved 1900544K
  class space    used 118360K, capacity 123958K, committed 124032K, reserved 1048576K
}
Event: 6755.862 GC heap after
{Heap after GC invocations=522 (full 14):
 par new generation   total 39296K, used 4352K [0x00000000c0000000, 0x00000000c2aa0000, 0x00000000d5550000)
  eden space 34944K,   0% used [0x00000000c0000000, 0x00000000c0000000, 0x00000000c2220000)
  from space 4352K, 100% used [0x00000000c2220000, 0x00000000c2660000, 0x00000000c2660000)
  to   space 4352K,   0% used [0x00000000c2660000, 0x00000000c2660000, 0x00000000c2aa0000)
 concurrent mark-sweep generation total 413536K, used 291187K [0x00000000d5550000, 0x00000000ee928000, 0x0000000100000000)
 Metaspace       used 950247K, capacity 967463K, committed 967868K, reserved 1900544K
  class space    used 118360K, capacity 123958K, committed 124032K, reserved 1048576K
}
Event: 6757.533 GC heap before
{Heap before GC invocations=522 (full 14):
 par new generation   total 39296K, used 39296K [0x00000000c0000000, 0x00000000c2aa0000, 0x00000000d5550000)
  eden space 34944K, 100% used [0x00000000c0000000, 0x00000000c2220000, 0x00000000c2220000)
  from space 4352K, 100% used [0x00000000c2220000, 0x00000000c2660000, 0x00000000c2660000)
  to   space 4352K,   0% used [0x00000000c2660000, 0x00000000c2660000, 0x00000000c2aa0000)
 concurrent mark-sweep generation total 413536K, used 291187K [0x00000000d5550000, 0x00000000ee928000, 0x0000000100000000)
 Metaspace       used 950252K, capacity 967463K, committed 967868K, reserved 1900544K
  class space    used 118361K, capacity 123958K, committed 124032K, reserved 1048576K
}
Event: 6757.536 GC heap after
{Heap after GC invocations=523 (full 14):
 par new generation   total 39296K, used 1693K [0x00000000c0000000, 0x00000000c2aa0000, 0x00000000d5550000)
  eden space 34944K,   0% used [0x00000000c0000000, 0x00000000c0000000, 0x00000000c2220000)
  from space 4352K,  38% used [0x00000000c2660000, 0x00000000c2807448, 0x00000000c2aa0000)
  to   space 4352K,   0% used [0x00000000c2220000, 0x00000000c2220000, 0x00000000c2660000)
 concurrent mark-sweep generation total 413536K, used 292629K [0x00000000d5550000, 0x00000000ee928000, 0x0000000100000000)
 Metaspace       used 950252K, capacity 967463K, committed 967868K, reserved 1900544K
  class space    used 118361K, capacity 123958K, committed 124032K, reserved 1048576K
}
Event: 6762.051 GC heap before
{Heap before GC invocations=523 (full 14):
 par new generation   total 39296K, used 36637K [0x00000000c0000000, 0x00000000c2aa0000, 0x00000000d5550000)
  eden space 34944K, 100% used [0x00000000c0000000, 0x00000000c2220000, 0x00000000c2220000)
  from space 4352K,  38% used [0x00000000c2660000, 0x00000000c2807448, 0x00000000c2aa0000)
  to   space 4352K,   0% used [0x00000000c2220000, 0x00000000c2220000, 0x00000000c2660000)
 concurrent mark-sweep generation total 413536K, used 292629K [0x00000000d5550000, 0x00000000ee928000, 0x0000000100000000)
 Metaspace       used 950258K, capacity 967463K, committed 967868K, reserved 1900544K
  class space    used 118361K, capacity 123958K, committed 124032K, reserved 1048576K
}
Event: 6762.054 GC heap after
{Heap after GC invocations=524 (full 14):
 par new generation   total 39296K, used 1401K [0x00000000c0000000, 0x00000000c2aa0000, 0x00000000d5550000)
  eden space 34944K,   0% used [0x00000000c0000000, 0x00000000c0000000, 0x00000000c2220000)
  from space 4352K,  32% used [0x00000000c2220000, 0x00000000c237e690, 0x00000000c2660000)
  to   space 4352K,   0% used [0x00000000c2660000, 0x00000000c2660000, 0x00000000c2aa0000)
 concurrent mark-sweep generation total 413536K, used 292629K [0x00000000d5550000, 0x00000000ee928000, 0x0000000100000000)
 Metaspace       used 950258K, capacity 967463K, committed 967868K, reserved 1900544K
  class space    used 118361K, capacity 123958K, committed 124032K, reserved 1048576K
}
Event: 6762.529 GC heap before
{Heap before GC invocations=524 (full 14):
 par new generation   total 39296K, used 36345K [0x00000000c0000000, 0x00000000c2aa0000, 0x00000000d5550000)
  eden space 34944K, 100% used [0x00000000c0000000, 0x00000000c2220000, 0x00000000c2220000)
  from space 4352K,  32% used [0x00000000c2220000, 0x00000000c237e690, 0x00000000c2660000)
  to   space 4352K,   0% used [0x00000000c2660000, 0x00000000c2660000, 0x00000000c2aa0000)
 concurrent mark-sweep generation total 413536K, used 292629K [0x00000000d5550000, 0x00000000ee928000, 0x0000000100000000)
 Metaspace       used 952946K, capacity 970217K, committed 970684K, reserved 1902592K
  class space    used 118594K, capacity 124198K, committed 124288K, reserved 1048576K
}
Event: 6762.533 GC heap after
{Heap after GC invocations=525 (full 14):
 par new generation   total 39296K, used 4352K [0x00000000c0000000, 0x00000000c2aa0000, 0x00000000d5550000)
  eden space 34944K,   0% used [0x00000000c0000000, 0x00000000c0000000, 0x00000000c2220000)
  from space 4352K, 100% used [0x00000000c2660000, 0x00000000c2aa0000, 0x00000000c2aa0000)
  to   space 4352K,   0% used [0x00000000c2220000, 0x00000000c2220000, 0x00000000c2660000)
 concurrent mark-sweep generation total 413536K, used 293642K [0x00000000d5550000, 0x00000000ee928000, 0x0000000100000000)
 Metaspace       used 952946K, capacity 970217K, committed 970684K, reserved 1902592K
  class space    used 118594K, capacity 124198K, committed 124288K, reserved 1048576K
}

Deoptimization events (20 events):
Event: 6699.417 Thread 0x00000000811a3800 Uncommon trap: trap_request=0xffffff4d fr.pc=0x00000000117ddb58 relative=0x00000000000003f8
Event: 6699.417 Thread 0x00000000811a3800 Uncommon trap: reason=unstable_if action=reinterpret pc=0x00000000117ddb58 method=java.lang.StringCoding.decode(Ljava/nio/charset/Charset;[BII)Ljava/lang/StringCoding$Result; @ 4 c2
Event: 6699.417 Thread 0x00000000811a3800 DEOPT PACKING pc=0x00000000117ddb58 sp=0x000000008a27e8c0
Event: 6699.417 Thread 0x00000000811a3800 DEOPT UNPACKING pc=0x0000000009936caf sp=0x000000008a27e768 mode 2
Event: 6699.560 Thread 0x00000000811a3800 Uncommon trap: trap_request=0xffffff4d fr.pc=0x00000000117d7c58 relative=0x00000000000005d8
Event: 6699.560 Thread 0x00000000811a3800 Uncommon trap: reason=unstable_if action=reinterpret pc=0x00000000117d7c58 method=java.lang.StringCoding.decode(Ljava/nio/charset/Charset;[BII)Ljava/lang/StringCoding$Result; @ 4 c2
Event: 6699.560 Thread 0x00000000811a3800 DEOPT PACKING pc=0x00000000117d7c58 sp=0x000000008a27e830
Event: 6699.560 Thread 0x00000000811a3800 DEOPT UNPACKING pc=0x0000000009936caf sp=0x000000008a27e768 mode 2
Event: 6708.731 Thread 0x0000000003ef9000 Uncommon trap: trap_request=0xffffff6e fr.pc=0x00000000126b43dc relative=0x000000000000067c
Event: 6708.732 Thread 0x0000000003ef9000 Uncommon trap: reason=speculate_class_check action=maybe_recompile pc=0x00000000126b43dc method=org.eclipse.jface.window.ToolTip.toolTipHide(Lorg/eclipse/swt/widgets/Shell;Lorg/eclipse/swt/widgets/Event;)V @ 56 c2
Event: 6708.732 Thread 0x0000000003ef9000 DEOPT PACKING pc=0x00000000126b43dc sp=0x00000000012fd2e0
Event: 6708.732 Thread 0x0000000003ef9000 DEOPT UNPACKING pc=0x0000000009936caf sp=0x00000000012fd258 mode 2
Event: 6711.927 Thread 0x0000000003ef9000 Uncommon trap: trap_request=0xffffff6e fr.pc=0x00000000126b43dc relative=0x000000000000067c
Event: 6711.927 Thread 0x0000000003ef9000 Uncommon trap: reason=speculate_class_check action=maybe_recompile pc=0x00000000126b43dc method=org.eclipse.jface.window.ToolTip.toolTipHide(Lorg/eclipse/swt/widgets/Shell;Lorg/eclipse/swt/widgets/Event;)V @ 56 c2
Event: 6711.927 Thread 0x0000000003ef9000 DEOPT PACKING pc=0x00000000126b43dc sp=0x00000000012fd2e0
Event: 6711.927 Thread 0x0000000003ef9000 DEOPT UNPACKING pc=0x0000000009936caf sp=0x00000000012fd258 mode 2
Event: 6755.774 Thread 0x0000000055801000 Uncommon trap: trap_request=0xffffff4d fr.pc=0x0000000011e312b8 relative=0x0000000000000278
Event: 6755.774 Thread 0x0000000055801000 Uncommon trap: reason=unstable_if action=reinterpret pc=0x0000000011e312b8 method=java.nio.channels.spi.AbstractInterruptibleChannel.end(Z)V @ 10 c2
Event: 6755.774 Thread 0x0000000055801000 DEOPT PACKING pc=0x0000000011e312b8 sp=0x0000000085f5e8b0
Event: 6755.774 Thread 0x0000000055801000 DEOPT UNPACKING pc=0x0000000009936caf sp=0x0000000085f5e878 mode 2

Classes redefined (0 events):
No events

Internal exceptions (20 events):
Event: 6712.054 Thread 0x00000000811a3800 Exception <a 'sun/nio/fs/WindowsException'{0x00000000c0cc8ee8}> (0x00000000c0cc8ee8) thrown at [./src/hotspot/share/prims/jni.cpp, line 615]
Event: 6712.054 Thread 0x00000000811a3800 Exception <a 'sun/nio/fs/WindowsException'{0x00000000c0cc91b8}> (0x00000000c0cc91b8) thrown at [./src/hotspot/share/prims/jni.cpp, line 615]
Event: 6712.058 Thread 0x00000000811a3800 Exception <a 'java/lang/NoClassDefFoundError'{0x00000000c0cf4c78}: oracle/dms/console/DMSConsole> (0x00000000c0cf4c78) thrown at [./src/hotspot/share/classfile/systemDictionary.cpp, line 220]
Event: 6712.058 Thread 0x00000000811a3800 Exception <a 'java/lang/reflect/InvocationTargetException'{0x00000000c0cf4f48}> (0x00000000c0cf4f48) thrown at [./src/hotspot/share/runtime/reflection.cpp, line 1247]
Event: 6755.774 Thread 0x0000000055801000 Exception <a 'java/io/IOException'{0x00000000c06cd6a0}> (0x00000000c06cd6a0) thrown at [./src/hotspot/share/prims/jni.cpp, line 615]
Event: 6759.802 Thread 0x0000000003ef9000 Exception <a 'sun/nio/fs/WindowsException'{0x00000000c0c3ad28}> (0x00000000c0c3ad28) thrown at [./src/hotspot/share/prims/jni.cpp, line 615]
Event: 6759.803 Thread 0x0000000003ef9000 Exception <a 'sun/nio/fs/WindowsException'{0x00000000c0c3ef28}> (0x00000000c0c3ef28) thrown at [./src/hotspot/share/prims/jni.cpp, line 615]
Event: 6759.813 Thread 0x0000000003ef9000 Exception <a 'sun/nio/fs/WindowsException'{0x00000000c0d637a8}> (0x00000000c0d637a8) thrown at [./src/hotspot/share/prims/jni.cpp, line 615]
Event: 6762.058 Thread 0x00000000557f3000 Exception <a 'java/lang/ArrayIndexOutOfBoundsException'{0x00000000c00bb418}> (0x00000000c00bb418) thrown at [./src/hotspot/share/runtime/sharedRuntime.cpp, line 584]
Event: 6762.059 Thread 0x00000000557f3000 Exception <a 'java/lang/ArrayIndexOutOfBoundsException'{0x00000000c00bf488}> (0x00000000c00bf488) thrown at [./src/hotspot/share/runtime/sharedRuntime.cpp, line 584]
Event: 6762.090 Thread 0x00000000557f3000 Exception <a 'java/io/IOException'{0x00000000c01cf398}> (0x00000000c01cf398) thrown at [./src/hotspot/share/prims/jni.cpp, line 615]
Event: 6762.090 Thread 0x00000000557f3000 Exception <a 'java/io/IOException'{0x00000000c01cf6d8}> (0x00000000c01cf6d8) thrown at [./src/hotspot/share/prims/jni.cpp, line 615]
Event: 6762.090 Thread 0x00000000557f3000 Exception <a 'java/io/IOException'{0x00000000c01cfa18}> (0x00000000c01cfa18) thrown at [./src/hotspot/share/prims/jni.cpp, line 615]
Event: 6762.299 Thread 0x00000000811ac800 Exception <a 'java/security/PrivilegedActionException'{0x00000000c18fb308}> (0x00000000c18fb308) thrown at [./src/hotspot/share/prims/jvm.cpp, line 1297]
Event: 6762.299 Thread 0x00000000811ac800 Exception <a 'java/security/PrivilegedActionException'{0x00000000c18fb5d8}> (0x00000000c18fb5d8) thrown at [./src/hotspot/share/prims/jvm.cpp, line 1297]
Event: 6762.317 Thread 0x00000000811ac800 Exception <a 'java/lang/NoClassDefFoundError'{0x00000000c1a03770}: oracle/security/pki/OraclePKIProvider> (0x00000000c1a03770) thrown at [./src/hotspot/share/classfile/systemDictionary.cpp, line 220]
Event: 6762.462 Thread 0x00000000811ac800 Exception <a 'sun/nio/fs/WindowsException'{0x00000000c1dfc078}> (0x00000000c1dfc078) thrown at [./src/hotspot/share/prims/jni.cpp, line 615]
Event: 6762.462 Thread 0x00000000811ac800 Exception <a 'sun/nio/fs/WindowsException'{0x00000000c1dfc348}> (0x00000000c1dfc348) thrown at [./src/hotspot/share/prims/jni.cpp, line 615]
Event: 6762.471 Thread 0x00000000811ac800 Exception <a 'java/lang/NoClassDefFoundError'{0x00000000c1e28648}: oracle/dms/console/DMSConsole> (0x00000000c1e28648) thrown at [./src/hotspot/share/classfile/systemDictionary.cpp, line 220]
Event: 6762.471 Thread 0x00000000811ac800 Exception <a 'java/lang/reflect/InvocationTargetException'{0x00000000c1e28918}> (0x00000000c1e28918) thrown at [./src/hotspot/share/runtime/reflection.cpp, line 1247]

Events (20 events):
Event: 6762.549 loading class oracle/net/ano/DataIntegrityService done
Event: 6762.550 loading class oracle/net/ns/NIOConnectPacket
Event: 6762.550 loading class oracle/net/ns/NIOConnectPacket done
Event: 6762.551 loading class oracle/net/ns/ConnectPacket
Event: 6762.551 loading class oracle/net/ns/ConnectPacket done
Event: 6762.551 loading class oracle/net/ns/Packet
Event: 6762.551 loading class oracle/net/ns/Packet done
Event: 6762.553 loading class oracle/net/nt/Clock
Event: 6762.553 loading class oracle/net/nt/Clock done
Event: 6762.554 loading class oracle/net/nt/Clock$1
Event: 6762.554 loading class oracle/net/nt/Clock$1 done
Event: 6762.554 loading class oracle/net/nt/TimeoutInterruptHandler
Event: 6762.554 loading class oracle/net/nt/TimeoutInterruptHandler done
Event: 6762.554 loading class oracle/net/nt/TimeoutInterruptHandler$InterruptTaskType
Event: 6762.554 loading class oracle/net/nt/TimeoutInterruptHandler$InterruptTaskType done
Event: 6762.555 loading class oracle/net/nt/TimeoutInterruptHandler$TimerPurgingTask
Event: 6762.555 loading class oracle/net/nt/TimeoutInterruptHandler$TimerPurgingTask done
Event: 6762.555 loading class oracle/net/nt/TimeoutInterruptHandler$InterruptTask
Event: 6762.555 loading class oracle/net/nt/TimeoutInterruptHandler$InterruptTask done
Event: 6762.556 Thread 0x00000000811ae000 Thread added: 0x00000000811ae000


Dynamic libraries:
0x00007ff713ab0000 - 0x00007ff713af3000 	C:\Program Files\TIBCO\Jaspersoft Studio-6.18.1\Jaspersoft Studio.exe
0x00007ffe037d0000 - 0x00007ffe039c5000 	C:\WINDOWS\SYSTEM32\ntdll.dll
0x00007ffe019e0000 - 0x00007ffe01a9e000 	C:\WINDOWS\System32\KERNEL32.DLL
0x00007ffe01300000 - 0x00007ffe015c8000 	C:\WINDOWS\System32\KERNELBASE.dll
0x00007ffe01d00000 - 0x00007ffe01ea1000 	C:\WINDOWS\System32\USER32.dll
0x00007ffe012d0000 - 0x00007ffe012f2000 	C:\WINDOWS\System32\win32u.dll
0x00007ffe036b0000 - 0x00007ffe036db000 	C:\WINDOWS\System32\GDI32.dll
0x00007ffe00f40000 - 0x00007ffe0104b000 	C:\WINDOWS\System32\gdi32full.dll
0x00007ffe01780000 - 0x00007ffe0181d000 	C:\WINDOWS\System32\msvcp_win.dll
0x00007ffe015d0000 - 0x00007ffe016d0000 	C:\WINDOWS\System32\ucrtbase.dll
0x00007ffdde190000 - 0x00007ffdde42a000 	C:\WINDOWS\WinSxS\amd64_microsoft.windows.common-controls_6595b64144ccf1df_6.0.19041.1110_none_60b5254171f9507e\COMCTL32.dll
0x00007ffe02ce0000 - 0x00007ffe02d7e000 	C:\WINDOWS\System32\msvcrt.dll
0x00007ffe01950000 - 0x00007ffe01980000 	C:\WINDOWS\System32\IMM32.DLL
0x00007ffdbece0000 - 0x00007ffdbed1e000 	C:\Program Files\TIBCO\Jaspersoft Studio-6.18.1\plugins\org.eclipse.equinox.launcher.win32.win32.x86_64_1.2.300.v20210828-0802\eclipse_11506.dll
0x00007ffe020f0000 - 0x00007ffe0219c000 	C:\WINDOWS\System32\ADVAPI32.dll
0x00007ffe01ec0000 - 0x00007ffe01f5b000 	C:\WINDOWS\System32\sechost.dll
0x00007ffe01820000 - 0x00007ffe0194a000 	C:\WINDOWS\System32\RPCRT4.dll
0x00007ffe01f60000 - 0x00007ffe0208a000 	C:\WINDOWS\System32\ole32.dll
0x00007ffe03280000 - 0x00007ffe035d5000 	C:\WINDOWS\System32\combase.dll
0x00007ffdf95b0000 - 0x00007ffdf95ba000 	C:\WINDOWS\SYSTEM32\VERSION.dll
0x00007ffdfd950000 - 0x00007ffdfd9ee000 	C:\WINDOWS\system32\uxtheme.dll
0x00007ffe01be0000 - 0x00007ffe01cf5000 	C:\WINDOWS\System32\MSCTF.dll
0x00007ffe02b20000 - 0x00007ffe02bed000 	C:\WINDOWS\System32\OLEAUT32.dll
0x00007ffdba510000 - 0x00007ffdbafcd000 	C:\Program Files\TIBCO\Jaspersoft Studio-6.18.1\features\jre.win32.win32.x86_64.feature_11.0.8\adoptopenjdk_jre\bin\server\jvm.dll
0x00007ffe02df0000 - 0x00007ffe02df8000 	C:\WINDOWS\System32\PSAPI.DLL
0x00007ffdd8aa0000 - 0x00007ffdd8aa9000 	C:\WINDOWS\SYSTEM32\WSOCK32.dll
0x00007ffde3820000 - 0x00007ffde3847000 	C:\WINDOWS\SYSTEM32\WINMM.dll
0x00007ffe02d80000 - 0x00007ffe02deb000 	C:\WINDOWS\System32\WS2_32.dll
0x00007ffdfa450000 - 0x00007ffdfa46b000 	C:\WINDOWS\SYSTEM32\VCRUNTIME140.dll
0x00007ffdfbb00000 - 0x00007ffdfbb10000 	C:\Program Files\TIBCO\Jaspersoft Studio-6.18.1\features\jre.win32.win32.x86_64.feature_11.0.8\adoptopenjdk_jre\bin\verify.dll
0x00007ffdfecf0000 - 0x00007ffdfeed4000 	C:\WINDOWS\SYSTEM32\DBGHELP.DLL
0x00007ffdeb4c0000 - 0x00007ffdeb4ec000 	C:\WINDOWS\SYSTEM32\dbgcore.DLL
0x00007ffe01080000 - 0x00007ffe01103000 	C:\WINDOWS\System32\bcryptPrimitives.dll
0x00007ffdfb5f0000 - 0x00007ffdfb618000 	C:\Program Files\TIBCO\Jaspersoft Studio-6.18.1\features\jre.win32.win32.x86_64.feature_11.0.8\adoptopenjdk_jre\bin\java.dll
0x00007ffdfafb0000 - 0x00007ffdfafba000 	C:\Program Files\TIBCO\Jaspersoft Studio-6.18.1\features\jre.win32.win32.x86_64.feature_11.0.8\adoptopenjdk_jre\bin\jimage.dll
0x00007ffde9200000 - 0x00007ffde9217000 	C:\Program Files\TIBCO\Jaspersoft Studio-6.18.1\features\jre.win32.win32.x86_64.feature_11.0.8\adoptopenjdk_jre\bin\zip.dll
0x00007ffdff770000 - 0x00007ffdff782000 	C:\WINDOWS\SYSTEM32\kernel.appcore.dll
0x00007ffe021b0000 - 0x00007ffe028ef000 	C:\WINDOWS\System32\SHELL32.dll
0x00007ffdfeee0000 - 0x00007ffdff670000 	C:\WINDOWS\SYSTEM32\windows.storage.dll
0x00007ffe00940000 - 0x00007ffe0096e000 	C:\WINDOWS\SYSTEM32\Wldp.dll
0x00007ffe03600000 - 0x00007ffe036ad000 	C:\WINDOWS\System32\SHCORE.dll
0x00007ffe01980000 - 0x00007ffe019d5000 	C:\WINDOWS\System32\shlwapi.dll
0x00007ffe00e30000 - 0x00007ffe00e4f000 	C:\WINDOWS\SYSTEM32\profapi.dll
0x00007ffddf6c0000 - 0x00007ffddf6d9000 	C:\Program Files\TIBCO\Jaspersoft Studio-6.18.1\features\jre.win32.win32.x86_64.feature_11.0.8\adoptopenjdk_jre\bin\net.dll
0x00007ffdeeaf0000 - 0x00007ffdeebfc000 	C:\WINDOWS\SYSTEM32\WINHTTP.dll
0x00007ffe006a0000 - 0x00007ffe0070a000 	C:\WINDOWS\system32\mswsock.dll
0x00007ffddde00000 - 0x00007ffddde12000 	C:\Program Files\TIBCO\Jaspersoft Studio-6.18.1\features\jre.win32.win32.x86_64.feature_11.0.8\adoptopenjdk_jre\bin\nio.dll
0x00007ffe008a0000 - 0x00007ffe008b8000 	C:\WINDOWS\SYSTEM32\CRYPTSP.dll
0x00007ffdfffb0000 - 0x00007ffdfffe4000 	C:\WINDOWS\system32\rsaenh.dll
0x00007ffe01050000 - 0x00007ffe01077000 	C:\WINDOWS\System32\bcrypt.dll
0x00007ffe00db0000 - 0x00007ffe00dde000 	C:\WINDOWS\SYSTEM32\USERENV.dll
0x00007ffe00890000 - 0x00007ffe0089c000 	C:\WINDOWS\SYSTEM32\CRYPTBASE.dll
0x00007ffe00340000 - 0x00007ffe0037b000 	C:\WINDOWS\SYSTEM32\IPHLPAPI.DLL
0x00007ffe021a0000 - 0x00007ffe021a8000 	C:\WINDOWS\System32\NSI.dll
0x00007ffdfe9c0000 - 0x00007ffdfe9d7000 	C:\WINDOWS\SYSTEM32\dhcpcsvc6.DLL
0x00007ffdfe8a0000 - 0x00007ffdfe8bd000 	C:\WINDOWS\SYSTEM32\dhcpcsvc.DLL
0x00007ffe00380000 - 0x00007ffe0044b000 	C:\WINDOWS\SYSTEM32\DNSAPI.dll
0x00007ffe036e0000 - 0x00007ffe03789000 	C:\WINDOWS\System32\clbcatq.dll
0x00007ffdeb8c0000 - 0x00007ffdeb9b9000 	C:\WINDOWS\SYSTEM32\textinputframework.dll
0x00007ffdfd470000 - 0x00007ffdfd562000 	C:\WINDOWS\System32\CoreMessaging.dll
0x00007ffdfccb0000 - 0x00007ffdfd00e000 	C:\WINDOWS\System32\CoreUIComponents.dll
0x00007ffdfbcd0000 - 0x00007ffdfbe24000 	C:\WINDOWS\SYSTEM32\wintypes.dll
0x00007ffdffbe0000 - 0x00007ffdffc13000 	C:\WINDOWS\SYSTEM32\ntmarta.dll
0x00007ffdba330000 - 0x00007ffdba3ec000 	C:\Program Files\TIBCO\Jaspersoft Studio-6.18.1\configuration\org.eclipse.osgi\283\0\.cp\swt-win32-4946r21.dll
0x00007ffe01b00000 - 0x00007ffe01bda000 	C:\WINDOWS\System32\COMDLG32.dll
0x00007ffdd6280000 - 0x00007ffdd6315000 	C:\WINDOWS\SYSTEM32\WINSPOOL.DRV
0x00007ffdd69a0000 - 0x00007ffdd6a06000 	C:\WINDOWS\SYSTEM32\OLEACC.dll
0x00007ffdc1ee0000 - 0x00007ffdc1ef9000 	C:\WINDOWS\SYSTEM32\USP10.dll
0x00007ffddf7f0000 - 0x00007ffddfcc8000 	C:\WINDOWS\SYSTEM32\WININET.dll
0x00007ffdfe8c0000 - 0x00007ffdfe9b6000 	C:\WINDOWS\SYSTEM32\PROPSYS.dll
0x00007ffde9770000 - 0x00007ffde995b000 	C:\WINDOWS\SYSTEM32\urlmon.dll
0x00007ffdd6fe0000 - 0x00007ffdd6fe7000 	C:\WINDOWS\SYSTEM32\MSIMG32.dll
0x00007ffde9e80000 - 0x00007ffdea130000 	C:\WINDOWS\SYSTEM32\iertutil.dll
0x00007ffde9740000 - 0x00007ffde9768000 	C:\WINDOWS\SYSTEM32\srvcli.dll
0x00007ffe00450000 - 0x00007ffe0045c000 	C:\WINDOWS\SYSTEM32\netutils.dll
0x00007ffe01110000 - 0x00007ffe01266000 	C:\WINDOWS\System32\CRYPT32.dll
0x00007ffdbecb0000 - 0x00007ffdbecd8000 	C:\Program Files\TIBCO\Jaspersoft Studio-6.18.1\configuration\org.eclipse.osgi\283\0\.cp\swt-gdip-win32-4946r21.dll
0x00007ffdd60d0000 - 0x00007ffdd6279000 	C:\WINDOWS\WinSxS\amd64_microsoft.windows.gdiplus_6595b64144ccf1df_1.1.19041.1348_none_91a2627ccc89e3fb\gdiplus.dll
0x00007ffdfa8b0000 - 0x00007ffdfaa64000 	C:\WINDOWS\SYSTEM32\WindowsCodecs.dll
0x00007ffdeb4b0000 - 0x00007ffdeb4b9000 	C:\Program Files\TIBCO\Jaspersoft Studio-6.18.1\features\jre.win32.win32.x86_64.feature_11.0.8\adoptopenjdk_jre\bin\prefs.dll
0x00007ffde7e60000 - 0x00007ffde7f0c000 	C:\WINDOWS\SYSTEM32\TextShaping.dll
0x00007ffdc0850000 - 0x00007ffdc088e000 	C:\WINDOWS\system32\dataexchange.dll
0x00007ffdfc290000 - 0x00007ffdfc4f4000 	C:\WINDOWS\system32\d3d11.dll
0x00007ffdfcac0000 - 0x00007ffdfcca5000 	C:\WINDOWS\system32\dcomp.dll
0x00007ffdff7e0000 - 0x00007ffdff8d4000 	C:\WINDOWS\system32\dxgi.dll
0x00007ffdfaaf0000 - 0x00007ffdfacf1000 	C:\WINDOWS\system32\twinapi.appcore.dll
0x00007ffdba190000 - 0x00007ffdba329000 	C:\Program Files\TIBCO\Jaspersoft Studio-6.18.1\features\jre.win32.win32.x86_64.feature_11.0.8\adoptopenjdk_jre\bin\awt.dll
0x00007ffdf88b0000 - 0x00007ffdf893d000 	C:\WINDOWS\SYSTEM32\MSVCP140.dll
0x00007ffdf8940000 - 0x00007ffdf894c000 	C:\WINDOWS\SYSTEM32\VCRUNTIME140_1.dll
0x00007ffdfd670000 - 0x00007ffdfd700000 	C:\WINDOWS\SYSTEM32\apphelp.dll
0x00007ffdc0d50000 - 0x00007ffdc0d92000 	C:\WINDOWS\system32\mlang.dll
0x00007ffdfdbb0000 - 0x00007ffdfdbdf000 	C:\WINDOWS\system32\DWMAPI.DLL
0x00007ffdda710000 - 0x00007ffdda734000 	C:\WINDOWS\SYSTEM32\edputil.dll
0x00007ffdc0630000 - 0x00007ffdc0850000 	C:\WINDOWS\system32\explorerframe.dll
0x00007ffde8f60000 - 0x00007ffde91e3000 	C:\WINDOWS\SYSTEM32\DWrite.dll
0x00007ffdc29e0000 - 0x00007ffdc2a62000 	C:\Program Files\TIBCO\Jaspersoft Studio-6.18.1\features\jre.win32.win32.x86_64.feature_11.0.8\adoptopenjdk_jre\bin\freetype.dll
0x00007ffdc1c40000 - 0x00007ffdc1ce6000 	C:\Program Files\TIBCO\Jaspersoft Studio-6.18.1\features\jre.win32.win32.x86_64.feature_11.0.8\adoptopenjdk_jre\bin\fontmanager.dll
0x00007ffdc86c0000 - 0x00007ffdc87e5000 	C:\WINDOWS\system32\opengl32.dll
0x00007ffdca140000 - 0x00007ffdca16c000 	C:\WINDOWS\SYSTEM32\GLU32.dll
0x00007ffdfbb10000 - 0x00007ffdfbb35000 	C:\Program Files\TIBCO\Jaspersoft Studio-6.18.1\features\jre.win32.win32.x86_64.feature_11.0.8\adoptopenjdk_jre\bin\sunec.dll
0x0000000075c40000 - 0x0000000075c4a000 	C:\Program Files\National Instruments\Shared\mDNS Responder\nimdnsNSP.dll
0x0000000075c30000 - 0x0000000075c40000 	C:\WINDOWS\SYSTEM32\nimdnsResponder.dll
0x00007ffdebaa0000 - 0x00007ffdebb1f000 	C:\WINDOWS\System32\fwpuclnt.dll
0x00007ffdebd20000 - 0x00007ffdebd2a000 	C:\Windows\System32\rasadhlp.dll
0x00007ffdfbaf0000 - 0x00007ffdfbafe000 	C:\Program Files\TIBCO\Jaspersoft Studio-6.18.1\features\jre.win32.win32.x86_64.feature_11.0.8\adoptopenjdk_jre\bin\sunmscapi.dll
0x00007ffe009b0000 - 0x00007ffe009d7000 	C:\WINDOWS\SYSTEM32\ncrypt.dll
0x00007ffe00970000 - 0x00007ffe009ab000 	C:\WINDOWS\SYSTEM32\NTASN1.dll
0x00007ffde91f0000 - 0x00007ffde91f9000 	C:\Program Files\TIBCO\Jaspersoft Studio-6.18.1\features\jre.win32.win32.x86_64.feature_11.0.8\adoptopenjdk_jre\bin\management.dll
0x00007ffddfcd0000 - 0x00007ffddfcdb000 	C:\Program Files\TIBCO\Jaspersoft Studio-6.18.1\features\jre.win32.win32.x86_64.feature_11.0.8\adoptopenjdk_jre\bin\management_ext.dll
0x00007ffdfad90000 - 0x00007ffdfada7000 	C:\WINDOWS\system32\napinsp.dll
0x00007ffdf84c0000 - 0x00007ffdf84db000 	C:\WINDOWS\system32\pnrpnsp.dll
0x00007ffdfadc0000 - 0x00007ffdfadd5000 	C:\WINDOWS\system32\wshbth.dll
0x00007ffdfd030000 - 0x00007ffdfd04d000 	C:\WINDOWS\system32\NLAapi.dll
0x00007ffdf8960000 - 0x00007ffdf8972000 	C:\WINDOWS\System32\winrnr.dll
0x00007ffdfb2e0000 - 0x00007ffdfb34a000 	C:\WINDOWS\system32\Ninput.dll

dbghelp: loaded successfully - version: 4.0.5 - missing functions: none
symbol engine: initialized successfully - sym options: 0x614 - pdb path: .;C:\Program Files\TIBCO\Jaspersoft Studio-6.18.1;C:\WINDOWS\SYSTEM32;C:\WINDOWS\WinSxS\amd64_microsoft.windows.common-controls_6595b64144ccf1df_6.0.19041.1110_none_60b5254171f9507e;C:\Program Files\TIBCO\Jaspersoft Studio-6.18.1\plugins\org.eclipse.equinox.launcher.win32.win32.x86_64_1.2.300.v20210828-0802;C:\Program Files\TIBCO\Jaspersoft Studio-6.18.1\features\jre.win32.win32.x86_64.feature_11.0.8\adoptopenjdk_jre\bin\server;C:\Program Files\TIBCO\Jaspersoft Studio-6.18.1\features\jre.win32.win32.x86_64.feature_11.0.8\adoptopenjdk_jre\bin;C:\Program Files\TIBCO\Jaspersoft Studio-6.18.1\configuration\org.eclipse.osgi\283\0\.cp;C:\WINDOWS\WinSxS\amd64_microsoft.windows.gdiplus_6595b64144ccf1df_1.1.19041.1348_none_91a2627ccc89e3fb;C:\Program Files\National Instruments\Shared\mDNS Responder

VM Arguments:
jvm_args: -Xms128m -Xmx1024m -XX:+CMSClassUnloadingEnabled -XX:+UseConcMarkSweepGC -Dfile.encoding=UTF-8 -Djava.net.preferIPv4Stack=true -Ddeployment.security.TLSv1.1=true -Ddeployment.security.TLSv1.2=true -Djavax.xml.soap.MessageFactory=com.sun.xml.messaging.saaj.soap.ver1_1.SOAPMessageFactory1_1Impl -Djavax.xml.soap.SOAPFactory=com.sun.xml.messaging.saaj.soap.ver1_1.SOAPFactory1_1Impl -Djavax.xml.soap.SAAJMetaFactory=com.sun.xml.messaging.saaj.soap.SAAJMetaFactoryImpl -Djavax.xml.soap.SOAPConnectionFactory=com.sun.xml.messaging.saaj.client.p2p.HttpSOAPConnectionFactory 
java_command: <unknown>
java_class_path (initial): C:\Program Files\TIBCO\Jaspersoft Studio-6.18.1\\plugins/org.eclipse.equinox.launcher_1.6.300.v20210813-1054.jar
Launcher Type: generic

[Global flags]
     intx CICompilerCount                          = 4                                         {product} {ergonomic}
     bool CMSClassUnloadingEnabled                 = true                                      {product} {command line}
   size_t InitialHeapSize                          = 134217728                                 {product} {command line}
   size_t MaxHeapSize                              = 1073741824                                {product} {command line}
   size_t MaxNewSize                               = 357892096                                 {product} {ergonomic}
    uintx MaxTenuringThreshold                     = 6                                         {product} {ergonomic}
   size_t MinHeapDeltaBytes                        = 196608                                    {product} {ergonomic}
   size_t NewSize                                  = 44695552                                  {product} {ergonomic}
    uintx NonNMethodCodeHeapSize                   = 5836300                                {pd product} {ergonomic}
    uintx NonProfiledCodeHeapSize                  = 122910970                              {pd product} {ergonomic}
   size_t OldSize                                  = 89522176                                  {product} {ergonomic}
    uintx ProfiledCodeHeapSize                     = 122910970                              {pd product} {ergonomic}
    uintx ReservedCodeCacheSize                    = 251658240                              {pd product} {ergonomic}
     bool SegmentedCodeCache                       = true                                      {product} {ergonomic}
     bool UseCompressedClassPointers               = true                                 {lp64_product} {ergonomic}
     bool UseCompressedOops                        = true                                 {lp64_product} {ergonomic}
     bool UseConcMarkSweepGC                       = true                                      {product} {command line}
     bool UseLargePagesIndividualAllocation        = false                                  {pd product} {ergonomic}

Logging:
Log output configuration:
 #0: stdout all=warning uptime,level,tags
 #1: stderr all=off uptime,level,tags

Environment Variables:
JAVA_HOME=C:\Program Files\Java\java-se-8u41-ri
PATH=C:\app\hp\product\21c\dbhomeXE\bin;C:\Program Files\National Instruments\Shared\OpenVINO\;C:\Program Files\Common Files\Oracle\Java\javapath;C:\Program Files (x86)\Common Files\Oracle\Java\javapath;C:\Windows\system32;C:\Windows;C:\Windows\System32\Wbem;C:\Windows\System32\WindowsPowerShell\v1.0\;C:\Windows\System32\OpenSSH\;C:\Program Files (x86)\NVIDIA Corporation\PhysX\Common;c:\Program Files (x86)\Microsoft SQL Server\100\Tools\Binn\;c:\Program Files\Microsoft SQL Server\100\Tools\Binn\;c:\Program Files\Microsoft SQL Server\100\DTS\Binn\;C:\Program Files\dotnet\;C:\Program Files\Microsoft SQL Server\130\Tools\Binn\;C:\Program Files\Microsoft SQL Server\Client SDK\ODBC\170\Tools\Binn\;C:\WINDOWS\system32;C:\WINDOWS;C:\WINDOWS\System32\Wbem;C:\WINDOWS\System32\WindowsPowerShell\v1.0\;C:\WINDOWS\System32\OpenSSH\;C:\Program Files\Java\jdk-15.0.2\bin;C:\f\flutter\bin;C:\Program Files\Dart\dart-sdk\bin;C:\Program Files (x86)\Microsoft SQL Server\110\Tools\Binn\;C:\Program Files (x86)\Microsoft SQL Server\110\DTS\Binn\;C:\Program Files (x86)\National Instruments\Shared\LabVIEW CLI;C:\Program Files\Java\java-se-8u41-ri\bin;C:\Program Files\Git\cmd;C:\Users\hp\AppData\Local\Microsoft\WindowsApps;C:\f\flutter\bin;
USERNAME=hp
OS=Windows_NT
PROCESSOR_IDENTIFIER=Intel64 Family 6 Model 142 Stepping 12, GenuineIntel



---------------  S Y S T E M  ---------------

OS: Windows 10 , 64 bit Build 19041 (10.0.19041.1348)
OS uptime: 0 days 2:18 hours

CPU:total 8 (initial active 8) (4 cores per cpu, 2 threads per core) family 6 model 142 stepping 12, cmov, cx8, fxsr, mmx, sse, sse2, sse3, ssse3, sse4.1, sse4.2, popcnt, avx, avx2, aes, clmul, erms, 3dnowpref, lzcnt, ht, tsc, tscinvbit, bmi1, bmi2, adx, fma

Memory: 4k page, system-wide physical 8062M (1728M free)
TotalPageFile size 9951M (AvailPageFile size 0M)
current process WorkingSet (physical memory assigned to process): 1720M, peak: 1720M
current process commit charge ("private bytes"): 1998M, peak: 2222M

vm_info: OpenJDK 64-Bit Server VM (11.0.8+10) for windows-amd64 JRE (11.0.8+10), built on Jul 15 2020 11:45:54 by "" with MS VC++ 15.9 (VS2017)

END.
